#
# There is insufficient memory for the Java Runtime Environment to continue.
# Native memory allocation (malloc) failed to allocate 692064 bytes for Chunk::new
# Possible reasons:
#   The system is out of physical RAM or swap space
#   The process is running with CompressedOops enabled, and the Java Heap may be blocking the growth of the native heap
# Possible solutions:
#   Reduce memory load on the system
#   Increase physical memory or swap space
#   Check if swap backing store is full
#   Decrease Java heap size (-Xmx/-Xms)
#   Decrease number of Java threads
#   Decrease Java thread stack sizes (-Xss)
#   Set larger code cache with -XX:ReservedCodeCacheSize=
#   JVM is running with Unscaled Compressed Oops mode in which the Java heap is
#     placed in the first 4GB address space. The Java Heap base address is the
#     maximum limit for the native heap growth. Please use -XX:HeapBaseMinAddress
#     to set the Java Heap base and to place the Java Heap above 4GB virtual address.
# This output file may be truncated or incomplete.
#
#  Out of Memory Error (allocation.cpp:389), pid=17860, tid=0x00000000000047f8
#
# JRE version: OpenJDK Runtime Environment (8.0_242-b01) (build 1.8.0_242-release-1644-b01)
# Java VM: OpenJDK 64-Bit Server VM (25.242-b01 mixed mode windows-amd64 compressed oops)
# Failed to write core dump. Minidumps are not enabled by default on client versions of Windows
#

---------------  T H R E A D  ---------------

Current thread (0x0000000019fbb000):  JavaThread "C2 CompilerThread2" daemon [_thread_in_native, id=18424, stack(0x000000001aa80000,0x000000001ab80000)]

Stack: [0x000000001aa80000,0x000000001ab80000]
[error occurred during error reporting (printing stack bounds), id 0xc0000005]

Native frames: (J=compiled Java code, j=interpreted, Vv=VM code, C=native code)


Current CompileTask:
C2:  30959 5804       4       java.beans.Introspector::addMethod (196 bytes)


---------------  P R O C E S S  ---------------

Java Threads: ( => current thread )
  0x000000001bfc5000 JavaThread "Cache worker for execution history cache (D:\Android Projects\RentalApp\.gradle\6.5\executionHistory)" [_thread_in_vm, id=1612, stack(0x000000002cfe0000,0x000000002d0e0000)]
  0x000000001bfcc000 JavaThread "Execution worker for ':' Thread 7" [_thread_blocked, id=7384, stack(0x000000002cee0000,0x000000002cfe0000)]
  0x000000001bfc4800 JavaThread "Execution worker for ':' Thread 6" [_thread_blocked, id=2916, stack(0x000000002cde0000,0x000000002cee0000)]
  0x000000001bfc9800 JavaThread "Execution worker for ':' Thread 5" [_thread_blocked, id=3440, stack(0x000000002cce0000,0x000000002cde0000)]
  0x000000001bfc8000 JavaThread "Execution worker for ':' Thread 4" [_thread_blocked, id=17708, stack(0x000000002cbe0000,0x000000002cce0000)]
  0x000000001bfc7800 JavaThread "Execution worker for ':' Thread 3" [_thread_blocked, id=4680, stack(0x000000002cae0000,0x000000002cbe0000)]
  0x000000001bfc6800 JavaThread "Execution worker for ':' Thread 2" [_thread_blocked, id=17316, stack(0x000000002c9e0000,0x000000002cae0000)]
  0x000000001bfcb000 JavaThread "Execution worker for ':'" [_thread_blocked, id=17728, stack(0x000000002c8e0000,0x000000002c9e0000)]
  0x000000001bfc9000 JavaThread "Cache worker for file content cache (D:\Android Projects\RentalApp\.gradle\6.5\fileContent)" [_thread_blocked, id=1460, stack(0x000000002c3e0000,0x000000002c4e0000)]
  0x000000001bfca800 JavaThread "Memory manager" [_thread_blocked, id=4812, stack(0x000000002c2e0000,0x000000002c3e0000)]
  0x000000001bfc6000 JavaThread "Cache worker for Build Output Cleanup Cache (D:\Android Projects\RentalApp\.gradle\buildOutputCleanup)" [_thread_blocked, id=11836, stack(0x0000000029150000,0x0000000029250000)]
  0x000000001b7da000 JavaThread "jar transforms Thread 94" [_thread_blocked, id=16152, stack(0x0000000028e50000,0x0000000028f50000)]
  0x000000001b7d9800 JavaThread "jar transforms Thread 93" [_thread_blocked, id=15328, stack(0x0000000028d50000,0x0000000028e50000)]
  0x000000001b7d8800 JavaThread "jar transforms Thread 92" [_thread_blocked, id=12516, stack(0x0000000028c50000,0x0000000028d50000)]
  0x000000001b7d8000 JavaThread "jar transforms Thread 91" [_thread_blocked, id=3464, stack(0x0000000028b50000,0x0000000028c50000)]
  0x000000001b7db000 JavaThread "jar transforms Thread 90" [_thread_blocked, id=5444, stack(0x0000000028a50000,0x0000000028b50000)]
  0x000000001b7d0800 JavaThread "jar transforms Thread 89" [_thread_blocked, id=10212, stack(0x0000000028950000,0x0000000028a50000)]
  0x000000001b7d7000 JavaThread "jar transforms Thread 88" [_thread_blocked, id=264, stack(0x0000000028850000,0x0000000028950000)]
  0x000000001b7d6800 JavaThread "jar transforms Thread 87" [_thread_blocked, id=10084, stack(0x0000000028750000,0x0000000028850000)]
  0x000000001b7d5000 JavaThread "jar transforms Thread 86" [_thread_blocked, id=17388, stack(0x0000000028650000,0x0000000028750000)]
  0x000000001b7cf000 JavaThread "jar transforms Thread 85" [_thread_blocked, id=13784, stack(0x0000000028550000,0x0000000028650000)]
  0x000000001b7d5800 JavaThread "jar transforms Thread 84" [_thread_blocked, id=5496, stack(0x0000000028450000,0x0000000028550000)]
  0x000000001b7d4000 JavaThread "jar transforms Thread 83" [_thread_blocked, id=8900, stack(0x0000000028350000,0x0000000028450000)]
  0x000000001b7cc800 JavaThread "jar transforms Thread 82" [_thread_blocked, id=15280, stack(0x0000000028250000,0x0000000028350000)]
  0x000000001b7d3800 JavaThread "jar transforms Thread 81" [_thread_blocked, id=16604, stack(0x0000000028150000,0x0000000028250000)]
  0x000000001b7cc000 JavaThread "jar transforms Thread 80" [_thread_blocked, id=12572, stack(0x0000000028050000,0x0000000028150000)]
  0x000000001b7ce000 JavaThread "jar transforms Thread 79" [_thread_blocked, id=5236, stack(0x0000000027f50000,0x0000000028050000)]
  0x000000001b7d2800 JavaThread "jar transforms Thread 78" [_thread_blocked, id=16412, stack(0x0000000027e50000,0x0000000027f50000)]
  0x000000001b7d2000 JavaThread "jar transforms Thread 77" [_thread_blocked, id=4636, stack(0x0000000027d50000,0x0000000027e50000)]
  0x000000001b7d1000 JavaThread "jar transforms Thread 76" [_thread_blocked, id=1812, stack(0x0000000027c50000,0x0000000027d50000)]
  0x000000001b7cd800 JavaThread "jar transforms Thread 75" [_thread_blocked, id=4456, stack(0x0000000027b50000,0x0000000027c50000)]
  0x000000001b7cf800 JavaThread "jar transforms Thread 74" [_thread_blocked, id=11068, stack(0x0000000027a50000,0x0000000027b50000)]
  0x000000001bba8000 JavaThread "jar transforms Thread 73" [_thread_blocked, id=17812, stack(0x0000000027950000,0x0000000027a50000)]
  0x000000001bba5800 JavaThread "jar transforms Thread 72" [_thread_blocked, id=9844, stack(0x0000000027850000,0x0000000027950000)]
  0x000000001bba5000 JavaThread "jar transforms Thread 71" [_thread_blocked, id=16732, stack(0x0000000027750000,0x0000000027850000)]
  0x000000001bba9000 JavaThread "jar transforms Thread 70" [_thread_blocked, id=11220, stack(0x0000000027650000,0x0000000027750000)]
  0x000000001bba7000 JavaThread "jar transforms Thread 69" [_thread_blocked, id=15620, stack(0x0000000027550000,0x0000000027650000)]
  0x000000001bba6800 JavaThread "jar transforms Thread 68" [_thread_blocked, id=8460, stack(0x0000000027450000,0x0000000027550000)]
  0x000000001bba4000 JavaThread "jar transforms Thread 67" [_thread_blocked, id=1528, stack(0x0000000027350000,0x0000000027450000)]
  0x000000001bba3800 JavaThread "jar transforms Thread 66" [_thread_blocked, id=2560, stack(0x0000000027250000,0x0000000027350000)]
  0x000000001bb9c000 JavaThread "jar transforms Thread 65" [_thread_blocked, id=12116, stack(0x0000000027150000,0x0000000027250000)]
  0x000000001bba2000 JavaThread "jar transforms Thread 64" [_thread_blocked, id=17692, stack(0x0000000027050000,0x0000000027150000)]
  0x000000001bba2800 JavaThread "jar transforms Thread 63" [_thread_blocked, id=7928, stack(0x0000000026f50000,0x0000000027050000)]
  0x000000001bb9a800 JavaThread "jar transforms Thread 62" [_thread_blocked, id=1112, stack(0x0000000026e50000,0x0000000026f50000)]
  0x000000001bba1000 JavaThread "jar transforms Thread 61" [_thread_blocked, id=18156, stack(0x0000000026d50000,0x0000000026e50000)]
  0x000000001bb99800 JavaThread "jar transforms Thread 60" [_thread_blocked, id=14132, stack(0x0000000026c50000,0x0000000026d50000)]
  0x000000001bb9f000 JavaThread "jar transforms Thread 59" [_thread_blocked, id=12460, stack(0x0000000026b50000,0x0000000026c50000)]
  0x000000001bb9e000 JavaThread "jar transforms Thread 58" [_thread_blocked, id=13884, stack(0x0000000026a50000,0x0000000026b50000)]
  0x000000001bba0800 JavaThread "jar transforms Thread 57" [_thread_blocked, id=4888, stack(0x0000000026950000,0x0000000026a50000)]
  0x000000001bb9f800 JavaThread "jar transforms Thread 56" [_thread_blocked, id=12524, stack(0x0000000026850000,0x0000000026950000)]
  0x000000001bb9c800 JavaThread "jar transforms Thread 55" [_thread_blocked, id=11808, stack(0x0000000026750000,0x0000000026850000)]
  0x000000001bb9d800 JavaThread "jar transforms Thread 54" [_thread_blocked, id=13904, stack(0x0000000026650000,0x0000000026750000)]
  0x000000001bb9b000 JavaThread "jar transforms Thread 53" [_thread_blocked, id=12292, stack(0x0000000026550000,0x0000000026650000)]
  0x0000000020069000 JavaThread "jar transforms Thread 52" [_thread_blocked, id=17572, stack(0x0000000026450000,0x0000000026550000)]
  0x0000000020068000 JavaThread "jar transforms Thread 51" [_thread_blocked, id=304, stack(0x0000000026350000,0x0000000026450000)]
  0x0000000020067800 JavaThread "jar transforms Thread 50" [_thread_blocked, id=7640, stack(0x0000000026250000,0x0000000026350000)]
  0x000000002006b000 JavaThread "jar transforms Thread 49" [_thread_blocked, id=7852, stack(0x0000000026150000,0x0000000026250000)]
  0x0000000020069800 JavaThread "jar transforms Thread 48" [_thread_blocked, id=14788, stack(0x0000000026050000,0x0000000026150000)]
  0x0000000020066800 JavaThread "jar transforms Thread 47" [_thread_blocked, id=11912, stack(0x0000000025f50000,0x0000000026050000)]
  0x000000002006a800 JavaThread "jar transforms Thread 46" [_thread_blocked, id=11780, stack(0x0000000025e50000,0x0000000025f50000)]
  0x0000000020060000 JavaThread "jar transforms Thread 45" [_thread_blocked, id=8248, stack(0x0000000025d50000,0x0000000025e50000)]
  0x000000002005f000 JavaThread "jar transforms Thread 44" [_thread_blocked, id=14096, stack(0x0000000025c50000,0x0000000025d50000)]
  0x0000000020066000 JavaThread "jar transforms Thread 43" [_thread_blocked, id=16796, stack(0x0000000025b50000,0x0000000025c50000)]
  0x000000002005e800 JavaThread "jar transforms Thread 42" [_thread_blocked, id=7408, stack(0x0000000025a50000,0x0000000025b50000)]
  0x0000000020065000 JavaThread "jar transforms Thread 41" [_thread_blocked, id=15784, stack(0x0000000025950000,0x0000000025a50000)]
  0x000000002005d800 JavaThread "jar transforms Thread 40" [_thread_blocked, id=9436, stack(0x0000000025850000,0x0000000025950000)]
  0x0000000020064800 JavaThread "jar transforms Thread 39" [_thread_blocked, id=9172, stack(0x0000000025750000,0x0000000025850000)]
  0x000000002005d000 JavaThread "jar transforms Thread 38" [_thread_blocked, id=11112, stack(0x0000000025650000,0x0000000025750000)]
  0x0000000020063800 JavaThread "jar transforms Thread 37" [_thread_blocked, id=11148, stack(0x0000000025550000,0x0000000025650000)]
  0x000000002005c000 JavaThread "jar transforms Thread 36" [_thread_blocked, id=7412, stack(0x0000000025450000,0x0000000025550000)]
  0x0000000020061800 JavaThread "jar transforms Thread 35" [_thread_blocked, id=6760, stack(0x0000000025350000,0x0000000025450000)]
  0x0000000020063000 JavaThread "jar transforms Thread 34" [_thread_blocked, id=1332, stack(0x0000000025250000,0x0000000025350000)]
  0x0000000020062000 JavaThread "jar transforms Thread 33" [_thread_blocked, id=8480, stack(0x0000000025150000,0x0000000025250000)]
  0x0000000020060800 JavaThread "jar transforms Thread 32" [_thread_blocked, id=3356, stack(0x0000000025050000,0x0000000025150000)]
  0x000000001c98a000 JavaThread "jar transforms Thread 31" [_thread_blocked, id=15928, stack(0x0000000024f50000,0x0000000025050000)]
  0x000000001c98b800 JavaThread "jar transforms Thread 30" [_thread_blocked, id=7248, stack(0x0000000024e50000,0x0000000024f50000)]
  0x000000001c98e000 JavaThread "jar transforms Thread 29" [_thread_blocked, id=18356, stack(0x0000000024d50000,0x0000000024e50000)]
  0x000000001c98d000 JavaThread "jar transforms Thread 28" [_thread_blocked, id=17660, stack(0x0000000024c50000,0x0000000024d50000)]
  0x000000001c988000 JavaThread "jar transforms Thread 27" [_thread_blocked, id=12360, stack(0x0000000024b50000,0x0000000024c50000)]
  0x000000001c98b000 JavaThread "jar transforms Thread 26" [_thread_blocked, id=14112, stack(0x0000000024a50000,0x0000000024b50000)]
  0x000000001c989800 JavaThread "jar transforms Thread 25" [_thread_blocked, id=11032, stack(0x0000000024950000,0x0000000024a50000)]
  0x000000001c988800 JavaThread "jar transforms Thread 24" [_thread_blocked, id=13220, stack(0x0000000024850000,0x0000000024950000)]
  0x000000001c98c800 JavaThread "jar transforms Thread 23" [_thread_blocked, id=884, stack(0x0000000024750000,0x0000000024850000)]
  0x000000001c980800 JavaThread "jar transforms Thread 22" [_thread_blocked, id=7900, stack(0x0000000024650000,0x0000000024750000)]
  0x000000001c987000 JavaThread "jar transforms Thread 21" [_thread_blocked, id=11156, stack(0x0000000024550000,0x0000000024650000)]
  0x000000001c985000 JavaThread "jar transforms Thread 20" [_thread_blocked, id=9852, stack(0x0000000024450000,0x0000000024550000)]
  0x000000001c983800 JavaThread "jar transforms Thread 19" [_thread_blocked, id=2460, stack(0x0000000024350000,0x0000000024450000)]
  0x000000001c981000 JavaThread "jar transforms Thread 18" [_thread_blocked, id=12252, stack(0x0000000024250000,0x0000000024350000)]
  0x000000001c97f800 JavaThread "jar transforms Thread 17" [_thread_blocked, id=2004, stack(0x0000000024150000,0x0000000024250000)]
  0x000000001c984000 JavaThread "jar transforms Thread 16" [_thread_blocked, id=11960, stack(0x0000000024050000,0x0000000024150000)]
  0x000000001c986800 JavaThread "jar transforms Thread 15" [_thread_blocked, id=10352, stack(0x0000000023f50000,0x0000000024050000)]
  0x000000001c97f000 JavaThread "jar transforms Thread 14" [_thread_blocked, id=10448, stack(0x0000000023e50000,0x0000000023f50000)]
  0x000000001c985800 JavaThread "jar transforms Thread 13" [_thread_blocked, id=8176, stack(0x0000000023d50000,0x0000000023e50000)]
  0x000000001c982000 JavaThread "jar transforms Thread 12" [_thread_blocked, id=12384, stack(0x0000000023c50000,0x0000000023d50000)]
  0x000000001c982800 JavaThread "jar transforms Thread 11" [_thread_blocked, id=16320, stack(0x0000000023b50000,0x0000000023c50000)]
  0x000000001bfa2800 JavaThread "jar transforms Thread 10" [_thread_blocked, id=15320, stack(0x0000000023a50000,0x0000000023b50000)]
  0x000000001bfa1000 JavaThread "jar transforms Thread 9" [_thread_blocked, id=14620, stack(0x0000000023950000,0x0000000023a50000)]
  0x000000001bfa1800 JavaThread "jar transforms Thread 8" [_thread_blocked, id=18128, stack(0x0000000023850000,0x0000000023950000)]
  0x000000001bf99000 JavaThread "jar transforms Thread 7" [_thread_blocked, id=14340, stack(0x0000000023750000,0x0000000023850000)]
  0x000000001bf9e800 JavaThread "jar transforms Thread 6" [_thread_blocked, id=7428, stack(0x0000000023650000,0x0000000023750000)]
  0x000000001bfa0000 JavaThread "jar transforms Thread 5" [_thread_blocked, id=9932, stack(0x0000000023550000,0x0000000023650000)]
  0x000000001bf98800 JavaThread "jar transforms Thread 4" [_thread_blocked, id=10736, stack(0x0000000023450000,0x0000000023550000)]
  0x000000001bf9d800 JavaThread "jar transforms Thread 3" [_thread_blocked, id=16216, stack(0x0000000023350000,0x0000000023450000)]
  0x000000001bf9d000 JavaThread "jar transforms Thread 2" [_thread_blocked, id=16620, stack(0x0000000023250000,0x0000000023350000)]
  0x000000001bf9c000 JavaThread "Build operations Thread 8" [_thread_blocked, id=3640, stack(0x0000000023150000,0x0000000023250000)]
  0x000000001bf9f000 JavaThread "Build operations Thread 7" [_thread_blocked, id=5212, stack(0x0000000023050000,0x0000000023150000)]
  0x000000001bf94800 JavaThread "Build operations Thread 6" [_thread_blocked, id=8180, stack(0x0000000022f50000,0x0000000023050000)]
  0x000000001bf97800 JavaThread "Build operations Thread 5" [_thread_blocked, id=3692, stack(0x0000000022e50000,0x0000000022f50000)]
  0x000000001bf95800 JavaThread "Build operations Thread 4" [_thread_blocked, id=9484, stack(0x0000000022d50000,0x0000000022e50000)]
  0x000000001bf9b800 JavaThread "Build operations Thread 3" [_thread_blocked, id=2112, stack(0x0000000022c50000,0x0000000022d50000)]
  0x000000001bf97000 JavaThread "Build operations Thread 2" [_thread_blocked, id=5876, stack(0x0000000022b50000,0x0000000022c50000)]
  0x000000001bf9a800 JavaThread "Build operations" [_thread_blocked, id=17360, stack(0x0000000022a50000,0x0000000022b50000)]
  0x000000001c2a7000 JavaThread "Cache worker for file content cache (C:\Users\MR LOKESHWARAN\.gradle\caches\6.5\fileContent)" [_thread_blocked, id=3752, stack(0x0000000022350000,0x0000000022450000)]
  0x000000001c2a5800 JavaThread "jar transforms" [_thread_blocked, id=10064, stack(0x0000000022250000,0x0000000022350000)]
  0x000000001c2a8800 JavaThread "Cache worker for execution history cache (C:\Users\MR LOKESHWARAN\.gradle\caches\6.5\executionHistory)" [_thread_blocked, id=3696, stack(0x0000000021b50000,0x0000000021c50000)]
  0x000000001c2a9800 JavaThread "Cache worker for cache directory md-rule (C:\Users\MR LOKESHWARAN\.gradle\caches\6.5\md-rule)" [_thread_blocked, id=10088, stack(0x0000000021a50000,0x0000000021b50000)]
  0x000000001c2a5000 JavaThread "Cache worker for cache directory md-supplier (C:\Users\MR LOKESHWARAN\.gradle\caches\6.5\md-supplier)" [_thread_blocked, id=10080, stack(0x0000000021950000,0x0000000021a50000)]
  0x000000001c2a6800 JavaThread "Cache worker for checksums cache (D:\Android Projects\RentalApp\.gradle\checksums)" [_thread_blocked, id=17704, stack(0x0000000021850000,0x0000000021950000)]
  0x000000001c2a3800 JavaThread "Cache worker for file hash cache (D:\Android Projects\RentalApp\.gradle\6.5\fileHashes)" [_thread_blocked, id=5188, stack(0x0000000021550000,0x0000000021650000)]
  0x000000001c2a4000 JavaThread "Cache worker for file hash cache (C:\Users\MR LOKESHWARAN\.gradle\caches\6.5\fileHashes)" [_thread_blocked, id=3512, stack(0x000000001f0b0000,0x000000001f1b0000)]
  0x000000001c2aa000 JavaThread "File lock request listener" [_thread_in_native, id=14212, stack(0x000000001efb0000,0x000000001f0b0000)]
  0x000000001c19b800 JavaThread "Cache worker for journal cache (C:\Users\MR LOKESHWARAN\.gradle\caches\journal-1)" [_thread_blocked, id=7600, stack(0x000000001eeb0000,0x000000001efb0000)]
  0x000000001af9c000 JavaThread "Thread-9" [_thread_blocked, id=15752, stack(0x000000001ebb0000,0x000000001ecb0000)]
  0x000000001c4ad800 JavaThread "Stdin handler" [_thread_blocked, id=11088, stack(0x000000001eab0000,0x000000001ebb0000)]
  0x000000001c4a8000 JavaThread "Asynchronous log dispatcher for DefaultDaemonConnection: socket connection from /127.0.0.1:56505 to /127.0.0.1:56506" [_thread_blocked, id=8656, stack(0x000000001e9b0000,0x000000001eab0000)]
  0x000000001c8b8000 JavaThread "Daemon worker" [_thread_blocked, id=15568, stack(0x000000001e8b0000,0x000000001e9b0000)]
  0x000000001a010800 JavaThread "Cancel handler" [_thread_blocked, id=17800, stack(0x000000001e7b0000,0x000000001e8b0000)]
  0x000000001bef8800 JavaThread "Handler for socket connection from /127.0.0.1:56505 to /127.0.0.1:56506" [_thread_in_native, id=6704, stack(0x000000001e5b0000,0x000000001e6b0000)]
  0x000000001c082000 JavaThread "Daemon" [_thread_blocked, id=14996, stack(0x000000001e4b0000,0x000000001e5b0000)]
  0x000000001b94e000 JavaThread "Daemon periodic checks" [_thread_blocked, id=8896, stack(0x000000001e1b0000,0x000000001e2b0000)]
  0x000000001c07d800 JavaThread "Incoming local TCP Connector on port 56505" [_thread_in_native, id=5728, stack(0x000000001df60000,0x000000001e060000)]
  0x000000001c6bd800 JavaThread "Daemon health stats" [_thread_blocked, id=2984, stack(0x000000001d820000,0x000000001d920000)]
  0x000000001a04a800 JavaThread "Service Thread" daemon [_thread_blocked, id=12220, stack(0x000000001ac80000,0x000000001ad80000)]
  0x0000000019fc2000 JavaThread "C1 CompilerThread3" daemon [_thread_in_vm, id=5312, stack(0x000000001ab80000,0x000000001ac80000)]
=>0x0000000019fbb000 JavaThread "C2 CompilerThread2" daemon [_thread_in_native, id=18424, stack(0x000000001aa80000,0x000000001ab80000)]
  0x0000000019fb9800 JavaThread "C2 CompilerThread1" daemon [_thread_in_native, id=9728, stack(0x000000001a980000,0x000000001aa80000)]
  0x0000000019fb2000 JavaThread "C2 CompilerThread0" daemon [_thread_in_native, id=12432, stack(0x000000001a880000,0x000000001a980000)]
  0x0000000019fb0000 JavaThread "Attach Listener" daemon [_thread_blocked, id=16264, stack(0x000000001a780000,0x000000001a880000)]
  0x0000000019faf000 JavaThread "Signal Dispatcher" daemon [_thread_blocked, id=15064, stack(0x000000001a680000,0x000000001a780000)]
  0x0000000019fa0800 JavaThread "Finalizer" daemon [_thread_blocked, id=12064, stack(0x000000001a480000,0x000000001a580000)]
  0x0000000003118000 JavaThread "Reference Handler" daemon [_thread_blocked, id=4504, stack(0x000000001a380000,0x000000001a480000)]
  0x0000000003022800 JavaThread "main" [_thread_blocked, id=10164, stack(0x0000000002e40000,0x0000000002f40000)]

Other Threads:
  0x0000000018186800 VMThread [stack: 0x0000000019e80000,0x0000000019f80000] [id=7676]
  0x000000001a04b000 WatcherThread [stack: 0x000000001ad80000,0x000000001ae80000] [id=9356]

VM state:not at safepoint (normal execution)

VM Mutex/Monitor currently owned by a thread: None

heap address: 0x0000000080000000, size: 2048 MB, Compressed Oops mode: 32-bit
Narrow klass base: 0x0000000000000000, Narrow klass shift: 3
Compressed class space size: 1073741824 Address: 0x0000000100000000

Heap:
 PSYoungGen      total 146944K, used 93193K [0x00000000d5580000, 0x00000000e1c00000, 0x0000000100000000)
  eden space 130560K, 71% used [0x00000000d5580000,0x00000000db082470,0x00000000dd500000)
  from space 16384K, 0% used [0x00000000e0c00000,0x00000000e0c00000,0x00000000e1c00000)
  to   space 14336K, 0% used [0x00000000dd500000,0x00000000dd500000,0x00000000de300000)
 ParOldGen       total 60416K, used 32559K [0x0000000080000000, 0x0000000083b00000, 0x00000000d5580000)
  object space 60416K, 53% used [0x0000000080000000,0x0000000081fcbff8,0x0000000083b00000)
 Metaspace       used 62337K, capacity 64980K, committed 65240K, reserved 1105920K
  class space    used 8659K, capacity 9197K, committed 9216K, reserved 1048576K

Card table byte_map: [0x00000000124e0000,0x00000000128f0000] byte_map_base: 0x00000000120e0000

Marking Bits: (ParMarkBitMap*) 0x00000000643cf030
 Begin Bits: [0x00000000133a0000, 0x00000000153a0000)
 End Bits:   [0x00000000153a0000, 0x00000000173a0000)

Polling page: 0x00000000015e0000

CodeCache: size=245760Kb used=18453Kb max_used=18462Kb free=227306Kb
 bounds [0x0000000003120000, 0x0000000004340000, 0x0000000012120000]
 total_blobs=6110 nmethods=5327 adapters=696
 compilation: enabled

Compilation events (10 events):
Event: 30.934 Thread 0x0000000019fc2000 6015       3       com.google.common.collect.ImmutableList$Builder::add (6 bytes)
Event: 30.934 Thread 0x0000000019fc2000 nmethod 6015 0x0000000004334a10 code [0x0000000004334b80, 0x0000000004334de8]
Event: 30.934 Thread 0x0000000019fc2000 6016       3       com.google.common.util.concurrent.AbstractFuture::complete (104 bytes)
Event: 30.935 Thread 0x0000000019fc2000 nmethod 6016 0x0000000004334ed0 code [0x00000000043350a0, 0x0000000004335858]
Event: 30.938 Thread 0x0000000019fc2000 6017       3       java.io.ObjectOutputStream::writeClassDesc (60 bytes)
Event: 30.940 Thread 0x0000000019fc2000 nmethod 6017 0x0000000004335b50 code [0x0000000004335d60, 0x00000000043364a8]
Event: 30.940 Thread 0x0000000019fc2000 6018       3       java.io.ObjectStreamClass$WeakClassKey::equals (42 bytes)
Event: 30.942 Thread 0x0000000019fc2000 nmethod 6018 0x00000000043368d0 code [0x0000000004336a40, 0x0000000004336fd0]
Event: 30.943 Thread 0x0000000019fc2000 6019       3       java.io.ObjectStreamClass::hasWriteReplaceMethod (17 bytes)
Event: 30.944 Thread 0x0000000019fc2000 nmethod 6019 0x0000000004337090 code [0x0000000004337200, 0x0000000004337528]

GC Heap History (10 events):
Event: 22.696 GC heap before
{Heap before GC invocations=15 (full 2):
 PSYoungGen      total 112128K, used 102912K [0x00000000d5580000, 0x00000000dcd00000, 0x0000000100000000)
  eden space 102912K, 100% used [0x00000000d5580000,0x00000000dba00000,0x00000000dba00000)
  from space 9216K, 0% used [0x00000000dc280000,0x00000000dc280000,0x00000000dcb80000)
  to   space 8704K, 0% used [0x00000000dba00000,0x00000000dba00000,0x00000000dc280000)
 ParOldGen       total 60416K, used 14981K [0x0000000080000000, 0x0000000083b00000, 0x00000000d5580000)
  object space 60416K, 24% used [0x0000000080000000,0x0000000080ea16f8,0x0000000083b00000)
 Metaspace       used 37133K, capacity 38718K, committed 39000K, reserved 1083392K
  class space    used 5118K, capacity 5450K, committed 5504K, reserved 1048576K
Event: 22.712 GC heap after
Heap after GC invocations=15 (full 2):
 PSYoungGen      total 111616K, used 7787K [0x00000000d5580000, 0x00000000dec80000, 0x0000000100000000)
  eden space 102912K, 0% used [0x00000000d5580000,0x00000000d5580000,0x00000000dba00000)
  from space 8704K, 89% used [0x00000000dba00000,0x00000000dc19ac60,0x00000000dc280000)
  to   space 9728K, 0% used [0x00000000de300000,0x00000000de300000,0x00000000dec80000)
 ParOldGen       total 60416K, used 14989K [0x0000000080000000, 0x0000000083b00000, 0x00000000d5580000)
  object space 60416K, 24% used [0x0000000080000000,0x0000000080ea36f8,0x0000000083b00000)
 Metaspace       used 37133K, capacity 38718K, committed 39000K, reserved 1083392K
  class space    used 5118K, capacity 5450K, committed 5504K, reserved 1048576K
}
Event: 24.955 GC heap before
{Heap before GC invocations=16 (full 2):
 PSYoungGen      total 111616K, used 110699K [0x00000000d5580000, 0x00000000dec80000, 0x0000000100000000)
  eden space 102912K, 100% used [0x00000000d5580000,0x00000000dba00000,0x00000000dba00000)
  from space 8704K, 89% used [0x00000000dba00000,0x00000000dc19ac60,0x00000000dc280000)
  to   space 9728K, 0% used [0x00000000de300000,0x00000000de300000,0x00000000dec80000)
 ParOldGen       total 60416K, used 14989K [0x0000000080000000, 0x0000000083b00000, 0x00000000d5580000)
  object space 60416K, 24% used [0x0000000080000000,0x0000000080ea36f8,0x0000000083b00000)
 Metaspace       used 48060K, capacity 50004K, committed 50136K, reserved 1093632K
  class space    used 6481K, capacity 6866K, committed 6912K, reserved 1048576K
Event: 24.984 GC heap after
Heap after GC invocations=16 (full 2):
 PSYoungGen      total 140288K, used 9701K [0x00000000d5580000, 0x00000000df500000, 0x0000000100000000)
  eden space 130560K, 0% used [0x00000000d5580000,0x00000000d5580000,0x00000000dd500000)
  from space 9728K, 99% used [0x00000000de300000,0x00000000dec79770,0x00000000dec80000)
  to   space 14336K, 0% used [0x00000000dd500000,0x00000000dd500000,0x00000000de300000)
 ParOldGen       total 60416K, used 24781K [0x0000000080000000, 0x0000000083b00000, 0x00000000d5580000)
  object space 60416K, 41% used [0x0000000080000000,0x00000000818335f8,0x0000000083b00000)
 Metaspace       used 48060K, capacity 50004K, committed 50136K, reserved 1093632K
  class space    used 6481K, capacity 6866K, committed 6912K, reserved 1048576K
}
Event: 27.870 GC heap before
{Heap before GC invocations=17 (full 2):
 PSYoungGen      total 140288K, used 140261K [0x00000000d5580000, 0x00000000df500000, 0x0000000100000000)
  eden space 130560K, 100% used [0x00000000d5580000,0x00000000dd500000,0x00000000dd500000)
  from space 9728K, 99% used [0x00000000de300000,0x00000000dec79770,0x00000000dec80000)
  to   space 14336K, 0% used [0x00000000dd500000,0x00000000dd500000,0x00000000de300000)
 ParOldGen       total 60416K, used 24781K [0x0000000080000000, 0x0000000083b00000, 0x00000000d5580000)
  object space 60416K, 41% used [0x0000000080000000,0x00000000818335f8,0x0000000083b00000)
 Metaspace       used 56131K, capacity 58522K, committed 58584K, reserved 1099776K
  class space    used 7655K, capacity 8157K, committed 8192K, reserved 1048576K
Event: 27.910 GC heap after
Heap after GC invocations=17 (full 2):
 PSYoungGen      total 144896K, used 14141K [0x00000000d5580000, 0x00000000e1c00000, 0x0000000100000000)
  eden space 130560K, 0% used [0x00000000d5580000,0x00000000d5580000,0x00000000dd500000)
  from space 14336K, 98% used [0x00000000dd500000,0x00000000de2cf4c0,0x00000000de300000)
  to   space 16384K, 0% used [0x00000000e0c00000,0x00000000e0c00000,0x00000000e1c00000)
 ParOldGen       total 60416K, used 30858K [0x0000000080000000, 0x0000000083b00000, 0x00000000d5580000)
  object space 60416K, 51% used [0x0000000080000000,0x0000000081e228f0,0x0000000083b00000)
 Metaspace       used 56131K, capacity 58522K, committed 58584K, reserved 1099776K
  class space    used 7655K, capacity 8157K, committed 8192K, reserved 1048576K
}
Event: 28.085 GC heap before
{Heap before GC invocations=18 (full 2):
 PSYoungGen      total 144896K, used 18999K [0x00000000d5580000, 0x00000000e1c00000, 0x0000000100000000)
  eden space 130560K, 3% used [0x00000000d5580000,0x00000000d5a3ea00,0x00000000dd500000)
  from space 14336K, 98% used [0x00000000dd500000,0x00000000de2cf4c0,0x00000000de300000)
  to   space 16384K, 0% used [0x00000000e0c00000,0x00000000e0c00000,0x00000000e1c00000)
 ParOldGen       total 60416K, used 30858K [0x0000000080000000, 0x0000000083b00000, 0x00000000d5580000)
  object space 60416K, 51% used [0x0000000080000000,0x0000000081e228f0,0x0000000083b00000)
 Metaspace       used 56464K, capacity 58802K, committed 58968K, reserved 1099776K
  class space    used 7717K, capacity 8199K, committed 8320K, reserved 1048576K
Event: 28.102 GC heap after
Heap after GC invocations=18 (full 2):
 PSYoungGen      total 146944K, used 608K [0x00000000d5580000, 0x00000000e1c00000, 0x0000000100000000)
  eden space 130560K, 0% used [0x00000000d5580000,0x00000000d5580000,0x00000000dd500000)
  from space 16384K, 3% used [0x00000000e0c00000,0x00000000e0c98000,0x00000000e1c00000)
  to   space 14336K, 0% used [0x00000000dd500000,0x00000000dd500000,0x00000000de300000)
 ParOldGen       total 60416K, used 39640K [0x0000000080000000, 0x0000000083b00000, 0x00000000d5580000)
  object space 60416K, 65% used [0x0000000080000000,0x00000000826b60f8,0x0000000083b00000)
 Metaspace       used 56464K, capacity 58802K, committed 58968K, reserved 1099776K
  class space    used 7717K, capacity 8199K, committed 8320K, reserved 1048576K
}
Event: 28.102 GC heap before
{Heap before GC invocations=19 (full 3):
 PSYoungGen      total 146944K, used 608K [0x00000000d5580000, 0x00000000e1c00000, 0x0000000100000000)
  eden space 130560K, 0% used [0x00000000d5580000,0x00000000d5580000,0x00000000dd500000)
  from space 16384K, 3% used [0x00000000e0c00000,0x00000000e0c98000,0x00000000e1c00000)
  to   space 14336K, 0% used [0x00000000dd500000,0x00000000dd500000,0x00000000de300000)
 ParOldGen       total 60416K, used 39640K [0x0000000080000000, 0x0000000083b00000, 0x00000000d5580000)
  object space 60416K, 65% used [0x0000000080000000,0x00000000826b60f8,0x0000000083b00000)
 Metaspace       used 56464K, capacity 58802K, committed 58968K, reserved 1099776K
  class space    used 7717K, capacity 8199K, committed 8320K, reserved 1048576K
Event: 28.461 GC heap after
Heap after GC invocations=19 (full 3):
 PSYoungGen      total 146944K, used 0K [0x00000000d5580000, 0x00000000e1c00000, 0x0000000100000000)
  eden space 130560K, 0% used [0x00000000d5580000,0x00000000d5580000,0x00000000dd500000)
  from space 16384K, 0% used [0x00000000e0c00000,0x00000000e0c00000,0x00000000e1c00000)
  to   space 14336K, 0% used [0x00000000dd500000,0x00000000dd500000,0x00000000de300000)
 ParOldGen       total 60416K, used 32559K [0x0000000080000000, 0x0000000083b00000, 0x00000000d5580000)
  object space 60416K, 53% used [0x0000000080000000,0x0000000081fcbff8,0x0000000083b00000)
 Metaspace       used 56423K, capacity 58664K, committed 58968K, reserved 1099776K
  class space    used 7705K, capacity 8176K, committed 8320K, reserved 1048576K
}

Deoptimization events (10 events):
Event: 30.176 Thread 0x000000001c8b8000 Uncommon trap: reason=unstable_if action=reinterpret pc=0x00000000035fd94c method=java.util.WeakHashMap.expungeStaleEntries()V @ 66
Event: 30.526 Thread 0x000000001c8b8000 Uncommon trap: reason=speculate_class_check action=maybe_recompile pc=0x0000000003bd44e8 method=com.google.common.collect.AbstractIndexedListIterator.next()Ljava/lang/Object; @ 27
Event: 30.528 Thread 0x000000001c8b8000 Uncommon trap: reason=speculate_class_check action=maybe_recompile pc=0x0000000003bd44e8 method=com.google.common.collect.AbstractIndexedListIterator.next()Ljava/lang/Object; @ 27
Event: 30.528 Thread 0x000000001c8b8000 Uncommon trap: reason=speculate_class_check action=maybe_recompile pc=0x0000000003bd44e8 method=com.google.common.collect.AbstractIndexedListIterator.next()Ljava/lang/Object; @ 27
Event: 30.528 Thread 0x000000001c8b8000 Uncommon trap: reason=speculate_class_check action=maybe_recompile pc=0x0000000003bd44e8 method=com.google.common.collect.AbstractIndexedListIterator.next()Ljava/lang/Object; @ 27
Event: 30.591 Thread 0x000000001c8b8000 Uncommon trap: reason=null_check action=make_not_entrant pc=0x0000000003e42bc0 method=java.lang.ThreadLocal$ThreadLocalMap.getEntryAfterMiss(Ljava/lang/ThreadLocal;ILjava/lang/ThreadLocal$ThreadLocalMap$Entry;)Ljava/lang/ThreadLocal$ThreadLocalMap$Entry; 
Event: 30.707 Thread 0x000000001c8b8000 Uncommon trap: reason=class_check action=maybe_recompile pc=0x000000000414f814 method=java.util.Collections$SetFromMap.remove(Ljava/lang/Object;)Z @ 5
Event: 30.715 Thread 0x000000001c8b8000 Uncommon trap: reason=class_check action=maybe_recompile pc=0x000000000414f814 method=java.util.Collections$SetFromMap.remove(Ljava/lang/Object;)Z @ 5
Event: 30.715 Thread 0x000000001c8b8000 Uncommon trap: reason=class_check action=maybe_recompile pc=0x000000000414f814 method=java.util.Collections$SetFromMap.remove(Ljava/lang/Object;)Z @ 5
Event: 30.921 Thread 0x000000001c8b8000 Uncommon trap: reason=class_check action=maybe_recompile pc=0x000000000414f814 method=java.util.Collections$SetFromMap.remove(Ljava/lang/Object;)Z @ 5

Classes redefined (0 events):
No events

Internal exceptions (10 events):
Event: 30.202 Thread 0x000000001c8b8000 Exception <a 'java/lang/ClassNotFoundException': com/android/build/gradle/internal/api/ImmutableFlavorListCustomizer> (0x00000000d9c7c0d8) thrown at [C:\src\AOSP-openjdk-git\hotspot\src\share\vm\classfile\systemDictionary.cpp, line 210]
Event: 30.212 Thread 0x000000001c8b8000 Exception <a 'java/lang/ClassNotFoundException': org/gradle/api/internal/file/collections/DefaultConfigurableFileCollectionBeanInfo> (0x00000000d9d621b8) thrown at [C:\src\AOSP-openjdk-git\hotspot\src\share\vm\classfile\systemDictionary.cpp, line 210]
Event: 30.212 Thread 0x000000001c8b8000 Exception <a 'java/lang/ClassNotFoundException': org/gradle/api/internal/file/collections/DefaultConfigurableFileCollectionCustomizer> (0x00000000d9d841d0) thrown at [C:\src\AOSP-openjdk-git\hotspot\src\share\vm\classfile\systemDictionary.cpp, line 210]
Event: 30.591 Thread 0x000000001c8b8000 Implicit null exception at 0x0000000003e426e7 to 0x0000000003e42ba1
Event: 30.639 Thread 0x000000001af9c000 Exception <a 'java/lang/NoSuchMethodError': <clinit>> (0x00000000d5588288) thrown at [C:\src\AOSP-openjdk-git\hotspot\src\share\vm\prims\jni.cpp, line 1615]
Event: 30.641 Thread 0x000000001af9c000 Exception <a 'java/lang/NoSuchMethodError': <clinit>> (0x00000000dac8ba88) thrown at [C:\src\AOSP-openjdk-git\hotspot\src\share\vm\prims\jni.cpp, line 1615]
Event: 30.707 Thread 0x000000001af9c000 Exception <a 'java/lang/NoSuchMethodError': <clinit>> (0x00000000dac98718) thrown at [C:\src\AOSP-openjdk-git\hotspot\src\share\vm\prims\jni.cpp, line 1615]
Event: 30.711 Thread 0x000000001af9c000 Exception <a 'java/lang/NoSuchMethodError': <clinit>> (0x00000000daca94c8) thrown at [C:\src\AOSP-openjdk-git\hotspot\src\share\vm\prims\jni.cpp, line 1615]
Event: 30.712 Thread 0x000000001af9c000 Exception <a 'java/lang/NoSuchMethodError': <clinit>> (0x00000000dacab000) thrown at [C:\src\AOSP-openjdk-git\hotspot\src\share\vm\prims\jni.cpp, line 1615]
Event: 30.923 Thread 0x000000001af9c000 Exception <a 'java/lang/NoSuchMethodError': <clinit>> (0x00000000dacb80d8) thrown at [C:\src\AOSP-openjdk-git\hotspot\src\share\vm\prims\jni.cpp, line 1615]

Events (10 events):
Event: 30.955 loading class org/gradle/internal/snapshot/impl/ImplementationSnapshotSerializer$Impl$3
Event: 30.955 loading class org/gradle/internal/snapshot/impl/ImplementationSnapshotSerializer$Impl$3 done
Event: 30.955 loading class org/gradle/internal/snapshot/impl/ImplementationSnapshot
Event: 30.955 loading class org/gradle/internal/snapshot/impl/ImplementationSnapshot done
Event: 30.955 loading class org/gradle/internal/snapshot/impl/DefaultImplementationSnapshot
Event: 30.955 loading class org/gradle/internal/snapshot/impl/DefaultImplementationSnapshot done
Event: 30.956 loading class org/gradle/internal/snapshot/impl/UnknownClassloaderImplementationSnapshot
Event: 30.956 loading class org/gradle/internal/snapshot/impl/UnknownClassloaderImplementationSnapshot done
Event: 30.956 loading class org/gradle/internal/snapshot/impl/LambdaImplementationSnapshot
Event: 30.956 loading class org/gradle/internal/snapshot/impl/LambdaImplementationSnapshot done


Dynamic libraries:
0x00007ff6bd860000 - 0x00007ff6bd891000 	C:\Program Files\Android\Android Studio\jre\bin\java.exe
0x00007fff8fba0000 - 0x00007fff8fda9000 	C:\WINDOWS\SYSTEM32\ntdll.dll
0x00007fff8e560000 - 0x00007fff8e61d000 	C:\WINDOWS\System32\KERNEL32.DLL
0x00007fff8d390000 - 0x00007fff8d704000 	C:\WINDOWS\System32\KERNELBASE.dll
0x00007fff8f2f0000 - 0x00007fff8f39e000 	C:\WINDOWS\System32\ADVAPI32.dll
0x00007fff8f3a0000 - 0x00007fff8f443000 	C:\WINDOWS\System32\msvcrt.dll
0x00007fff8e430000 - 0x00007fff8e4ce000 	C:\WINDOWS\System32\sechost.dll
0x00007fff8f1d0000 - 0x00007fff8f2f0000 	C:\WINDOWS\System32\RPCRT4.dll
0x00007fff8da40000 - 0x00007fff8dbec000 	C:\WINDOWS\System32\USER32.dll
0x00007fff8d090000 - 0x00007fff8d0b6000 	C:\WINDOWS\System32\win32u.dll
0x00007fff8e140000 - 0x00007fff8e169000 	C:\WINDOWS\System32\GDI32.dll
0x00007fff8d800000 - 0x00007fff8d912000 	C:\WINDOWS\System32\gdi32full.dll
0x00007fff8d2f0000 - 0x00007fff8d38d000 	C:\WINDOWS\System32\msvcp_win.dll
0x00007fff8d920000 - 0x00007fff8da31000 	C:\WINDOWS\System32\ucrtbase.dll
0x00007fff76e80000 - 0x00007fff77125000 	C:\WINDOWS\WinSxS\amd64_microsoft.windows.common-controls_6595b64144ccf1df_6.0.22000.120_none_9d947278b86cc467\COMCTL32.dll
0x00007fff8df50000 - 0x00007fff8df81000 	C:\WINDOWS\System32\IMM32.DLL
0x00000000654f0000 - 0x00000000655c2000 	C:\Program Files\Android\Android Studio\jre\jre\bin\msvcr100.dll
0x0000000063c00000 - 0x000000006444b000 	C:\Program Files\Android\Android Studio\jre\jre\bin\server\jvm.dll
0x00007fff8e170000 - 0x00007fff8e178000 	C:\WINDOWS\System32\PSAPI.DLL
0x00007fff895e0000 - 0x00007fff895e9000 	C:\WINDOWS\SYSTEM32\WSOCK32.dll
0x00007fff87cf0000 - 0x00007fff87d23000 	C:\WINDOWS\SYSTEM32\WINMM.dll
0x00007fff8e4f0000 - 0x00007fff8e55f000 	C:\WINDOWS\System32\WS2_32.dll
0x00007fff87180000 - 0x00007fff8718a000 	C:\WINDOWS\SYSTEM32\VERSION.dll
0x00007fff89030000 - 0x00007fff8903f000 	C:\Program Files\Android\Android Studio\jre\jre\bin\verify.dll
0x00007fff82540000 - 0x00007fff82569000 	C:\Program Files\Android\Android Studio\jre\jre\bin\java.dll
0x00007fff82960000 - 0x00007fff82976000 	C:\Program Files\Android\Android Studio\jre\jre\bin\zip.dll
0x00007fff8e620000 - 0x00007fff8edcf000 	C:\WINDOWS\System32\SHELL32.dll
0x00007fff8b0b0000 - 0x00007fff8b918000 	C:\WINDOWS\SYSTEM32\windows.storage.dll
0x00007fff8ee50000 - 0x00007fff8f1c8000 	C:\WINDOWS\System32\combase.dll
0x00007fff8af40000 - 0x00007fff8b0a6000 	C:\WINDOWS\SYSTEM32\wintypes.dll
0x00007fff8e2a0000 - 0x00007fff8e38a000 	C:\WINDOWS\System32\SHCORE.dll
0x00007fff8faf0000 - 0x00007fff8fb4d000 	C:\WINDOWS\System32\shlwapi.dll
0x00007fff8cfc0000 - 0x00007fff8cfe1000 	C:\WINDOWS\SYSTEM32\profapi.dll
0x00007fff82520000 - 0x00007fff8253a000 	C:\Program Files\Android\Android Studio\jre\jre\bin\net.dll
0x00007fff8c6b0000 - 0x00007fff8c717000 	C:\WINDOWS\system32\mswsock.dll
0x00007fff82500000 - 0x00007fff82513000 	C:\Program Files\Android\Android Studio\jre\jre\bin\nio.dll
0x00007fff88090000 - 0x00007fff880b7000 	C:\Users\MR LOKESHWARAN\.gradle\native\f6784746aeab05261644944871eae4fe03e0ef1612fff0a4a95f87b438bc6780\windows-amd64\native-platform.dll
0x00007fff87d40000 - 0x00007fff87d4d000 	C:\Program Files\Android\Android Studio\jre\jre\bin\management.dll
0x00007fff8c8f0000 - 0x00007fff8c908000 	C:\WINDOWS\SYSTEM32\CRYPTSP.dll
0x00007fff8c1e0000 - 0x00007fff8c215000 	C:\WINDOWS\system32\rsaenh.dll
0x00007fff8c7a0000 - 0x00007fff8c7c9000 	C:\WINDOWS\SYSTEM32\USERENV.dll
0x00007fff8ca70000 - 0x00007fff8ca97000 	C:\WINDOWS\SYSTEM32\bcrypt.dll
0x00007fff8d710000 - 0x00007fff8d78f000 	C:\WINDOWS\System32\bcryptprimitives.dll
0x00007fff8c910000 - 0x00007fff8c91c000 	C:\WINDOWS\SYSTEM32\CRYPTBASE.dll
0x00007fff8bdb0000 - 0x00007fff8bddd000 	C:\WINDOWS\SYSTEM32\IPHLPAPI.DLL
0x00007fff8e130000 - 0x00007fff8e139000 	C:\WINDOWS\System32\NSI.dll
0x00007fff871c0000 - 0x00007fff871d9000 	C:\WINDOWS\SYSTEM32\dhcpcsvc6.DLL
0x00007fff87860000 - 0x00007fff8787e000 	C:\WINDOWS\SYSTEM32\dhcpcsvc.DLL
0x00007fff8bde0000 - 0x00007fff8bec8000 	C:\WINDOWS\SYSTEM32\DNSAPI.dll
0x00007fff856b0000 - 0x00007fff856bc000 	C:\WINDOWS\SYSTEM32\WINNSI.DLL

VM Arguments:
jvm_args: -Xmx2048m -Dfile.encoding=UTF-8 -Duser.country=IN -Duser.language=en -Duser.variant 
java_command: org.gradle.launcher.daemon.bootstrap.GradleDaemon 6.5
java_class_path (initial): C:\Users\MR LOKESHWARAN\.gradle\wrapper\dists\gradle-6.5-bin\6nifqtx7604sqp1q6g8wikw7p\gradle-6.5\lib\gradle-launcher-6.5.jar
Launcher Type: SUN_STANDARD

Environment Variables:
JAVA_HOME=C:\Android\openjdk
PATH=C:\Program Files\ImageMagick-7.1.0-Q16-HDRI;C:\Program Files\Common Files\Oracle\Java\javapath;C:\windows\system32;C:\windows;C:\windows\System32\Wbem;C:\windows\System32\WindowsPowerShell\v1.0\;C:\windows\System32\OpenSSH\;C:\Program Files (x86)\NVIDIA Corporation\PhysX\Common;C:\Program Files\NVIDIA Corporation\NVIDIA NvDLISR;C:\Program Files\Git\cmd;C:\flutter\bin;C:\Program Files\Java\jdk-15\bin;C:\Android\platform-tools;C:\Android\tools;C:\Program Files\nodejs\;%SystemRoot%\system32;%SystemRoot%;%SystemRoot%\System32\Wbem;%SYSTEMROOT%\System32\WindowsPowerShell\v1.0\;%SYSTEMROOT%\System32\OpenSSH\;C:\Users\MR LOKESHWARAN\AppData\Local\Programs\Python\Python37\Scripts\;C:\Users\MR LOKESHWARAN\AppData\Local\Programs\Python\Python37\;C:\Users\MR LOKESHWARAN\AppData\Local\Programs\Python\Python38\Scripts\;C:\Users\MR LOKESHWARAN\AppData\Local\Programs\Python\Python38\;C:\Users\MR LOKESHWARAN\AppData\Local\Microsoft\WindowsApps;C:\Users\MR LOKESHWARAN\AppData\Local\Programs\Microsoft VS Code\bin;C:\Android\flutter\bin;C:\Program Files\JetBrains\PyCharm Community Edition 2020.1.2\bin;;C:\Android\sdk;C:\Android\sdk\bin;;C:\Program Files\JetBrains\IntelliJ IDEA Community Edition 2020.2.2\bin;;C:\Modeltech_pe_edu_10.4a\win32pe_edu;C:\Users\MR LOKESHWARAN\AppData\Roaming\npm
USERNAME=MR LOKESHWARAN
OS=Windows_NT
PROCESSOR_IDENTIFIER=AMD64 Family 23 Model 24 Stepping 1, AuthenticAMD



---------------  S Y S T E M  ---------------

OS: Windows 10.0 , 64 bit Build 22000 (10.0.22000.434)

CPU:total 8 (initial active 8) (8 cores per cpu, 1 threads per core) family 23 model 24 stepping 1, cmov, cx8, fxsr, mmx, sse, sse2, sse3, ssse3, sse4.1, sse4.2, popcnt, avx, avx2, aes, clmul, mmxext, 3dnowpref, lzcnt, sse4a, tsc, tscinvbit, tscinv, bmi1

Memory: 4k page, physical 6165652k(555776k free), swap 10359956k(5228k free)

vm_info: OpenJDK 64-Bit Server VM (25.242-b01) for windows-amd64 JRE (1.8.0_242-release-1644-b01), built by "builder" with MS VC++ 10.0 (VS2010)

time: Sun Apr 17 07:47:40 2022
timezone: India Standard Time
elapsed time: 30 seconds (0d 0h 0m 30s)

