#
# There is insufficient memory for the Java Runtime Environment to continue.
# Native memory allocation (mmap) failed to map 25165824 bytes for Failed to commit area from 0x0000000087400000 to 0x0000000088c00000 of length 25165824.
# Possible reasons:
#   The system is out of physical RAM or swap space
#   The process is running with CompressedOops enabled, and the Java Heap may be blocking the growth of the native heap
# Possible solutions:
#   Reduce memory load on the system
#   Increase physical memory or swap space
#   Check if swap backing store is full
#   Decrease Java heap size (-Xmx/-Xms)
#   Decrease number of Java threads
#   Decrease Java thread stack sizes (-Xss)
#   Set larger code cache with -XX:ReservedCodeCacheSize=
#   JVM is running with Unscaled Compressed Oops mode in which the Java heap is
#     placed in the first 4GB address space. The Java Heap base address is the
#     maximum limit for the native heap growth. Please use -XX:HeapBaseMinAddress
#     to set the Java Heap base and to place the Java Heap above 4GB virtual address.
# This output file may be truncated or incomplete.
#
#  Out of Memory Error (./src/hotspot/os/windows/os_windows.cpp:3301), pid=8756, tid=12108
#
# JRE version: OpenJDK Runtime Environment (11.0.11+9) (build 11.0.11+9-b60-7590822)
# Java VM: OpenJDK 64-Bit Server VM (11.0.11+9-b60-7590822, mixed mode, tiered, compressed oops, g1 gc, windows-amd64)
# No core dump will be written. Minidumps are not enabled by default on client versions of Windows
#

---------------  S U M M A R Y ------------

Command Line: --add-opens=java.base/java.util=ALL-UNNAMED --add-opens=java.base/java.lang=ALL-UNNAMED --add-opens=java.base/java.lang.invoke=ALL-UNNAMED --add-opens=java.base/java.util=ALL-UNNAMED --add-opens=java.prefs/java.util.prefs=ALL-UNNAMED --add-opens=java.prefs/java.util.prefs=ALL-UNNAMED --add-opens=java.base/java.nio.charset=ALL-UNNAMED --add-opens=java.base/java.net=ALL-UNNAMED --add-opens=java.base/java.util.concurrent.atomic=ALL-UNNAMED -Xmx2048m -Dfile.encoding=UTF-8 -Duser.country=IN -Duser.language=en -Duser.variant org.gradle.launcher.daemon.bootstrap.GradleDaemon 7.2

Host: AMD Ryzen 5 3550H with Radeon Vega Mobile Gfx  , 8 cores, 5G,  Windows 10 , 64 bit Build 22000 (10.0.22000.434)
Time: Tue Apr 19 21:48:26 2022 India Standard Time elapsed time: 21.186687 seconds (0d 0h 0m 21s)

---------------  T H R E A D  ---------------

Current thread (0x0000026c9e9fa000):  VMThread "VM Thread" [stack: 0x0000009962f00000,0x0000009963000000] [id=12108]

Stack: [0x0000009962f00000,0x0000009963000000]
[error occurred during error reporting (printing stack bounds), id 0xc0000005, EXCEPTION_ACCESS_VIOLATION (0xc0000005) at pc=0x0000026c88080f2d]

Native frames: (J=compiled Java code, j=interpreted, Vv=VM code, C=native code)
V  [jvm.dll+0x5f214a]
V  [jvm.dll+0x726fb5]
V  [jvm.dll+0x7285cd]
V  [jvm.dll+0x728be5]
V  [jvm.dll+0x728b9b]
V  [jvm.dll+0x5f14e8]
V  [jvm.dll+0x5f1c78]
C  [ntdll.dll+0xa86ef]
C  [ntdll.dll+0x35aea]
C  [ntdll.dll+0xa76fe]
C  0x0000026c88080f2d

VM_Operation (0x00000099648fd540): G1CollectForAllocation, mode: safepoint, requested by thread 0x0000026ca18b5800


---------------  P R O C E S S  ---------------

Threads class SMR info:
_java_thread_list=0x0000026ca3f2ade0, length=131, elements={
0x0000026c8457f800, 0x0000026c9e9fc000, 0x0000026c9e9ff800, 0x0000026c9f392800,
0x0000026c9ea19800, 0x0000026c9ea1a800, 0x0000026c9ea21800, 0x0000026c9ea26000,
0x0000026c9ea2f800, 0x0000026c9ea30800, 0x0000026c9ea2e800, 0x0000026c9ea31000,
0x0000026c9ea2d000, 0x0000026c9ea2b800, 0x0000026c9ea32000, 0x0000026c9ea2e000,
0x0000026c9ea2c000, 0x0000026ca18b2000, 0x0000026ca18af000, 0x0000026ca18ae000,
0x0000026ca18b3000, 0x0000026ca18b4800, 0x0000026ca18b5800, 0x0000026ca18b4000,
0x0000026ca18af800, 0x0000026ca18b6000, 0x0000026ca18b1800, 0x0000026ca18b0800,
0x0000026ca18b8000, 0x0000026ca18b8800, 0x0000026ca18bc000, 0x0000026ca18bb000,
0x0000026ca18bc800, 0x0000026ca3a09000, 0x0000026ca3a0a800, 0x0000026ca3a09800,
0x0000026ca3a06800, 0x0000026ca3a04800, 0x0000026ca3a0b800, 0x0000026ca3a05800,
0x0000026ca3a0c000, 0x0000026ca3a0d000, 0x0000026ca3a07000, 0x0000026ca3a12800,
0x0000026ca3a10000, 0x0000026ca3a0e800, 0x0000026ca3a0d800, 0x0000026ca3a11000,
0x0000026ca3a0f800, 0x0000026ca3a12000, 0x0000026ca3a13800, 0x0000026c9f82c800,
0x0000026c9f82b800, 0x0000026c9f82d800, 0x0000026c9f82b000, 0x0000026c9f82a000,
0x0000026c9f831800, 0x0000026c9f82f800, 0x0000026c9f832000, 0x0000026c9f833000,
0x0000026c9f834000, 0x0000026c9f82e000, 0x0000026c9f834800, 0x0000026c9f82f000,
0x0000026c9f835800, 0x0000026c9f836000, 0x0000026c9f830800, 0x0000026c9f837000,
0x0000026c9f838000, 0x0000026c9f838800, 0x0000026ca35d0000, 0x0000026ca35d7000,
0x0000026ca35d6000, 0x0000026ca35d1000, 0x0000026ca35d3800, 0x0000026ca35d7800,
0x0000026ca35d2000, 0x0000026ca35d8800, 0x0000026ca35d2800, 0x0000026ca35d9000,
0x0000026ca35d4800, 0x0000026ca35d5000, 0x0000026ca35da000, 0x0000026ca35db000,
0x0000026ca35db800, 0x0000026ca35dc800, 0x0000026ca35de000, 0x0000026ca35df000,
0x0000026ca5c38000, 0x0000026ca5c3a800, 0x0000026ca5c3a000, 0x0000026ca5c3c000,
0x0000026ca5c36800, 0x0000026ca5c39000, 0x0000026ca5c3d000, 0x0000026ca5c37800,
0x0000026ca5c3f800, 0x0000026ca5c3e000, 0x0000026ca5c41000, 0x0000026ca5c3b800,
0x0000026ca5c44800, 0x0000026ca5c40800, 0x0000026ca5c3e800, 0x0000026ca5c42000,
0x0000026ca5c45000, 0x0000026ca5c42800, 0x0000026ca5c43800, 0x0000026ca35dd800,
0x0000026ca0982800, 0x0000026ca097e800, 0x0000026ca097d000, 0x0000026ca0983800,
0x0000026ca0982000, 0x0000026ca097e000, 0x0000026ca0980800, 0x0000026ca0984800,
0x0000026ca097f800, 0x0000026ca0985000, 0x0000026ca0987000, 0x0000026ca0981000,
0x0000026ca0989000, 0x0000026ca0987800, 0x0000026ca0988800, 0x0000026ca098a000,
0x0000026ca098b800, 0x0000026ca0986000, 0x0000026ca418e000, 0x0000026ca4190000,
0x0000026ca418f000, 0x0000026ca4190800, 0x0000026ca4193000
}

Java Threads: ( => current thread )
  0x0000026c8457f800 JavaThread "main" [_thread_blocked, id=12628, stack(0x0000009962900000,0x0000009962a00000)]
  0x0000026c9e9fc000 JavaThread "Reference Handler" daemon [_thread_blocked, id=9652, stack(0x0000009963000000,0x0000009963100000)]
  0x0000026c9e9ff800 JavaThread "Finalizer" daemon [_thread_blocked, id=7756, stack(0x0000009963100000,0x0000009963200000)]
  0x0000026c9f392800 JavaThread "Signal Dispatcher" daemon [_thread_blocked, id=1216, stack(0x0000009963200000,0x0000009963300000)]
  0x0000026c9ea19800 JavaThread "Attach Listener" daemon [_thread_blocked, id=14792, stack(0x0000009963300000,0x0000009963400000)]
  0x0000026c9ea1a800 JavaThread "Service Thread" daemon [_thread_blocked, id=4108, stack(0x0000009963400000,0x0000009963500000)]
  0x0000026c9ea21800 JavaThread "C2 CompilerThread0" daemon [_thread_blocked, id=6024, stack(0x0000009963500000,0x0000009963600000)]
  0x0000026c9ea26000 JavaThread "C1 CompilerThread0" daemon [_thread_blocked, id=17084, stack(0x0000009963600000,0x0000009963700000)]
  0x0000026c9ea2f800 JavaThread "Sweeper thread" daemon [_thread_blocked, id=1656, stack(0x0000009963700000,0x0000009963800000)]
  0x0000026c9ea30800 JavaThread "Common-Cleaner" daemon [_thread_blocked, id=8608, stack(0x0000009963800000,0x0000009963900000)]
  0x0000026c9ea2e800 JavaThread "Daemon health stats" [_thread_blocked, id=9696, stack(0x0000009963d00000,0x0000009963e00000)]
  0x0000026c9ea31000 JavaThread "Incoming local TCP Connector on port 61133" [_thread_in_native, id=17724, stack(0x0000009963a00000,0x0000009963b00000)]
  0x0000026c9ea2d000 JavaThread "Daemon periodic checks" [_thread_blocked, id=8784, stack(0x0000009963c00000,0x0000009963d00000)]
  0x0000026c9ea2b800 JavaThread "Daemon" [_thread_blocked, id=9396, stack(0x0000009963e00000,0x0000009963f00000)]
  0x0000026c9ea32000 JavaThread "Handler for socket connection from /127.0.0.1:61133 to /127.0.0.1:61134" [_thread_in_native, id=14372, stack(0x0000009963f00000,0x0000009964000000)]
  0x0000026c9ea2e000 JavaThread "Cancel handler" [_thread_blocked, id=4580, stack(0x0000009964000000,0x0000009964100000)]
  0x0000026c9ea2c000 JavaThread "Daemon worker" [_thread_blocked, id=8136, stack(0x0000009964100000,0x0000009964200000)]
  0x0000026ca18b2000 JavaThread "Asynchronous log dispatcher for DefaultDaemonConnection: socket connection from /127.0.0.1:61133 to /127.0.0.1:61134" [_thread_blocked, id=15000, stack(0x0000009964200000,0x0000009964300000)]
  0x0000026ca18af000 JavaThread "Stdin handler" [_thread_blocked, id=8460, stack(0x0000009964300000,0x0000009964400000)]
  0x0000026ca18ae000 JavaThread "Daemon client event forwarder" [_thread_blocked, id=9752, stack(0x0000009964400000,0x0000009964500000)]
  0x0000026ca18b3000 JavaThread "Cache worker for journal cache (C:\Users\MR LOKESHWARAN\.gradle\caches\journal-1)" [_thread_blocked, id=12700, stack(0x0000009964600000,0x0000009964700000)]
  0x0000026ca18b4800 JavaThread "File lock request listener" [_thread_in_native, id=16000, stack(0x0000009964700000,0x0000009964800000)]
  0x0000026ca18b5800 JavaThread "Cache worker for file hash cache (C:\Users\MR LOKESHWARAN\.gradle\caches\7.2\fileHashes)" [_thread_blocked, id=7200, stack(0x0000009964800000,0x0000009964900000)]
  0x0000026ca18b4000 JavaThread "Cache worker for file hash cache (D:\Android Projects\RentalApp\.gradle\7.2\fileHashes)" [_thread_blocked, id=14492, stack(0x0000009965000000,0x0000009965100000)]
  0x0000026ca18af800 JavaThread "File watcher server" daemon [_thread_blocked, id=7844, stack(0x0000009965100000,0x0000009965200000)]
  0x0000026ca18b6000 JavaThread "File watcher consumer" daemon [_thread_blocked, id=15344, stack(0x0000009965200000,0x0000009965300000)]
  0x0000026ca18b1800 JavaThread "Cache worker for checksums cache (D:\Android Projects\RentalApp\.gradle\checksums)" [_thread_blocked, id=8116, stack(0x0000009965300000,0x0000009965400000)]
  0x0000026ca18b0800 JavaThread "Cache worker for cache directory md-supplier (C:\Users\MR LOKESHWARAN\.gradle\caches\7.2\md-supplier)" [_thread_blocked, id=2904, stack(0x0000009965500000,0x0000009965600000)]
  0x0000026ca18b8000 JavaThread "Cache worker for cache directory md-rule (C:\Users\MR LOKESHWARAN\.gradle\caches\7.2\md-rule)" [_thread_blocked, id=12200, stack(0x0000009965600000,0x0000009965700000)]
  0x0000026ca18b8800 JavaThread "Cache worker for execution history cache (C:\Users\MR LOKESHWARAN\.gradle\caches\7.2\executionHistory)" [_thread_blocked, id=2812, stack(0x0000009965700000,0x0000009965800000)]
  0x0000026ca18bc000 JavaThread "jar transforms" [_thread_blocked, id=9288, stack(0x0000009965800000,0x0000009965900000)]
  0x0000026ca18bb000 JavaThread "jar transforms Thread 2" [_thread_blocked, id=5760, stack(0x0000009965900000,0x0000009965a00000)]
  0x0000026ca18bc800 JavaThread "Cache worker for file content cache (C:\Users\MR LOKESHWARAN\.gradle\caches\7.2\fileContent)" [_thread_blocked, id=11412, stack(0x0000009965a00000,0x0000009965b00000)]
  0x0000026ca3a09000 JavaThread "Cache worker for dependencies-accessors (D:\Android Projects\RentalApp\.gradle\7.2\dependencies-accessors)" [_thread_blocked, id=14604, stack(0x0000009965b00000,0x0000009965c00000)]
  0x0000026ca3a0a800 JavaThread "jar transforms Thread 3" [_thread_blocked, id=13300, stack(0x0000009965c00000,0x0000009965d00000)]
  0x0000026ca3a09800 JavaThread "Cache worker for Build Output Cleanup Cache (D:\Android Projects\RentalApp\.gradle\buildOutputCleanup)" [_thread_blocked, id=9980, stack(0x0000009965d00000,0x0000009965e00000)]
  0x0000026ca3a06800 JavaThread "Unconstrained build operations" [_thread_blocked, id=4292, stack(0x0000009965400000,0x0000009965500000)]
  0x0000026ca3a04800 JavaThread "Unconstrained build operations Thread 2" [_thread_blocked, id=6016, stack(0x0000009965e00000,0x0000009965f00000)]
  0x0000026ca3a0b800 JavaThread "Unconstrained build operations Thread 3" [_thread_blocked, id=16684, stack(0x0000009965f00000,0x0000009966000000)]
  0x0000026ca3a05800 JavaThread "Unconstrained build operations Thread 4" [_thread_blocked, id=1488, stack(0x0000009966000000,0x0000009966100000)]
  0x0000026ca3a0c000 JavaThread "Unconstrained build operations Thread 5" [_thread_blocked, id=3004, stack(0x0000009966100000,0x0000009966200000)]
  0x0000026ca3a0d000 JavaThread "Unconstrained build operations Thread 6" [_thread_blocked, id=10584, stack(0x0000009966200000,0x0000009966300000)]
  0x0000026ca3a07000 JavaThread "Unconstrained build operations Thread 7" [_thread_blocked, id=2500, stack(0x0000009966300000,0x0000009966400000)]
  0x0000026ca3a12800 JavaThread "Unconstrained build operations Thread 8" [_thread_blocked, id=17244, stack(0x0000009966400000,0x0000009966500000)]
  0x0000026ca3a10000 JavaThread "Unconstrained build operations Thread 9" [_thread_blocked, id=15172, stack(0x0000009966500000,0x0000009966600000)]
  0x0000026ca3a0e800 JavaThread "Unconstrained build operations Thread 10" [_thread_blocked, id=11076, stack(0x0000009966600000,0x0000009966700000)]
  0x0000026ca3a0d800 JavaThread "Unconstrained build operations Thread 11" [_thread_blocked, id=13168, stack(0x0000009966700000,0x0000009966800000)]
  0x0000026ca3a11000 JavaThread "Unconstrained build operations Thread 12" [_thread_blocked, id=3424, stack(0x0000009966800000,0x0000009966900000)]
  0x0000026ca3a0f800 JavaThread "Unconstrained build operations Thread 13" [_thread_blocked, id=4988, stack(0x0000009966900000,0x0000009966a00000)]
  0x0000026ca3a12000 JavaThread "Unconstrained build operations Thread 14" [_thread_blocked, id=8012, stack(0x0000009966a00000,0x0000009966b00000)]
  0x0000026ca3a13800 JavaThread "Unconstrained build operations Thread 15" [_thread_blocked, id=17372, stack(0x0000009966b00000,0x0000009966c00000)]
  0x0000026c9f82c800 JavaThread "Unconstrained build operations Thread 16" [_thread_blocked, id=16616, stack(0x0000009966c00000,0x0000009966d00000)]
  0x0000026c9f82b800 JavaThread "Unconstrained build operations Thread 17" [_thread_blocked, id=1080, stack(0x0000009966d00000,0x0000009966e00000)]
  0x0000026c9f82d800 JavaThread "Unconstrained build operations Thread 18" [_thread_blocked, id=176, stack(0x0000009966e00000,0x0000009966f00000)]
  0x0000026c9f82b000 JavaThread "Unconstrained build operations Thread 19" [_thread_blocked, id=16460, stack(0x0000009966f00000,0x0000009967000000)]
  0x0000026c9f82a000 JavaThread "Unconstrained build operations Thread 20" [_thread_blocked, id=4152, stack(0x0000009967000000,0x0000009967100000)]
  0x0000026c9f831800 JavaThread "Unconstrained build operations Thread 21" [_thread_blocked, id=7452, stack(0x0000009967100000,0x0000009967200000)]
  0x0000026c9f82f800 JavaThread "Unconstrained build operations Thread 22" [_thread_blocked, id=14440, stack(0x0000009967200000,0x0000009967300000)]
  0x0000026c9f832000 JavaThread "Unconstrained build operations Thread 23" [_thread_blocked, id=15888, stack(0x0000009967300000,0x0000009967400000)]
  0x0000026c9f833000 JavaThread "Unconstrained build operations Thread 24" [_thread_blocked, id=15500, stack(0x0000009967400000,0x0000009967500000)]
  0x0000026c9f834000 JavaThread "Unconstrained build operations Thread 25" [_thread_blocked, id=17664, stack(0x0000009967500000,0x0000009967600000)]
  0x0000026c9f82e000 JavaThread "Unconstrained build operations Thread 26" [_thread_blocked, id=13552, stack(0x0000009967600000,0x0000009967700000)]
  0x0000026c9f834800 JavaThread "Unconstrained build operations Thread 27" [_thread_blocked, id=18264, stack(0x0000009967700000,0x0000009967800000)]
  0x0000026c9f82f000 JavaThread "Unconstrained build operations Thread 28" [_thread_blocked, id=3920, stack(0x0000009967800000,0x0000009967900000)]
  0x0000026c9f835800 JavaThread "Unconstrained build operations Thread 29" [_thread_blocked, id=4004, stack(0x0000009967900000,0x0000009967a00000)]
  0x0000026c9f836000 JavaThread "Unconstrained build operations Thread 30" [_thread_blocked, id=8284, stack(0x0000009967a00000,0x0000009967b00000)]
  0x0000026c9f830800 JavaThread "Unconstrained build operations Thread 31" [_thread_blocked, id=3556, stack(0x0000009967b00000,0x0000009967c00000)]
  0x0000026c9f837000 JavaThread "Unconstrained build operations Thread 32" [_thread_blocked, id=1896, stack(0x0000009967c00000,0x0000009967d00000)]
  0x0000026c9f838000 JavaThread "Unconstrained build operations Thread 33" [_thread_blocked, id=3284, stack(0x0000009967d00000,0x0000009967e00000)]
  0x0000026c9f838800 JavaThread "Unconstrained build operations Thread 34" [_thread_blocked, id=14684, stack(0x0000009967e00000,0x0000009967f00000)]
  0x0000026ca35d0000 JavaThread "Unconstrained build operations Thread 35" [_thread_blocked, id=15368, stack(0x0000009967f00000,0x0000009968000000)]
  0x0000026ca35d7000 JavaThread "Unconstrained build operations Thread 36" [_thread_blocked, id=10372, stack(0x0000009968000000,0x0000009968100000)]
  0x0000026ca35d6000 JavaThread "Unconstrained build operations Thread 37" [_thread_blocked, id=11956, stack(0x0000009968100000,0x0000009968200000)]
  0x0000026ca35d1000 JavaThread "Unconstrained build operations Thread 38" [_thread_blocked, id=13396, stack(0x0000009968200000,0x0000009968300000)]
  0x0000026ca35d3800 JavaThread "Unconstrained build operations Thread 39" [_thread_blocked, id=4748, stack(0x0000009968300000,0x0000009968400000)]
  0x0000026ca35d7800 JavaThread "Unconstrained build operations Thread 40" [_thread_blocked, id=14496, stack(0x0000009968400000,0x0000009968500000)]
  0x0000026ca35d2000 JavaThread "Unconstrained build operations Thread 41" [_thread_blocked, id=8532, stack(0x0000009968500000,0x0000009968600000)]
  0x0000026ca35d8800 JavaThread "Unconstrained build operations Thread 42" [_thread_blocked, id=10716, stack(0x0000009968600000,0x0000009968700000)]
  0x0000026ca35d2800 JavaThread "Unconstrained build operations Thread 43" [_thread_blocked, id=8372, stack(0x0000009968700000,0x0000009968800000)]
  0x0000026ca35d9000 JavaThread "Unconstrained build operations Thread 44" [_thread_blocked, id=18376, stack(0x0000009968800000,0x0000009968900000)]
  0x0000026ca35d4800 JavaThread "Unconstrained build operations Thread 45" [_thread_blocked, id=1876, stack(0x0000009968900000,0x0000009968a00000)]
  0x0000026ca35d5000 JavaThread "Unconstrained build operations Thread 46" [_thread_blocked, id=4688, stack(0x0000009968a00000,0x0000009968b00000)]
  0x0000026ca35da000 JavaThread "Unconstrained build operations Thread 47" [_thread_blocked, id=7804, stack(0x0000009968b00000,0x0000009968c00000)]
  0x0000026ca35db000 JavaThread "Unconstrained build operations Thread 48" [_thread_blocked, id=2540, stack(0x0000009968c00000,0x0000009968d00000)]
  0x0000026ca35db800 JavaThread "Unconstrained build operations Thread 49" [_thread_blocked, id=13296, stack(0x0000009968d00000,0x0000009968e00000)]
  0x0000026ca35dc800 JavaThread "Unconstrained build operations Thread 50" [_thread_blocked, id=15932, stack(0x0000009968e00000,0x0000009968f00000)]
  0x0000026ca35de000 JavaThread "Unconstrained build operations Thread 51" [_thread_blocked, id=13360, stack(0x0000009968f00000,0x0000009969000000)]
  0x0000026ca35df000 JavaThread "Unconstrained build operations Thread 52" [_thread_blocked, id=10220, stack(0x0000009969000000,0x0000009969100000)]
  0x0000026ca5c38000 JavaThread "Unconstrained build operations Thread 53" [_thread_blocked, id=15716, stack(0x0000009969100000,0x0000009969200000)]
  0x0000026ca5c3a800 JavaThread "Unconstrained build operations Thread 54" [_thread_blocked, id=1788, stack(0x0000009969200000,0x0000009969300000)]
  0x0000026ca5c3a000 JavaThread "Unconstrained build operations Thread 55" [_thread_blocked, id=8576, stack(0x0000009969300000,0x0000009969400000)]
  0x0000026ca5c3c000 JavaThread "Unconstrained build operations Thread 56" [_thread_blocked, id=15712, stack(0x0000009969400000,0x0000009969500000)]
  0x0000026ca5c36800 JavaThread "Unconstrained build operations Thread 57" [_thread_blocked, id=3360, stack(0x0000009969500000,0x0000009969600000)]
  0x0000026ca5c39000 JavaThread "Unconstrained build operations Thread 58" [_thread_blocked, id=12020, stack(0x0000009969600000,0x0000009969700000)]
  0x0000026ca5c3d000 JavaThread "Unconstrained build operations Thread 59" [_thread_blocked, id=7764, stack(0x0000009969700000,0x0000009969800000)]
  0x0000026ca5c37800 JavaThread "Unconstrained build operations Thread 60" [_thread_blocked, id=17888, stack(0x0000009969800000,0x0000009969900000)]
  0x0000026ca5c3f800 JavaThread "Unconstrained build operations Thread 61" [_thread_blocked, id=5280, stack(0x0000009969900000,0x0000009969a00000)]
  0x0000026ca5c3e000 JavaThread "Unconstrained build operations Thread 62" [_thread_blocked, id=4064, stack(0x0000009969a00000,0x0000009969b00000)]
  0x0000026ca5c41000 JavaThread "Unconstrained build operations Thread 63" [_thread_blocked, id=16180, stack(0x0000009969b00000,0x0000009969c00000)]
  0x0000026ca5c3b800 JavaThread "Unconstrained build operations Thread 64" [_thread_blocked, id=11472, stack(0x0000009969c00000,0x0000009969d00000)]
  0x0000026ca5c44800 JavaThread "Unconstrained build operations Thread 65" [_thread_blocked, id=9152, stack(0x0000009969d00000,0x0000009969e00000)]
  0x0000026ca5c40800 JavaThread "Unconstrained build operations Thread 66" [_thread_blocked, id=3584, stack(0x0000009969e00000,0x0000009969f00000)]
  0x0000026ca5c3e800 JavaThread "Unconstrained build operations Thread 67" [_thread_blocked, id=17196, stack(0x0000009969f00000,0x000000996a000000)]
  0x0000026ca5c42000 JavaThread "Unconstrained build operations Thread 68" [_thread_blocked, id=8252, stack(0x000000996a000000,0x000000996a100000)]
  0x0000026ca5c45000 JavaThread "Unconstrained build operations Thread 69" [_thread_blocked, id=180, stack(0x000000996a100000,0x000000996a200000)]
  0x0000026ca5c42800 JavaThread "Unconstrained build operations Thread 70" [_thread_blocked, id=1832, stack(0x000000996a200000,0x000000996a300000)]
  0x0000026ca5c43800 JavaThread "Unconstrained build operations Thread 71" [_thread_blocked, id=14316, stack(0x000000996a300000,0x000000996a400000)]
  0x0000026ca35dd800 JavaThread "Unconstrained build operations Thread 72" [_thread_blocked, id=10404, stack(0x000000996a400000,0x000000996a500000)]
  0x0000026ca0982800 JavaThread "Unconstrained build operations Thread 73" [_thread_blocked, id=1564, stack(0x000000996a500000,0x000000996a600000)]
  0x0000026ca097e800 JavaThread "Unconstrained build operations Thread 74" [_thread_blocked, id=17768, stack(0x000000996a600000,0x000000996a700000)]
  0x0000026ca097d000 JavaThread "Unconstrained build operations Thread 75" [_thread_blocked, id=9044, stack(0x000000996a700000,0x000000996a800000)]
  0x0000026ca0983800 JavaThread "Unconstrained build operations Thread 76" [_thread_blocked, id=10580, stack(0x000000996a800000,0x000000996a900000)]
  0x0000026ca0982000 JavaThread "Unconstrained build operations Thread 77" [_thread_blocked, id=4756, stack(0x000000996a900000,0x000000996aa00000)]
  0x0000026ca097e000 JavaThread "Unconstrained build operations Thread 78" [_thread_blocked, id=13284, stack(0x000000996aa00000,0x000000996ab00000)]
  0x0000026ca0980800 JavaThread "Unconstrained build operations Thread 79" [_thread_blocked, id=14232, stack(0x000000996ab00000,0x000000996ac00000)]
  0x0000026ca0984800 JavaThread "Unconstrained build operations Thread 80" [_thread_blocked, id=11860, stack(0x000000996ac00000,0x000000996ad00000)]
  0x0000026ca097f800 JavaThread "jar transforms Thread 4" [_thread_blocked, id=7516, stack(0x000000996ad00000,0x000000996ae00000)]
  0x0000026ca0985000 JavaThread "jar transforms Thread 5" [_thread_blocked, id=14596, stack(0x000000996ae00000,0x000000996af00000)]
  0x0000026ca0987000 JavaThread "jar transforms Thread 6" [_thread_blocked, id=12472, stack(0x000000996af00000,0x000000996b000000)]
  0x0000026ca0981000 JavaThread "jar transforms Thread 7" [_thread_blocked, id=16480, stack(0x000000996b000000,0x000000996b100000)]
  0x0000026ca0989000 JavaThread "jar transforms Thread 8" [_thread_blocked, id=12524, stack(0x000000996b100000,0x000000996b200000)]
  0x0000026ca0987800 JavaThread "Memory manager" [_thread_blocked, id=16288, stack(0x000000996b300000,0x000000996b400000)]
  0x0000026ca0988800 JavaThread "build event listener" [_thread_blocked, id=12300, stack(0x000000996b200000,0x000000996b300000)]
  0x0000026ca098a000 JavaThread "Execution worker for ':'" [_thread_blocked, id=10084, stack(0x000000996b400000,0x000000996b500000)]
  0x0000026ca098b800 JavaThread "Execution worker for ':' Thread 2" [_thread_blocked, id=15056, stack(0x000000996b500000,0x000000996b600000)]
  0x0000026ca0986000 JavaThread "Execution worker for ':' Thread 3" [_thread_blocked, id=17992, stack(0x000000996b600000,0x000000996b700000)]
  0x0000026ca418e000 JavaThread "Execution worker for ':' Thread 4" [_thread_blocked, id=1604, stack(0x000000996b700000,0x000000996b800000)]
  0x0000026ca4190000 JavaThread "Execution worker for ':' Thread 5" [_thread_blocked, id=13384, stack(0x000000996b800000,0x000000996b900000)]
  0x0000026ca418f000 JavaThread "Execution worker for ':' Thread 6" [_thread_blocked, id=13216, stack(0x000000996b900000,0x000000996ba00000)]
  0x0000026ca4190800 JavaThread "Execution worker for ':' Thread 7" [_thread_blocked, id=13172, stack(0x000000996ba00000,0x000000996bb00000)]
  0x0000026ca4193000 JavaThread "Cache worker for execution history cache (D:\Android Projects\RentalApp\.gradle\7.2\executionHistory)" [_thread_blocked, id=15432, stack(0x000000996bb00000,0x000000996bc00000)]

Other Threads:
=>0x0000026c9e9fa000 VMThread "VM Thread" [stack: 0x0000009962f00000,0x0000009963000000] [id=12108]
  0x0000026c9f4e6000 WatcherThread [stack: 0x0000009963900000,0x0000009963a00000] [id=6300]
  0x0000026c8459a000 GCTaskThread "GC Thread#0" [stack: 0x0000009962a00000,0x0000009962b00000] [id=3576]
  0x0000026ca0333000 GCTaskThread "GC Thread#1" [stack: 0x0000009963b00000,0x0000009963c00000] [id=12396]
  0x0000026ca013c800 GCTaskThread "GC Thread#2" [stack: 0x0000009964900000,0x0000009964a00000] [id=16844]
  0x0000026c9f6b4800 GCTaskThread "GC Thread#3" [stack: 0x0000009964a00000,0x0000009964b00000] [id=2876]
  0x0000026ca150b000 GCTaskThread "GC Thread#4" [stack: 0x0000009964b00000,0x0000009964c00000] [id=4904]
  0x0000026ca0ec0800 GCTaskThread "GC Thread#5" [stack: 0x0000009964c00000,0x0000009964d00000] [id=12544]
  0x0000026ca0243800 GCTaskThread "GC Thread#6" [stack: 0x0000009964d00000,0x0000009964e00000] [id=9364]
  0x0000026c9fee3000 GCTaskThread "GC Thread#7" [stack: 0x0000009964e00000,0x0000009964f00000] [id=15920]
  0x0000026c845cb000 ConcurrentGCThread "G1 Main Marker" [stack: 0x0000009962b00000,0x0000009962c00000] [id=14516]
  0x0000026c845ce800 ConcurrentGCThread "G1 Conc#0" [stack: 0x0000009962c00000,0x0000009962d00000] [id=2604]
  0x0000026c9f829800 ConcurrentGCThread "G1 Conc#1" [stack: 0x0000009964f00000,0x0000009965000000] [id=6548]
  0x0000026c84658800 ConcurrentGCThread "G1 Refine#0" [stack: 0x0000009962d00000,0x0000009962e00000] [id=3684]
  0x0000026c84659800 ConcurrentGCThread "G1 Young RemSet Sampling" [stack: 0x0000009962e00000,0x0000009962f00000] [id=15828]

Threads with active compile tasks:
C2 CompilerThread0  21205 8800       4       org.gradle.api.internal.cache.StringInterner::intern (9 bytes)
C1 CompilerThread0  21205 8863       3       org.gradle.internal.file.StatStatistics$Collector::reportFileStated (9 bytes)

VM state:at safepoint (normal execution)

VM Mutex/Monitor currently owned by a thread:  ([mutex/lock_event])
[0x0000026c8457bac0] Threads_lock - owner thread: 0x0000026c9e9fa000
[0x0000026c8457b760] Heap_lock - owner thread: 0x0000026ca18b5800

Heap address: 0x0000000080000000, size: 2048 MB, Compressed Oops mode: 32-bit
Narrow klass base: 0x0000000000000000, Narrow klass shift: 3
Compressed class space size: 1073741824 Address: 0x0000000100000000

Heap:
 garbage-first heap   total 143360K, used 70817K [0x0000000080000000, 0x0000000100000000)
  region size 1024K, 4 young (4096K), 4 survivors (4096K)
 Metaspace       used 80910K, capacity 83166K, committed 83184K, reserved 1122304K
  class space    used 10662K, capacity 11466K, committed 11468K, reserved 1048576K
Heap Regions: E=young(eden), S=young(survivor), O=old, HS=humongous(starts), HC=humongous(continues), CS=collection set, F=free, A=archive, TAMS=top-at-mark-start (previous, next)
|   0|0x0000000080000000, 0x0000000080100000, 0x0000000080100000|100%| O|  |TAMS 0x0000000080100000, 0x0000000080100000| Untracked 
|   1|0x0000000080100000, 0x0000000080200000, 0x0000000080200000|100%| O|  |TAMS 0x0000000080200000, 0x0000000080200000| Untracked 
|   2|0x0000000080200000, 0x0000000080300000, 0x0000000080300000|100%| O|  |TAMS 0x0000000080300000, 0x0000000080300000| Untracked 
|   3|0x0000000080300000, 0x0000000080400000, 0x0000000080400000|100%|HS|  |TAMS 0x0000000080400000, 0x0000000080400000| Complete 
|   4|0x0000000080400000, 0x0000000080500000, 0x0000000080500000|100%|HC|  |TAMS 0x0000000080500000, 0x0000000080500000| Complete 
|   5|0x0000000080500000, 0x0000000080600000, 0x0000000080600000|100%|HC|  |TAMS 0x0000000080600000, 0x0000000080600000| Complete 
|   6|0x0000000080600000, 0x0000000080700000, 0x0000000080700000|100%| O|  |TAMS 0x0000000080700000, 0x0000000080700000| Untracked 
|   7|0x0000000080700000, 0x0000000080800000, 0x0000000080800000|100%| O|  |TAMS 0x0000000080800000, 0x0000000080800000| Untracked 
|   8|0x0000000080800000, 0x0000000080900000, 0x0000000080900000|100%| O|  |TAMS 0x0000000080900000, 0x0000000080900000| Untracked 
|   9|0x0000000080900000, 0x0000000080a00000, 0x0000000080a00000|100%| O|  |TAMS 0x0000000080a00000, 0x0000000080a00000| Untracked 
|  10|0x0000000080a00000, 0x0000000080b00000, 0x0000000080b00000|100%| O|  |TAMS 0x0000000080b00000, 0x0000000080b00000| Untracked 
|  11|0x0000000080b00000, 0x0000000080c00000, 0x0000000080c00000|100%| O|  |TAMS 0x0000000080c00000, 0x0000000080c00000| Untracked 
|  12|0x0000000080c00000, 0x0000000080d00000, 0x0000000080d00000|100%| O|  |TAMS 0x0000000080d00000, 0x0000000080d00000| Untracked 
|  13|0x0000000080d00000, 0x0000000080e00000, 0x0000000080e00000|100%| O|  |TAMS 0x0000000080e00000, 0x0000000080e00000| Untracked 
|  14|0x0000000080e00000, 0x0000000080f00000, 0x0000000080f00000|100%| O|  |TAMS 0x0000000080f00000, 0x0000000080f00000| Untracked 
|  15|0x0000000080f00000, 0x0000000081000000, 0x0000000081000000|100%| O|  |TAMS 0x0000000081000000, 0x0000000081000000| Untracked 
|  16|0x0000000081000000, 0x0000000081100000, 0x0000000081100000|100%| O|  |TAMS 0x0000000081100000, 0x0000000081100000| Untracked 
|  17|0x0000000081100000, 0x0000000081200000, 0x0000000081200000|100%| O|  |TAMS 0x0000000081200000, 0x0000000081200000| Untracked 
|  18|0x0000000081200000, 0x0000000081300000, 0x0000000081300000|100%| O|  |TAMS 0x0000000081300000, 0x0000000081300000| Untracked 
|  19|0x0000000081300000, 0x0000000081400000, 0x0000000081400000|100%| O|  |TAMS 0x0000000081400000, 0x0000000081400000| Untracked 
|  20|0x0000000081400000, 0x0000000081500000, 0x0000000081500000|100%| O|  |TAMS 0x0000000081500000, 0x0000000081500000| Untracked 
|  21|0x0000000081500000, 0x0000000081600000, 0x0000000081600000|100%| O|  |TAMS 0x0000000081600000, 0x0000000081600000| Untracked 
|  22|0x0000000081600000, 0x0000000081700000, 0x0000000081700000|100%| O|  |TAMS 0x0000000081700000, 0x0000000081700000| Untracked 
|  23|0x0000000081700000, 0x0000000081800000, 0x0000000081800000|100%| O|  |TAMS 0x0000000081800000, 0x0000000081800000| Untracked 
|  24|0x0000000081800000, 0x0000000081900000, 0x0000000081900000|100%| O|  |TAMS 0x0000000081900000, 0x0000000081900000| Untracked 
|  25|0x0000000081900000, 0x0000000081a00000, 0x0000000081a00000|100%| O|  |TAMS 0x0000000081a00000, 0x0000000081a00000| Untracked 
|  26|0x0000000081a00000, 0x0000000081b00000, 0x0000000081b00000|100%|HS|  |TAMS 0x0000000081b00000, 0x0000000081b00000| Complete 
|  27|0x0000000081b00000, 0x0000000081c00000, 0x0000000081c00000|100%|HS|  |TAMS 0x0000000081c00000, 0x0000000081c00000| Complete 
|  28|0x0000000081c00000, 0x0000000081d00000, 0x0000000081d00000|100%|HS|  |TAMS 0x0000000081d00000, 0x0000000081d00000| Complete 
|  29|0x0000000081d00000, 0x0000000081e00000, 0x0000000081e00000|100%|HS|  |TAMS 0x0000000081e00000, 0x0000000081e00000| Complete 
|  30|0x0000000081e00000, 0x0000000081f00000, 0x0000000081f00000|100%|HC|  |TAMS 0x0000000081f00000, 0x0000000081f00000| Complete 
|  31|0x0000000081f00000, 0x0000000082000000, 0x0000000082000000|100%| O|  |TAMS 0x0000000082000000, 0x0000000082000000| Untracked 
|  32|0x0000000082000000, 0x0000000082100000, 0x0000000082100000|100%| O|  |TAMS 0x0000000082100000, 0x0000000082100000| Untracked 
|  33|0x0000000082100000, 0x0000000082200000, 0x0000000082200000|100%| O|  |TAMS 0x0000000082200000, 0x0000000082200000| Untracked 
|  34|0x0000000082200000, 0x0000000082300000, 0x0000000082300000|100%| O|  |TAMS 0x0000000082300000, 0x0000000082300000| Untracked 
|  35|0x0000000082300000, 0x0000000082400000, 0x0000000082400000|100%| O|  |TAMS 0x0000000082400000, 0x0000000082400000| Untracked 
|  36|0x0000000082400000, 0x0000000082500000, 0x0000000082500000|100%| O|  |TAMS 0x0000000082500000, 0x0000000082500000| Untracked 
|  37|0x0000000082500000, 0x0000000082600000, 0x0000000082600000|100%| O|  |TAMS 0x0000000082600000, 0x0000000082600000| Untracked 
|  38|0x0000000082600000, 0x0000000082700000, 0x0000000082700000|100%| O|  |TAMS 0x0000000082700000, 0x0000000082700000| Untracked 
|  39|0x0000000082700000, 0x0000000082800000, 0x0000000082800000|100%| O|  |TAMS 0x0000000082800000, 0x0000000082800000| Untracked 
|  40|0x0000000082800000, 0x0000000082900000, 0x0000000082900000|100%| O|  |TAMS 0x0000000082900000, 0x0000000082900000| Untracked 
|  41|0x0000000082900000, 0x0000000082a00000, 0x0000000082a00000|100%| O|  |TAMS 0x0000000082a00000, 0x0000000082a00000| Untracked 
|  42|0x0000000082a00000, 0x0000000082b00000, 0x0000000082b00000|100%| O|  |TAMS 0x0000000082b00000, 0x0000000082b00000| Untracked 
|  43|0x0000000082b00000, 0x0000000082c00000, 0x0000000082c00000|100%| O|  |TAMS 0x0000000082c00000, 0x0000000082c00000| Untracked 
|  44|0x0000000082c00000, 0x0000000082d00000, 0x0000000082d00000|100%| O|  |TAMS 0x0000000082d00000, 0x0000000082d00000| Untracked 
|  45|0x0000000082d00000, 0x0000000082e00000, 0x0000000082e00000|100%| O|  |TAMS 0x0000000082e00000, 0x0000000082e00000| Untracked 
|  46|0x0000000082e00000, 0x0000000082f00000, 0x0000000082f00000|100%| O|  |TAMS 0x0000000082f00000, 0x0000000082f00000| Untracked 
|  47|0x0000000082f00000, 0x0000000083000000, 0x0000000083000000|100%| O|  |TAMS 0x0000000083000000, 0x0000000083000000| Untracked 
|  48|0x0000000083000000, 0x0000000083100000, 0x0000000083100000|100%| O|  |TAMS 0x0000000083100000, 0x0000000083100000| Untracked 
|  49|0x0000000083100000, 0x0000000083200000, 0x0000000083200000|100%| O|  |TAMS 0x0000000083200000, 0x0000000083200000| Untracked 
|  50|0x0000000083200000, 0x0000000083300000, 0x0000000083300000|100%| O|  |TAMS 0x0000000083300000, 0x0000000083300000| Untracked 
|  51|0x0000000083300000, 0x0000000083400000, 0x0000000083400000|100%| O|  |TAMS 0x0000000083400000, 0x0000000083400000| Untracked 
|  52|0x0000000083400000, 0x0000000083500000, 0x0000000083500000|100%| O|  |TAMS 0x0000000083500000, 0x0000000083500000| Untracked 
|  53|0x0000000083500000, 0x0000000083600000, 0x0000000083600000|100%| O|  |TAMS 0x0000000083600000, 0x0000000083600000| Untracked 
|  54|0x0000000083600000, 0x0000000083700000, 0x0000000083700000|100%| O|  |TAMS 0x0000000083700000, 0x0000000083700000| Untracked 
|  55|0x0000000083700000, 0x0000000083800000, 0x0000000083800000|100%| O|  |TAMS 0x0000000083800000, 0x0000000083800000| Untracked 
|  56|0x0000000083800000, 0x0000000083900000, 0x0000000083900000|100%| O|  |TAMS 0x0000000083900000, 0x0000000083900000| Untracked 
|  57|0x0000000083900000, 0x0000000083a00000, 0x0000000083a00000|100%| O|  |TAMS 0x0000000083a00000, 0x0000000083a00000| Untracked 
|  58|0x0000000083a00000, 0x0000000083b00000, 0x0000000083b00000|100%| O|  |TAMS 0x0000000083b00000, 0x0000000083b00000| Untracked 
|  59|0x0000000083b00000, 0x0000000083c00000, 0x0000000083c00000|100%| O|  |TAMS 0x0000000083c00000, 0x0000000083c00000| Untracked 
|  60|0x0000000083c00000, 0x0000000083d00000, 0x0000000083d00000|100%| O|  |TAMS 0x0000000083d00000, 0x0000000083d00000| Untracked 
|  61|0x0000000083d00000, 0x0000000083e00000, 0x0000000083e00000|100%| O|  |TAMS 0x0000000083dac600, 0x0000000083e00000| Untracked 
|  62|0x0000000083e00000, 0x0000000083f00000, 0x0000000083f00000|100%| O|  |TAMS 0x0000000083e00000, 0x0000000083f00000| Untracked 
|  63|0x0000000083f00000, 0x0000000084000000, 0x0000000084000000|100%| O|  |TAMS 0x0000000083f00000, 0x0000000084000000| Untracked 
|  64|0x0000000084000000, 0x0000000084100000, 0x0000000084100000|100%| O|  |TAMS 0x0000000084000000, 0x0000000084100000| Untracked 
|  65|0x0000000084100000, 0x0000000084149a00, 0x0000000084200000| 28%| O|  |TAMS 0x0000000084100000, 0x0000000084149a00| Untracked 
|  66|0x0000000084200000, 0x0000000084200000, 0x0000000084300000|  0%| F|  |TAMS 0x0000000084200000, 0x0000000084200000| Untracked 
|  67|0x0000000084300000, 0x0000000084300000, 0x0000000084400000|  0%| F|  |TAMS 0x0000000084300000, 0x0000000084300000| Untracked 
|  68|0x0000000084400000, 0x0000000084400000, 0x0000000084500000|  0%| F|  |TAMS 0x0000000084400000, 0x0000000084400000| Untracked 
|  69|0x0000000084500000, 0x0000000084500000, 0x0000000084600000|  0%| F|  |TAMS 0x0000000084500000, 0x0000000084500000| Untracked 
|  70|0x0000000084600000, 0x0000000084600000, 0x0000000084700000|  0%| F|  |TAMS 0x0000000084600000, 0x0000000084600000| Untracked 
|  71|0x0000000084700000, 0x0000000084700000, 0x0000000084800000|  0%| F|  |TAMS 0x0000000084700000, 0x0000000084700000| Untracked 
|  72|0x0000000084800000, 0x0000000084800000, 0x0000000084900000|  0%| F|  |TAMS 0x0000000084800000, 0x0000000084800000| Untracked 
|  73|0x0000000084900000, 0x0000000084900000, 0x0000000084a00000|  0%| F|  |TAMS 0x0000000084900000, 0x0000000084900000| Untracked 
|  74|0x0000000084a00000, 0x0000000084a00000, 0x0000000084b00000|  0%| F|  |TAMS 0x0000000084a00000, 0x0000000084a00000| Untracked 
|  75|0x0000000084b00000, 0x0000000084b00000, 0x0000000084c00000|  0%| F|  |TAMS 0x0000000084b00000, 0x0000000084b00000| Untracked 
|  76|0x0000000084c00000, 0x0000000084c00000, 0x0000000084d00000|  0%| F|  |TAMS 0x0000000084c00000, 0x0000000084c00000| Untracked 
|  77|0x0000000084d00000, 0x0000000084d00000, 0x0000000084e00000|  0%| F|  |TAMS 0x0000000084d00000, 0x0000000084d00000| Untracked 
|  78|0x0000000084e00000, 0x0000000084e00000, 0x0000000084f00000|  0%| F|  |TAMS 0x0000000084e00000, 0x0000000084e00000| Untracked 
|  79|0x0000000084f00000, 0x0000000084f00000, 0x0000000085000000|  0%| F|  |TAMS 0x0000000084f00000, 0x0000000084f00000| Untracked 
|  80|0x0000000085000000, 0x0000000085000000, 0x0000000085100000|  0%| F|  |TAMS 0x0000000085000000, 0x0000000085000000| Untracked 
|  81|0x0000000085100000, 0x0000000085100000, 0x0000000085200000|  0%| F|  |TAMS 0x0000000085100000, 0x0000000085100000| Untracked 
|  82|0x0000000085200000, 0x0000000085200000, 0x0000000085300000|  0%| F|  |TAMS 0x0000000085200000, 0x0000000085200000| Untracked 
|  83|0x0000000085300000, 0x0000000085300000, 0x0000000085400000|  0%| F|  |TAMS 0x0000000085300000, 0x0000000085300000| Untracked 
|  84|0x0000000085400000, 0x00000000854dea00, 0x0000000085500000| 86%| S|CS|TAMS 0x0000000085400000, 0x0000000085400000| Complete 
|  85|0x0000000085500000, 0x0000000085600000, 0x0000000085600000|100%| S|CS|TAMS 0x0000000085500000, 0x0000000085500000| Complete 
|  86|0x0000000085600000, 0x0000000085700000, 0x0000000085700000|100%| S|CS|TAMS 0x0000000085600000, 0x0000000085600000| Complete 
|  87|0x0000000085700000, 0x0000000085700000, 0x0000000085800000|  0%| F|  |TAMS 0x0000000085700000, 0x0000000085700000| Untracked 
|  88|0x0000000085800000, 0x0000000085800000, 0x0000000085900000|  0%| F|  |TAMS 0x0000000085800000, 0x0000000085800000| Untracked 
|  89|0x0000000085900000, 0x0000000085900000, 0x0000000085a00000|  0%| F|  |TAMS 0x0000000085900000, 0x0000000085900000| Untracked 
|  90|0x0000000085a00000, 0x0000000085b00000, 0x0000000085b00000|100%| S|CS|TAMS 0x0000000085a00000, 0x0000000085a00000| Complete 
|  91|0x0000000085b00000, 0x0000000085b00000, 0x0000000085c00000|  0%| F|  |TAMS 0x0000000085b00000, 0x0000000085b00000| Untracked 
|  92|0x0000000085c00000, 0x0000000085c00000, 0x0000000085d00000|  0%| F|  |TAMS 0x0000000085c00000, 0x0000000085c00000| Untracked 
|  93|0x0000000085d00000, 0x0000000085d00000, 0x0000000085e00000|  0%| F|  |TAMS 0x0000000085d00000, 0x0000000085d00000| Untracked 
|  94|0x0000000085e00000, 0x0000000085e00000, 0x0000000085f00000|  0%| F|  |TAMS 0x0000000085e00000, 0x0000000085e00000| Untracked 
|  95|0x0000000085f00000, 0x0000000085f00000, 0x0000000086000000|  0%| F|  |TAMS 0x0000000085f00000, 0x0000000085f00000| Untracked 
|  96|0x0000000086000000, 0x0000000086000000, 0x0000000086100000|  0%| F|  |TAMS 0x0000000086000000, 0x0000000086000000| Untracked 
|  97|0x0000000086100000, 0x0000000086100000, 0x0000000086200000|  0%| F|  |TAMS 0x0000000086100000, 0x0000000086100000| Untracked 
|  98|0x0000000086200000, 0x0000000086200000, 0x0000000086300000|  0%| F|  |TAMS 0x0000000086200000, 0x0000000086200000| Untracked 
|  99|0x0000000086300000, 0x0000000086300000, 0x0000000086400000|  0%| F|  |TAMS 0x0000000086300000, 0x0000000086300000| Untracked 
| 100|0x0000000086400000, 0x0000000086400000, 0x0000000086500000|  0%| F|  |TAMS 0x0000000086400000, 0x0000000086400000| Untracked 
| 101|0x0000000086500000, 0x0000000086500000, 0x0000000086600000|  0%| F|  |TAMS 0x0000000086500000, 0x0000000086500000| Untracked 
| 102|0x0000000086600000, 0x0000000086600000, 0x0000000086700000|  0%| F|  |TAMS 0x0000000086600000, 0x0000000086600000| Untracked 
| 103|0x0000000086700000, 0x0000000086700000, 0x0000000086800000|  0%| F|  |TAMS 0x0000000086700000, 0x0000000086700000| Untracked 
| 104|0x0000000086800000, 0x0000000086800000, 0x0000000086900000|  0%| F|  |TAMS 0x0000000086800000, 0x0000000086800000| Untracked 
| 105|0x0000000086900000, 0x0000000086900000, 0x0000000086a00000|  0%| F|  |TAMS 0x0000000086900000, 0x0000000086900000| Untracked 
| 106|0x0000000086a00000, 0x0000000086a00000, 0x0000000086b00000|  0%| F|  |TAMS 0x0000000086a00000, 0x0000000086a00000| Untracked 
| 107|0x0000000086b00000, 0x0000000086b00000, 0x0000000086c00000|  0%| F|  |TAMS 0x0000000086b00000, 0x0000000086b00000| Untracked 
| 108|0x0000000086c00000, 0x0000000086c00000, 0x0000000086d00000|  0%| F|  |TAMS 0x0000000086c00000, 0x0000000086c00000| Untracked 
| 109|0x0000000086d00000, 0x0000000086d00000, 0x0000000086e00000|  0%| F|  |TAMS 0x0000000086d00000, 0x0000000086d00000| Untracked 
| 110|0x0000000086e00000, 0x0000000086e00000, 0x0000000086f00000|  0%| F|  |TAMS 0x0000000086e00000, 0x0000000086e00000| Untracked 
| 111|0x0000000086f00000, 0x0000000086f00000, 0x0000000087000000|  0%| F|  |TAMS 0x0000000086f00000, 0x0000000086f00000| Untracked 
| 112|0x0000000087000000, 0x0000000087000000, 0x0000000087100000|  0%| F|  |TAMS 0x0000000087000000, 0x0000000087000000| Untracked 
| 113|0x0000000087100000, 0x0000000087100000, 0x0000000087200000|  0%| F|  |TAMS 0x0000000087100000, 0x0000000087100000| Untracked 
| 114|0x0000000087200000, 0x0000000087200000, 0x0000000087300000|  0%| F|  |TAMS 0x0000000087200000, 0x0000000087200000| Untracked 
| 115|0x0000000087300000, 0x0000000087300000, 0x0000000087400000|  0%| F|  |TAMS 0x0000000087300000, 0x0000000087300000| Untracked 

Card table byte_map: [0x0000026c977b0000,0x0000026c97bb0000] _byte_map_base: 0x0000026c973b0000

Marking Bits (Prev, Next): (CMBitMap*) 0x0000026c845c2428, (CMBitMap*) 0x0000026c845c2460
 Prev Bits: [0x0000026c97fb0000, 0x0000026c99fb0000)
 Next Bits: [0x0000026c99fb0000, 0x0000026c9bfb0000)

Polling page: 0x0000026c82520000

Metaspace:

Usage:
  Non-class:     70.02 MB capacity,    68.60 MB ( 98%) used,     1.19 MB (  2%) free+waste,   233.06 KB ( <1%) overhead. 
      Class:     11.20 MB capacity,    10.41 MB ( 93%) used,   693.77 KB (  6%) free+waste,   109.38 KB ( <1%) overhead. 
       Both:     81.22 MB capacity,    79.01 MB ( 97%) used,     1.87 MB (  2%) free+waste,   342.44 KB ( <1%) overhead. 

Virtual space:
  Non-class space:       72.00 MB reserved,      70.04 MB ( 97%) committed 
      Class space:        1.00 GB reserved,      11.20 MB (  1%) committed 
             Both:        1.07 GB reserved,      81.23 MB (  7%) committed 

Chunk freelists:
   Non-Class:  16.00 KB
       Class:  0 bytes
        Both:  16.00 KB

MaxMetaspaceSize: 17179869184.00 GB
CompressedClassSpaceSize: 1.00 GB

CodeHeap 'non-profiled nmethods': size=120000Kb used=5637Kb max_used=5637Kb free=114362Kb
 bounds [0x0000026c8fb50000, 0x0000026c900e0000, 0x0000026c97080000]
CodeHeap 'profiled nmethods': size=120000Kb used=19234Kb max_used=19234Kb free=100766Kb
 bounds [0x0000026c88620000, 0x0000026c898f0000, 0x0000026c8fb50000]
CodeHeap 'non-nmethods': size=5760Kb used=2276Kb max_used=2336Kb free=3483Kb
 bounds [0x0000026c88080000, 0x0000026c882f0000, 0x0000026c88620000]
 total_blobs=9677 nmethods=8804 adapters=784
 compilation: enabled
              stopped_count=0, restarted_count=0
 full_count=0

Compilation events (20 events):
Event: 21.032 Thread 0x0000026c9ea26000 nmethod 8842 0x0000026c898e4990 code [0x0000026c898e4be0, 0x0000026c898e54a8]
Event: 21.032 Thread 0x0000026c9ea26000 8854       3       com.google.common.util.concurrent.Striped$CompactStriped::getAt (7 bytes)
Event: 21.033 Thread 0x0000026c9ea26000 nmethod 8854 0x0000026c898e5810 code [0x0000026c898e59c0, 0x0000026c898e5af8]
Event: 21.033 Thread 0x0000026c9ea26000 8857       3       org.gradle.internal.execution.fingerprint.impl.DefaultFileNormalizationSpec::equals (71 bytes)
Event: 21.034 Thread 0x0000026c9ea26000 nmethod 8857 0x0000026c898e5c10 code [0x0000026c898e5de0, 0x0000026c898e6318]
Event: 21.034 Thread 0x0000026c9ea26000 8859       3       org.gradle.internal.serialize.kryo.KryoBackedEncoder::writeLong (9 bytes)
Event: 21.034 Thread 0x0000026c9ea26000 nmethod 8859 0x0000026c898e6490 code [0x0000026c898e6640, 0x0000026c898e6788]
Event: 21.034 Thread 0x0000026c9ea26000 8860       3       com.google.common.util.concurrent.Striped$PowerOfTwoStriped::get (10 bytes)
Event: 21.034 Thread 0x0000026c9ea26000 nmethod 8860 0x0000026c898e6890 code [0x0000026c898e6a80, 0x0000026c898e6e38]
Event: 21.034 Thread 0x0000026c9ea26000 8855       3       com.google.common.util.concurrent.Striped$PowerOfTwoStriped::indexFor (15 bytes)
Event: 21.034 Thread 0x0000026c9ea26000 nmethod 8855 0x0000026c898e6f90 code [0x0000026c898e7160, 0x0000026c898e7408]
Event: 21.034 Thread 0x0000026c9ea26000 8856       3       com.google.common.util.concurrent.Striped::smear (23 bytes)
Event: 21.034 Thread 0x0000026c9ea26000 nmethod 8856 0x0000026c898e7510 code [0x0000026c898e76c0, 0x0000026c898e77b8]
Event: 21.034 Thread 0x0000026c9ea26000 8861       3       org.gradle.internal.vfs.impl.DefaultFileSystemAccess$$Lambda$316/0x00000001004d9040::get (12 bytes)
Event: 21.034 Thread 0x0000026c9ea26000 nmethod 8861 0x0000026c898e7890 code [0x0000026c898e7a60, 0x0000026c898e7c08]
Event: 21.035 Thread 0x0000026c9ea26000 8858       3       org.gradle.internal.snapshot.impl.HashCodeSnapshot::hashCode (5 bytes)
Event: 21.035 Thread 0x0000026c9ea26000 nmethod 8858 0x0000026c898e7d10 code [0x0000026c898e7ee0, 0x0000026c898e8108]
Event: 21.035 Thread 0x0000026c9ea26000 8862       3       org.gradle.internal.nativeintegration.filesystem.services.GenericFileSystem::stat (18 bytes)
Event: 21.035 Thread 0x0000026c9ea26000 nmethod 8862 0x0000026c898e8210 code [0x0000026c898e83e0, 0x0000026c898e8648]
Event: 21.035 Thread 0x0000026c9ea26000 8863       3       org.gradle.internal.file.StatStatistics$Collector::reportFileStated (9 bytes)

GC Heap History (20 events):
Event: 16.349 GC heap after
{Heap after GC invocations=23 (full 0):
 garbage-first heap   total 98304K, used 54871K [0x0000000080000000, 0x0000000100000000)
  region size 1024K, 3 young (3072K), 3 survivors (3072K)
 Metaspace       used 64729K, capacity 66438K, committed 66544K, reserved 1107968K
  class space    used 8230K, capacity 8850K, committed 8908K, reserved 1048576K
}
Event: 16.670 GC heap before
{Heap before GC invocations=24 (full 0):
 garbage-first heap   total 98304K, used 75351K [0x0000000080000000, 0x0000000100000000)
  region size 1024K, 23 young (23552K), 3 survivors (3072K)
 Metaspace       used 65891K, capacity 67542K, committed 67696K, reserved 1107968K
  class space    used 8382K, capacity 8981K, committed 9036K, reserved 1048576K
}
Event: 16.673 GC heap after
{Heap after GC invocations=25 (full 0):
 garbage-first heap   total 98304K, used 56574K [0x0000000080000000, 0x0000000100000000)
  region size 1024K, 2 young (2048K), 2 survivors (2048K)
 Metaspace       used 65891K, capacity 67542K, committed 67696K, reserved 1107968K
  class space    used 8382K, capacity 8981K, committed 9036K, reserved 1048576K
}
Event: 17.143 GC heap before
{Heap before GC invocations=25 (full 0):
 garbage-first heap   total 98304K, used 77054K [0x0000000080000000, 0x0000000100000000)
  region size 1024K, 22 young (22528K), 2 survivors (2048K)
 Metaspace       used 68557K, capacity 70234K, committed 70512K, reserved 1110016K
  class space    used 8875K, capacity 9472K, committed 9548K, reserved 1048576K
}
Event: 17.147 GC heap after
{Heap after GC invocations=26 (full 0):
 garbage-first heap   total 98304K, used 57592K [0x0000000080000000, 0x0000000100000000)
  region size 1024K, 3 young (3072K), 3 survivors (3072K)
 Metaspace       used 68557K, capacity 70234K, committed 70512K, reserved 1110016K
  class space    used 8875K, capacity 9472K, committed 9548K, reserved 1048576K
}
Event: 17.468 GC heap before
{Heap before GC invocations=27 (full 0):
 garbage-first heap   total 98304K, used 78072K [0x0000000080000000, 0x0000000100000000)
  region size 1024K, 23 young (23552K), 3 survivors (3072K)
 Metaspace       used 70088K, capacity 71852K, committed 72048K, reserved 1112064K
  class space    used 9080K, capacity 9686K, committed 9804K, reserved 1048576K
}
Event: 17.473 GC heap after
{Heap after GC invocations=28 (full 0):
 garbage-first heap   total 98304K, used 59291K [0x0000000080000000, 0x0000000100000000)
  region size 1024K, 3 young (3072K), 3 survivors (3072K)
 Metaspace       used 70088K, capacity 71852K, committed 72048K, reserved 1112064K
  class space    used 9080K, capacity 9686K, committed 9804K, reserved 1048576K
}
Event: 17.668 GC heap before
{Heap before GC invocations=28 (full 0):
 garbage-first heap   total 98304K, used 79771K [0x0000000080000000, 0x0000000100000000)
  region size 1024K, 23 young (23552K), 3 survivors (3072K)
 Metaspace       used 70476K, capacity 72177K, committed 72304K, reserved 1112064K
  class space    used 9142K, capacity 9729K, committed 9804K, reserved 1048576K
}
Event: 17.673 GC heap after
{Heap after GC invocations=29 (full 0):
 garbage-first heap   total 98304K, used 60594K [0x0000000080000000, 0x0000000100000000)
  region size 1024K, 2 young (2048K), 2 survivors (2048K)
 Metaspace       used 70476K, capacity 72177K, committed 72304K, reserved 1112064K
  class space    used 9142K, capacity 9729K, committed 9804K, reserved 1048576K
}
Event: 18.043 GC heap before
{Heap before GC invocations=30 (full 0):
 garbage-first heap   total 98304K, used 80050K [0x0000000080000000, 0x0000000100000000)
  region size 1024K, 21 young (21504K), 2 survivors (2048K)
 Metaspace       used 71361K, capacity 73133K, committed 73200K, reserved 1112064K
  class space    used 9272K, capacity 9895K, committed 9932K, reserved 1048576K
}
Event: 18.048 GC heap after
{Heap after GC invocations=31 (full 0):
 garbage-first heap   total 98304K, used 61897K [0x0000000080000000, 0x0000000100000000)
  region size 1024K, 3 young (3072K), 3 survivors (3072K)
 Metaspace       used 71361K, capacity 73133K, committed 73200K, reserved 1112064K
  class space    used 9272K, capacity 9895K, committed 9932K, reserved 1048576K
}
Event: 18.383 GC heap before
{Heap before GC invocations=31 (full 0):
 garbage-first heap   total 98304K, used 81353K [0x0000000080000000, 0x0000000100000000)
  region size 1024K, 22 young (22528K), 3 survivors (3072K)
 Metaspace       used 72796K, capacity 74566K, committed 74736K, reserved 1114112K
  class space    used 9477K, capacity 10128K, committed 10188K, reserved 1048576K
}
Event: 18.390 GC heap after
{Heap after GC invocations=32 (full 0):
 garbage-first heap   total 118784K, used 63119K [0x0000000080000000, 0x0000000100000000)
  region size 1024K, 3 young (3072K), 3 survivors (3072K)
 Metaspace       used 72796K, capacity 74566K, committed 74736K, reserved 1114112K
  class space    used 9477K, capacity 10128K, committed 10188K, reserved 1048576K
}
Event: 18.963 GC heap before
{Heap before GC invocations=33 (full 0):
 garbage-first heap   total 118784K, used 89743K [0x0000000080000000, 0x0000000100000000)
  region size 1024K, 29 young (29696K), 3 survivors (3072K)
 Metaspace       used 75452K, capacity 77295K, committed 77424K, reserved 1116160K
  class space    used 9883K, capacity 10537K, committed 10572K, reserved 1048576K
}
Event: 18.970 GC heap after
{Heap after GC invocations=34 (full 0):
 garbage-first heap   total 118784K, used 64719K [0x0000000080000000, 0x0000000100000000)
  region size 1024K, 3 young (3072K), 3 survivors (3072K)
 Metaspace       used 75452K, capacity 77295K, committed 77424K, reserved 1116160K
  class space    used 9883K, capacity 10537K, committed 10572K, reserved 1048576K
}
Event: 19.457 GC heap before
{Heap before GC invocations=34 (full 0):
 garbage-first heap   total 118784K, used 91343K [0x0000000080000000, 0x0000000100000000)
  region size 1024K, 29 young (29696K), 3 survivors (3072K)
 Metaspace       used 78048K, capacity 79919K, committed 80112K, reserved 1118208K
  class space    used 10188K, capacity 10830K, committed 10956K, reserved 1048576K
}
Event: 19.463 GC heap after
{Heap after GC invocations=35 (full 0):
 garbage-first heap   total 118784K, used 67036K [0x0000000080000000, 0x0000000100000000)
  region size 1024K, 4 young (4096K), 4 survivors (4096K)
 Metaspace       used 78048K, capacity 79919K, committed 80112K, reserved 1118208K
  class space    used 10188K, capacity 10830K, committed 10956K, reserved 1048576K
}
Event: 20.791 GC heap before
{Heap before GC invocations=36 (full 0):
 garbage-first heap   total 118784K, used 93660K [0x0000000080000000, 0x0000000100000000)
  region size 1024K, 30 young (30720K), 4 survivors (4096K)
 Metaspace       used 80307K, capacity 82445K, committed 82544K, reserved 1120256K
  class space    used 10563K, capacity 11312K, committed 11340K, reserved 1048576K
}
Event: 20.797 GC heap after
{Heap after GC invocations=37 (full 0):
 garbage-first heap   total 118784K, used 69068K [0x0000000080000000, 0x0000000100000000)
  region size 1024K, 3 young (3072K), 3 survivors (3072K)
 Metaspace       used 80307K, capacity 82445K, committed 82544K, reserved 1120256K
  class space    used 10563K, capacity 11312K, committed 11340K, reserved 1048576K
}
Event: 21.035 GC heap before
{Heap before GC invocations=37 (full 0):
 garbage-first heap   total 118784K, used 93644K [0x0000000080000000, 0x0000000100000000)
  region size 1024K, 28 young (28672K), 3 survivors (3072K)
 Metaspace       used 80910K, capacity 83166K, committed 83184K, reserved 1122304K
  class space    used 10662K, capacity 11466K, committed 11468K, reserved 1048576K
}

Deoptimization events (20 events):
Event: 20.983 Thread 0x0000026ca18b8800 Uncommon trap: trap_request=0xffffff4d fr.pc=0x0000026c8fdd51d8 relative=0x00000000000001f8
Event: 20.983 Thread 0x0000026ca18b8800 Uncommon trap: reason=unstable_if action=reinterpret pc=0x0000026c8fdd51d8 method=com.esotericsoftware.kryo.io.Input.readVarInt(Z)I @ 42 c2
Event: 20.983 Thread 0x0000026ca18b8800 DEOPT PACKING pc=0x0000026c8fdd51d8 sp=0x00000099657fe030
Event: 20.983 Thread 0x0000026ca18b8800 DEOPT UNPACKING pc=0x0000026c880a662f sp=0x00000099657fdf20 mode 2
Event: 20.986 Thread 0x0000026ca3a07000 Uncommon trap: trap_request=0xffffffc6 fr.pc=0x0000026c8ff5746c relative=0x0000000000001d4c
Event: 20.986 Thread 0x0000026ca3a07000 Uncommon trap: reason=bimorphic_or_optimized_type_check action=maybe_recompile pc=0x0000026c8ff5746c method=java.util.concurrent.ConcurrentHashMap.putVal(Ljava/lang/Object;Ljava/lang/Object;Z)Ljava/lang/Object; @ 242 c2
Event: 20.986 Thread 0x0000026ca3a07000 DEOPT PACKING pc=0x0000026c8ff5746c sp=0x00000099663fde00
Event: 20.986 Thread 0x0000026ca3a07000 DEOPT UNPACKING pc=0x0000026c880a662f sp=0x00000099663fdd80 mode 2
Event: 20.990 Thread 0x0000026ca3a0b800 DEOPT PACKING pc=0x0000026c8988ea31 sp=0x0000009965ffb4a0
Event: 20.990 Thread 0x0000026ca3a0b800 DEOPT UNPACKING pc=0x0000026c880a6dde sp=0x0000009965ffa968 mode 0
Event: 21.008 Thread 0x0000026ca3a0c000 Uncommon trap: trap_request=0xffffff4d fr.pc=0x0000026c8ff26f50 relative=0x00000000000002f0
Event: 21.008 Thread 0x0000026ca3a0c000 Uncommon trap: reason=unstable_if action=reinterpret pc=0x0000026c8ff26f50 method=java.util.concurrent.ConcurrentHashMap.addCount(JI)V @ 97 c2
Event: 21.008 Thread 0x0000026ca3a0c000 DEOPT PACKING pc=0x0000026c8ff26f50 sp=0x00000099661fe0f0
Event: 21.008 Thread 0x0000026ca3a0c000 DEOPT UNPACKING pc=0x0000026c880a662f sp=0x00000099661fe050 mode 2
Event: 21.015 Thread 0x0000026ca3a07000 DEOPT PACKING pc=0x0000026c896bf444 sp=0x00000099663fd040
Event: 21.015 Thread 0x0000026ca3a07000 DEOPT UNPACKING pc=0x0000026c880a6dde sp=0x00000099663fc5e0 mode 0
Event: 21.021 Thread 0x0000026ca3a07000 Uncommon trap: trap_request=0xffffff4d fr.pc=0x0000026c8ff2b488 relative=0x00000000000003c8
Event: 21.021 Thread 0x0000026ca3a07000 Uncommon trap: reason=unstable_if action=reinterpret pc=0x0000026c8ff2b488 method=java.util.concurrent.ConcurrentHashMap.addCount(JI)V @ 97 c2
Event: 21.021 Thread 0x0000026ca3a07000 DEOPT PACKING pc=0x0000026c8ff2b488 sp=0x00000099663fc590
Event: 21.021 Thread 0x0000026ca3a07000 DEOPT UNPACKING pc=0x0000026c880a662f sp=0x00000099663fc448 mode 2

Classes redefined (0 events):
No events

Internal exceptions (20 events):
Event: 19.726 Thread 0x0000026ca0988800 Exception <a 'java/lang/NoSuchMethodError'{0x0000000086883d50}: <clinit>> (0x0000000086883d50) thrown at [./src/hotspot/share/prims/jni.cpp, line 1362]
Event: 19.729 Thread 0x0000026ca0988800 Exception <a 'java/lang/NoSuchMethodError'{0x00000000868a6420}: <clinit>> (0x00000000868a6420) thrown at [./src/hotspot/share/prims/jni.cpp, line 1362]
Event: 19.731 Thread 0x0000026ca0988800 Exception <a 'java/lang/NoSuchMethodError'{0x00000000868b05b8}: 'void java.lang.invoke.DirectMethodHandle$Holder.invokeSpecial(java.lang.Object, java.lang.Object, java.lang.Object, int)'> (0x00000000868b05b8) thrown at [./src/hotspot/share/interpreter/linkResolver.cpp, line 773]
Event: 20.153 Thread 0x0000026ca418e000 Exception <a 'java/lang/IncompatibleClassChangeError'{0x0000000086786730}: Found class java.lang.Object, but interface was expected> (0x0000000086786730) thrown at [./src/hotspot/share/interpreter/linkResolver.cpp, line 839]
Event: 20.302 Thread 0x0000026ca18ae000 Exception <a 'java/lang/NoSuchMethodError'{0x00000000866b1fa8}: <clinit>> (0x00000000866b1fa8) thrown at [./src/hotspot/share/prims/jni.cpp, line 1362]
Event: 20.304 Thread 0x0000026ca418e000 Exception <a 'java/lang/NoSuchMethodError'{0x000000008667e3d8}: 'java.lang.Object java.lang.invoke.DirectMethodHandle$Holder.invokeInterface(java.lang.Object, java.lang.Object, int)'> (0x000000008667e3d8) thrown at [./src/hotspot/share/interpreter/linkResolver.cpp, line 773]
Event: 20.307 Thread 0x0000026ca418e000 Exception <a 'java/lang/NoSuchMethodError'{0x00000000866be678}: 'void java.lang.invoke.DirectMethodHandle$Holder.invokeStatic(java.lang.Object, java.lang.Object, java.lang.Object, int)'> (0x00000000866be678) thrown at [./src/hotspot/share/interpreter/linkResolver.cpp, line 773]
Event: 20.403 Thread 0x0000026ca418e000 Exception <a 'java/lang/IncompatibleClassChangeError'{0x00000000864382f0}: Found class java.lang.Object, but interface was expected> (0x00000000864382f0) thrown at [./src/hotspot/share/interpreter/linkResolver.cpp, line 839]
Event: 20.411 Thread 0x0000026ca418e000 Exception <a 'java/lang/IncompatibleClassChangeError'{0x000000008646f200}: Found class java.lang.Object, but interface was expected> (0x000000008646f200) thrown at [./src/hotspot/share/interpreter/linkResolver.cpp, line 839]
Event: 20.470 Thread 0x0000026ca418e000 Exception <a 'java/lang/NoSuchMethodError'{0x00000000862a5f00}: 'int java.lang.invoke.DirectMethodHandle$Holder.invokeStaticInit(java.lang.Object, java.lang.Object, java.lang.Object, java.lang.Object, java.lang.Object)'> (0x00000000862a5f00) thrown at [./src/hotspot/share/interpreter/linkResolver.cpp, line 773]
Event: 20.827 Thread 0x0000026ca418e000 Exception <a 'java/lang/NoSuchMethodError'{0x0000000087293998}: 'void java.lang.invoke.DirectMethodHandle$Holder.invokeStatic(java.lang.Object, java.lang.Object, java.lang.Object, java.lang.Object, int, java.lang.Object, java.lang.Object)'> (0x0000000087293998) thrown at [./src/hotspot/share/interpreter/linkResolver.cpp, line 773]
Event: 20.865 Thread 0x0000026ca3a10000 Exception <a 'java/lang/NoSuchMethodError'{0x0000000086dc2c70}: 'java.lang.Object java.lang.invoke.DirectMethodHandle$Holder.invokeSpecialIFC(java.lang.Object, java.lang.Object, java.lang.Object)'> (0x0000000086dc2c70) thrown at [./src/hotspot/share/interpreter/linkResolver.cpp, line 773]
Event: 20.866 Thread 0x0000026ca418e000 Exception <a 'java/lang/NoSuchMethodError'{0x0000000086ee8ca8}: 'java.lang.Object java.lang.invoke.DirectMethodHandle$Holder.invokeSpecialIFC(java.lang.Object, java.lang.Object, java.lang.Object)'> (0x0000000086ee8ca8) thrown at [./src/hotspot/share/interpreter/linkResolver.cpp, line 773]
Event: 20.866 Thread 0x0000026ca3a0c000 Exception <a 'java/lang/NoSuchMethodError'{0x0000000086dab828}: 'java.lang.Object java.lang.invoke.DirectMethodHandle$Holder.invokeSpecialIFC(java.lang.Object, java.lang.Object, java.lang.Object)'> (0x0000000086dab828) thrown at [./src/hotspot/share/interpreter/linkResolver.cpp, line 773]
Event: 20.865 Thread 0x0000026ca3a06800 Exception <a 'java/lang/NoSuchMethodError'{0x0000000086da39a0}: 'java.lang.Object java.lang.invoke.DirectMethodHandle$Holder.invokeSpecialIFC(java.lang.Object, java.lang.Object, java.lang.Object)'> (0x0000000086da39a0) thrown at [./src/hotspot/share/interpreter/linkResolver.cpp, line 773]
Event: 20.866 Thread 0x0000026ca3a07000 Exception <a 'java/lang/NoSuchMethodError'{0x0000000086dc9488}: 'java.lang.Object java.lang.invoke.DirectMethodHandle$Holder.invokeSpecialIFC(java.lang.Object, java.lang.Object, java.lang.Object)'> (0x0000000086dc9488) thrown at [./src/hotspot/share/interpreter/linkResolver.cpp, line 773]
Event: 20.866 Thread 0x0000026ca3a0e800 Exception <a 'java/lang/NoSuchMethodError'{0x0000000086db3748}: 'java.lang.Object java.lang.invoke.DirectMethodHandle$Holder.invokeSpecialIFC(java.lang.Object, java.lang.Object, java.lang.Object)'> (0x0000000086db3748) thrown at [./src/hotspot/share/interpreter/linkResolver.cpp, line 773]
Event: 20.865 Thread 0x0000026ca3a0b800 Exception <a 'java/lang/NoSuchMethodError'{0x0000000086dbaea0}: 'java.lang.Object java.lang.invoke.DirectMethodHandle$Holder.invokeSpecialIFC(java.lang.Object, java.lang.Object, java.lang.Object)'> (0x0000000086dbaea0) thrown at [./src/hotspot/share/interpreter/linkResolver.cpp, line 773]
Event: 20.866 Thread 0x0000026ca3a05800 Exception <a 'java/lang/NoSuchMethodError'{0x0000000086d978a0}: 'java.lang.Object java.lang.invoke.DirectMethodHandle$Holder.invokeSpecialIFC(java.lang.Object, java.lang.Object, java.lang.Object)'> (0x0000000086d978a0) thrown at [./src/hotspot/share/interpreter/linkResolver.cpp, line 773]
Event: 20.937 Thread 0x0000026ca418e000 Exception <a 'java/lang/NoSuchMethodError'{0x0000000086b47e08}: 'void java.lang.invoke.DirectMethodHandle$Holder.invokeVirtual(java.lang.Object, java.lang.Object)'> (0x0000000086b47e08) thrown at [./src/hotspot/share/interpreter/linkResolver.cpp, line 773]

Events (20 events):
Event: 21.012 Executing VM operation: RevokeBias done
Event: 21.017 Executing VM operation: RevokeBias
Event: 21.017 Executing VM operation: RevokeBias done
Event: 21.024 Executing VM operation: RevokeBias
Event: 21.024 Executing VM operation: RevokeBias done
Event: 21.025 Executing VM operation: RevokeBias
Event: 21.025 Executing VM operation: RevokeBias done
Event: 21.027 Executing VM operation: RevokeBias
Event: 21.027 Executing VM operation: RevokeBias done
Event: 21.028 Executing VM operation: RevokeBias
Event: 21.028 Executing VM operation: RevokeBias done
Event: 21.030 Executing VM operation: RevokeBias
Event: 21.030 Executing VM operation: RevokeBias done
Event: 21.030 Executing VM operation: RevokeBias
Event: 21.030 Executing VM operation: RevokeBias done
Event: 21.032 Executing VM operation: RevokeBias
Event: 21.033 Executing VM operation: RevokeBias done
Event: 21.033 Executing VM operation: RevokeBias
Event: 21.033 Executing VM operation: RevokeBias done
Event: 21.035 Executing VM operation: G1CollectForAllocation


Dynamic libraries:
0x00007ff613270000 - 0x00007ff61327a000 	C:\Program Files\Android\Android Studio\jre\bin\java.exe
0x00007ffafd4e0000 - 0x00007ffafd6e9000 	C:\WINDOWS\SYSTEM32\ntdll.dll
0x00007ffafb380000 - 0x00007ffafb43d000 	C:\WINDOWS\System32\KERNEL32.DLL
0x00007ffafad00000 - 0x00007ffafb074000 	C:\WINDOWS\System32\KERNELBASE.dll
0x00007ffafabe0000 - 0x00007ffafacf1000 	C:\WINDOWS\System32\ucrtbase.dll
0x00007ffae7f90000 - 0x00007ffae7fa9000 	C:\Program Files\Android\Android Studio\jre\bin\jli.dll
0x00007ffae79d0000 - 0x00007ffae79e7000 	C:\Program Files\Android\Android Studio\jre\bin\VCRUNTIME140.dll
0x00007ffafd0a0000 - 0x00007ffafd24c000 	C:\WINDOWS\System32\USER32.dll
0x00007ffae4430000 - 0x00007ffae46d5000 	C:\WINDOWS\WinSxS\amd64_microsoft.windows.common-controls_6595b64144ccf1df_6.0.22000.120_none_9d947278b86cc467\COMCTL32.dll
0x00007ffafaa40000 - 0x00007ffafaa66000 	C:\WINDOWS\System32\win32u.dll
0x00007ffafc810000 - 0x00007ffafc8b3000 	C:\WINDOWS\System32\msvcrt.dll
0x00007ffafca90000 - 0x00007ffafcab9000 	C:\WINDOWS\System32\GDI32.dll
0x00007ffafb1a0000 - 0x00007ffafb2b2000 	C:\WINDOWS\System32\gdi32full.dll
0x00007ffafb100000 - 0x00007ffafb19d000 	C:\WINDOWS\System32\msvcp_win.dll
0x00007ffafb730000 - 0x00007ffafb761000 	C:\WINDOWS\System32\IMM32.DLL
0x00007ffad49c0000 - 0x00007ffad4a5d000 	C:\Program Files\Android\Android Studio\jre\bin\msvcp140.dll
0x00007ffabe0f0000 - 0x00007ffabebc5000 	C:\Program Files\Android\Android Studio\jre\bin\server\jvm.dll
0x00007ffafd250000 - 0x00007ffafd2fe000 	C:\WINDOWS\System32\ADVAPI32.dll
0x00007ffafcce0000 - 0x00007ffafcd7e000 	C:\WINDOWS\System32\sechost.dll
0x00007ffafcf80000 - 0x00007ffafd0a0000 	C:\WINDOWS\System32\RPCRT4.dll
0x00007ffafd3a0000 - 0x00007ffafd3a8000 	C:\WINDOWS\System32\PSAPI.DLL
0x00007ffaf5540000 - 0x00007ffaf5573000 	C:\WINDOWS\SYSTEM32\WINMM.dll
0x00007ffaf70e0000 - 0x00007ffaf70e9000 	C:\WINDOWS\SYSTEM32\WSOCK32.dll
0x00007ffaf3bd0000 - 0x00007ffaf3bda000 	C:\WINDOWS\SYSTEM32\VERSION.dll
0x00007ffafd310000 - 0x00007ffafd37f000 	C:\WINDOWS\System32\WS2_32.dll
0x00007ffaf9bc0000 - 0x00007ffaf9bd8000 	C:\WINDOWS\SYSTEM32\kernel.appcore.dll
0x00007ffaf6430000 - 0x00007ffaf6441000 	C:\Program Files\Android\Android Studio\jre\bin\verify.dll
0x00007ffaf85f0000 - 0x00007ffaf8811000 	C:\WINDOWS\SYSTEM32\DBGHELP.DLL
0x00007ffadce20000 - 0x00007ffadce51000 	C:\WINDOWS\SYSTEM32\dbgcore.DLL
0x00007ffafb080000 - 0x00007ffafb0ff000 	C:\WINDOWS\System32\bcryptPrimitives.dll
0x00007ffae9150000 - 0x00007ffae9179000 	C:\Program Files\Android\Android Studio\jre\bin\java.dll
0x00007ffaf6f40000 - 0x00007ffaf6f4b000 	C:\Program Files\Android\Android Studio\jre\bin\jimage.dll
0x00007ffaf61f0000 - 0x00007ffaf6208000 	C:\Program Files\Android\Android Studio\jre\bin\zip.dll
0x00007ffafbbf0000 - 0x00007ffafc39f000 	C:\WINDOWS\System32\SHELL32.dll
0x00007ffaf8b50000 - 0x00007ffaf93b8000 	C:\WINDOWS\SYSTEM32\windows.storage.dll
0x00007ffafb810000 - 0x00007ffafbb88000 	C:\WINDOWS\System32\combase.dll
0x00007ffaf89e0000 - 0x00007ffaf8b46000 	C:\WINDOWS\SYSTEM32\wintypes.dll
0x00007ffafb560000 - 0x00007ffafb64a000 	C:\WINDOWS\System32\SHCORE.dll
0x00007ffafbb90000 - 0x00007ffafbbed000 	C:\WINDOWS\System32\shlwapi.dll
0x00007ffafa900000 - 0x00007ffafa921000 	C:\WINDOWS\SYSTEM32\profapi.dll
0x00007ffaf61c0000 - 0x00007ffaf61da000 	C:\Program Files\Android\Android Studio\jre\bin\net.dll
0x00007ffaf4840000 - 0x00007ffaf494c000 	C:\WINDOWS\SYSTEM32\WINHTTP.dll
0x00007ffaf9ff0000 - 0x00007ffafa057000 	C:\WINDOWS\system32\mswsock.dll
0x00007ffaf52f0000 - 0x00007ffaf5304000 	C:\Program Files\Android\Android Studio\jre\bin\nio.dll
0x00007ffae8830000 - 0x00007ffae8857000 	C:\Users\MR LOKESHWARAN\.gradle\native\e1d6ef7f7dcc3fd88c89a11ec53ec762bb8ba0a96d01ffa2cd45eb1d1d8dd5c5\windows-amd64\native-platform.dll
0x00007ffabde20000 - 0x00007ffabdf64000 	C:\Users\MR LOKESHWARAN\.gradle\native\5664cfc778a61ccfe75a443a1ab52a65af34e5dc3c78e0209fed803814484fcb\windows-amd64\native-platform-file-events.dll
0x00007ffaf6f20000 - 0x00007ffaf6f2a000 	C:\Program Files\Android\Android Studio\jre\bin\management.dll
0x00007ffaf6ed0000 - 0x00007ffaf6edd000 	C:\Program Files\Android\Android Studio\jre\bin\management_ext.dll
0x00007ffafa230000 - 0x00007ffafa248000 	C:\WINDOWS\SYSTEM32\CRYPTSP.dll
0x00007ffaf9b20000 - 0x00007ffaf9b55000 	C:\WINDOWS\system32\rsaenh.dll
0x00007ffafa0e0000 - 0x00007ffafa109000 	C:\WINDOWS\SYSTEM32\USERENV.dll
0x00007ffafa3b0000 - 0x00007ffafa3d7000 	C:\WINDOWS\SYSTEM32\bcrypt.dll
0x00007ffafa250000 - 0x00007ffafa25c000 	C:\WINDOWS\SYSTEM32\CRYPTBASE.dll
0x00007ffaf96f0000 - 0x00007ffaf971d000 	C:\WINDOWS\SYSTEM32\IPHLPAPI.DLL
0x00007ffafccd0000 - 0x00007ffafccd9000 	C:\WINDOWS\System32\NSI.dll
0x00007ffaf4820000 - 0x00007ffaf4839000 	C:\WINDOWS\SYSTEM32\dhcpcsvc6.DLL
0x00007ffaf5200000 - 0x00007ffaf521e000 	C:\WINDOWS\SYSTEM32\dhcpcsvc.DLL
0x00007ffaf9720000 - 0x00007ffaf9808000 	C:\WINDOWS\SYSTEM32\DNSAPI.dll

dbghelp: loaded successfully - version: 4.0.5 - missing functions: none
symbol engine: initialized successfully - sym options: 0x614 - pdb path: .;C:\Program Files\Android\Android Studio\jre\bin;C:\WINDOWS\SYSTEM32;C:\WINDOWS\WinSxS\amd64_microsoft.windows.common-controls_6595b64144ccf1df_6.0.22000.120_none_9d947278b86cc467;C:\Program Files\Android\Android Studio\jre\bin\server;C:\Users\MR LOKESHWARAN\.gradle\native\e1d6ef7f7dcc3fd88c89a11ec53ec762bb8ba0a96d01ffa2cd45eb1d1d8dd5c5\windows-amd64;C:\Users\MR LOKESHWARAN\.gradle\native\5664cfc778a61ccfe75a443a1ab52a65af34e5dc3c78e0209fed803814484fcb\windows-amd64

VM Arguments:
jvm_args: --add-opens=java.base/java.util=ALL-UNNAMED --add-opens=java.base/java.lang=ALL-UNNAMED --add-opens=java.base/java.lang.invoke=ALL-UNNAMED --add-opens=java.base/java.util=ALL-UNNAMED --add-opens=java.prefs/java.util.prefs=ALL-UNNAMED --add-opens=java.prefs/java.util.prefs=ALL-UNNAMED --add-opens=java.base/java.nio.charset=ALL-UNNAMED --add-opens=java.base/java.net=ALL-UNNAMED --add-opens=java.base/java.util.concurrent.atomic=ALL-UNNAMED -Xmx2048m -Dfile.encoding=UTF-8 -Duser.country=IN -Duser.language=en -Duser.variant 
java_command: org.gradle.launcher.daemon.bootstrap.GradleDaemon 7.2
java_class_path (initial): C:\Users\MR LOKESHWARAN\.gradle\wrapper\dists\gradle-7.2-bin\2dnblmf4td7x66yl1d74lt32g\gradle-7.2\lib\gradle-launcher-7.2.jar
Launcher Type: SUN_STANDARD

[Global flags]
     intx CICompilerCount                          = 4                                         {product} {ergonomic}
     uint ConcGCThreads                            = 2                                         {product} {ergonomic}
     uint G1ConcRefinementThreads                  = 8                                         {product} {ergonomic}
   size_t G1HeapRegionSize                         = 1048576                                   {product} {ergonomic}
    uintx GCDrainStackTargetSize                   = 64                                        {product} {ergonomic}
   size_t InitialHeapSize                          = 100663296                                 {product} {ergonomic}
   size_t MarkStackSize                            = 4194304                                   {product} {ergonomic}
   size_t MaxHeapSize                              = 2147483648                                {product} {command line}
   size_t MaxNewSize                               = 1287651328                                {product} {ergonomic}
   size_t MinHeapDeltaBytes                        = 1048576                                   {product} {ergonomic}
    uintx NonNMethodCodeHeapSize                   = 5836300                                {pd product} {ergonomic}
    uintx NonProfiledCodeHeapSize                  = 122910970                              {pd product} {ergonomic}
    uintx ProfiledCodeHeapSize                     = 122910970                              {pd product} {ergonomic}
    uintx ReservedCodeCacheSize                    = 251658240                              {pd product} {ergonomic}
     bool SegmentedCodeCache                       = true                                      {product} {ergonomic}
     bool UseCompressedClassPointers               = true                                 {lp64_product} {ergonomic}
     bool UseCompressedOops                        = true                                 {lp64_product} {ergonomic}
     bool UseG1GC                                  = true                                      {product} {ergonomic}
     bool UseLargePagesIndividualAllocation        = false                                  {pd product} {ergonomic}

Logging:
Log output configuration:
 #0: stdout all=warning uptime,level,tags
 #1: stderr all=off uptime,level,tags

Environment Variables:
JAVA_HOME=C:\Android\openjdk; C:\Program Files\Android\Android Studio\jre
PATH=C:\Program Files\ImageMagick-7.1.0-Q16-HDRI;C:\Program Files\Common Files\Oracle\Java\javapath;C:\windows\system32;C:\windows;C:\windows\System32\Wbem;C:\windows\System32\WindowsPowerShell\v1.0\;C:\windows\System32\OpenSSH\;C:\Program Files (x86)\NVIDIA Corporation\PhysX\Common;C:\Program Files\NVIDIA Corporation\NVIDIA NvDLISR;C:\Program Files\Git\cmd;C:\flutter\bin;C:\Program Files\Java\jdk-15\bin;C:\Android\platform-tools;C:\Android\tools;C:\Program Files\nodejs\;%SystemRoot%\system32;%SystemRoot%;%SystemRoot%\System32\Wbem;%SYSTEMROOT%\System32\WindowsPowerShell\v1.0\;%SYSTEMROOT%\System32\OpenSSH\;C:\Users\MR LOKESHWARAN\AppData\Local\Programs\Python\Python37\Scripts\;C:\Users\MR LOKESHWARAN\AppData\Local\Programs\Python\Python37\;C:\Users\MR LOKESHWARAN\AppData\Local\Programs\Python\Python38\Scripts\;C:\Users\MR LOKESHWARAN\AppData\Local\Programs\Python\Python38\;C:\Users\MR LOKESHWARAN\AppData\Local\Microsoft\WindowsApps;C:\Users\MR LOKESHWARAN\AppData\Local\Programs\Microsoft VS Code\bin;C:\Android\flutter\bin;C:\Program Files\JetBrains\PyCharm Community Edition 2020.1.2\bin;;C:\Android\sdk;C:\Android\sdk\bin;;C:\Program Files\JetBrains\IntelliJ IDEA Community Edition 2020.2.2\bin;;C:\Modeltech_pe_edu_10.4a\win32pe_edu;C:\Users\MR LOKESHWARAN\AppData\Roaming\npm
USERNAME=MR LOKESHWARAN
OS=Windows_NT
PROCESSOR_IDENTIFIER=AMD64 Family 23 Model 24 Stepping 1, AuthenticAMD



---------------  S Y S T E M  ---------------

OS: Windows 10 , 64 bit Build 22000 (10.0.22000.434)
OS uptime: 1 days 2:11 hours

CPU:total 8 (initial active 8) (8 cores per cpu, 2 threads per core) family 23 model 24 stepping 1 microcode 0x0, cmov, cx8, fxsr, mmx, sse, sse2, sse3, ssse3, sse4.1, sse4.2, popcnt, avx, avx2, aes, clmul, mmxext, 3dnowpref, lzcnt, sse4a, ht, tsc, tscinvbit, tscinv, bmi1, bmi2, adx, s

Memory: 4k page, system-wide physical 6021M (248M free)
TotalPageFile size 10117M (AvailPageFile size 0M)
current process WorkingSet (physical memory assigned to process): 342M, peak: 363M
current process commit charge ("private bytes"): 386M, peak: 410M

vm_info: OpenJDK 64-Bit Server VM (11.0.11+9-b60-7590822) for windows-amd64 JRE (11.0.11+9-b60-7590822), built on Jul 29 2021 21:43:44 by "builder" with MS VC++ 14.0 (VS2015)

END.
