#
# There is insufficient memory for the Java Runtime Environment to continue.
# Native memory allocation (malloc) failed to allocate 32744 bytes for ChunkPool::allocate
# Possible reasons:
#   The system is out of physical RAM or swap space
#   The process is running with CompressedOops enabled, and the Java Heap may be blocking the growth of the native heap
# Possible solutions:
#   Reduce memory load on the system
#   Increase physical memory or swap space
#   Check if swap backing store is full
#   Decrease Java heap size (-Xmx/-Xms)
#   Decrease number of Java threads
#   Decrease Java thread stack sizes (-Xss)
#   Set larger code cache with -XX:ReservedCodeCacheSize=
#   JVM is running with Unscaled Compressed Oops mode in which the Java heap is
#     placed in the first 4GB address space. The Java Heap base address is the
#     maximum limit for the native heap growth. Please use -XX:HeapBaseMinAddress
#     to set the Java Heap base and to place the Java Heap above 4GB virtual address.
# This output file may be truncated or incomplete.
#
#  Out of Memory Error (allocation.cpp:272), pid=17000, tid=0x0000000000000638
#
# JRE version: OpenJDK Runtime Environment (8.0_242-b01) (build 1.8.0_242-release-1644-b01)
# Java VM: OpenJDK 64-Bit Server VM (25.242-b01 mixed mode windows-amd64 compressed oops)
# Failed to write core dump. Minidumps are not enabled by default on client versions of Windows
#

---------------  T H R E A D  ---------------

Current thread (0x000000001a2b6000):  JavaThread "C2 CompilerThread1" daemon [_thread_in_native, id=1592, stack(0x000000001ac80000,0x000000001ad80000)]

Stack: [0x000000001ac80000,0x000000001ad80000]
[error occurred during error reporting (printing stack bounds), id 0xc0000005]

Native frames: (J=compiled Java code, j=interpreted, Vv=VM code, C=native code)


Current CompileTask:
C2:  26112 5506       4       org.codehaus.groovy.reflection.CachedMethod::compareTo (25 bytes)


---------------  P R O C E S S  ---------------

Java Threads: ( => current thread )
  0x000000001f72c800 JavaThread "jar transforms Thread 94" [_thread_blocked, id=3116, stack(0x000000002a3c0000,0x000000002a4c0000)]
  0x000000001d012800 JavaThread "jar transforms Thread 93" [_thread_blocked, id=1872, stack(0x000000002a2c0000,0x000000002a3c0000)]
  0x000000001d011800 JavaThread "jar transforms Thread 92" [_thread_blocked, id=15392, stack(0x000000002a1c0000,0x000000002a2c0000)]
  0x000000001d010000 JavaThread "jar transforms Thread 91" [_thread_blocked, id=10764, stack(0x000000002a0c0000,0x000000002a1c0000)]
  0x000000001d00f800 JavaThread "jar transforms Thread 90" [_thread_blocked, id=1216, stack(0x0000000029fc0000,0x000000002a0c0000)]
  0x000000001d014000 JavaThread "jar transforms Thread 89" [_thread_blocked, id=12048, stack(0x0000000029ec0000,0x0000000029fc0000)]
  0x000000001d013800 JavaThread "jar transforms Thread 88" [_thread_blocked, id=9692, stack(0x0000000029dc0000,0x0000000029ec0000)]
  0x000000001d011000 JavaThread "jar transforms Thread 87" [_thread_blocked, id=2988, stack(0x0000000029cc0000,0x0000000029dc0000)]
  0x000000001d015000 JavaThread "jar transforms Thread 86" [_thread_blocked, id=9684, stack(0x0000000029bc0000,0x0000000029cc0000)]
  0x000000001d00e800 JavaThread "jar transforms Thread 85" [_thread_blocked, id=16140, stack(0x0000000029ac0000,0x0000000029bc0000)]
  0x000000001d008000 JavaThread "jar transforms Thread 84" [_thread_blocked, id=12312, stack(0x00000000299c0000,0x0000000029ac0000)]
  0x000000001d00e000 JavaThread "jar transforms Thread 83" [_thread_blocked, id=16608, stack(0x00000000298c0000,0x00000000299c0000)]
  0x000000001d00a000 JavaThread "jar transforms Thread 82" [_thread_blocked, id=4072, stack(0x00000000297c0000,0x00000000298c0000)]
  0x000000001d006800 JavaThread "jar transforms Thread 81" [_thread_blocked, id=4272, stack(0x00000000296c0000,0x00000000297c0000)]
  0x000000001d00d000 JavaThread "jar transforms Thread 80" [_thread_blocked, id=14208, stack(0x00000000295c0000,0x00000000296c0000)]
  0x000000001d00b800 JavaThread "jar transforms Thread 79" [_thread_blocked, id=8340, stack(0x00000000294c0000,0x00000000295c0000)]
  0x000000001d005800 JavaThread "jar transforms Thread 78" [_thread_blocked, id=17572, stack(0x00000000293c0000,0x00000000294c0000)]
  0x000000001d008800 JavaThread "jar transforms Thread 77" [_thread_blocked, id=7404, stack(0x00000000292c0000,0x00000000293c0000)]
  0x000000001d00b000 JavaThread "jar transforms Thread 76" [_thread_blocked, id=13120, stack(0x00000000291c0000,0x00000000292c0000)]
  0x000000001d009800 JavaThread "jar transforms Thread 75" [_thread_blocked, id=6788, stack(0x00000000290c0000,0x00000000291c0000)]
  0x000000001d00c800 JavaThread "jar transforms Thread 74" [_thread_blocked, id=11752, stack(0x0000000028fc0000,0x00000000290c0000)]
  0x000000001d007000 JavaThread "jar transforms Thread 73" [_thread_blocked, id=7532, stack(0x0000000028ec0000,0x0000000028fc0000)]
  0x000000001b2c6000 JavaThread "jar transforms Thread 72" [_thread_blocked, id=876, stack(0x0000000028dc0000,0x0000000028ec0000)]
  0x000000001b2c4800 JavaThread "jar transforms Thread 71" [_thread_blocked, id=2172, stack(0x0000000028cc0000,0x0000000028dc0000)]
  0x000000001b2c5000 JavaThread "jar transforms Thread 70" [_thread_blocked, id=13808, stack(0x0000000028bc0000,0x0000000028cc0000)]
  0x000000001b2c3800 JavaThread "jar transforms Thread 69" [_thread_blocked, id=14300, stack(0x0000000028ac0000,0x0000000028bc0000)]
  0x000000001b2c7800 JavaThread "jar transforms Thread 68" [_thread_blocked, id=12088, stack(0x00000000289c0000,0x0000000028ac0000)]
  0x000000001b2c3000 JavaThread "jar transforms Thread 67" [_thread_blocked, id=11416, stack(0x00000000288c0000,0x00000000289c0000)]
  0x000000001b2c6800 JavaThread "jar transforms Thread 66" [_thread_blocked, id=7536, stack(0x00000000287c0000,0x00000000288c0000)]
  0x000000001b2c8000 JavaThread "jar transforms Thread 65" [_thread_blocked, id=7120, stack(0x00000000286c0000,0x00000000287c0000)]
  0x000000001b2bb000 JavaThread "jar transforms Thread 64" [_thread_blocked, id=11548, stack(0x00000000285c0000,0x00000000286c0000)]
  0x000000001b2c2000 JavaThread "jar transforms Thread 63" [_thread_blocked, id=7504, stack(0x00000000284c0000,0x00000000285c0000)]
  0x000000001b2c1000 JavaThread "jar transforms Thread 62" [_thread_blocked, id=12308, stack(0x00000000283c0000,0x00000000284c0000)]
  0x000000001b2c0800 JavaThread "jar transforms Thread 61" [_thread_blocked, id=13428, stack(0x00000000282c0000,0x00000000283c0000)]
  0x000000001b2b9000 JavaThread "jar transforms Thread 60" [_thread_blocked, id=13468, stack(0x00000000281c0000,0x00000000282c0000)]
  0x000000001b2bf000 JavaThread "jar transforms Thread 59" [_thread_blocked, id=10084, stack(0x00000000280c0000,0x00000000281c0000)]
  0x000000001b2bc000 JavaThread "jar transforms Thread 58" [_thread_blocked, id=17516, stack(0x0000000027fc0000,0x00000000280c0000)]
  0x000000001b2ba800 JavaThread "jar transforms Thread 57" [_thread_blocked, id=7768, stack(0x0000000027ec0000,0x0000000027fc0000)]
  0x000000001b2be000 JavaThread "jar transforms Thread 56" [_thread_blocked, id=12536, stack(0x0000000027dc0000,0x0000000027ec0000)]
  0x000000001b2bc800 JavaThread "jar transforms Thread 55" [_thread_blocked, id=15256, stack(0x0000000027cc0000,0x0000000027dc0000)]
  0x000000001b2bf800 JavaThread "jar transforms Thread 54" [_thread_blocked, id=10984, stack(0x0000000027bc0000,0x0000000027cc0000)]
  0x000000001b2b9800 JavaThread "jar transforms Thread 53" [_thread_blocked, id=8772, stack(0x0000000027ac0000,0x0000000027bc0000)]
  0x000000001b2bd800 JavaThread "jar transforms Thread 52" [_thread_blocked, id=6892, stack(0x00000000279c0000,0x0000000027ac0000)]
  0x00000000212a5800 JavaThread "jar transforms Thread 51" [_thread_blocked, id=14760, stack(0x00000000278c0000,0x00000000279c0000)]
  0x00000000212a5000 JavaThread "jar transforms Thread 50" [_thread_blocked, id=8304, stack(0x00000000277c0000,0x00000000278c0000)]
  0x00000000212a4000 JavaThread "jar transforms Thread 49" [_thread_blocked, id=3332, stack(0x00000000276c0000,0x00000000277c0000)]
  0x00000000212a3800 JavaThread "jar transforms Thread 48" [_thread_blocked, id=5348, stack(0x00000000275c0000,0x00000000276c0000)]
  0x00000000212a2800 JavaThread "jar transforms Thread 47" [_thread_blocked, id=8008, stack(0x00000000274c0000,0x00000000275c0000)]
  0x000000002129b000 JavaThread "jar transforms Thread 46" [_thread_blocked, id=13500, stack(0x00000000273c0000,0x00000000274c0000)]
  0x00000000212a2000 JavaThread "jar transforms Thread 45" [_thread_blocked, id=888, stack(0x00000000272c0000,0x00000000273c0000)]
  0x00000000212a1000 JavaThread "jar transforms Thread 44" [_thread_blocked, id=15556, stack(0x00000000271c0000,0x00000000272c0000)]
  0x00000000212a0800 JavaThread "jar transforms Thread 43" [_thread_blocked, id=17392, stack(0x00000000270c0000,0x00000000271c0000)]
  0x000000002129f000 JavaThread "jar transforms Thread 42" [_thread_blocked, id=17444, stack(0x0000000026fc0000,0x00000000270c0000)]
  0x000000002129d800 JavaThread "jar transforms Thread 41" [_thread_blocked, id=13680, stack(0x0000000026ec0000,0x0000000026fc0000)]
  0x000000002129f800 JavaThread "jar transforms Thread 40" [_thread_blocked, id=14772, stack(0x0000000026dc0000,0x0000000026ec0000)]
  0x0000000021297800 JavaThread "jar transforms Thread 39" [_thread_blocked, id=9944, stack(0x0000000026cc0000,0x0000000026dc0000)]
  0x000000002129a800 JavaThread "jar transforms Thread 38" [_thread_blocked, id=8376, stack(0x0000000026bc0000,0x0000000026cc0000)]
  0x0000000021298000 JavaThread "jar transforms Thread 37" [_thread_blocked, id=4084, stack(0x0000000026ac0000,0x0000000026bc0000)]
  0x000000002129c800 JavaThread "jar transforms Thread 36" [_thread_blocked, id=9824, stack(0x00000000269c0000,0x0000000026ac0000)]
  0x000000002129e000 JavaThread "jar transforms Thread 35" [_thread_blocked, id=16276, stack(0x00000000268c0000,0x00000000269c0000)]
  0x0000000021296800 JavaThread "jar transforms Thread 34" [_thread_blocked, id=9068, stack(0x00000000267c0000,0x00000000268c0000)]
  0x0000000021299800 JavaThread "jar transforms Thread 33" [_thread_blocked, id=780, stack(0x00000000266c0000,0x00000000267c0000)]
  0x0000000021299000 JavaThread "jar transforms Thread 32" [_thread_blocked, id=16772, stack(0x00000000265c0000,0x00000000266c0000)]
  0x000000002129c000 JavaThread "jar transforms Thread 31" [_thread_blocked, id=9240, stack(0x00000000264c0000,0x00000000265c0000)]
  0x00000000204cf800 JavaThread "jar transforms Thread 30" [_thread_blocked, id=10448, stack(0x00000000263c0000,0x00000000264c0000)]
  0x00000000204cf000 JavaThread "jar transforms Thread 29" [_thread_blocked, id=17220, stack(0x00000000262c0000,0x00000000263c0000)]
  0x00000000204ce000 JavaThread "jar transforms Thread 28" [_thread_blocked, id=688, stack(0x00000000261c0000,0x00000000262c0000)]
  0x00000000204cb000 JavaThread "jar transforms Thread 27" [_thread_blocked, id=3104, stack(0x00000000260c0000,0x00000000261c0000)]
  0x00000000204cd800 JavaThread "jar transforms Thread 26" [_thread_blocked, id=15500, stack(0x0000000025fc0000,0x00000000260c0000)]
  0x00000000204cc800 JavaThread "jar transforms Thread 25" [_thread_blocked, id=3408, stack(0x0000000025ec0000,0x0000000025fc0000)]
  0x00000000204ca800 JavaThread "jar transforms Thread 24" [_thread_blocked, id=17780, stack(0x0000000025dc0000,0x0000000025ec0000)]
  0x00000000204d1000 JavaThread "jar transforms Thread 23" [_thread_blocked, id=10792, stack(0x0000000025cc0000,0x0000000025dc0000)]
  0x00000000204d0800 JavaThread "jar transforms Thread 22" [_thread_blocked, id=16624, stack(0x0000000025bc0000,0x0000000025cc0000)]
  0x00000000204cc000 JavaThread "jar transforms Thread 21" [_thread_blocked, id=17440, stack(0x0000000025ac0000,0x0000000025bc0000)]
  0x00000000204c3000 JavaThread "Build operations Thread 8" [_thread_blocked, id=10404, stack(0x00000000259c0000,0x0000000025ac0000)]
  0x00000000204c7800 JavaThread "Build operations Thread 7" [_thread_blocked, id=10484, stack(0x00000000258c0000,0x00000000259c0000)]
  0x00000000204c9000 JavaThread "Build operations Thread 6" [_thread_blocked, id=17416, stack(0x00000000257c0000,0x00000000258c0000)]
  0x00000000204c8000 JavaThread "Build operations Thread 5" [_thread_blocked, id=17956, stack(0x00000000256c0000,0x00000000257c0000)]
  0x00000000204c9800 JavaThread "Build operations Thread 4" [_thread_blocked, id=300, stack(0x00000000255c0000,0x00000000256c0000)]
  0x00000000204c6000 JavaThread "Build operations Thread 3" [_thread_blocked, id=12556, stack(0x00000000254c0000,0x00000000255c0000)]
  0x00000000204c5000 JavaThread "Build operations Thread 2" [_thread_blocked, id=18004, stack(0x00000000253c0000,0x00000000254c0000)]
  0x00000000204c4800 JavaThread "Build operations" [_thread_blocked, id=12548, stack(0x0000000023cd0000,0x0000000023dd0000)]
  0x00000000204c2000 JavaThread "Cache worker for Build Output Cleanup Cache (D:\Android Projects\RentalApp\.gradle\buildOutputCleanup)" [_thread_blocked, id=4060, stack(0x00000000239b0000,0x0000000023ab0000)]
  0x000000001f94b800 JavaThread "Cache worker for file content cache (C:\Users\MR LOKESHWARAN\.gradle\caches\6.5\fileContent)" [_thread_blocked, id=7628, stack(0x00000000238b0000,0x00000000239b0000)]
  0x000000001f949000 JavaThread "Cache worker for execution history cache (C:\Users\MR LOKESHWARAN\.gradle\caches\6.5\executionHistory)" [_thread_blocked, id=9828, stack(0x00000000233b0000,0x00000000234b0000)]
  0x000000001f94e800 JavaThread "Cache worker for cache directory md-rule (C:\Users\MR LOKESHWARAN\.gradle\caches\6.5\md-rule)" [_thread_blocked, id=15052, stack(0x00000000230b0000,0x00000000231b0000)]
  0x000000001f94d800 JavaThread "Cache worker for cache directory md-supplier (C:\Users\MR LOKESHWARAN\.gradle\caches\6.5\md-supplier)" [_thread_blocked, id=8836, stack(0x0000000022fb0000,0x00000000230b0000)]
  0x000000001f950000 JavaThread "Cache worker for checksums cache (D:\Android Projects\RentalApp\.gradle\checksums)" [_thread_blocked, id=17908, stack(0x0000000022eb0000,0x0000000022fb0000)]
  0x000000001f948800 JavaThread "jar transforms Thread 20" [_thread_blocked, id=2972, stack(0x0000000022bb0000,0x0000000022cb0000)]
  0x000000001f94f000 JavaThread "jar transforms Thread 19" [_thread_blocked, id=2712, stack(0x0000000022ab0000,0x0000000022bb0000)]
  0x000000001f94a800 JavaThread "jar transforms Thread 18" [_thread_blocked, id=10408, stack(0x00000000229b0000,0x0000000022ab0000)]
  0x000000001f941000 JavaThread "jar transforms Thread 17" [_thread_blocked, id=18044, stack(0x00000000228b0000,0x00000000229b0000)]
  0x000000001f944800 JavaThread "jar transforms Thread 16" [_thread_blocked, id=17528, stack(0x00000000227b0000,0x00000000228b0000)]
  0x000000001f941800 JavaThread "jar transforms Thread 15" [_thread_blocked, id=12780, stack(0x00000000226b0000,0x00000000227b0000)]
  0x000000001f947800 JavaThread "jar transforms Thread 14" [_thread_blocked, id=9608, stack(0x00000000225b0000,0x00000000226b0000)]
  0x000000001f945800 JavaThread "jar transforms Thread 13" [_thread_blocked, id=16492, stack(0x00000000224b0000,0x00000000225b0000)]
  0x000000001f947000 JavaThread "jar transforms Thread 12" [_thread_blocked, id=15904, stack(0x00000000223b0000,0x00000000224b0000)]
  0x000000001f946000 JavaThread "jar transforms Thread 11" [_thread_blocked, id=1484, stack(0x00000000222b0000,0x00000000223b0000)]
  0x000000001f944000 JavaThread "jar transforms Thread 10" [_thread_blocked, id=12600, stack(0x00000000221b0000,0x00000000222b0000)]
  0x000000001f943000 JavaThread "jar transforms Thread 9" [_thread_blocked, id=12632, stack(0x00000000220b0000,0x00000000221b0000)]
  0x000000001f942800 JavaThread "jar transforms Thread 8" [_thread_blocked, id=16548, stack(0x0000000021fb0000,0x00000000220b0000)]
  0x000000001b318800 JavaThread "jar transforms Thread 7" [_thread_blocked, id=17308, stack(0x0000000021eb0000,0x0000000021fb0000)]
  0x000000001b317800 JavaThread "jar transforms Thread 6" [_thread_blocked, id=12060, stack(0x0000000021db0000,0x0000000021eb0000)]
  0x000000001b31a000 JavaThread "jar transforms Thread 5" [_thread_blocked, id=15332, stack(0x0000000021cb0000,0x0000000021db0000)]
  0x000000001b314800 JavaThread "jar transforms Thread 4" [_thread_blocked, id=3548, stack(0x0000000021bb0000,0x0000000021cb0000)]
  0x000000001b315800 JavaThread "jar transforms Thread 3" [_thread_blocked, id=16132, stack(0x0000000021ab0000,0x0000000021bb0000)]
  0x000000001b316000 JavaThread "jar transforms Thread 2" [_thread_blocked, id=14520, stack(0x00000000219b0000,0x0000000021ab0000)]
  0x000000001b319000 JavaThread "jar transforms" [_thread_blocked, id=13268, stack(0x0000000021550000,0x0000000021650000)]
  0x000000001b317000 JavaThread "Cache worker for file hash cache (D:\Android Projects\RentalApp\.gradle\6.5\fileHashes)" [_thread_blocked, id=15100, stack(0x00000000218b0000,0x00000000219b0000)]
  0x000000001b313000 JavaThread "Cache worker for file hash cache (C:\Users\MR LOKESHWARAN\.gradle\caches\6.5\fileHashes)" [_thread_blocked, id=880, stack(0x000000001f2b0000,0x000000001f3b0000)]
  0x000000001b314000 JavaThread "File lock request listener" [_thread_in_native, id=5868, stack(0x000000001f1b0000,0x000000001f2b0000)]
  0x000000001b7a3000 JavaThread "Cache worker for journal cache (C:\Users\MR LOKESHWARAN\.gradle\caches\journal-1)" [_thread_blocked, id=1516, stack(0x000000001f0b0000,0x000000001f1b0000)]
  0x000000001c7df800 JavaThread "Thread-9" [_thread_blocked, id=3360, stack(0x000000001edb0000,0x000000001eeb0000)]
  0x000000001bcaa000 JavaThread "Stdin handler" [_thread_blocked, id=14296, stack(0x000000001ecb0000,0x000000001edb0000)]
  0x000000001c800800 JavaThread "Asynchronous log dispatcher for DefaultDaemonConnection: socket connection from /127.0.0.1:54144 to /127.0.0.1:54145" [_thread_blocked, id=8140, stack(0x000000001ebb0000,0x000000001ecb0000)]
  0x000000001be06000 JavaThread "Daemon worker" [_thread_in_vm, id=2508, stack(0x000000001eab0000,0x000000001ebb0000)]
  0x000000001c96e000 JavaThread "Cancel handler" [_thread_blocked, id=11076, stack(0x000000001e9b0000,0x000000001eab0000)]
  0x000000001a577800 JavaThread "Handler for socket connection from /127.0.0.1:54144 to /127.0.0.1:54145" [_thread_in_native, id=11520, stack(0x000000001e7b0000,0x000000001e8b0000)]
  0x000000001a575000 JavaThread "Daemon" [_thread_blocked, id=5428, stack(0x000000001e6b0000,0x000000001e7b0000)]
  0x000000001c3fa800 JavaThread "Daemon periodic checks" [_thread_blocked, id=1128, stack(0x000000001e3b0000,0x000000001e4b0000)]
  0x000000001ca82800 JavaThread "Incoming local TCP Connector on port 54144" [_thread_in_native, id=4488, stack(0x000000001e160000,0x000000001e260000)]
  0x000000001c888000 JavaThread "Daemon health stats" [_thread_blocked, id=7056, stack(0x000000001db20000,0x000000001dc20000)]
  0x000000001a354000 JavaThread "Service Thread" daemon [_thread_blocked, id=11668, stack(0x000000001af80000,0x000000001b080000)]
  0x000000001a2c5800 JavaThread "C1 CompilerThread3" daemon [_thread_blocked, id=7216, stack(0x000000001ae80000,0x000000001af80000)]
  0x000000001a2bb800 JavaThread "C2 CompilerThread2" daemon [_thread_in_native, id=17256, stack(0x000000001ad80000,0x000000001ae80000)]
=>0x000000001a2b6000 JavaThread "C2 CompilerThread1" daemon [_thread_in_native, id=1592, stack(0x000000001ac80000,0x000000001ad80000)]
  0x000000001a2b4000 JavaThread "C2 CompilerThread0" daemon [_thread_in_native, id=10504, stack(0x000000001ab80000,0x000000001ac80000)]
  0x000000001a2b0800 JavaThread "Attach Listener" daemon [_thread_blocked, id=12908, stack(0x000000001aa80000,0x000000001ab80000)]
  0x00000000184be800 JavaThread "Signal Dispatcher" daemon [_thread_blocked, id=5440, stack(0x000000001a980000,0x000000001aa80000)]
  0x000000001a2a0800 JavaThread "Finalizer" daemon [_thread_blocked, id=14184, stack(0x000000001a780000,0x000000001a880000)]
  0x00000000184ac800 JavaThread "Reference Handler" daemon [_thread_blocked, id=9304, stack(0x000000001a680000,0x000000001a780000)]
  0x0000000003342800 JavaThread "main" [_thread_blocked, id=14752, stack(0x0000000003190000,0x0000000003290000)]

Other Threads:
  0x00000000184a5800 VMThread [stack: 0x000000001a180000,0x000000001a280000] [id=1640]
  0x000000001a30f000 WatcherThread [stack: 0x000000001b080000,0x000000001b180000] [id=12136]

VM state:not at safepoint (normal execution)

VM Mutex/Monitor currently owned by a thread: None

heap address: 0x0000000080000000, size: 2048 MB, Compressed Oops mode: 32-bit
Narrow klass base: 0x0000000000000000, Narrow klass shift: 3
Compressed class space size: 1073741824 Address: 0x0000000100000000

Heap:
 PSYoungGen      total 208384K, used 6989K [0x00000000d5580000, 0x00000000e7900000, 0x0000000100000000)
  eden space 188928K, 3% used [0x00000000d5580000,0x00000000d5c53500,0x00000000e0e00000)
  from space 19456K, 0% used [0x00000000e0e00000,0x00000000e0e00000,0x00000000e2100000)
  to   space 19456K, 0% used [0x00000000e6600000,0x00000000e6600000,0x00000000e7900000)
 ParOldGen       total 91136K, used 32380K [0x0000000080000000, 0x0000000085900000, 0x00000000d5580000)
  object space 91136K, 35% used [0x0000000080000000,0x0000000081f9f088,0x0000000085900000)
 Metaspace       used 56793K, capacity 59130K, committed 59608K, reserved 1101824K
  class space    used 7504K, capacity 8007K, committed 8152K, reserved 1048576K

Card table byte_map: [0x0000000012800000,0x0000000012c10000] byte_map_base: 0x0000000012400000

Marking Bits: (ParMarkBitMap*) 0x00000000643ff030
 Begin Bits: [0x00000000136c0000, 0x00000000156c0000)
 End Bits:   [0x00000000156c0000, 0x00000000176c0000)

Polling page: 0x00000000019a0000

CodeCache: size=245760Kb used=17326Kb max_used=17326Kb free=228433Kb
 bounds [0x0000000003440000, 0x0000000004540000, 0x0000000012440000]
 total_blobs=5807 nmethods=5015 adapters=704
 compilation: enabled

Compilation events (10 events):
Event: 26.104 Thread 0x000000001a2c5800 nmethod 5591 0x0000000004538790 code [0x00000000045388e0, 0x0000000004538ad0]
Event: 26.104 Thread 0x000000001a2c5800 5592       3       java.lang.invoke.InfoFromMemberName::getMethodType (8 bytes)
Event: 26.104 Thread 0x000000001a2c5800 nmethod 5592 0x0000000004538b90 code [0x0000000004538d00, 0x0000000004538f08]
Event: 26.104 Thread 0x000000001a2c5800 5593       3       java.lang.invoke.InfoFromMemberName::getName (8 bytes)
Event: 26.106 Thread 0x000000001a2c5800 nmethod 5593 0x0000000004538fd0 code [0x0000000004539160, 0x0000000004539688]
Event: 26.106 Thread 0x000000001a2c5800 5594       3       java.lang.invoke.TypeConvertingMethodAdapter::<init> (8 bytes)
Event: 26.107 Thread 0x000000001a2c5800 nmethod 5594 0x0000000004539810 code [0x0000000004539980, 0x0000000004539bd0]
Event: 26.107 Thread 0x000000001a2c5800 5595       3       jdk.internal.org.objectweb.asm.MethodVisitor::visitMaxs (17 bytes)
Event: 26.108 Thread 0x000000001a2c5800 nmethod 5595 0x0000000004539cd0 code [0x0000000004539e40, 0x000000000453a0a8]
Event: 26.108 Thread 0x000000001a2c5800 5596       3       jdk.internal.org.objectweb.asm.MethodVisitor::visitEnd (15 bytes)

GC Heap History (10 events):
Event: 19.502 GC heap before
{Heap before GC invocations=12 (full 2):
 PSYoungGen      total 154624K, used 10751K [0x00000000d5580000, 0x00000000dfa80000, 0x0000000100000000)
  eden space 143872K, 0% used [0x00000000d5580000,0x00000000d5580000,0x00000000de200000)
  from space 10752K, 99% used [0x00000000dee00000,0x00000000df87fcd8,0x00000000df880000)
  to   space 12288K, 0% used [0x00000000de200000,0x00000000de200000,0x00000000dee00000)
 ParOldGen       total 37376K, used 8962K [0x0000000080000000, 0x0000000082480000, 0x00000000d5580000)
  object space 37376K, 23% used [0x0000000080000000,0x00000000808c08f8,0x0000000082480000)
 Metaspace       used 34064K, capacity 35338K, committed 35416K, reserved 1079296K
  class space    used 4597K, capacity 4911K, committed 4952K, reserved 1048576K
Event: 19.573 GC heap after
Heap after GC invocations=12 (full 2):
 PSYoungGen      total 154624K, used 0K [0x00000000d5580000, 0x00000000dfa80000, 0x0000000100000000)
  eden space 143872K, 0% used [0x00000000d5580000,0x00000000d5580000,0x00000000de200000)
  from space 10752K, 0% used [0x00000000dee00000,0x00000000dee00000,0x00000000df880000)
  to   space 12288K, 0% used [0x00000000de200000,0x00000000de200000,0x00000000dee00000)
 ParOldGen       total 58880K, used 17473K [0x0000000080000000, 0x0000000083980000, 0x00000000d5580000)
  object space 58880K, 29% used [0x0000000080000000,0x0000000081110760,0x0000000083980000)
 Metaspace       used 34064K, capacity 35338K, committed 35416K, reserved 1079296K
  class space    used 4597K, capacity 4911K, committed 4952K, reserved 1048576K
}
Event: 22.067 GC heap before
{Heap before GC invocations=13 (full 2):
 PSYoungGen      total 154624K, used 143872K [0x00000000d5580000, 0x00000000dfa80000, 0x0000000100000000)
  eden space 143872K, 100% used [0x00000000d5580000,0x00000000de200000,0x00000000de200000)
  from space 10752K, 0% used [0x00000000dee00000,0x00000000dee00000,0x00000000df880000)
  to   space 12288K, 0% used [0x00000000de200000,0x00000000de200000,0x00000000dee00000)
 ParOldGen       total 58880K, used 17473K [0x0000000080000000, 0x0000000083980000, 0x00000000d5580000)
  object space 58880K, 29% used [0x0000000080000000,0x0000000081110760,0x0000000083980000)
 Metaspace       used 40412K, capacity 42382K, committed 42584K, reserved 1085440K
  class space    used 5508K, capacity 5890K, committed 5976K, reserved 1048576K
Event: 22.091 GC heap after
Heap after GC invocations=13 (full 2):
 PSYoungGen      total 156160K, used 11687K [0x00000000d5580000, 0x00000000e2e80000, 0x0000000100000000)
  eden space 143872K, 0% used [0x00000000d5580000,0x00000000d5580000,0x00000000de200000)
  from space 12288K, 95% used [0x00000000de200000,0x00000000ded69ec8,0x00000000dee00000)
  to   space 13824K, 0% used [0x00000000e2100000,0x00000000e2100000,0x00000000e2e80000)
 ParOldGen       total 58880K, used 17481K [0x0000000080000000, 0x0000000083980000, 0x00000000d5580000)
  object space 58880K, 29% used [0x0000000080000000,0x0000000081112760,0x0000000083980000)
 Metaspace       used 40412K, capacity 42382K, committed 42584K, reserved 1085440K
  class space    used 5508K, capacity 5890K, committed 5976K, reserved 1048576K
}
Event: 25.045 GC heap before
{Heap before GC invocations=14 (full 2):
 PSYoungGen      total 156160K, used 155559K [0x00000000d5580000, 0x00000000e2e80000, 0x0000000100000000)
  eden space 143872K, 100% used [0x00000000d5580000,0x00000000de200000,0x00000000de200000)
  from space 12288K, 95% used [0x00000000de200000,0x00000000ded69ec8,0x00000000dee00000)
  to   space 13824K, 0% used [0x00000000e2100000,0x00000000e2100000,0x00000000e2e80000)
 ParOldGen       total 58880K, used 17481K [0x0000000080000000, 0x0000000083980000, 0x00000000d5580000)
  object space 58880K, 29% used [0x0000000080000000,0x0000000081112760,0x0000000083980000)
 Metaspace       used 55211K, capacity 57614K, committed 57688K, reserved 1099776K
  class space    used 7290K, capacity 7758K, committed 7768K, reserved 1048576K
Event: 25.084 GC heap after
Heap after GC invocations=14 (full 2):
 PSYoungGen      total 202752K, used 13804K [0x00000000d5580000, 0x00000000e3780000, 0x0000000100000000)
  eden space 188928K, 0% used [0x00000000d5580000,0x00000000d5580000,0x00000000e0e00000)
  from space 13824K, 99% used [0x00000000e2100000,0x00000000e2e7b118,0x00000000e2e80000)
  to   space 19456K, 0% used [0x00000000e0e00000,0x00000000e0e00000,0x00000000e2100000)
 ParOldGen       total 58880K, used 28088K [0x0000000080000000, 0x0000000083980000, 0x00000000d5580000)
  object space 58880K, 47% used [0x0000000080000000,0x0000000081b6e120,0x0000000083980000)
 Metaspace       used 55211K, capacity 57614K, committed 57688K, reserved 1099776K
  class space    used 7290K, capacity 7758K, committed 7768K, reserved 1048576K
}
Event: 25.606 GC heap before
{Heap before GC invocations=15 (full 2):
 PSYoungGen      total 202752K, used 54267K [0x00000000d5580000, 0x00000000e3780000, 0x0000000100000000)
  eden space 188928K, 21% used [0x00000000d5580000,0x00000000d7d03ec8,0x00000000e0e00000)
  from space 13824K, 99% used [0x00000000e2100000,0x00000000e2e7b118,0x00000000e2e80000)
  to   space 19456K, 0% used [0x00000000e0e00000,0x00000000e0e00000,0x00000000e2100000)
 ParOldGen       total 58880K, used 28088K [0x0000000080000000, 0x0000000083980000, 0x00000000d5580000)
  object space 58880K, 47% used [0x0000000080000000,0x0000000081b6e120,0x0000000083980000)
 Metaspace       used 56477K, capacity 58912K, committed 58968K, reserved 1099776K
  class space    used 7473K, capacity 7972K, committed 8024K, reserved 1048576K
Event: 25.628 GC heap after
Heap after GC invocations=15 (full 2):
 PSYoungGen      total 208384K, used 4297K [0x00000000d5580000, 0x00000000e7900000, 0x0000000100000000)
  eden space 188928K, 0% used [0x00000000d5580000,0x00000000d5580000,0x00000000e0e00000)
  from space 19456K, 22% used [0x00000000e0e00000,0x00000000e1232648,0x00000000e2100000)
  to   space 19456K, 0% used [0x00000000e6600000,0x00000000e6600000,0x00000000e7900000)
 ParOldGen       total 58880K, used 36155K [0x0000000080000000, 0x0000000083980000, 0x00000000d5580000)
  object space 58880K, 61% used [0x0000000080000000,0x000000008234ee30,0x0000000083980000)
 Metaspace       used 56477K, capacity 58912K, committed 58968K, reserved 1099776K
  class space    used 7473K, capacity 7972K, committed 8024K, reserved 1048576K
}
Event: 25.628 GC heap before
{Heap before GC invocations=16 (full 3):
 PSYoungGen      total 208384K, used 4297K [0x00000000d5580000, 0x00000000e7900000, 0x0000000100000000)
  eden space 188928K, 0% used [0x00000000d5580000,0x00000000d5580000,0x00000000e0e00000)
  from space 19456K, 22% used [0x00000000e0e00000,0x00000000e1232648,0x00000000e2100000)
  to   space 19456K, 0% used [0x00000000e6600000,0x00000000e6600000,0x00000000e7900000)
 ParOldGen       total 58880K, used 36155K [0x0000000080000000, 0x0000000083980000, 0x00000000d5580000)
  object space 58880K, 61% used [0x0000000080000000,0x000000008234ee30,0x0000000083980000)
 Metaspace       used 56477K, capacity 58912K, committed 58968K, reserved 1099776K
  class space    used 7473K, capacity 7972K, committed 8024K, reserved 1048576K
Event: 25.944 GC heap after
Heap after GC invocations=16 (full 3):
 PSYoungGen      total 208384K, used 0K [0x00000000d5580000, 0x00000000e7900000, 0x0000000100000000)
  eden space 188928K, 0% used [0x00000000d5580000,0x00000000d5580000,0x00000000e0e00000)
  from space 19456K, 0% used [0x00000000e0e00000,0x00000000e0e00000,0x00000000e2100000)
  to   space 19456K, 0% used [0x00000000e6600000,0x00000000e6600000,0x00000000e7900000)
 ParOldGen       total 91136K, used 32380K [0x0000000080000000, 0x0000000085900000, 0x00000000d5580000)
  object space 91136K, 35% used [0x0000000080000000,0x0000000081f9f088,0x0000000085900000)
 Metaspace       used 56393K, capacity 58650K, committed 58968K, reserved 1099776K
  class space    used 7447K, capacity 7933K, committed 8024K, reserved 1048576K
}

Deoptimization events (10 events):
Event: 24.910 Thread 0x000000001f72c800 Uncommon trap: reason=class_check action=maybe_recompile pc=0x0000000003adadd8 method=java.util.regex.Matcher.search(I)Z @ 86
Event: 24.910 Thread 0x000000001f72c800 Uncommon trap: reason=unstable_if action=reinterpret pc=0x0000000004305fb0 method=org.objectweb.asm.MethodWriter.visitLabel(Lorg/objectweb/asm/Label;)V @ 312
Event: 24.911 Thread 0x000000001f72c800 Uncommon trap: reason=unstable_if action=reinterpret pc=0x0000000004481520 method=org.objectweb.asm.MethodWriter.visitInsn(I)V @ 32
Event: 24.912 Thread 0x000000001f72c800 Uncommon trap: reason=unstable_if action=reinterpret pc=0x0000000004346510 method=org.objectweb.asm.MethodWriter.visitMethodInsn(ILjava/lang/String;Ljava/lang/String;Ljava/lang/String;Z)V @ 89
Event: 24.912 Thread 0x000000001f72c800 Uncommon trap: reason=unstable_if action=reinterpret pc=0x000000000421e234 method=org.objectweb.asm.MethodWriter.visitVarInsn(II)V @ 116
Event: 24.989 Thread 0x000000001be06000 Uncommon trap: reason=unstable_if action=reinterpret pc=0x0000000003fa6ec4 method=java.lang.ClassValue.match(Ljava/lang/ClassValue$Entry;)Z @ 12
Event: 25.000 Thread 0x000000001be06000 Uncommon trap: reason=unstable_if action=reinterpret pc=0x0000000003919ecc method=java.util.WeakHashMap.expungeStaleEntries()V @ 66
Event: 25.023 Thread 0x000000001be06000 Uncommon trap: reason=unstable_if action=reinterpret pc=0x00000000041f9c00 method=groovy.lang.MetaClassImpl$1MOPIter.methodNameAction(Ljava/lang/Class;Lorg/codehaus/groovy/runtime/metaclass/MetaMethodIndex$Entry;)V @ 182
Event: 25.208 Thread 0x000000001be06000 Uncommon trap: reason=null_check action=make_not_entrant pc=0x0000000003c2b450 method=java.lang.Class.searchMethods([Ljava/lang/reflect/Method;Ljava/lang/String;[Ljava/lang/Class;)Ljava/lang/reflect/Method; @ 59
Event: 25.326 Thread 0x000000001be06000 Uncommon trap: reason=unstable_if action=reinterpret pc=0x0000000003efcee8 method=groovy.lang.MetaClassImpl.filterPropertyMethod(Ljava/lang/Object;ZZ)Ljava/lang/Object; @ 72

Classes redefined (0 events):
No events

Internal exceptions (10 events):
Event: 25.329 Thread 0x000000001be06000 Exception <a 'java/lang/ClassNotFoundException': build_8zs5vw057xzckej8ds0ma9uh7$_run_closure1$_closure4BeanInfo> (0x00000000d6e06c98) thrown at [C:\src\AOSP-openjdk-git\hotspot\src\share\vm\classfile\systemDictionary.cpp, line 210]
Event: 25.330 Thread 0x000000001be06000 Exception <a 'java/lang/ClassNotFoundException': build_8zs5vw057xzckej8ds0ma9uh7$_run_closure1$_closure4Customizer> (0x00000000d6e187f8) thrown at [C:\src\AOSP-openjdk-git\hotspot\src\share\vm\classfile\systemDictionary.cpp, line 210]
Event: 25.332 Thread 0x000000001be06000 Exception <a 'java/lang/ClassNotFoundException': build_8zs5vw057xzckej8ds0ma9uh7$_run_closure1BeanInfo> (0x00000000d6e4a0d0) thrown at [C:\src\AOSP-openjdk-git\hotspot\src\share\vm\classfile\systemDictionary.cpp, line 210]
Event: 25.333 Thread 0x000000001be06000 Exception <a 'java/lang/ClassNotFoundException': build_8zs5vw057xzckej8ds0ma9uh7$_run_closure1Customizer> (0x00000000d6e5b188) thrown at [C:\src\AOSP-openjdk-git\hotspot\src\share\vm\classfile\systemDictionary.cpp, line 210]
Event: 25.339 Thread 0x000000001be06000 Exception <a 'java/lang/ClassNotFoundException': org/gradle/api/JavaVersionBeanInfo> (0x00000000d6ebf8a0) thrown at [C:\src\AOSP-openjdk-git\hotspot\src\share\vm\classfile\systemDictionary.cpp, line 210]
Event: 25.342 Thread 0x000000001be06000 Exception <a 'java/lang/ClassNotFoundException': org/gradle/api/JavaVersionCustomizer> (0x00000000d6eed340) thrown at [C:\src\AOSP-openjdk-git\hotspot\src\share\vm\classfile\systemDictionary.cpp, line 210]
Event: 25.347 Thread 0x000000001be06000 Exception <a 'java/lang/ClassNotFoundException': com/android/build/gradle/internal/CompileOptions_DecoratedBeanInfo> (0x00000000d6f52f00) thrown at [C:\src\AOSP-openjdk-git\hotspot\src\share\vm\classfile\systemDictionary.cpp, line 210]
Event: 25.348 Thread 0x000000001be06000 Exception <a 'java/lang/ClassNotFoundException': com/android/build/gradle/internal/CompileOptionsBeanInfo> (0x00000000d6f6e800) thrown at [C:\src\AOSP-openjdk-git\hotspot\src\share\vm\classfile\systemDictionary.cpp, line 210]
Event: 25.348 Thread 0x000000001be06000 Exception <a 'java/lang/ClassNotFoundException': com/android/build/gradle/internal/CompileOptionsCustomizer> (0x00000000d6f8a2f8) thrown at [C:\src\AOSP-openjdk-git\hotspot\src\share\vm\classfile\systemDictionary.cpp, line 210]
Event: 25.350 Thread 0x000000001be06000 Exception <a 'java/lang/ClassNotFoundException': com/android/build/gradle/internal/CompileOptions_DecoratedCustomizer> (0x00000000d6fbb120) thrown at [C:\src\AOSP-openjdk-git\hotspot\src\share\vm\classfile\systemDictionary.cpp, line 210]

Events (10 events):
Event: 26.105 loading class com/google/common/collect/ImmutableSet$Builder
Event: 26.105 loading class com/google/common/collect/ImmutableSet$Builder done
Event: 26.106 loading class com/google/common/collect/ImmutableSet$Builder
Event: 26.106 loading class com/google/common/collect/ImmutableSet$Builder done
Event: 26.106 loading class com/google/common/collect/ImmutableSet$Builder
Event: 26.106 loading class com/google/common/collect/ImmutableSet$Builder done
Event: 26.107 loading class com/google/common/collect/ImmutableSet$Builder
Event: 26.107 loading class com/google/common/collect/ImmutableSet$Builder done
Event: 26.107 loading class com/google/common/collect/ImmutableSet$Builder
Event: 26.107 loading class com/google/common/collect/ImmutableSet$Builder done


Dynamic libraries:
0x00007ff6447d0000 - 0x00007ff644801000 	C:\Program Files\Android\Android Studio\jre\bin\java.exe
0x00007fff8fba0000 - 0x00007fff8fda9000 	C:\WINDOWS\SYSTEM32\ntdll.dll
0x00007fff8e560000 - 0x00007fff8e61d000 	C:\WINDOWS\System32\KERNEL32.DLL
0x00007fff8d390000 - 0x00007fff8d704000 	C:\WINDOWS\System32\KERNELBASE.dll
0x00007fff8f2f0000 - 0x00007fff8f39e000 	C:\WINDOWS\System32\ADVAPI32.dll
0x00007fff8f3a0000 - 0x00007fff8f443000 	C:\WINDOWS\System32\msvcrt.dll
0x00007fff8e430000 - 0x00007fff8e4ce000 	C:\WINDOWS\System32\sechost.dll
0x00007fff8f1d0000 - 0x00007fff8f2f0000 	C:\WINDOWS\System32\RPCRT4.dll
0x00007fff8da40000 - 0x00007fff8dbec000 	C:\WINDOWS\System32\USER32.dll
0x00007fff8d090000 - 0x00007fff8d0b6000 	C:\WINDOWS\System32\win32u.dll
0x00007fff8e140000 - 0x00007fff8e169000 	C:\WINDOWS\System32\GDI32.dll
0x00007fff8d800000 - 0x00007fff8d912000 	C:\WINDOWS\System32\gdi32full.dll
0x00007fff8d2f0000 - 0x00007fff8d38d000 	C:\WINDOWS\System32\msvcp_win.dll
0x00007fff8d920000 - 0x00007fff8da31000 	C:\WINDOWS\System32\ucrtbase.dll
0x00007fff76e80000 - 0x00007fff77125000 	C:\WINDOWS\WinSxS\amd64_microsoft.windows.common-controls_6595b64144ccf1df_6.0.22000.120_none_9d947278b86cc467\COMCTL32.dll
0x00007fff8df50000 - 0x00007fff8df81000 	C:\WINDOWS\System32\IMM32.DLL
0x0000000063a70000 - 0x0000000063b42000 	C:\Program Files\Android\Android Studio\jre\jre\bin\msvcr100.dll
0x0000000063c30000 - 0x000000006447b000 	C:\Program Files\Android\Android Studio\jre\jre\bin\server\jvm.dll
0x00007fff8e170000 - 0x00007fff8e178000 	C:\WINDOWS\System32\PSAPI.DLL
0x00007fff747d0000 - 0x00007fff747d9000 	C:\WINDOWS\SYSTEM32\WSOCK32.dll
0x00007fff87180000 - 0x00007fff8718a000 	C:\WINDOWS\SYSTEM32\VERSION.dll
0x00007fff87cf0000 - 0x00007fff87d23000 	C:\WINDOWS\SYSTEM32\WINMM.dll
0x00007fff8e4f0000 - 0x00007fff8e55f000 	C:\WINDOWS\System32\WS2_32.dll
0x00007fff746b0000 - 0x00007fff746bf000 	C:\Program Files\Android\Android Studio\jre\jre\bin\verify.dll
0x00007fff53480000 - 0x00007fff534a9000 	C:\Program Files\Android\Android Studio\jre\jre\bin\java.dll
0x00007fff27270000 - 0x00007fff27286000 	C:\Program Files\Android\Android Studio\jre\jre\bin\zip.dll
0x00007fff8e620000 - 0x00007fff8edcf000 	C:\WINDOWS\System32\SHELL32.dll
0x00007fff8b0b0000 - 0x00007fff8b918000 	C:\WINDOWS\SYSTEM32\windows.storage.dll
0x00007fff8ee50000 - 0x00007fff8f1c8000 	C:\WINDOWS\System32\combase.dll
0x00007fff8af40000 - 0x00007fff8b0a6000 	C:\WINDOWS\SYSTEM32\wintypes.dll
0x00007fff8e2a0000 - 0x00007fff8e38a000 	C:\WINDOWS\System32\SHCORE.dll
0x00007fff8faf0000 - 0x00007fff8fb4d000 	C:\WINDOWS\System32\shlwapi.dll
0x00007fff8cfc0000 - 0x00007fff8cfe1000 	C:\WINDOWS\SYSTEM32\profapi.dll
0x00007fff27250000 - 0x00007fff2726a000 	C:\Program Files\Android\Android Studio\jre\jre\bin\net.dll
0x00007fff8c6b0000 - 0x00007fff8c717000 	C:\WINDOWS\system32\mswsock.dll
0x00007fff26a30000 - 0x00007fff26a43000 	C:\Program Files\Android\Android Studio\jre\jre\bin\nio.dll
0x00007fff7b380000 - 0x00007fff7b3a7000 	C:\Users\MR LOKESHWARAN\.gradle\native\f6784746aeab05261644944871eae4fe03e0ef1612fff0a4a95f87b438bc6780\windows-amd64\native-platform.dll
0x00007fff74590000 - 0x00007fff7459d000 	C:\Program Files\Android\Android Studio\jre\jre\bin\management.dll
0x00007fff8c8f0000 - 0x00007fff8c908000 	C:\WINDOWS\SYSTEM32\CRYPTSP.dll
0x00007fff8c1e0000 - 0x00007fff8c215000 	C:\WINDOWS\system32\rsaenh.dll
0x00007fff8c7a0000 - 0x00007fff8c7c9000 	C:\WINDOWS\SYSTEM32\USERENV.dll
0x00007fff8ca70000 - 0x00007fff8ca97000 	C:\WINDOWS\SYSTEM32\bcrypt.dll
0x00007fff8d710000 - 0x00007fff8d78f000 	C:\WINDOWS\System32\bcryptprimitives.dll
0x00007fff8c910000 - 0x00007fff8c91c000 	C:\WINDOWS\SYSTEM32\CRYPTBASE.dll
0x00007fff8bdb0000 - 0x00007fff8bddd000 	C:\WINDOWS\SYSTEM32\IPHLPAPI.DLL
0x00007fff8e130000 - 0x00007fff8e139000 	C:\WINDOWS\System32\NSI.dll
0x00007fff871c0000 - 0x00007fff871d9000 	C:\WINDOWS\SYSTEM32\dhcpcsvc6.DLL
0x00007fff87860000 - 0x00007fff8787e000 	C:\WINDOWS\SYSTEM32\dhcpcsvc.DLL
0x00007fff8bde0000 - 0x00007fff8bec8000 	C:\WINDOWS\SYSTEM32\DNSAPI.dll
0x00007fff856b0000 - 0x00007fff856bc000 	C:\WINDOWS\SYSTEM32\WINNSI.DLL

VM Arguments:
jvm_args: -Xmx2048m -Dfile.encoding=UTF-8 -Duser.country=IN -Duser.language=en -Duser.variant 
java_command: org.gradle.launcher.daemon.bootstrap.GradleDaemon 6.5
java_class_path (initial): C:\Users\MR LOKESHWARAN\.gradle\wrapper\dists\gradle-6.5-bin\6nifqtx7604sqp1q6g8wikw7p\gradle-6.5\lib\gradle-launcher-6.5.jar
Launcher Type: SUN_STANDARD

Environment Variables:
JAVA_HOME=C:\Android\openjdk
PATH=C:\Program Files\ImageMagick-7.1.0-Q16-HDRI;C:\Program Files\Common Files\Oracle\Java\javapath;C:\windows\system32;C:\windows;C:\windows\System32\Wbem;C:\windows\System32\WindowsPowerShell\v1.0\;C:\windows\System32\OpenSSH\;C:\Program Files (x86)\NVIDIA Corporation\PhysX\Common;C:\Program Files\NVIDIA Corporation\NVIDIA NvDLISR;C:\Program Files\Git\cmd;C:\flutter\bin;C:\Program Files\Java\jdk-15\bin;C:\Android\platform-tools;C:\Android\tools;C:\Program Files\nodejs\;%SystemRoot%\system32;%SystemRoot%;%SystemRoot%\System32\Wbem;%SYSTEMROOT%\System32\WindowsPowerShell\v1.0\;%SYSTEMROOT%\System32\OpenSSH\;C:\Users\MR LOKESHWARAN\AppData\Local\Programs\Python\Python37\Scripts\;C:\Users\MR LOKESHWARAN\AppData\Local\Programs\Python\Python37\;C:\Users\MR LOKESHWARAN\AppData\Local\Programs\Python\Python38\Scripts\;C:\Users\MR LOKESHWARAN\AppData\Local\Programs\Python\Python38\;C:\Users\MR LOKESHWARAN\AppData\Local\Microsoft\WindowsApps;C:\Users\MR LOKESHWARAN\AppData\Local\Programs\Microsoft VS Code\bin;C:\Android\flutter\bin;C:\Program Files\JetBrains\PyCharm Community Edition 2020.1.2\bin;;C:\Android\sdk;C:\Android\sdk\bin;;C:\Program Files\JetBrains\IntelliJ IDEA Community Edition 2020.2.2\bin;;C:\Modeltech_pe_edu_10.4a\win32pe_edu;C:\Users\MR LOKESHWARAN\AppData\Roaming\npm
USERNAME=MR LOKESHWARAN
OS=Windows_NT
PROCESSOR_IDENTIFIER=AMD64 Family 23 Model 24 Stepping 1, AuthenticAMD



---------------  S Y S T E M  ---------------

OS: Windows 10.0 , 64 bit Build 22000 (10.0.22000.434)

CPU:total 8 (initial active 8) (8 cores per cpu, 1 threads per core) family 23 model 24 stepping 1, cmov, cx8, fxsr, mmx, sse, sse2, sse3, ssse3, sse4.1, sse4.2, popcnt, avx, avx2, aes, clmul, mmxext, 3dnowpref, lzcnt, sse4a, tsc, tscinvbit, tscinv, bmi1

Memory: 4k page, physical 6165652k(463336k free), swap 10359956k(5136k free)

vm_info: OpenJDK 64-Bit Server VM (25.242-b01) for windows-amd64 JRE (1.8.0_242-release-1644-b01), built by "builder" with MS VC++ 10.0 (VS2010)

time: Sat Apr 16 14:10:19 2022
timezone: India Standard Time
elapsed time: 26 seconds (0d 0h 0m 26s)

