#
# There is insufficient memory for the Java Runtime Environment to continue.
# Native memory allocation (malloc) failed to allocate 810816 bytes for Chunk::new
# Possible reasons:
#   The system is out of physical RAM or swap space
#   The process is running with CompressedOops enabled, and the Java Heap may be blocking the growth of the native heap
# Possible solutions:
#   Reduce memory load on the system
#   Increase physical memory or swap space
#   Check if swap backing store is full
#   Decrease Java heap size (-Xmx/-Xms)
#   Decrease number of Java threads
#   Decrease Java thread stack sizes (-Xss)
#   Set larger code cache with -XX:ReservedCodeCacheSize=
#   JVM is running with Unscaled Compressed Oops mode in which the Java heap is
#     placed in the first 4GB address space. The Java Heap base address is the
#     maximum limit for the native heap growth. Please use -XX:HeapBaseMinAddress
#     to set the Java Heap base and to place the Java Heap above 4GB virtual address.
# This output file may be truncated or incomplete.
#
#  Out of Memory Error (allocation.cpp:389), pid=21440, tid=0x0000000000002668
#
# JRE version: OpenJDK Runtime Environment (8.0_202-b08) (build 1.8.0_202-b08)
# Java VM: OpenJDK 64-Bit Server VM (25.202-b08 mixed mode windows-amd64 compressed oops)
# Failed to write core dump. Minidumps are not enabled by default on client versions of Windows
#

---------------  T H R E A D  ---------------

Current thread (0x00000000193df000):  JavaThread "C2 CompilerThread2" daemon [_thread_in_native, id=9832, stack(0x0000000019ea0000,0x0000000019fa0000)]

Stack: [0x0000000019ea0000,0x0000000019fa0000]
[error occurred during error reporting (printing stack bounds), id 0xc0000005]

Native frames: (J=compiled Java code, j=interpreted, Vv=VM code, C=native code)


Current CompileTask:
C2:  29237 3109       4       org.objectweb.asm.Frame::execute (2318 bytes)


---------------  P R O C E S S  ---------------

Java Threads: ( => current thread )
  0x000000001e5ed800 JavaThread "Cache worker for file content cache (C:\Users\MR LOKESHWARAN\.gradle\caches\6.5\fileContent)" [_thread_blocked, id=7668, stack(0x0000000021ca0000,0x0000000021da0000)]
  0x000000001e5e8800 JavaThread "Cache worker for execution history cache (C:\Users\MR LOKESHWARAN\.gradle\caches\6.5\executionHistory)" [_thread_blocked, id=13832, stack(0x0000000021ba0000,0x0000000021ca0000)]
  0x000000001e5ea800 JavaThread "Cache worker for cache directory md-rule (C:\Users\MR LOKESHWARAN\.gradle\caches\6.5\md-rule)" [_thread_blocked, id=3160, stack(0x00000000218a0000,0x00000000219a0000)]
  0x000000001e5ec000 JavaThread "Cache worker for cache directory md-supplier (C:\Users\MR LOKESHWARAN\.gradle\caches\6.5\md-supplier)" [_thread_blocked, id=13328, stack(0x00000000217a0000,0x00000000218a0000)]
  0x000000001aa3d000 JavaThread "Cache worker for checksums cache (D:\Android Projects\RentalApp\.gradle\checksums)" [_thread_blocked, id=18240, stack(0x00000000216a0000,0x00000000217a0000)]
  0x000000001aa3d800 JavaThread "jar transforms Thread 26" [_thread_blocked, id=15792, stack(0x00000000213a0000,0x00000000214a0000)]
  0x000000001aa3a800 JavaThread "jar transforms Thread 25" [_thread_blocked, id=13584, stack(0x00000000212a0000,0x00000000213a0000)]
  0x000000001aa41800 JavaThread "jar transforms Thread 24" [_thread_blocked, id=8472, stack(0x00000000211a0000,0x00000000212a0000)]
  0x000000001aa40800 JavaThread "jar transforms Thread 23" [_thread_blocked, id=20136, stack(0x00000000210a0000,0x00000000211a0000)]
  0x000000001aa40000 JavaThread "jar transforms Thread 22" [_thread_blocked, id=9108, stack(0x0000000020fa0000,0x00000000210a0000)]
  0x000000001aa3c000 JavaThread "jar transforms Thread 21" [_thread_blocked, id=15800, stack(0x0000000020ea0000,0x0000000020fa0000)]
  0x000000001aa3f000 JavaThread "jar transforms Thread 20" [_thread_blocked, id=19260, stack(0x0000000020da0000,0x0000000020ea0000)]
  0x000000001aa3e800 JavaThread "jar transforms Thread 19" [_thread_blocked, id=10572, stack(0x0000000020ca0000,0x0000000020da0000)]
  0x000000001aa34800 JavaThread "jar transforms Thread 18" [_thread_blocked, id=16424, stack(0x0000000020ba0000,0x0000000020ca0000)]
  0x000000001aa3a000 JavaThread "jar transforms Thread 17" [_thread_blocked, id=20092, stack(0x0000000020aa0000,0x0000000020ba0000)]
  0x000000001aa38800 JavaThread "jar transforms Thread 16" [_thread_blocked, id=18524, stack(0x00000000209a0000,0x0000000020aa0000)]
  0x000000001aa39000 JavaThread "jar transforms Thread 15" [_thread_blocked, id=15632, stack(0x00000000208a0000,0x00000000209a0000)]
  0x000000001aa3b800 JavaThread "jar transforms Thread 14" [_thread_blocked, id=21076, stack(0x00000000207a0000,0x00000000208a0000)]
  0x000000001aa37800 JavaThread "jar transforms Thread 13" [_thread_blocked, id=17660, stack(0x00000000206a0000,0x00000000207a0000)]
  0x000000001aa34000 JavaThread "jar transforms Thread 12" [_thread_blocked, id=7280, stack(0x00000000205a0000,0x00000000206a0000)]
  0x000000001aa33000 JavaThread "jar transforms Thread 11" [_thread_blocked, id=9464, stack(0x00000000204a0000,0x00000000205a0000)]
  0x000000001aa36000 JavaThread "jar transforms Thread 10" [_thread_blocked, id=14996, stack(0x00000000203a0000,0x00000000204a0000)]
  0x000000001aa37000 JavaThread "jar transforms Thread 9" [_thread_blocked, id=3176, stack(0x00000000202a0000,0x00000000203a0000)]
  0x000000001aa32800 JavaThread "jar transforms Thread 8" [_thread_blocked, id=4392, stack(0x00000000201a0000,0x00000000202a0000)]
  0x000000001aa35800 JavaThread "jar transforms Thread 7" [_thread_blocked, id=17596, stack(0x00000000200a0000,0x00000000201a0000)]
  0x000000001bb70800 JavaThread "jar transforms Thread 6" [_thread_blocked, id=12400, stack(0x000000001ffa0000,0x00000000200a0000)]
  0x000000001bb71000 JavaThread "jar transforms Thread 5" [_thread_blocked, id=2160, stack(0x000000001fea0000,0x000000001ffa0000)]
  0x000000001bb6f000 JavaThread "jar transforms Thread 4" [_thread_blocked, id=20520, stack(0x000000001fda0000,0x000000001fea0000)]
  0x000000001bb72000 JavaThread "jar transforms Thread 3" [_thread_blocked, id=9808, stack(0x000000001fca0000,0x000000001fda0000)]
  0x000000001bb6e000 JavaThread "jar transforms Thread 2" [_thread_blocked, id=21088, stack(0x000000001fba0000,0x000000001fca0000)]
  0x000000001bb6c000 JavaThread "jar transforms" [_thread_blocked, id=7312, stack(0x000000001faa0000,0x000000001fba0000)]
  0x000000001bb6b000 JavaThread "Cache worker for file hash cache (D:\Android Projects\RentalApp\.gradle\6.5\fileHashes)" [_thread_blocked, id=15104, stack(0x000000001f9a0000,0x000000001faa0000)]
  0x000000001bb6c800 JavaThread "Cache worker for file hash cache (C:\Users\MR LOKESHWARAN\.gradle\caches\6.5\fileHashes)" [_thread_blocked, id=6168, stack(0x000000001e4d0000,0x000000001e5d0000)]
  0x000000001bb6d800 JavaThread "File lock request listener" [_thread_in_native, id=18068, stack(0x000000001e3d0000,0x000000001e4d0000)]
  0x000000001b384800 JavaThread "Cache worker for journal cache (C:\Users\MR LOKESHWARAN\.gradle\caches\journal-1)" [_thread_blocked, id=6844, stack(0x000000001e2d0000,0x000000001e3d0000)]
  0x000000001b00e800 JavaThread "Thread-9" [_thread_blocked, id=2652, stack(0x000000001dfd0000,0x000000001e0d0000)]
  0x000000001b00e000 JavaThread "Stdin handler" [_thread_blocked, id=12452, stack(0x000000001ded0000,0x000000001dfd0000)]
  0x000000001a8b0000 JavaThread "Asynchronous log dispatcher for DefaultDaemonConnection: socket connection from /127.0.0.1:62367 to /127.0.0.1:62368" [_thread_blocked, id=7044, stack(0x000000001ddd0000,0x000000001ded0000)]
  0x000000001ad9e800 JavaThread "Daemon worker" [_thread_in_vm, id=13536, stack(0x000000001dcd0000,0x000000001ddd0000)]
  0x000000001af68000 JavaThread "Cancel handler" [_thread_blocked, id=14204, stack(0x000000001dbd0000,0x000000001dcd0000)]
  0x000000001b856000 JavaThread "Handler for socket connection from /127.0.0.1:62367 to /127.0.0.1:62368" [_thread_in_native, id=18916, stack(0x000000001d9d0000,0x000000001dad0000)]
  0x000000001b855000 JavaThread "Daemon" [_thread_blocked, id=2508, stack(0x000000001d8d0000,0x000000001d9d0000)]
  0x000000001b850000 JavaThread "Daemon periodic checks" [_thread_blocked, id=21056, stack(0x000000001d5d0000,0x000000001d6d0000)]
  0x000000001ae67000 JavaThread "Incoming local TCP Connector on port 62367" [_thread_in_native, id=8520, stack(0x000000001d380000,0x000000001d480000)]
  0x000000001ba0b000 JavaThread "Daemon health stats" [_thread_blocked, id=15064, stack(0x000000001ca40000,0x000000001cb40000)]
  0x000000001943f000 JavaThread "Service Thread" daemon [_thread_blocked, id=8132, stack(0x000000001a0a0000,0x000000001a1a0000)]
  0x00000000193e2800 JavaThread "C1 CompilerThread3" daemon [_thread_in_vm, id=21404, stack(0x0000000019fa0000,0x000000001a0a0000)]
=>0x00000000193df000 JavaThread "C2 CompilerThread2" daemon [_thread_in_native, id=9832, stack(0x0000000019ea0000,0x0000000019fa0000)]
  0x00000000193d8000 JavaThread "C2 CompilerThread1" daemon [_thread_in_native, id=18256, stack(0x0000000019da0000,0x0000000019ea0000)]
  0x00000000175ed800 JavaThread "C2 CompilerThread0" daemon [_thread_in_native, id=14848, stack(0x0000000019ca0000,0x0000000019da0000)]
  0x00000000193cf800 JavaThread "Attach Listener" daemon [_thread_blocked, id=18856, stack(0x0000000019ba0000,0x0000000019ca0000)]
  0x00000000193ce800 JavaThread "Signal Dispatcher" daemon [_thread_blocked, id=13600, stack(0x0000000019aa0000,0x0000000019ba0000)]
  0x0000000002568800 JavaThread "Finalizer" daemon [_thread_blocked, id=14436, stack(0x00000000198a0000,0x00000000199a0000)]
  0x00000000175db000 JavaThread "Reference Handler" daemon [_thread_blocked, id=6764, stack(0x00000000197a0000,0x00000000198a0000)]
  0x000000000227e000 JavaThread "main" [_thread_blocked, id=10476, stack(0x0000000002370000,0x0000000002470000)]

Other Threads:
  0x00000000175d7000 VMThread [stack: 0x00000000192a0000,0x00000000193a0000] [id=4132]
  0x0000000019413800 WatcherThread [stack: 0x000000001a1a0000,0x000000001a2a0000] [id=19740]

VM state:not at safepoint (normal execution)

VM Mutex/Monitor currently owned by a thread: None

heap address: 0x0000000080000000, size: 2048 MB, Compressed Oops mode: 32-bit
Narrow klass base: 0x0000000000000000, Narrow klass shift: 3
Compressed class space size: 1073741824 Address: 0x0000000100000000

Heap:
 PSYoungGen      total 66048K, used 19078K [0x00000000d5580000, 0x00000000dbc00000, 0x0000000100000000)
  eden space 57344K, 33% used [0x00000000d5580000,0x00000000d6821be8,0x00000000d8d80000)
  from space 8704K, 0% used [0x00000000d8d80000,0x00000000d8d80000,0x00000000d9600000)
  to   space 9216K, 0% used [0x00000000db300000,0x00000000db300000,0x00000000dbc00000)
 ParOldGen       total 55808K, used 13762K [0x0000000080000000, 0x0000000083680000, 0x00000000d5580000)
  object space 55808K, 24% used [0x0000000080000000,0x0000000080d70880,0x0000000083680000)
 Metaspace       used 35315K, capacity 36392K, committed 36736K, reserved 1081344K
  class space    used 4662K, capacity 4926K, committed 4992K, reserved 1048576K

Card table byte_map: [0x0000000011930000,0x0000000011d40000] byte_map_base: 0x0000000011530000

Marking Bits: (ParMarkBitMap*) 0x00000000642ecf30
 Begin Bits: [0x00000000127f0000, 0x00000000147f0000)
 End Bits:   [0x00000000147f0000, 0x00000000167f0000)

Polling page: 0x0000000002210000

CodeCache: size=245760Kb used=10419Kb max_used=10419Kb free=235340Kb
 bounds [0x0000000002570000, 0x0000000002fb0000, 0x0000000011570000]
 total_blobs=3529 nmethods=2816 adapters=626
 compilation: enabled

Compilation events (10 events):
Event: 29.165 Thread 0x00000000193e2800 3128  s!   3       java.beans.PropertyDescriptor::getPropertyType (33 bytes)
Event: 29.166 Thread 0x00000000193e2800 nmethod 3128 0x0000000002f9dcd0 code [0x0000000002f9dec0, 0x0000000002f9e928]
Event: 29.166 Thread 0x00000000193e2800 3130       3       groovy.lang.MetaBeanProperty::<init> (18 bytes)
Event: 29.166 Thread 0x00000000193e2800 nmethod 3130 0x0000000002f97550 code [0x0000000002f976c0, 0x0000000002f97930]
Event: 29.166 Thread 0x00000000193e2800 3129       3       java.beans.PropertyDescriptor::getPropertyType0 (22 bytes)
Event: 29.166 Thread 0x00000000193e2800 nmethod 3129 0x0000000002f9ed90 code [0x0000000002f9ef00, 0x0000000002f9f268]
Event: 29.177 Thread 0x00000000193e2800 3131       3       java.util.Collections::emptySet (4 bytes)
Event: 29.177 Thread 0x00000000193e2800 nmethod 3131 0x0000000002f9f350 code [0x0000000002f9f4a0, 0x0000000002f9f5d0]
Event: 29.209 Thread 0x00000000193e2800 3132       3       java.lang.reflect.Constructor::acquireConstructorAccessor (44 bytes)
Event: 29.210 Thread 0x00000000193e2800 nmethod 3132 0x0000000002f9f650 code [0x0000000002f9f7e0, 0x0000000002f9fe38]

GC Heap History (10 events):
Event: 26.759 GC heap before
{Heap before GC invocations=11 (full 1):
 PSYoungGen      total 38912K, used 36352K [0x00000000d5580000, 0x00000000d8a80000, 0x0000000100000000)
  eden space 36352K, 100% used [0x00000000d5580000,0x00000000d7900000,0x00000000d7900000)
  from space 2560K, 0% used [0x00000000d8000000,0x00000000d8000000,0x00000000d8280000)
  to   space 7680K, 0% used [0x00000000d8300000,0x00000000d8300000,0x00000000d8a80000)
 ParOldGen       total 37888K, used 7032K [0x0000000080000000, 0x0000000082500000, 0x00000000d5580000)
  object space 37888K, 18% used [0x0000000080000000,0x00000000806de210,0x0000000082500000)
 Metaspace       used 22295K, capacity 23248K, committed 23424K, reserved 1069056K
  class space    used 3149K, capacity 3392K, committed 3456K, reserved 1048576K
Event: 26.762 GC heap after
Heap after GC invocations=11 (full 1):
 PSYoungGen      total 46592K, used 3233K [0x00000000d5580000, 0x00000000d9a00000, 0x0000000100000000)
  eden space 38912K, 0% used [0x00000000d5580000,0x00000000d5580000,0x00000000d7b80000)
  from space 7680K, 42% used [0x00000000d8300000,0x00000000d86287f8,0x00000000d8a80000)
  to   space 7680K, 0% used [0x00000000d7b80000,0x00000000d7b80000,0x00000000d8300000)
 ParOldGen       total 37888K, used 7040K [0x0000000080000000, 0x0000000082500000, 0x00000000d5580000)
  object space 37888K, 18% used [0x0000000080000000,0x00000000806e0210,0x0000000082500000)
 Metaspace       used 22295K, capacity 23248K, committed 23424K, reserved 1069056K
  class space    used 3149K, capacity 3392K, committed 3456K, reserved 1048576K
}
Event: 27.636 GC heap before
{Heap before GC invocations=12 (full 1):
 PSYoungGen      total 46592K, used 42145K [0x00000000d5580000, 0x00000000d9a00000, 0x0000000100000000)
  eden space 38912K, 100% used [0x00000000d5580000,0x00000000d7b80000,0x00000000d7b80000)
  from space 7680K, 42% used [0x00000000d8300000,0x00000000d86287f8,0x00000000d8a80000)
  to   space 7680K, 0% used [0x00000000d7b80000,0x00000000d7b80000,0x00000000d8300000)
 ParOldGen       total 37888K, used 7040K [0x0000000080000000, 0x0000000082500000, 0x00000000d5580000)
  object space 37888K, 18% used [0x0000000080000000,0x00000000806e0210,0x0000000082500000)
 Metaspace       used 26822K, capacity 27820K, committed 27904K, reserved 1073152K
  class space    used 3766K, capacity 4032K, committed 4096K, reserved 1048576K
Event: 27.642 GC heap after
Heap after GC invocations=12 (full 1):
 PSYoungGen      total 46592K, used 4750K [0x00000000d5580000, 0x00000000d9d80000, 0x0000000100000000)
  eden space 38912K, 0% used [0x00000000d5580000,0x00000000d5580000,0x00000000d7b80000)
  from space 7680K, 61% used [0x00000000d7b80000,0x00000000d80238d0,0x00000000d8300000)
  to   space 7680K, 0% used [0x00000000d9600000,0x00000000d9600000,0x00000000d9d80000)
 ParOldGen       total 37888K, used 8627K [0x0000000080000000, 0x0000000082500000, 0x00000000d5580000)
  object space 37888K, 22% used [0x0000000080000000,0x000000008086cf60,0x0000000082500000)
 Metaspace       used 26822K, capacity 27820K, committed 27904K, reserved 1073152K
  class space    used 3766K, capacity 4032K, committed 4096K, reserved 1048576K
}
Event: 28.584 GC heap before
{Heap before GC invocations=13 (full 1):
 PSYoungGen      total 46592K, used 43148K [0x00000000d5580000, 0x00000000d9d80000, 0x0000000100000000)
  eden space 38912K, 98% used [0x00000000d5580000,0x00000000d7aff8e0,0x00000000d7b80000)
  from space 7680K, 61% used [0x00000000d7b80000,0x00000000d80238d0,0x00000000d8300000)
  to   space 7680K, 0% used [0x00000000d9600000,0x00000000d9600000,0x00000000d9d80000)
 ParOldGen       total 37888K, used 8627K [0x0000000080000000, 0x0000000082500000, 0x00000000d5580000)
  object space 37888K, 22% used [0x0000000080000000,0x000000008086cf60,0x0000000082500000)
 Metaspace       used 33471K, capacity 34510K, committed 34816K, reserved 1079296K
  class space    used 4476K, capacity 4774K, committed 4864K, reserved 1048576K
Event: 28.591 GC heap after
Heap after GC invocations=13 (full 1):
 PSYoungGen      total 65024K, used 7677K [0x00000000d5580000, 0x00000000d9f80000, 0x0000000100000000)
  eden space 57344K, 0% used [0x00000000d5580000,0x00000000d5580000,0x00000000d8d80000)
  from space 7680K, 99% used [0x00000000d9600000,0x00000000d9d7f510,0x00000000d9d80000)
  to   space 8704K, 0% used [0x00000000d8d80000,0x00000000d8d80000,0x00000000d9600000)
 ParOldGen       total 37888K, used 10106K [0x0000000080000000, 0x0000000082500000, 0x00000000d5580000)
  object space 37888K, 26% used [0x0000000080000000,0x00000000809de850,0x0000000082500000)
 Metaspace       used 33471K, capacity 34510K, committed 34816K, reserved 1079296K
  class space    used 4476K, capacity 4774K, committed 4864K, reserved 1048576K
}
Event: 29.001 GC heap before
{Heap before GC invocations=14 (full 1):
 PSYoungGen      total 65024K, used 15772K [0x00000000d5580000, 0x00000000d9f80000, 0x0000000100000000)
  eden space 57344K, 14% used [0x00000000d5580000,0x00000000d5d67c98,0x00000000d8d80000)
  from space 7680K, 99% used [0x00000000d9600000,0x00000000d9d7f510,0x00000000d9d80000)
  to   space 8704K, 0% used [0x00000000d8d80000,0x00000000d8d80000,0x00000000d9600000)
 ParOldGen       total 37888K, used 10106K [0x0000000080000000, 0x0000000082500000, 0x00000000d5580000)
  object space 37888K, 26% used [0x0000000080000000,0x00000000809de850,0x0000000082500000)
 Metaspace       used 34358K, capacity 35336K, committed 35416K, reserved 1079296K
  class space    used 4510K, capacity 4792K, committed 4864K, reserved 1048576K
Event: 29.006 GC heap after
Heap after GC invocations=14 (full 1):
 PSYoungGen      total 66048K, used 839K [0x00000000d5580000, 0x00000000dbc00000, 0x0000000100000000)
  eden space 57344K, 0% used [0x00000000d5580000,0x00000000d5580000,0x00000000d8d80000)
  from space 8704K, 9% used [0x00000000d8d80000,0x00000000d8e51ed8,0x00000000d9600000)
  to   space 9216K, 0% used [0x00000000db300000,0x00000000db300000,0x00000000dbc00000)
 ParOldGen       total 37888K, used 13933K [0x0000000080000000, 0x0000000082500000, 0x00000000d5580000)
  object space 37888K, 36% used [0x0000000080000000,0x0000000080d9b740,0x0000000082500000)
 Metaspace       used 34358K, capacity 35336K, committed 35416K, reserved 1079296K
  class space    used 4510K, capacity 4792K, committed 4864K, reserved 1048576K
}
Event: 29.006 GC heap before
{Heap before GC invocations=15 (full 2):
 PSYoungGen      total 66048K, used 839K [0x00000000d5580000, 0x00000000dbc00000, 0x0000000100000000)
  eden space 57344K, 0% used [0x00000000d5580000,0x00000000d5580000,0x00000000d8d80000)
  from space 8704K, 9% used [0x00000000d8d80000,0x00000000d8e51ed8,0x00000000d9600000)
  to   space 9216K, 0% used [0x00000000db300000,0x00000000db300000,0x00000000dbc00000)
 ParOldGen       total 37888K, used 13933K [0x0000000080000000, 0x0000000082500000, 0x00000000d5580000)
  object space 37888K, 36% used [0x0000000080000000,0x0000000080d9b740,0x0000000082500000)
 Metaspace       used 34358K, capacity 35336K, committed 35416K, reserved 1079296K
  class space    used 4510K, capacity 4792K, committed 4864K, reserved 1048576K
Event: 29.082 GC heap after
Heap after GC invocations=15 (full 2):
 PSYoungGen      total 66048K, used 0K [0x00000000d5580000, 0x00000000dbc00000, 0x0000000100000000)
  eden space 57344K, 0% used [0x00000000d5580000,0x00000000d5580000,0x00000000d8d80000)
  from space 8704K, 0% used [0x00000000d8d80000,0x00000000d8d80000,0x00000000d9600000)
  to   space 9216K, 0% used [0x00000000db300000,0x00000000db300000,0x00000000dbc00000)
 ParOldGen       total 55808K, used 13762K [0x0000000080000000, 0x0000000083680000, 0x00000000d5580000)
  object space 55808K, 24% used [0x0000000080000000,0x0000000080d70880,0x0000000083680000)
 Metaspace       used 34338K, capacity 35312K, committed 35416K, reserved 1079296K
  class space    used 4503K, capacity 4784K, committed 4864K, reserved 1048576K
}

Deoptimization events (10 events):
Event: 26.282 Thread 0x000000001ad9e800 Uncommon trap: reason=unstable_if action=reinterpret pc=0x0000000002be2500 method=java.util.HashMap.hash(Ljava/lang/Object;)I @ 1
Event: 26.308 Thread 0x000000001ad9e800 Uncommon trap: reason=unstable_if action=reinterpret pc=0x0000000002bf9d4c method=jdk.internal.org.objectweb.asm.Type.getArgumentsAndReturnSizes(Ljava/lang/String;)I @ 88
Event: 26.782 Thread 0x000000001ad9e800 Uncommon trap: reason=unstable_if action=reinterpret pc=0x000000000287eb1c method=java.io.WinNTFileSystem.resolve(Ljava/lang/String;Ljava/lang/String;)Ljava/lang/String; @ 49
Event: 27.754 Thread 0x000000001ad9e800 Uncommon trap: reason=bimorphic action=maybe_recompile pc=0x0000000002c3a01c method=java.io.BufferedInputStream.read([BII)I @ 101
Event: 27.754 Thread 0x000000001ad9e800 Uncommon trap: reason=unstable_if action=reinterpret pc=0x0000000002c3a380 method=java.io.BufferedInputStream.read([BII)I @ 56
Event: 27.777 Thread 0x000000001ad9e800 Uncommon trap: reason=unstable_if action=reinterpret pc=0x000000000286574c method=sun.misc.MetaIndex.mayContain(Ljava/lang/String;)Z @ 38
Event: 27.819 Thread 0x000000001ad9e800 Uncommon trap: reason=unstable_if action=reinterpret pc=0x0000000002775140 method=java.lang.ClassLoader.getClassLoadingLock(Ljava/lang/String;)Ljava/lang/Object; @ 6
Event: 28.335 Thread 0x000000001ad9e800 Uncommon trap: reason=unstable_if action=reinterpret pc=0x0000000002ceb308 method=java.net.URLClassLoader.defineClass(Ljava/lang/String;Lsun/misc/Resource;)Ljava/lang/Class; @ 21
Event: 28.592 Thread 0x00000000175db000 Uncommon trap: reason=unstable_if action=reinterpret pc=0x0000000002b5694c method=java.lang.ref.Reference.tryHandlePending(Z)Z @ 104
Event: 28.630 Thread 0x000000001ad9e800 Uncommon trap: reason=unstable_if action=reinterpret pc=0x0000000002cceb6c method=java.net.URLClassLoader.defineClass(Ljava/lang/String;Lsun/misc/Resource;)Ljava/lang/Class; @ 21

Classes redefined (0 events):
No events

Internal exceptions (10 events):
Event: 28.982 Thread 0x000000001ad9e800 Exception <a 'java/lang/ClassNotFoundException': sync_studio_tooling11_1dz0zfcy29nwznkb39ykioz5gBeanInfo> (0x00000000d5b74738) thrown at [C:\cygwin64\tmp\openjdk-jdk8u-windows-x64-hotspot\workspace\build\src\hotspot\src\share\vm\classfile\systemDictionary
Event: 28.983 Thread 0x000000001ad9e800 Exception <a 'java/lang/ClassNotFoundException': sync_studio_tooling11_1dz0zfcy29nwznkb39ykioz5gCustomizer> (0x00000000d5b81e10) thrown at [C:\cygwin64\tmp\openjdk-jdk8u-windows-x64-hotspot\workspace\build\src\hotspot\src\share\vm\classfile\systemDictiona
Event: 28.990 Thread 0x000000001ad9e800 Exception <a 'java/lang/ClassNotFoundException': org/gradle/internal/metaobject/ConfigureDelegateBeanInfo> (0x00000000d5c0f800) thrown at [C:\cygwin64\tmp\openjdk-jdk8u-windows-x64-hotspot\workspace\build\src\hotspot\src\share\vm\classfile\systemDictionar
Event: 28.991 Thread 0x000000001ad9e800 Exception <a 'java/lang/ClassNotFoundException': org/gradle/internal/metaobject/ConfigureDelegateCustomizer> (0x00000000d5c3d2c8) thrown at [C:\cygwin64\tmp\openjdk-jdk8u-windows-x64-hotspot\workspace\build\src\hotspot\src\share\vm\classfile\systemDiction
Event: 28.996 Thread 0x000000001ad9e800 Exception <a 'java/lang/ClassNotFoundException': org/gradle/api/internal/initialization/DefaultScriptHandlerBeanInfo> (0x00000000d5cc08d8) thrown at [C:\cygwin64\tmp\openjdk-jdk8u-windows-x64-hotspot\workspace\build\src\hotspot\src\share\vm\classfile\syst
Event: 28.996 Thread 0x000000001ad9e800 Exception <a 'java/lang/ClassNotFoundException': org/gradle/api/internal/initialization/DefaultScriptHandlerCustomizer> (0x00000000d5cf6820) thrown at [C:\cygwin64\tmp\openjdk-jdk8u-windows-x64-hotspot\workspace\build\src\hotspot\src\share\vm\classfile\sy
Event: 29.160 Thread 0x000000001ad9e800 Exception <a 'java/lang/ClassNotFoundException': org/gradle/api/internal/artifacts/dsl/dependencies/DefaultDependencyHandler_DecoratedBeanInfo> (0x00000000d5e965c8) thrown at [C:\cygwin64\tmp\openjdk-jdk8u-windows-x64-hotspot\workspace\build\src\hotspot\s
Event: 29.161 Thread 0x000000001ad9e800 Exception <a 'java/lang/ClassNotFoundException': org/gradle/api/internal/artifacts/dsl/dependencies/DefaultDependencyHandlerBeanInfo> (0x00000000d5eeef90) thrown at [C:\cygwin64\tmp\openjdk-jdk8u-windows-x64-hotspot\workspace\build\src\hotspot\src\share\v
Event: 29.162 Thread 0x000000001ad9e800 Exception <a 'java/lang/ClassNotFoundException': org/gradle/api/internal/artifacts/dsl/dependencies/DefaultDependencyHandlerCustomizer> (0x00000000d5f48920) thrown at [C:\cygwin64\tmp\openjdk-jdk8u-windows-x64-hotspot\workspace\build\src\hotspot\src\share
Event: 29.164 Thread 0x000000001ad9e800 Exception <a 'java/lang/ClassNotFoundException': org/gradle/api/internal/artifacts/dsl/dependencies/DefaultDependencyHandler_DecoratedCustomizer> (0x00000000d5fd3720) thrown at [C:\cygwin64\tmp\openjdk-jdk8u-windows-x64-hotspot\workspace\build\src\hotspot

Events (10 events):
Event: 29.230 loading class org/gradle/api/internal/artifacts/ivyservice/resolveengine/result/StreamingResolutionResultBuilder
Event: 29.230 loading class org/gradle/api/internal/artifacts/ivyservice/resolveengine/result/StreamingResolutionResultBuilder done
Event: 29.231 loading class org/gradle/api/internal/artifacts/ivyservice/resolveengine/graph/ResolvedGraphComponent
Event: 29.231 loading class org/gradle/api/internal/artifacts/ivyservice/resolveengine/graph/ResolvedGraphComponent done
Event: 29.232 loading class org/gradle/api/internal/artifacts/ivyservice/resolveengine/result/ResolvedVariantResultSerializer
Event: 29.232 loading class org/gradle/api/internal/artifacts/ivyservice/resolveengine/result/ResolvedVariantResultSerializer done
Event: 29.233 loading class org/gradle/api/artifacts/result/ResolvedVariantResult
Event: 29.233 loading class org/gradle/api/artifacts/result/ResolvedVariantResult done
Event: 29.233 loading class org/gradle/api/internal/artifacts/ivyservice/resolveengine/result/DependencyResultSerializer
Event: 29.233 loading class org/gradle/api/internal/artifacts/ivyservice/resolveengine/result/DependencyResultSerializer done


Dynamic libraries:
0x00007ff7c63a0000 - 0x00007ff7c63d5000 	C:\Android\openjdk\bin\java.exe
0x00007fff8fba0000 - 0x00007fff8fda9000 	C:\WINDOWS\SYSTEM32\ntdll.dll
0x00007fff8e560000 - 0x00007fff8e61d000 	C:\WINDOWS\System32\KERNEL32.DLL
0x00007fff8d390000 - 0x00007fff8d704000 	C:\WINDOWS\System32\KERNELBASE.dll
0x00007fff8a310000 - 0x00007fff8a3a1000 	C:\WINDOWS\SYSTEM32\apphelp.dll
0x00007fff8f2f0000 - 0x00007fff8f39e000 	C:\WINDOWS\System32\ADVAPI32.dll
0x00007fff8f3a0000 - 0x00007fff8f443000 	C:\WINDOWS\System32\msvcrt.dll
0x00007fff8e430000 - 0x00007fff8e4ce000 	C:\WINDOWS\System32\sechost.dll
0x00007fff8f1d0000 - 0x00007fff8f2f0000 	C:\WINDOWS\System32\RPCRT4.dll
0x00007fff8da40000 - 0x00007fff8dbec000 	C:\WINDOWS\System32\USER32.dll
0x00007fff8d090000 - 0x00007fff8d0b6000 	C:\WINDOWS\System32\win32u.dll
0x00007fff8e140000 - 0x00007fff8e169000 	C:\WINDOWS\System32\GDI32.dll
0x00007fff8d800000 - 0x00007fff8d912000 	C:\WINDOWS\System32\gdi32full.dll
0x00007fff8d2f0000 - 0x00007fff8d38d000 	C:\WINDOWS\System32\msvcp_win.dll
0x00007fff8d920000 - 0x00007fff8da31000 	C:\WINDOWS\System32\ucrtbase.dll
0x00007fff76e80000 - 0x00007fff77125000 	C:\WINDOWS\WinSxS\amd64_microsoft.windows.common-controls_6595b64144ccf1df_6.0.22000.120_none_9d947278b86cc467\COMCTL32.dll
0x00007fff8df50000 - 0x00007fff8df81000 	C:\WINDOWS\System32\IMM32.DLL
0x0000000064370000 - 0x0000000064442000 	C:\Android\openjdk\jre\bin\msvcr100.dll
0x0000000063b20000 - 0x0000000064369000 	C:\Android\openjdk\jre\bin\server\jvm.dll
0x00007fff8e170000 - 0x00007fff8e178000 	C:\WINDOWS\System32\PSAPI.DLL
0x00007fff87180000 - 0x00007fff8718a000 	C:\WINDOWS\SYSTEM32\VERSION.dll
0x00007fff87cf0000 - 0x00007fff87d23000 	C:\WINDOWS\SYSTEM32\WINMM.dll
0x00007fff89680000 - 0x00007fff89689000 	C:\WINDOWS\SYSTEM32\WSOCK32.dll
0x00007fff8e4f0000 - 0x00007fff8e55f000 	C:\WINDOWS\System32\WS2_32.dll
0x00007fff89040000 - 0x00007fff8904f000 	C:\Android\openjdk\jre\bin\verify.dll
0x00007fff82460000 - 0x00007fff82489000 	C:\Android\openjdk\jre\bin\java.dll
0x00007fff880d0000 - 0x00007fff880e6000 	C:\Android\openjdk\jre\bin\zip.dll
0x00007fff8e620000 - 0x00007fff8edcf000 	C:\WINDOWS\System32\SHELL32.dll
0x00007fff8b0b0000 - 0x00007fff8b918000 	C:\WINDOWS\SYSTEM32\windows.storage.dll
0x00007fff8ee50000 - 0x00007fff8f1c8000 	C:\WINDOWS\System32\combase.dll
0x00007fff8af40000 - 0x00007fff8b0a6000 	C:\WINDOWS\SYSTEM32\wintypes.dll
0x00007fff8e2a0000 - 0x00007fff8e38a000 	C:\WINDOWS\System32\SHCORE.dll
0x00007fff8faf0000 - 0x00007fff8fb4d000 	C:\WINDOWS\System32\shlwapi.dll
0x00007fff8cfc0000 - 0x00007fff8cfe1000 	C:\WINDOWS\SYSTEM32\profapi.dll
0x00007fff83200000 - 0x00007fff8321a000 	C:\Android\openjdk\jre\bin\net.dll
0x00007fff87670000 - 0x00007fff8785f000 	C:\WINDOWS\SYSTEM32\urlmon.dll
0x00007fff8bda0000 - 0x00007fff8bdac000 	C:\WINDOWS\SYSTEM32\netutils.dll
0x00007fff872d0000 - 0x00007fff872f8000 	C:\WINDOWS\SYSTEM32\srvcli.dll
0x00007fff86bf0000 - 0x00007fff86ea3000 	C:\WINDOWS\SYSTEM32\iertutil.dll
0x00007fff8c6b0000 - 0x00007fff8c717000 	C:\WINDOWS\system32\mswsock.dll
0x00007fff82440000 - 0x00007fff82452000 	C:\Android\openjdk\jre\bin\nio.dll
0x00007fff82f10000 - 0x00007fff82f37000 	C:\Users\MR LOKESHWARAN\.gradle\native\f6784746aeab05261644944871eae4fe03e0ef1612fff0a4a95f87b438bc6780\windows-amd64\native-platform.dll
0x00007fff88180000 - 0x00007fff8818d000 	C:\Android\openjdk\jre\bin\management.dll
0x00007fff8c8f0000 - 0x00007fff8c908000 	C:\WINDOWS\SYSTEM32\CRYPTSP.dll
0x00007fff8c1e0000 - 0x00007fff8c215000 	C:\WINDOWS\system32\rsaenh.dll
0x00007fff8c7a0000 - 0x00007fff8c7c9000 	C:\WINDOWS\SYSTEM32\USERENV.dll
0x00007fff8ca70000 - 0x00007fff8ca97000 	C:\WINDOWS\SYSTEM32\bcrypt.dll
0x00007fff8d710000 - 0x00007fff8d78f000 	C:\WINDOWS\System32\bcryptprimitives.dll
0x00007fff8c910000 - 0x00007fff8c91c000 	C:\WINDOWS\SYSTEM32\CRYPTBASE.dll
0x00007fff8bdb0000 - 0x00007fff8bddd000 	C:\WINDOWS\SYSTEM32\IPHLPAPI.DLL
0x00007fff8e130000 - 0x00007fff8e139000 	C:\WINDOWS\System32\NSI.dll
0x00007fff871c0000 - 0x00007fff871d9000 	C:\WINDOWS\SYSTEM32\dhcpcsvc6.DLL
0x00007fff87860000 - 0x00007fff8787e000 	C:\WINDOWS\SYSTEM32\dhcpcsvc.DLL
0x00007fff8bde0000 - 0x00007fff8bec8000 	C:\WINDOWS\SYSTEM32\DNSAPI.dll
0x00007fff856b0000 - 0x00007fff856bc000 	C:\WINDOWS\SYSTEM32\WINNSI.DLL

VM Arguments:
jvm_args: -Xmx2048m -Dfile.encoding=UTF-8 -Duser.country=IN -Duser.language=en -Duser.variant 
java_command: org.gradle.launcher.daemon.bootstrap.GradleDaemon 6.5
java_class_path (initial): C:\Users\MR LOKESHWARAN\.gradle\wrapper\dists\gradle-6.5-bin\6nifqtx7604sqp1q6g8wikw7p\gradle-6.5\lib\gradle-launcher-6.5.jar
Launcher Type: SUN_STANDARD

Environment Variables:
JAVA_HOME=C:\Android\openjdk
PATH=C:\Program Files\Google\Chrome\Application;C:\Program Files\ImageMagick-7.1.0-Q16-HDRI;C:\Program Files\Common Files\Oracle\Java\javapath;C:\windows\system32;C:\windows;C:\windows\System32\Wbem;C:\windows\System32\WindowsPowerShell\v1.0\;C:\windows\System32\OpenSSH\;C:\Program Files (x86)\NVIDIA Corporation\PhysX\Common;C:\Program Files\NVIDIA Corporation\NVIDIA NvDLISR;C:\Program Files\Git\cmd;C:\flutter\bin;C:\Program Files\Java\jdk-15\bin;C:\Android\platform-tools;C:\Android\tools;C:\Program Files\nodejs\;%SystemRoot%\system32;%SystemRoot%;%SystemRoot%\System32\Wbem;%SYSTEMROOT%\System32\WindowsPowerShell\v1.0\;%SYSTEMROOT%\System32\OpenSSH\;C:\Users\MR LOKESHWARAN\AppData\Local\Programs\Python\Python37\Scripts\;C:\Users\MR LOKESHWARAN\AppData\Local\Programs\Python\Python37\;C:\Users\MR LOKESHWARAN\AppData\Local\Programs\Python\Python38\Scripts\;C:\Users\MR LOKESHWARAN\AppData\Local\Programs\Python\Python38\;C:\Users\MR LOKESHWARAN\AppData\Local\Microsoft\WindowsApps;C:\Users\MR LOKESHWARAN\AppData\Local\Programs\Microsoft VS Code\bin;C:\Android\flutter\bin;C:\Program Files\JetBrains\PyCharm Community Edition 2020.1.2\bin;;C:\Android\sdk;C:\Android\sdk\bin;;C:\Program Files\JetBrains\IntelliJ IDEA Community Edition 2020.2.2\bin;;C:\Modeltech_pe_edu_10.4a\win32pe_edu;C:\Users\MR LOKESHWARAN\AppData\Roaming\npm
USERNAME=MR LOKESHWARAN
OS=Windows_NT
PROCESSOR_IDENTIFIER=AMD64 Family 23 Model 24 Stepping 1, AuthenticAMD



---------------  S Y S T E M  ---------------

OS: Windows 10.0 , 64 bit Build 22000 (10.0.22000.434)

CPU:total 8 (initial active 8) (8 cores per cpu, 1 threads per core) family 23 model 24 stepping 1, cmov, cx8, fxsr, mmx, sse, sse2, sse3, ssse3, sse4.1, sse4.2, popcnt, avx, avx2, aes, clmul, mmxext, 3dnowpref, lzcnt, sse4a, tsc, tscinvbit, tscinv, bmi1

Memory: 4k page, physical 6165652k(258652k free), swap 10359956k(4824k free)

vm_info: OpenJDK 64-Bit Server VM (25.202-b08) for windows-amd64 JRE (1.8.0_202-b08), built on Jan 17 2019 17:10:34 by "jenkins" with MS VC++ 10.0 (VS2010)

time: Mon Apr 18 15:42:00 2022
timezone: India Standard Time
elapsed time: 29 seconds (0d 0h 0m 29s)

