#
# There is insufficient memory for the Java Runtime Environment to continue.
# Native memory allocation (malloc) failed to allocate 248896 bytes for Chunk::new
# Possible reasons:
#   The system is out of physical RAM or swap space
#   The process is running with CompressedOops enabled, and the Java Heap may be blocking the growth of the native heap
# Possible solutions:
#   Reduce memory load on the system
#   Increase physical memory or swap space
#   Check if swap backing store is full
#   Decrease Java heap size (-Xmx/-Xms)
#   Decrease number of Java threads
#   Decrease Java thread stack sizes (-Xss)
#   Set larger code cache with -XX:ReservedCodeCacheSize=
#   JVM is running with Unscaled Compressed Oops mode in which the Java heap is
#     placed in the first 4GB address space. The Java Heap base address is the
#     maximum limit for the native heap growth. Please use -XX:HeapBaseMinAddress
#     to set the Java Heap base and to place the Java Heap above 4GB virtual address.
# This output file may be truncated or incomplete.
#
#  Out of Memory Error (allocation.cpp:389), pid=6632, tid=0x000000000000493c
#
# JRE version: OpenJDK Runtime Environment (8.0_202-b08) (build 1.8.0_202-b08)
# Java VM: OpenJDK 64-Bit Server VM (25.202-b08 mixed mode windows-amd64 compressed oops)
# Failed to write core dump. Minidumps are not enabled by default on client versions of Windows
#

---------------  T H R E A D  ---------------

Current thread (0x0000000019fe6000):  JavaThread "C2 CompilerThread1" daemon [_thread_in_native, id=18748, stack(0x000000001a9b0000,0x000000001aab0000)]

Stack: [0x000000001a9b0000,0x000000001aab0000]
[error occurred during error reporting (printing stack bounds), id 0xc0000005]

Native frames: (J=compiled Java code, j=interpreted, Vv=VM code, C=native code)


Current CompileTask:
C2:  29865 9258       4       sun.nio.fs.WindowsPathParser::normalize (233 bytes)


---------------  P R O C E S S  ---------------

Java Threads: ( => current thread )
  0x000000001fa81000 JavaThread "WorkerExecutor Queue Thread 9" [_thread_blocked, id=1400, stack(0x000000002d620000,0x000000002d720000)]
  0x000000001fa82800 JavaThread "WorkerExecutor Queue Thread 8" [_thread_in_Java, id=15176, stack(0x000000002db20000,0x000000002dc20000)]
  0x000000001fa89800 JavaThread "WorkerExecutor Queue Thread 7" [_thread_blocked, id=17056, stack(0x000000002da20000,0x000000002db20000)]
  0x000000001fa82000 JavaThread "WorkerExecutor Queue Thread 6" [_thread_blocked, id=9424, stack(0x000000002d920000,0x000000002da20000)]
  0x000000001fa88800 JavaThread "WorkerExecutor Queue Thread 5" [_thread_blocked, id=9428, stack(0x000000002d820000,0x000000002d920000)]
  0x000000001fa83800 JavaThread "WorkerExecutor Queue Thread 4" [_thread_blocked, id=14096, stack(0x000000002d720000,0x000000002d820000)]
  0x000000001fa88000 JavaThread "WorkerExecutor Queue Thread 2" [_thread_blocked, id=12032, stack(0x000000002d520000,0x000000002d620000)]
  0x000000001fa80800 JavaThread "WorkerExecutor Queue" [_thread_blocked, id=5644, stack(0x000000002d420000,0x000000002d520000)]
  0x000000001fa85800 JavaThread "Cache worker for execution history cache (D:\Android Projects\RentalApp\.gradle\6.5\executionHistory)" [_thread_blocked, id=6280, stack(0x000000002cf20000,0x000000002d020000)]
  0x000000001fa85000 JavaThread "Execution worker for ':' Thread 7" [_thread_blocked, id=13120, stack(0x000000002ce20000,0x000000002cf20000)]
  0x000000001fa84000 JavaThread "Execution worker for ':' Thread 6" [_thread_blocked, id=11716, stack(0x000000002cd20000,0x000000002ce20000)]
  0x000000001a20b000 JavaThread "Execution worker for ':' Thread 5" [_thread_blocked, id=11308, stack(0x000000002cc20000,0x000000002cd20000)]
  0x000000001a203800 JavaThread "Execution worker for ':' Thread 4" [_thread_blocked, id=1900, stack(0x000000002cb20000,0x000000002cc20000)]
  0x000000001a209000 JavaThread "Execution worker for ':' Thread 3" [_thread_blocked, id=17440, stack(0x000000002ca20000,0x000000002cb20000)]
  0x000000001a20a800 JavaThread "Execution worker for ':' Thread 2" [_thread_blocked, id=11792, stack(0x000000002c920000,0x000000002ca20000)]
  0x000000001a206800 JavaThread "Execution worker for ':'" [_thread_blocked, id=16852, stack(0x000000002c820000,0x000000002c920000)]
  0x000000001a209800 JavaThread "Cache worker for file content cache (D:\Android Projects\RentalApp\.gradle\6.5\fileContent)" [_thread_blocked, id=18216, stack(0x000000002c320000,0x000000002c420000)]
  0x000000001a207800 JavaThread "Memory manager" [_thread_blocked, id=16496, stack(0x000000002c220000,0x000000002c320000)]
  0x000000001a205000 JavaThread "Cache worker for Build Output Cleanup Cache (D:\Android Projects\RentalApp\.gradle\buildOutputCleanup)" [_thread_blocked, id=15548, stack(0x0000000029380000,0x0000000029480000)]
  0x000000001a208000 JavaThread "jar transforms Thread 94" [_thread_blocked, id=16248, stack(0x0000000028e80000,0x0000000028f80000)]
  0x000000001a1fd800 JavaThread "jar transforms Thread 93" [_thread_blocked, id=15136, stack(0x0000000028d80000,0x0000000028e80000)]
  0x000000001a200800 JavaThread "jar transforms Thread 92" [_thread_blocked, id=8268, stack(0x0000000028c80000,0x0000000028d80000)]
  0x000000001a200000 JavaThread "jar transforms Thread 91" [_thread_blocked, id=5404, stack(0x0000000028b80000,0x0000000028c80000)]
  0x000000001a1ff000 JavaThread "jar transforms Thread 90" [_thread_blocked, id=1388, stack(0x0000000028a80000,0x0000000028b80000)]
  0x000000001a204800 JavaThread "jar transforms Thread 89" [_thread_blocked, id=2448, stack(0x0000000028980000,0x0000000028a80000)]
  0x000000001a1fc000 JavaThread "jar transforms Thread 88" [_thread_blocked, id=16172, stack(0x0000000028880000,0x0000000028980000)]
  0x000000001a1fd000 JavaThread "jar transforms Thread 87" [_thread_blocked, id=15944, stack(0x0000000028780000,0x0000000028880000)]
  0x000000001a1fe800 JavaThread "jar transforms Thread 86" [_thread_blocked, id=15712, stack(0x0000000028680000,0x0000000028780000)]
  0x000000001a202000 JavaThread "jar transforms Thread 85" [_thread_blocked, id=16224, stack(0x0000000028580000,0x0000000028680000)]
  0x000000001fdf9000 JavaThread "jar transforms Thread 84" [_thread_blocked, id=12192, stack(0x0000000028480000,0x0000000028580000)]
  0x000000001fdf8800 JavaThread "jar transforms Thread 83" [_thread_blocked, id=16024, stack(0x0000000028380000,0x0000000028480000)]
  0x000000001fdf7800 JavaThread "jar transforms Thread 82" [_thread_blocked, id=16264, stack(0x0000000028280000,0x0000000028380000)]
  0x000000001fdf7000 JavaThread "jar transforms Thread 81" [_thread_blocked, id=18972, stack(0x0000000028180000,0x0000000028280000)]
  0x000000001fdf6000 JavaThread "jar transforms Thread 80" [_thread_blocked, id=19444, stack(0x0000000028080000,0x0000000028180000)]
  0x000000001fdf5800 JavaThread "jar transforms Thread 79" [_thread_blocked, id=17344, stack(0x0000000027f80000,0x0000000028080000)]
  0x000000001fdf4800 JavaThread "jar transforms Thread 78" [_thread_blocked, id=16272, stack(0x0000000027e80000,0x0000000027f80000)]
  0x000000001fdfa000 JavaThread "jar transforms Thread 77" [_thread_blocked, id=16260, stack(0x0000000027d80000,0x0000000027e80000)]
  0x000000001fded000 JavaThread "jar transforms Thread 76" [_thread_blocked, id=17472, stack(0x0000000027c80000,0x0000000027d80000)]
  0x000000001fdf4000 JavaThread "jar transforms Thread 75" [_thread_blocked, id=19288, stack(0x0000000027b80000,0x0000000027c80000)]
  0x000000001fdf3000 JavaThread "jar transforms Thread 74" [_thread_blocked, id=11860, stack(0x0000000027a80000,0x0000000027b80000)]
  0x000000001fdeb800 JavaThread "jar transforms Thread 73" [_thread_blocked, id=19328, stack(0x0000000027980000,0x0000000027a80000)]
  0x000000001fdf2800 JavaThread "jar transforms Thread 72" [_thread_blocked, id=19284, stack(0x0000000027780000,0x0000000027880000)]
  0x000000001fdeb000 JavaThread "jar transforms Thread 71" [_thread_blocked, id=19276, stack(0x0000000027680000,0x0000000027780000)]
  0x000000001fdf1800 JavaThread "jar transforms Thread 70" [_thread_blocked, id=11856, stack(0x0000000027580000,0x0000000027680000)]
  0x000000001fdec800 JavaThread "jar transforms Thread 69" [_thread_blocked, id=11904, stack(0x0000000027480000,0x0000000027580000)]
  0x000000001fdf0000 JavaThread "jar transforms Thread 68" [_thread_blocked, id=11864, stack(0x0000000027380000,0x0000000027480000)]
  0x000000001fdee800 JavaThread "jar transforms Thread 67" [_thread_blocked, id=11804, stack(0x0000000027280000,0x0000000027380000)]
  0x000000001fdef800 JavaThread "jar transforms Thread 66" [_thread_blocked, id=11840, stack(0x0000000027180000,0x0000000027280000)]
  0x000000001fdee000 JavaThread "jar transforms Thread 65" [_thread_blocked, id=11800, stack(0x0000000027080000,0x0000000027180000)]
  0x000000001fdf1000 JavaThread "jar transforms Thread 64" [_thread_blocked, id=14464, stack(0x0000000026f80000,0x0000000027080000)]
  0x000000001f42e000 JavaThread "jar transforms Thread 63" [_thread_blocked, id=14748, stack(0x0000000026e80000,0x0000000026f80000)]
  0x000000001f42d000 JavaThread "jar transforms Thread 62" [_thread_blocked, id=16408, stack(0x0000000026d80000,0x0000000026e80000)]
  0x000000001f42c800 JavaThread "jar transforms Thread 61" [_thread_blocked, id=15856, stack(0x0000000026c80000,0x0000000026d80000)]
  0x000000001f425000 JavaThread "jar transforms Thread 60" [_thread_blocked, id=15976, stack(0x0000000026b80000,0x0000000026c80000)]
  0x000000001f42b000 JavaThread "jar transforms Thread 59" [_thread_blocked, id=16120, stack(0x0000000026a80000,0x0000000026b80000)]
  0x000000001f42a000 JavaThread "jar transforms Thread 58" [_thread_blocked, id=16144, stack(0x0000000026980000,0x0000000026a80000)]
  0x000000001f429800 JavaThread "jar transforms Thread 57" [_thread_blocked, id=15780, stack(0x0000000026880000,0x0000000026980000)]
  0x000000001f42b800 JavaThread "jar transforms Thread 56" [_thread_blocked, id=15804, stack(0x0000000026780000,0x0000000026880000)]
  0x000000001f424000 JavaThread "jar transforms Thread 55" [_thread_blocked, id=11600, stack(0x0000000026680000,0x0000000026780000)]
  0x000000001f428800 JavaThread "jar transforms Thread 54" [_thread_blocked, id=11188, stack(0x0000000026580000,0x0000000026680000)]
  0x000000001f421000 JavaThread "jar transforms Thread 53" [_thread_blocked, id=16432, stack(0x0000000026480000,0x0000000026580000)]
  0x000000001f428000 JavaThread "jar transforms Thread 52" [_thread_blocked, id=15904, stack(0x0000000026380000,0x0000000026480000)]
  0x000000001f427000 JavaThread "jar transforms Thread 51" [_thread_blocked, id=16096, stack(0x0000000026280000,0x0000000026380000)]
  0x000000001f41f800 JavaThread "jar transforms Thread 50" [_thread_blocked, id=10884, stack(0x0000000026180000,0x0000000026280000)]
  0x000000001f421800 JavaThread "jar transforms Thread 49" [_thread_blocked, id=6124, stack(0x0000000026080000,0x0000000026180000)]
  0x000000001f426800 JavaThread "jar transforms Thread 48" [_thread_blocked, id=2268, stack(0x0000000025f80000,0x0000000026080000)]
  0x000000001f423800 JavaThread "jar transforms Thread 47" [_thread_blocked, id=9956, stack(0x0000000025e80000,0x0000000025f80000)]
  0x000000001f425800 JavaThread "jar transforms Thread 46" [_thread_blocked, id=2380, stack(0x0000000025d80000,0x0000000025e80000)]
  0x000000001f420000 JavaThread "jar transforms Thread 45" [_thread_blocked, id=3464, stack(0x0000000025c80000,0x0000000025d80000)]
  0x000000001f41e800 JavaThread "jar transforms Thread 44" [_thread_blocked, id=3856, stack(0x0000000025b80000,0x0000000025c80000)]
  0x000000001f422800 JavaThread "jar transforms Thread 43" [_thread_blocked, id=5032, stack(0x0000000025a80000,0x0000000025b80000)]
  0x000000001fa45800 JavaThread "jar transforms Thread 42" [_thread_blocked, id=6560, stack(0x0000000025980000,0x0000000025a80000)]
  0x000000001fa44800 JavaThread "jar transforms Thread 41" [_thread_blocked, id=16860, stack(0x0000000025880000,0x0000000025980000)]
  0x000000001fa44000 JavaThread "jar transforms Thread 40" [_thread_blocked, id=13644, stack(0x0000000025780000,0x0000000025880000)]
  0x000000001fa43000 JavaThread "jar transforms Thread 39" [_thread_blocked, id=18628, stack(0x0000000025680000,0x0000000025780000)]
  0x000000001fa42800 JavaThread "jar transforms Thread 38" [_thread_blocked, id=18624, stack(0x0000000025580000,0x0000000025680000)]
  0x000000001fa46000 JavaThread "jar transforms Thread 37" [_thread_blocked, id=12828, stack(0x0000000025480000,0x0000000025580000)]
  0x000000001fa41800 JavaThread "jar transforms Thread 36" [_thread_blocked, id=17556, stack(0x0000000025380000,0x0000000025480000)]
  0x000000001fa47800 JavaThread "jar transforms Thread 35" [_thread_blocked, id=7740, stack(0x0000000025280000,0x0000000025380000)]
  0x000000001fa40800 JavaThread "jar transforms Thread 34" [_thread_blocked, id=16620, stack(0x0000000025180000,0x0000000025280000)]
  0x000000001fa47000 JavaThread "jar transforms Thread 33" [_thread_blocked, id=18176, stack(0x0000000025080000,0x0000000025180000)]
  0x000000001fa40000 JavaThread "jar transforms Thread 32" [_thread_blocked, id=17568, stack(0x0000000024f80000,0x0000000025080000)]
  0x000000001fa39000 JavaThread "jar transforms Thread 31" [_thread_blocked, id=17608, stack(0x0000000024e80000,0x0000000024f80000)]
  0x000000001fa3f000 JavaThread "jar transforms Thread 30" [_thread_blocked, id=12136, stack(0x0000000024d80000,0x0000000024e80000)]
  0x000000001fa38800 JavaThread "jar transforms Thread 29" [_thread_blocked, id=17080, stack(0x0000000024c80000,0x0000000024d80000)]
  0x000000001fa3e800 JavaThread "jar transforms Thread 28" [_thread_blocked, id=18340, stack(0x0000000024b80000,0x0000000024c80000)]
  0x000000001fa3a800 JavaThread "jar transforms Thread 27" [_thread_blocked, id=8464, stack(0x0000000024a80000,0x0000000024b80000)]
  0x000000001fa3d800 JavaThread "jar transforms Thread 26" [_thread_blocked, id=2520, stack(0x0000000024980000,0x0000000024a80000)]
  0x000000001fa3b800 JavaThread "jar transforms Thread 25" [_thread_blocked, id=6876, stack(0x0000000024880000,0x0000000024980000)]
  0x000000001fa3d000 JavaThread "jar transforms Thread 24" [_thread_blocked, id=15208, stack(0x0000000024780000,0x0000000024880000)]
  0x000000001fa3c000 JavaThread "jar transforms Thread 23" [_thread_blocked, id=10660, stack(0x0000000024680000,0x0000000024780000)]
  0x000000001fa3a000 JavaThread "jar transforms Thread 22" [_thread_blocked, id=14060, stack(0x0000000024580000,0x0000000024680000)]
  0x000000001c0ed000 JavaThread "jar transforms Thread 21" [_thread_blocked, id=16140, stack(0x0000000024480000,0x0000000024580000)]
  0x000000001c0eb000 JavaThread "jar transforms Thread 20" [_thread_blocked, id=10008, stack(0x0000000024380000,0x0000000024480000)]
  0x000000001c0eb800 JavaThread "jar transforms Thread 19" [_thread_blocked, id=9880, stack(0x0000000024280000,0x0000000024380000)]
  0x000000001c0ec800 JavaThread "jar transforms Thread 18" [_thread_blocked, id=13744, stack(0x0000000024180000,0x0000000024280000)]
  0x000000001c0e8800 JavaThread "jar transforms Thread 17" [_thread_blocked, id=15308, stack(0x0000000024080000,0x0000000024180000)]
  0x000000001c0e7000 JavaThread "jar transforms Thread 16" [_thread_blocked, id=8212, stack(0x0000000023f80000,0x0000000024080000)]
  0x000000001c0ea000 JavaThread "jar transforms Thread 15" [_thread_blocked, id=2888, stack(0x0000000023e80000,0x0000000023f80000)]
  0x000000001c0e9800 JavaThread "jar transforms Thread 14" [_thread_blocked, id=3064, stack(0x0000000023d80000,0x0000000023e80000)]
  0x000000001c0e7800 JavaThread "jar transforms Thread 13" [_thread_blocked, id=19076, stack(0x0000000023c80000,0x0000000023d80000)]
  0x000000001c0e6000 JavaThread "jar transforms Thread 12" [_thread_blocked, id=3004, stack(0x0000000023b80000,0x0000000023c80000)]
  0x000000001bef9800 JavaThread "jar transforms Thread 11" [_thread_blocked, id=3008, stack(0x0000000023a80000,0x0000000023b80000)]
  0x000000001beff800 JavaThread "jar transforms Thread 10" [_thread_blocked, id=3060, stack(0x0000000023980000,0x0000000023a80000)]
  0x000000001befe800 JavaThread "jar transforms Thread 9" [_thread_blocked, id=8396, stack(0x0000000023880000,0x0000000023980000)]
  0x000000001bef8800 JavaThread "jar transforms Thread 8" [_thread_blocked, id=8308, stack(0x0000000023780000,0x0000000023880000)]
  0x000000001befe000 JavaThread "jar transforms Thread 7" [_thread_blocked, id=2416, stack(0x0000000023680000,0x0000000023780000)]
  0x000000001befd000 JavaThread "jar transforms Thread 6" [_thread_blocked, id=4876, stack(0x0000000023580000,0x0000000023680000)]
  0x000000001befc800 JavaThread "jar transforms Thread 5" [_thread_blocked, id=8348, stack(0x0000000023480000,0x0000000023580000)]
  0x000000001befb800 JavaThread "jar transforms Thread 4" [_thread_blocked, id=3472, stack(0x0000000023380000,0x0000000023480000)]
  0x000000001bef8000 JavaThread "jar transforms Thread 3" [_thread_blocked, id=8580, stack(0x0000000023280000,0x0000000023380000)]
  0x000000001befb000 JavaThread "jar transforms Thread 2" [_thread_blocked, id=1480, stack(0x0000000023180000,0x0000000023280000)]
  0x000000001befa000 JavaThread "Build operations Thread 8" [_thread_blocked, id=8872, stack(0x0000000023080000,0x0000000023180000)]
  0x000000001bef0800 JavaThread "Build operations Thread 7" [_thread_in_vm, id=15352, stack(0x0000000022f80000,0x0000000023080000)]
  0x000000001bef6800 JavaThread "Build operations Thread 6" [_thread_in_vm, id=17452, stack(0x0000000022e80000,0x0000000022f80000)]
  0x000000001bef5800 JavaThread "Build operations Thread 5" [_thread_in_vm, id=19084, stack(0x0000000022d80000,0x0000000022e80000)]
  0x000000001bef5000 JavaThread "Build operations Thread 4" [_thread_in_vm, id=3460, stack(0x0000000022c80000,0x0000000022d80000)]
  0x000000001bef7000 JavaThread "Build operations Thread 3" [_thread_in_Java, id=3416, stack(0x0000000022b80000,0x0000000022c80000)]
  0x000000001bef2800 JavaThread "Build operations Thread 2" [_thread_in_vm, id=17780, stack(0x0000000022a80000,0x0000000022b80000)]
  0x000000001bef2000 JavaThread "Build operations" [_thread_in_vm, id=15412, stack(0x0000000022980000,0x0000000022a80000)]
  0x000000001b774800 JavaThread "Cache worker for file content cache (C:\Users\MR LOKESHWARAN\.gradle\caches\6.5\fileContent)" [_thread_blocked, id=8428, stack(0x0000000022280000,0x0000000022380000)]
  0x000000001b774000 JavaThread "jar transforms" [_thread_blocked, id=8432, stack(0x0000000022180000,0x0000000022280000)]
  0x000000001b772800 JavaThread "Cache worker for execution history cache (C:\Users\MR LOKESHWARAN\.gradle\caches\6.5\executionHistory)" [_thread_blocked, id=7484, stack(0x0000000021a80000,0x0000000021b80000)]
  0x000000001b775800 JavaThread "Cache worker for cache directory md-rule (C:\Users\MR LOKESHWARAN\.gradle\caches\6.5\md-rule)" [_thread_blocked, id=1768, stack(0x0000000021980000,0x0000000021a80000)]
  0x000000001b771000 JavaThread "Cache worker for cache directory md-supplier (C:\Users\MR LOKESHWARAN\.gradle\caches\6.5\md-supplier)" [_thread_blocked, id=7488, stack(0x0000000021880000,0x0000000021980000)]
  0x000000001b76f800 JavaThread "Cache worker for checksums cache (D:\Android Projects\RentalApp\.gradle\checksums)" [_thread_blocked, id=9084, stack(0x0000000021780000,0x0000000021880000)]
  0x000000001b771800 JavaThread "Cache worker for file hash cache (D:\Android Projects\RentalApp\.gradle\6.5\fileHashes)" [_thread_blocked, id=17652, stack(0x0000000021480000,0x0000000021580000)]
  0x000000001b773000 JavaThread "Cache worker for file hash cache (C:\Users\MR LOKESHWARAN\.gradle\caches\6.5\fileHashes)" [_thread_blocked, id=13960, stack(0x000000001efe0000,0x000000001f0e0000)]
  0x000000001b770000 JavaThread "File lock request listener" [_thread_in_native, id=15084, stack(0x000000001eee0000,0x000000001efe0000)]
  0x000000001bc7c000 JavaThread "Cache worker for journal cache (C:\Users\MR LOKESHWARAN\.gradle\caches\journal-1)" [_thread_blocked, id=2300, stack(0x000000001ede0000,0x000000001eee0000)]
  0x000000001bb5f800 JavaThread "Thread-9" [_thread_blocked, id=12700, stack(0x000000001eae0000,0x000000001ebe0000)]
  0x000000001bb5f000 JavaThread "Stdin handler" [_thread_blocked, id=9864, stack(0x000000001e9e0000,0x000000001eae0000)]
  0x000000001bcba800 JavaThread "Asynchronous log dispatcher for DefaultDaemonConnection: socket connection from /127.0.0.1:50427 to /127.0.0.1:50428" [_thread_blocked, id=1272, stack(0x000000001e8e0000,0x000000001e9e0000)]
  0x000000001bcb6800 JavaThread "Daemon worker" [_thread_blocked, id=19404, stack(0x000000001e7e0000,0x000000001e8e0000)]
  0x000000001bbbc000 JavaThread "Cancel handler" [_thread_blocked, id=19412, stack(0x000000001e6e0000,0x000000001e7e0000)]
  0x000000001bbd7800 JavaThread "Handler for socket connection from /127.0.0.1:50427 to /127.0.0.1:50428" [_thread_in_native, id=19408, stack(0x000000001e4e0000,0x000000001e5e0000)]
  0x000000001b69b800 JavaThread "Daemon" [_thread_blocked, id=8460, stack(0x000000001e3e0000,0x000000001e4e0000)]
  0x000000001a1d9800 JavaThread "Daemon periodic checks" [_thread_blocked, id=18104, stack(0x000000001e0e0000,0x000000001e1e0000)]
  0x000000001b814800 JavaThread "Incoming local TCP Connector on port 50427" [_thread_in_native, id=11516, stack(0x000000001de90000,0x000000001df90000)]
  0x000000001c881800 JavaThread "Daemon health stats" [_thread_blocked, id=15184, stack(0x000000001d650000,0x000000001d750000)]
  0x000000001a035000 JavaThread "Service Thread" daemon [_thread_blocked, id=2612, stack(0x000000001acb0000,0x000000001adb0000)]
  0x0000000019ff2000 JavaThread "C1 CompilerThread3" daemon [_thread_blocked, id=2992, stack(0x000000001abb0000,0x000000001acb0000)]
  0x0000000019fec000 JavaThread "C2 CompilerThread2" daemon [_thread_in_vm, id=18756, stack(0x000000001aab0000,0x000000001abb0000)]
=>0x0000000019fe6000 JavaThread "C2 CompilerThread1" daemon [_thread_in_native, id=18748, stack(0x000000001a9b0000,0x000000001aab0000)]
  0x0000000019fe2000 JavaThread "C2 CompilerThread0" daemon [_thread_blocked, id=18752, stack(0x000000001a8b0000,0x000000001a9b0000)]
  0x0000000019fdf000 JavaThread "Attach Listener" daemon [_thread_blocked, id=14500, stack(0x000000001a7b0000,0x000000001a8b0000)]
  0x0000000019fde000 JavaThread "Signal Dispatcher" daemon [_thread_blocked, id=14972, stack(0x000000001a6b0000,0x000000001a7b0000)]
  0x0000000019fd0800 JavaThread "Finalizer" daemon [_thread_blocked, id=11032, stack(0x000000001a4b0000,0x000000001a5b0000)]
  0x00000000181db000 JavaThread "Reference Handler" daemon [_thread_blocked, id=8864, stack(0x000000001a3b0000,0x000000001a4b0000)]
  0x0000000002f6e000 JavaThread "main" [_thread_blocked, id=10936, stack(0x0000000002f70000,0x0000000003070000)]

Other Threads:
  0x00000000181d7000 VMThread [stack: 0x0000000019eb0000,0x0000000019fb0000] [id=5196]
  0x000000001a035800 WatcherThread [stack: 0x000000001adb0000,0x000000001aeb0000] [id=11820]

VM state:not at safepoint (normal execution)

VM Mutex/Monitor currently owned by a thread: None

OutOfMemory and StackOverflow Exception counts:
OutOfMemoryError java_heap_errors=6

heap address: 0x0000000080000000, size: 2048 MB, Compressed Oops mode: 32-bit
Narrow klass base: 0x0000000000000000, Narrow klass shift: 3
Compressed class space size: 1073741824 Address: 0x0000000100000000

Heap:
 PSYoungGen      total 226816K, used 121579K [0x00000000d5580000, 0x00000000e4980000, 0x0000000100000000)
  eden space 210944K, 51% used [0x00000000d5580000,0x00000000dbf9acb0,0x00000000e2380000)
  from space 15872K, 81% used [0x00000000e3a00000,0x00000000e46a02a8,0x00000000e4980000)
  to   space 19456K, 0% used [0x00000000e2380000,0x00000000e2380000,0x00000000e3680000)
 ParOldGen       total 89600K, used 42477K [0x0000000080000000, 0x0000000085780000, 0x00000000d5580000)
  object space 89600K, 47% used [0x0000000080000000,0x000000008297b650,0x0000000085780000)
 Metaspace       used 71731K, capacity 75872K, committed 75992K, reserved 1116160K
  class space    used 9951K, capacity 10695K, committed 10752K, reserved 1048576K

Card table byte_map: [0x0000000012530000,0x0000000012940000] byte_map_base: 0x0000000012130000

Marking Bits: (ParMarkBitMap*) 0x000000006f63cf30
 Begin Bits: [0x00000000133f0000, 0x00000000153f0000)
 End Bits:   [0x00000000153f0000, 0x00000000173f0000)

Polling page: 0x0000000001210000

CodeCache: size=245760Kb used=25720Kb max_used=25729Kb free=220039Kb
 bounds [0x0000000003170000, 0x0000000004ab0000, 0x0000000012170000]
 total_blobs=8898 nmethods=8087 adapters=722
 compilation: enabled

Compilation events (10 events):
Event: 29.861 Thread 0x0000000019ff2000 nmethod 9267 0x0000000004a98b50 code [0x0000000004a98ce0, 0x0000000004a99078]
Event: 29.861 Thread 0x0000000019ff2000 9268       3       com.android.builder.merge.DelegateIncrementalFileMergerInput::getFileStatus (11 bytes)
Event: 29.861 Thread 0x0000000019ff2000 nmethod 9268 0x0000000004a991d0 code [0x0000000004a99340, 0x0000000004a99568]
Event: 29.861 Thread 0x0000000019ff2000 9269       3       com.android.builder.merge.LazyIncrementalFileMergerInput::getFileStatus (44 bytes)
Event: 29.862 Thread 0x0000000019ff2000 nmethod 9269 0x0000000004a99650 code [0x0000000004a99840, 0x0000000004a9a5b8]
Event: 29.862 Thread 0x0000000019ff2000 9271       3       java.util.GregorianCalendar::computeFields (81 bytes)
Event: 29.862 Thread 0x0000000019ff2000 nmethod 9271 0x0000000004a9a990 code [0x0000000004a9ab40, 0x0000000004a9b0f8]
Event: 29.862 Thread 0x0000000019ff2000 9272       3       java.util.Calendar::isPartiallyNormalized (20 bytes)
Event: 29.862 Thread 0x0000000019ff2000 nmethod 9272 0x0000000004a9b210 code [0x0000000004a9b360, 0x0000000004a9b550]
Event: 29.862 Thread 0x0000000019ff2000 9274       3       com.android.builder.merge.IncrementalFileMerger::lambda$getInputsForFile$5 (79 bytes)

GC Heap History (10 events):
Event: 15.060 GC heap before
{Heap before GC invocations=17 (full 2):
 PSYoungGen      total 139776K, used 139765K [0x00000000d5580000, 0x00000000df780000, 0x0000000100000000)
  eden space 130048K, 100% used [0x00000000d5580000,0x00000000dd480000,0x00000000dd480000)
  from space 9728K, 99% used [0x00000000de380000,0x00000000decfd410,0x00000000ded00000)
  to   space 15360K, 0% used [0x00000000dd480000,0x00000000dd480000,0x00000000de380000)
 ParOldGen       total 60416K, used 26159K [0x0000000080000000, 0x0000000083b00000, 0x00000000d5580000)
  object space 60416K, 43% used [0x0000000080000000,0x000000008198bdf0,0x0000000083b00000)
 Metaspace       used 56195K, capacity 58580K, committed 58840K, reserved 1099776K
  class space    used 7661K, capacity 8168K, committed 8192K, reserved 1048576K
Event: 15.083 GC heap after
Heap after GC invocations=17 (full 2):
 PSYoungGen      total 145408K, used 14279K [0x00000000d5580000, 0x00000000e1980000, 0x0000000100000000)
  eden space 130048K, 0% used [0x00000000d5580000,0x00000000d5580000,0x00000000dd480000)
  from space 15360K, 92% used [0x00000000dd480000,0x00000000de271e50,0x00000000de380000)
  to   space 17408K, 0% used [0x00000000e0880000,0x00000000e0880000,0x00000000e1980000)
 ParOldGen       total 60416K, used 34788K [0x0000000080000000, 0x0000000083b00000, 0x00000000d5580000)
  object space 60416K, 57% used [0x0000000080000000,0x00000000821f90e8,0x0000000083b00000)
 Metaspace       used 56195K, capacity 58580K, committed 58840K, reserved 1099776K
  class space    used 7661K, capacity 8168K, committed 8192K, reserved 1048576K
}
Event: 15.132 GC heap before
{Heap before GC invocations=18 (full 2):
 PSYoungGen      total 145408K, used 16732K [0x00000000d5580000, 0x00000000e1980000, 0x0000000100000000)
  eden space 130048K, 1% used [0x00000000d5580000,0x00000000d57e5348,0x00000000dd480000)
  from space 15360K, 92% used [0x00000000dd480000,0x00000000de271e50,0x00000000de380000)
  to   space 17408K, 0% used [0x00000000e0880000,0x00000000e0880000,0x00000000e1980000)
 ParOldGen       total 60416K, used 34788K [0x0000000080000000, 0x0000000083b00000, 0x00000000d5580000)
  object space 60416K, 57% used [0x0000000080000000,0x00000000821f90e8,0x0000000083b00000)
 Metaspace       used 56409K, capacity 58816K, committed 58968K, reserved 1099776K
  class space    used 7703K, capacity 8202K, committed 8320K, reserved 1048576K
Event: 15.160 GC heap after
Heap after GC invocations=18 (full 2):
 PSYoungGen      total 183808K, used 9152K [0x00000000d5580000, 0x00000000e3680000, 0x0000000100000000)
  eden space 166400K, 0% used [0x00000000d5580000,0x00000000d5580000,0x00000000df800000)
  from space 17408K, 52% used [0x00000000e0880000,0x00000000e1170000,0x00000000e1980000)
  to   space 16896K, 0% used [0x00000000df800000,0x00000000df800000,0x00000000e0880000)
 ParOldGen       total 60416K, used 34796K [0x0000000080000000, 0x0000000083b00000, 0x00000000d5580000)
  object space 60416K, 57% used [0x0000000080000000,0x00000000821fb0e8,0x0000000083b00000)
 Metaspace       used 56409K, capacity 58816K, committed 58968K, reserved 1099776K
  class space    used 7703K, capacity 8202K, committed 8320K, reserved 1048576K
}
Event: 15.160 GC heap before
{Heap before GC invocations=19 (full 3):
 PSYoungGen      total 183808K, used 9152K [0x00000000d5580000, 0x00000000e3680000, 0x0000000100000000)
  eden space 166400K, 0% used [0x00000000d5580000,0x00000000d5580000,0x00000000df800000)
  from space 17408K, 52% used [0x00000000e0880000,0x00000000e1170000,0x00000000e1980000)
  to   space 16896K, 0% used [0x00000000df800000,0x00000000df800000,0x00000000e0880000)
 ParOldGen       total 60416K, used 34796K [0x0000000080000000, 0x0000000083b00000, 0x00000000d5580000)
  object space 60416K, 57% used [0x0000000080000000,0x00000000821fb0e8,0x0000000083b00000)
 Metaspace       used 56409K, capacity 58816K, committed 58968K, reserved 1099776K
  class space    used 7703K, capacity 8202K, committed 8320K, reserved 1048576K
Event: 15.383 GC heap after
Heap after GC invocations=19 (full 3):
 PSYoungGen      total 183808K, used 0K [0x00000000d5580000, 0x00000000e3680000, 0x0000000100000000)
  eden space 166400K, 0% used [0x00000000d5580000,0x00000000d5580000,0x00000000df800000)
  from space 17408K, 0% used [0x00000000e0880000,0x00000000e0880000,0x00000000e1980000)
  to   space 16896K, 0% used [0x00000000df800000,0x00000000df800000,0x00000000e0880000)
 ParOldGen       total 89600K, used 32450K [0x0000000080000000, 0x0000000085780000, 0x00000000d5580000)
  object space 89600K, 36% used [0x0000000080000000,0x0000000081fb0b98,0x0000000085780000)
 Metaspace       used 56360K, capacity 58648K, committed 58968K, reserved 1099776K
  class space    used 7688K, capacity 8174K, committed 8320K, reserved 1048576K
}
Event: 17.833 GC heap before
{Heap before GC invocations=20 (full 3):
 PSYoungGen      total 183808K, used 166400K [0x00000000d5580000, 0x00000000e3680000, 0x0000000100000000)
  eden space 166400K, 100% used [0x00000000d5580000,0x00000000df800000,0x00000000df800000)
  from space 17408K, 0% used [0x00000000e0880000,0x00000000e0880000,0x00000000e1980000)
  to   space 16896K, 0% used [0x00000000df800000,0x00000000df800000,0x00000000e0880000)
 ParOldGen       total 89600K, used 32450K [0x0000000080000000, 0x0000000085780000, 0x00000000d5580000)
  object space 89600K, 36% used [0x0000000080000000,0x0000000081fb0b98,0x0000000085780000)
 Metaspace       used 63587K, capacity 66636K, committed 66776K, reserved 1105920K
  class space    used 8809K, capacity 9417K, committed 9472K, reserved 1048576K
Event: 17.848 GC heap after
Heap after GC invocations=20 (full 3):
 PSYoungGen      total 183296K, used 15402K [0x00000000d5580000, 0x00000000e4c80000, 0x0000000100000000)
  eden space 166400K, 0% used [0x00000000d5580000,0x00000000d5580000,0x00000000df800000)
  from space 16896K, 91% used [0x00000000df800000,0x00000000e070a820,0x00000000e0880000)
  to   space 18944K, 0% used [0x00000000e3a00000,0x00000000e3a00000,0x00000000e4c80000)
 ParOldGen       total 89600K, used 32458K [0x0000000080000000, 0x0000000085780000, 0x00000000d5580000)
  object space 89600K, 36% used [0x0000000080000000,0x0000000081fb2b98,0x0000000085780000)
 Metaspace       used 63587K, capacity 66636K, committed 66776K, reserved 1105920K
  class space    used 8809K, capacity 9417K, committed 9472K, reserved 1048576K
}
Event: 28.725 GC heap before
{Heap before GC invocations=21 (full 3):
 PSYoungGen      total 183296K, used 181802K [0x00000000d5580000, 0x00000000e4c80000, 0x0000000100000000)
  eden space 166400K, 100% used [0x00000000d5580000,0x00000000df800000,0x00000000df800000)
  from space 16896K, 91% used [0x00000000df800000,0x00000000e070a820,0x00000000e0880000)
  to   space 18944K, 0% used [0x00000000e3a00000,0x00000000e3a00000,0x00000000e4c80000)
 ParOldGen       total 89600K, used 32458K [0x0000000080000000, 0x0000000085780000, 0x00000000d5580000)
  object space 89600K, 36% used [0x0000000080000000,0x0000000081fb2b98,0x0000000085780000)
 Metaspace       used 68367K, capacity 71656K, committed 72024K, reserved 1112064K
  class space    used 9397K, capacity 10029K, committed 10112K, reserved 1048576K
Event: 28.766 GC heap after
Heap after GC invocations=21 (full 3):
 PSYoungGen      total 226816K, used 12928K [0x00000000d5580000, 0x00000000e4980000, 0x0000000100000000)
  eden space 210944K, 0% used [0x00000000d5580000,0x00000000d5580000,0x00000000e2380000)
  from space 15872K, 81% used [0x00000000e3a00000,0x00000000e46a02a8,0x00000000e4980000)
  to   space 19456K, 0% used [0x00000000e2380000,0x00000000e2380000,0x00000000e3680000)
 ParOldGen       total 89600K, used 42477K [0x0000000080000000, 0x0000000085780000, 0x00000000d5580000)
  object space 89600K, 47% used [0x0000000080000000,0x000000008297b650,0x0000000085780000)
 Metaspace       used 68367K, capacity 71656K, committed 72024K, reserved 1112064K
  class space    used 9397K, capacity 10029K, committed 10112K, reserved 1048576K
}

Deoptimization events (10 events):
Event: 29.795 Thread 0x000000001fa82800 Uncommon trap: reason=unstable_if action=reinterpret pc=0x00000000035063f8 method=java.lang.String.indexOf([CII[CIII)I @ 27
Event: 29.798 Thread 0x000000001fa82800 Uncommon trap: reason=unstable_if action=reinterpret pc=0x00000000036ea5e8 method=com.android.builder.files.RelativeFile.equals(Ljava/lang/Object;)Z @ 39
Event: 29.801 Thread 0x000000001fa82800 Uncommon trap: reason=unstable_if action=reinterpret pc=0x0000000004a6a668 method=kotlin.text.StringsKt__StringsJVMKt.endsWith(Ljava/lang/String;Ljava/lang/String;Z)Z @ 15
Event: 29.801 Thread 0x000000001fa82800 Uncommon trap: reason=unstable_if action=reinterpret pc=0x00000000045d9a88 method=kotlin.text.StringsKt__StringsJVMKt.regionMatches(Ljava/lang/String;ILjava/lang/String;IIZ)Z @ 16
Event: 29.811 Thread 0x000000001bef5000 Uncommon trap: reason=unstable_if action=reinterpret pc=0x0000000004516da0 method=java.nio.Bits.putInt(Ljava/nio/ByteBuffer;IIZ)V @ 1
Event: 29.847 Thread 0x000000001fa82800 Uncommon trap: reason=class_check action=maybe_recompile pc=0x00000000049bb850 method=com.android.tools.build.apkzlib.zip.CentralDirectoryHeader.getCompressionInfoWithWait()Lcom/android/tools/build/apkzlib/zip/CentralDirectoryHeaderCompressInfo; @ 4
Event: 29.847 Thread 0x000000001fa82800 Uncommon trap: reason=unstable_if action=reinterpret pc=0x00000000048af014 method=com.android.tools.build.apkzlib.zip.ExtraField.size()I @ 4
Event: 29.847 Thread 0x000000001fa82800 Uncommon trap: reason=class_check action=maybe_recompile pc=0x00000000049bb850 method=com.android.tools.build.apkzlib.zip.CentralDirectoryHeader.getCompressionInfoWithWait()Lcom/android/tools/build/apkzlib/zip/CentralDirectoryHeaderCompressInfo; @ 4
Event: 29.849 Thread 0x000000001fa82800 Uncommon trap: reason=class_check action=maybe_recompile pc=0x00000000049bb850 method=com.android.tools.build.apkzlib.zip.CentralDirectoryHeader.getCompressionInfoWithWait()Lcom/android/tools/build/apkzlib/zip/CentralDirectoryHeaderCompressInfo; @ 4
Event: 29.852 Thread 0x000000001fa82800 Uncommon trap: reason=class_check action=maybe_recompile pc=0x00000000049bb850 method=com.android.tools.build.apkzlib.zip.CentralDirectoryHeader.getCompressionInfoWithWait()Lcom/android/tools/build/apkzlib/zip/CentralDirectoryHeaderCompressInfo; @ 4

Classes redefined (0 events):
No events

Internal exceptions (10 events):
Event: 29.586 Thread 0x000000001bef5000 Exception <a 'java/lang/OutOfMemoryError'> (0x00000000d86b13c0) thrown at [C:\cygwin64\tmp\openjdk-jdk8u-windows-x64-hotspot\workspace\build\src\hotspot\src\share\vm\prims\jni.cpp, line 736]
Event: 29.593 Thread 0x000000001bef2000 Exception <a 'java/lang/OutOfMemoryError'> (0x00000000d8d587b0) thrown at [C:\cygwin64\tmp\openjdk-jdk8u-windows-x64-hotspot\workspace\build\src\hotspot\src\share\vm\prims\jni.cpp, line 736]
Event: 29.603 Thread 0x000000001bef2800 Exception <a 'sun/nio/fs/WindowsException'> (0x00000000d94c33f8) thrown at [C:\cygwin64\tmp\openjdk-jdk8u-windows-x64-hotspot\workspace\build\src\hotspot\src\share\vm\prims\jni.cpp, line 710]
Event: 29.605 Thread 0x000000001bef5800 Exception <a 'java/lang/OutOfMemoryError'> (0x00000000d95fc028) thrown at [C:\cygwin64\tmp\openjdk-jdk8u-windows-x64-hotspot\workspace\build\src\hotspot\src\share\vm\prims\jni.cpp, line 736]
Event: 29.629 Thread 0x000000001bef2000 Exception <a 'sun/nio/fs/WindowsException'> (0x00000000d99b4618) thrown at [C:\cygwin64\tmp\openjdk-jdk8u-windows-x64-hotspot\workspace\build\src\hotspot\src\share\vm\prims\jni.cpp, line 710]
Event: 29.630 Thread 0x000000001bef5000 Exception <a 'sun/nio/fs/WindowsException'> (0x00000000d9a40ea0) thrown at [C:\cygwin64\tmp\openjdk-jdk8u-windows-x64-hotspot\workspace\build\src\hotspot\src\share\vm\prims\jni.cpp, line 710]
Event: 29.630 Thread 0x000000001bef5800 Exception <a 'sun/nio/fs/WindowsException'> (0x00000000d9ac27b8) thrown at [C:\cygwin64\tmp\openjdk-jdk8u-windows-x64-hotspot\workspace\build\src\hotspot\src\share\vm\prims\jni.cpp, line 710]
Event: 29.646 Thread 0x000000001a209000 Exception <a 'java/lang/OutOfMemoryError'> (0x00000000d9eab2a8) thrown at [C:\cygwin64\tmp\openjdk-jdk8u-windows-x64-hotspot\workspace\build\src\hotspot\src\share\vm\prims\jni.cpp, line 736]
Event: 29.657 Thread 0x000000001a209000 Exception <a 'sun/nio/fs/WindowsException'> (0x00000000da0ccab8) thrown at [C:\cygwin64\tmp\openjdk-jdk8u-windows-x64-hotspot\workspace\build\src\hotspot\src\share\vm\prims\jni.cpp, line 710]
Event: 29.847 Thread 0x000000001fa82800 Implicit null exception at 0x00000000048aeff0 to 0x00000000048af000

Events (10 events):
Event: 29.861 loading class com/android/tools/r8/graph/l0$t
Event: 29.861 loading class com/android/tools/r8/graph/l0$t done
Event: 29.861 loading class com/android/tools/r8/graph/F0
Event: 29.861 loading class com/android/tools/r8/graph/F0 done
Event: 29.862 loading class com/android/tools/r8/graph/l0$n
Event: 29.862 loading class com/android/tools/r8/graph/l0$n done
Event: 29.862 loading class com/android/tools/r8/graph/l0$g
Event: 29.862 loading class com/android/tools/r8/graph/l0$g done
Event: 29.862 Thread 0x000000001fa82800 DEOPT PACKING pc=0x00000000048cb1a4 sp=0x000000002dc1d1c0
Event: 29.862 Thread 0x000000001fa82800 DEOPT UNPACKING pc=0x00000000031b71d0 sp=0x000000002dc1d078 mode 0


Dynamic libraries:
0x00007ff665df0000 - 0x00007ff665e25000 	C:\Android\openjdk\bin\java.exe
0x00007ff9393c0000 - 0x00007ff9395c9000 	C:\WINDOWS\SYSTEM32\ntdll.dll
0x00007ff9377c0000 - 0x00007ff93787d000 	C:\WINDOWS\System32\KERNEL32.DLL
0x00007ff936ee0000 - 0x00007ff937254000 	C:\WINDOWS\System32\KERNELBASE.dll
0x00007ff9392d0000 - 0x00007ff93937e000 	C:\WINDOWS\System32\ADVAPI32.dll
0x00007ff937c60000 - 0x00007ff937d03000 	C:\WINDOWS\System32\msvcrt.dll
0x00007ff9379c0000 - 0x00007ff937a5e000 	C:\WINDOWS\System32\sechost.dll
0x00007ff937ad0000 - 0x00007ff937bf0000 	C:\WINDOWS\System32\RPCRT4.dll
0x00007ff938560000 - 0x00007ff93870c000 	C:\WINDOWS\System32\USER32.dll
0x00007ff936d90000 - 0x00007ff936db6000 	C:\WINDOWS\System32\win32u.dll
0x00007ff937eb0000 - 0x00007ff937ed9000 	C:\WINDOWS\System32\GDI32.dll
0x00007ff936dc0000 - 0x00007ff936ed2000 	C:\WINDOWS\System32\gdi32full.dll
0x00007ff936920000 - 0x00007ff9369bd000 	C:\WINDOWS\System32\msvcp_win.dll
0x00007ff936a40000 - 0x00007ff936b51000 	C:\WINDOWS\System32\ucrtbase.dll
0x00007ff918a70000 - 0x00007ff918d15000 	C:\WINDOWS\WinSxS\amd64_microsoft.windows.common-controls_6595b64144ccf1df_6.0.22000.120_none_9d947278b86cc467\COMCTL32.dll
0x00007ff937f60000 - 0x00007ff937f91000 	C:\WINDOWS\System32\IMM32.DLL
0x0000000071670000 - 0x0000000071742000 	C:\Android\openjdk\jre\bin\msvcr100.dll
0x000000006ee70000 - 0x000000006f6b9000 	C:\Android\openjdk\jre\bin\server\jvm.dll
0x00007ff937d10000 - 0x00007ff937d18000 	C:\WINDOWS\System32\PSAPI.DLL
0x00007ff9302d0000 - 0x00007ff9302da000 	C:\WINDOWS\SYSTEM32\VERSION.dll
0x00007ff90ae00000 - 0x00007ff90ae09000 	C:\WINDOWS\SYSTEM32\WSOCK32.dll
0x00007ff9317d0000 - 0x00007ff931803000 	C:\WINDOWS\SYSTEM32\WINMM.dll
0x00007ff937bf0000 - 0x00007ff937c5f000 	C:\WINDOWS\System32\WS2_32.dll
0x00007ff912670000 - 0x00007ff91267f000 	C:\Android\openjdk\jre\bin\verify.dll
0x00007ff911880000 - 0x00007ff9118a9000 	C:\Android\openjdk\jre\bin\java.dll
0x00007ff912650000 - 0x00007ff912666000 	C:\Android\openjdk\jre\bin\zip.dll
0x00007ff938920000 - 0x00007ff9390cf000 	C:\WINDOWS\System32\SHELL32.dll
0x00007ff934a30000 - 0x00007ff935298000 	C:\WINDOWS\SYSTEM32\windows.storage.dll
0x00007ff937260000 - 0x00007ff9375d8000 	C:\WINDOWS\System32\combase.dll
0x00007ff9348c0000 - 0x00007ff934a26000 	C:\WINDOWS\SYSTEM32\wintypes.dll
0x00007ff938410000 - 0x00007ff9384fa000 	C:\WINDOWS\System32\SHCORE.dll
0x00007ff937e50000 - 0x00007ff937ead000 	C:\WINDOWS\System32\shlwapi.dll
0x00007ff9367e0000 - 0x00007ff936801000 	C:\WINDOWS\SYSTEM32\profapi.dll
0x00007ff90cea0000 - 0x00007ff90ceba000 	C:\Android\openjdk\jre\bin\net.dll
0x00007ff92bb40000 - 0x00007ff92bd2f000 	C:\WINDOWS\SYSTEM32\urlmon.dll
0x00007ff92b7e0000 - 0x00007ff92b808000 	C:\WINDOWS\SYSTEM32\srvcli.dll
0x00007ff92b810000 - 0x00007ff92bac3000 	C:\WINDOWS\SYSTEM32\iertutil.dll
0x00007ff9355c0000 - 0x00007ff9355cc000 	C:\WINDOWS\SYSTEM32\netutils.dll
0x00007ff935ed0000 - 0x00007ff935f37000 	C:\WINDOWS\system32\mswsock.dll
0x00007ff909780000 - 0x00007ff909792000 	C:\Android\openjdk\jre\bin\nio.dll
0x00007ff922480000 - 0x00007ff9224a7000 	C:\Users\MR LOKESHWARAN\.gradle\native\f6784746aeab05261644944871eae4fe03e0ef1612fff0a4a95f87b438bc6780\windows-amd64\native-platform.dll
0x00007ff9107c0000 - 0x00007ff9107cd000 	C:\Android\openjdk\jre\bin\management.dll
0x00007ff936120000 - 0x00007ff936138000 	C:\WINDOWS\SYSTEM32\CRYPTSP.dll
0x00007ff935a00000 - 0x00007ff935a35000 	C:\WINDOWS\system32\rsaenh.dll
0x00007ff935fc0000 - 0x00007ff935fe9000 	C:\WINDOWS\SYSTEM32\USERENV.dll
0x00007ff936290000 - 0x00007ff9362b7000 	C:\WINDOWS\SYSTEM32\bcrypt.dll
0x00007ff9369c0000 - 0x00007ff936a3f000 	C:\WINDOWS\System32\bcryptprimitives.dll
0x00007ff936110000 - 0x00007ff93611c000 	C:\WINDOWS\SYSTEM32\CRYPTBASE.dll
0x00007ff9355d0000 - 0x00007ff9355fd000 	C:\WINDOWS\SYSTEM32\IPHLPAPI.DLL
0x00007ff937d20000 - 0x00007ff937d29000 	C:\WINDOWS\System32\NSI.dll
0x00007ff931690000 - 0x00007ff9316a9000 	C:\WINDOWS\SYSTEM32\dhcpcsvc6.DLL
0x00007ff9317b0000 - 0x00007ff9317ce000 	C:\WINDOWS\SYSTEM32\dhcpcsvc.DLL
0x00007ff935600000 - 0x00007ff9356e8000 	C:\WINDOWS\SYSTEM32\DNSAPI.dll
0x00007ff931680000 - 0x00007ff93168c000 	C:\WINDOWS\SYSTEM32\WINNSI.DLL

VM Arguments:
jvm_args: -Xmx2048m -Dfile.encoding=UTF-8 -Duser.country=IN -Duser.language=en -Duser.variant 
java_command: org.gradle.launcher.daemon.bootstrap.GradleDaemon 6.5
java_class_path (initial): C:\Users\MR LOKESHWARAN\.gradle\wrapper\dists\gradle-6.5-bin\6nifqtx7604sqp1q6g8wikw7p\gradle-6.5\lib\gradle-launcher-6.5.jar
Launcher Type: SUN_STANDARD

Environment Variables:
JAVA_HOME=C:\Android\openjdk
PATH=C:\Program Files\ImageMagick-7.1.0-Q16-HDRI;C:\Program Files\Common Files\Oracle\Java\javapath;C:\windows\system32;C:\windows;C:\windows\System32\Wbem;C:\windows\System32\WindowsPowerShell\v1.0\;C:\windows\System32\OpenSSH\;C:\Program Files (x86)\NVIDIA Corporation\PhysX\Common;C:\Program Files\NVIDIA Corporation\NVIDIA NvDLISR;C:\Program Files\Git\cmd;C:\flutter\bin;C:\Program Files\Java\jdk-15\bin;C:\Android\platform-tools;C:\Android\tools;C:\Program Files\nodejs\;%SystemRoot%\system32;%SystemRoot%;%SystemRoot%\System32\Wbem;%SYSTEMROOT%\System32\WindowsPowerShell\v1.0\;%SYSTEMROOT%\System32\OpenSSH\;C:\Users\MR LOKESHWARAN\AppData\Local\Programs\Python\Python37\Scripts\;C:\Users\MR LOKESHWARAN\AppData\Local\Programs\Python\Python37\;C:\Users\MR LOKESHWARAN\AppData\Local\Programs\Python\Python38\Scripts\;C:\Users\MR LOKESHWARAN\AppData\Local\Programs\Python\Python38\;C:\Users\MR LOKESHWARAN\AppData\Local\Microsoft\WindowsApps;C:\Users\MR LOKESHWARAN\AppData\Local\Programs\Microsoft VS Code\bin;C:\Android\flutter\bin;C:\Program Files\JetBrains\PyCharm Community Edition 2020.1.2\bin;;C:\Android\sdk;C:\Android\sdk\bin;;C:\Program Files\JetBrains\IntelliJ IDEA Community Edition 2020.2.2\bin;;C:\Modeltech_pe_edu_10.4a\win32pe_edu;C:\Users\MR LOKESHWARAN\AppData\Roaming\npm
USERNAME=MR LOKESHWARAN
OS=Windows_NT
PROCESSOR_IDENTIFIER=AMD64 Family 23 Model 24 Stepping 1, AuthenticAMD



---------------  S Y S T E M  ---------------

OS: Windows 10.0 , 64 bit Build 22000 (10.0.22000.434)

CPU:total 8 (initial active 8) (8 cores per cpu, 1 threads per core) family 23 model 24 stepping 1, cmov, cx8, fxsr, mmx, sse, sse2, sse3, ssse3, sse4.1, sse4.2, popcnt, avx, avx2, aes, clmul, mmxext, 3dnowpref, lzcnt, sse4a, tsc, tscinvbit, tscinv, bmi1

Memory: 4k page, physical 6165652k(368536k free), swap 10359956k(9728k free)

vm_info: OpenJDK 64-Bit Server VM (25.202-b08) for windows-amd64 JRE (1.8.0_202-b08), built on Jan 17 2019 17:10:34 by "jenkins" with MS VC++ 10.0 (VS2010)

time: Mon Apr 18 16:06:50 2022
timezone: India Standard Time
elapsed time: 29 seconds (0d 0h 0m 29s)

