#
# There is insufficient memory for the Java Runtime Environment to continue.
# Native memory allocation (malloc) failed to allocate 609776 bytes for Chunk::new
# Possible reasons:
#   The system is out of physical RAM or swap space
#   The process is running with CompressedOops enabled, and the Java Heap may be blocking the growth of the native heap
# Possible solutions:
#   Reduce memory load on the system
#   Increase physical memory or swap space
#   Check if swap backing store is full
#   Decrease Java heap size (-Xmx/-Xms)
#   Decrease number of Java threads
#   Decrease Java thread stack sizes (-Xss)
#   Set larger code cache with -XX:ReservedCodeCacheSize=
#   JVM is running with Unscaled Compressed Oops mode in which the Java heap is
#     placed in the first 4GB address space. The Java Heap base address is the
#     maximum limit for the native heap growth. Please use -XX:HeapBaseMinAddress
#     to set the Java Heap base and to place the Java Heap above 4GB virtual address.
# This output file may be truncated or incomplete.
#
#  Out of Memory Error (allocation.cpp:389), pid=8560, tid=0x00000000000024d4
#
# JRE version: OpenJDK Runtime Environment (8.0_202-b08) (build 1.8.0_202-b08)
# Java VM: OpenJDK 64-Bit Server VM (25.202-b08 mixed mode windows-amd64 compressed oops)
# Failed to write core dump. Minidumps are not enabled by default on client versions of Windows
#

---------------  T H R E A D  ---------------

Current thread (0x00000000195a6000):  JavaThread "C2 CompilerThread0" daemon [_thread_in_native, id=9428, stack(0x0000000019e70000,0x0000000019f70000)]

Stack: [0x0000000019e70000,0x0000000019f70000]
[error occurred during error reporting (printing stack bounds), id 0xc0000005]

Native frames: (J=compiled Java code, j=interpreted, Vv=VM code, C=native code)


Current CompileTask:
C2:  24369 13334       4       com.android.tools.r8.ir.conversion.N::a (711 bytes)


---------------  P R O C E S S  ---------------

Java Threads: ( => current thread )
  0x0000000029aab800 JavaThread "WorkerExecutor Queue Thread 8" [_thread_blocked, id=18060, stack(0x000000002c1e0000,0x000000002c2e0000)]
  0x0000000029aa9800 JavaThread "WorkerExecutor Queue Thread 7" [_thread_blocked, id=8912, stack(0x000000002c0e0000,0x000000002c1e0000)]
  0x0000000029aa8000 JavaThread "WorkerExecutor Queue Thread 6" [_thread_blocked, id=2572, stack(0x000000002bfe0000,0x000000002c0e0000)]
  0x0000000029aa7000 JavaThread "WorkerExecutor Queue Thread 5" [_thread_blocked, id=17856, stack(0x000000002bee0000,0x000000002bfe0000)]
  0x0000000029aac800 JavaThread "WorkerExecutor Queue Thread 4" [_thread_blocked, id=7304, stack(0x000000002bde0000,0x000000002bee0000)]
  0x0000000029aa0800 JavaThread "WorkerExecutor Queue Thread 3" [_thread_blocked, id=11488, stack(0x000000002bce0000,0x000000002bde0000)]
  0x0000000029a9f800 JavaThread "WorkerExecutor Queue Thread 2" [_thread_blocked, id=1888, stack(0x000000002bbe0000,0x000000002bce0000)]
  0x0000000029aa6800 JavaThread "WorkerExecutor Queue" [_thread_blocked, id=4588, stack(0x000000002bae0000,0x000000002bbe0000)]
  0x0000000029aa1000 JavaThread "Cache worker for execution history cache (D:\Android Projects\RentalApp\.gradle\6.5\executionHistory)" [_thread_blocked, id=3508, stack(0x000000002b550000,0x000000002b650000)]
  0x0000000029aa5800 JavaThread "Execution worker for ':' Thread 7" [_thread_blocked, id=7108, stack(0x000000002b450000,0x000000002b550000)]
  0x0000000029aa2000 JavaThread "Execution worker for ':' Thread 6" [_thread_blocked, id=7888, stack(0x000000002b350000,0x000000002b450000)]
  0x0000000029aa3800 JavaThread "Execution worker for ':' Thread 5" [_thread_blocked, id=13336, stack(0x000000002b250000,0x000000002b350000)]
  0x0000000029aa5000 JavaThread "Execution worker for ':' Thread 4" [_thread_blocked, id=11528, stack(0x000000002b150000,0x000000002b250000)]
  0x0000000029aa4000 JavaThread "Execution worker for ':' Thread 3" [_thread_blocked, id=18680, stack(0x000000002b050000,0x000000002b150000)]
  0x000000001a92e000 JavaThread "Execution worker for ':' Thread 2" [_thread_blocked, id=8388, stack(0x000000002af50000,0x000000002b050000)]
  0x000000001a92d800 JavaThread "Execution worker for ':'" [_thread_blocked, id=8108, stack(0x000000002aa10000,0x000000002ab10000)]
  0x000000001a92b800 JavaThread "Cache worker for file content cache (D:\Android Projects\RentalApp\.gradle\6.5\fileContent)" [_thread_blocked, id=16328, stack(0x000000002a910000,0x000000002aa10000)]
  0x000000001a92f000 JavaThread "Memory manager" [_thread_blocked, id=18764, stack(0x000000002a810000,0x000000002a910000)]
  0x000000001a930800 JavaThread "Cache worker for Build Output Cleanup Cache (D:\Android Projects\RentalApp\.gradle\buildOutputCleanup)" [_thread_blocked, id=19072, stack(0x0000000028940000,0x0000000028a40000)]
  0x000000001b4f1800 JavaThread "jar transforms Thread 94" [_thread_blocked, id=10440, stack(0x0000000028440000,0x0000000028540000)]
  0x000000001b4f0800 JavaThread "jar transforms Thread 93" [_thread_blocked, id=17728, stack(0x0000000028340000,0x0000000028440000)]
  0x000000001b4f0000 JavaThread "jar transforms Thread 92" [_thread_blocked, id=10200, stack(0x0000000028240000,0x0000000028340000)]
  0x000000001b4ef000 JavaThread "jar transforms Thread 91" [_thread_blocked, id=12164, stack(0x0000000028140000,0x0000000028240000)]
  0x000000001b4e7800 JavaThread "jar transforms Thread 90" [_thread_blocked, id=19132, stack(0x0000000028040000,0x0000000028140000)]
  0x000000001b4ee800 JavaThread "jar transforms Thread 89" [_thread_blocked, id=18712, stack(0x0000000027f40000,0x0000000028040000)]
  0x000000001b4e6800 JavaThread "jar transforms Thread 88" [_thread_blocked, id=10372, stack(0x0000000027e40000,0x0000000027f40000)]
  0x000000001b4ed000 JavaThread "jar transforms Thread 87" [_thread_blocked, id=4676, stack(0x0000000027d40000,0x0000000027e40000)]
  0x000000001b4ec000 JavaThread "jar transforms Thread 86" [_thread_blocked, id=3332, stack(0x0000000027c40000,0x0000000027d40000)]
  0x000000001b4ed800 JavaThread "jar transforms Thread 85" [_thread_blocked, id=17740, stack(0x0000000027b40000,0x0000000027c40000)]
  0x000000001b4e4800 JavaThread "jar transforms Thread 84" [_thread_blocked, id=6348, stack(0x0000000027a40000,0x0000000027b40000)]
  0x000000001b4eb800 JavaThread "jar transforms Thread 83" [_thread_blocked, id=10404, stack(0x0000000027940000,0x0000000027a40000)]
  0x000000001b4ea800 JavaThread "jar transforms Thread 82" [_thread_blocked, id=9024, stack(0x0000000027840000,0x0000000027940000)]
  0x000000001b4e3000 JavaThread "jar transforms Thread 81" [_thread_blocked, id=9792, stack(0x0000000027740000,0x0000000027840000)]
  0x000000001b4e8800 JavaThread "jar transforms Thread 80" [_thread_blocked, id=12564, stack(0x0000000027640000,0x0000000027740000)]
  0x000000001b4e5000 JavaThread "jar transforms Thread 79" [_thread_blocked, id=6656, stack(0x0000000027540000,0x0000000027640000)]
  0x000000001b4e3800 JavaThread "jar transforms Thread 78" [_thread_blocked, id=18876, stack(0x0000000027440000,0x0000000027540000)]
  0x000000001b4ea000 JavaThread "jar transforms Thread 77" [_thread_blocked, id=17816, stack(0x0000000027340000,0x0000000027440000)]
  0x000000001b4e2000 JavaThread "jar transforms Thread 76" [_thread_blocked, id=10852, stack(0x0000000027240000,0x0000000027340000)]
  0x000000001b4e6000 JavaThread "jar transforms Thread 75" [_thread_blocked, id=6036, stack(0x0000000027140000,0x0000000027240000)]
  0x000000001b4e9000 JavaThread "jar transforms Thread 74" [_thread_blocked, id=7656, stack(0x0000000027040000,0x0000000027140000)]
  0x000000001f3ec000 JavaThread "jar transforms Thread 73" [_thread_blocked, id=7148, stack(0x0000000026f40000,0x0000000027040000)]
  0x000000001f3ef000 JavaThread "jar transforms Thread 72" [_thread_blocked, id=9648, stack(0x0000000026d40000,0x0000000026e40000)]
  0x000000001f3ee000 JavaThread "jar transforms Thread 71" [_thread_blocked, id=7044, stack(0x0000000026c40000,0x0000000026d40000)]
  0x000000001f3ec800 JavaThread "jar transforms Thread 70" [_thread_blocked, id=12560, stack(0x0000000026b40000,0x0000000026c40000)]
  0x000000001f3ed800 JavaThread "jar transforms Thread 69" [_thread_blocked, id=8468, stack(0x0000000026a40000,0x0000000026b40000)]
  0x000000001f3eb000 JavaThread "jar transforms Thread 68" [_thread_blocked, id=11776, stack(0x0000000026940000,0x0000000026a40000)]
  0x000000001f3ea800 JavaThread "jar transforms Thread 67" [_thread_blocked, id=9448, stack(0x0000000026840000,0x0000000026940000)]
  0x000000001f3e9000 JavaThread "jar transforms Thread 66" [_thread_blocked, id=7080, stack(0x0000000026740000,0x0000000026840000)]
  0x000000001f3e9800 JavaThread "jar transforms Thread 65" [_thread_blocked, id=15868, stack(0x0000000026640000,0x0000000026740000)]
  0x000000001f3e1000 JavaThread "jar transforms Thread 64" [_thread_blocked, id=4628, stack(0x0000000026540000,0x0000000026640000)]
  0x000000001f3e8000 JavaThread "jar transforms Thread 63" [_thread_blocked, id=18796, stack(0x0000000026440000,0x0000000026540000)]
  0x000000001f3e6800 JavaThread "jar transforms Thread 62" [_thread_blocked, id=5552, stack(0x0000000026340000,0x0000000026440000)]
  0x000000001f3e6000 JavaThread "jar transforms Thread 61" [_thread_blocked, id=8368, stack(0x0000000026240000,0x0000000026340000)]
  0x000000001f3e7800 JavaThread "jar transforms Thread 60" [_thread_blocked, id=4240, stack(0x0000000026140000,0x0000000026240000)]
  0x000000001f3e5000 JavaThread "jar transforms Thread 59" [_thread_blocked, id=3760, stack(0x0000000026040000,0x0000000026140000)]
  0x000000001f3e0800 JavaThread "jar transforms Thread 58" [_thread_blocked, id=13896, stack(0x0000000025f40000,0x0000000026040000)]
  0x000000001f3e4800 JavaThread "jar transforms Thread 57" [_thread_blocked, id=11464, stack(0x0000000025e40000,0x0000000025f40000)]
  0x000000001f3e2800 JavaThread "jar transforms Thread 56" [_thread_blocked, id=8828, stack(0x0000000025d40000,0x0000000025e40000)]
  0x000000001f3df800 JavaThread "jar transforms Thread 55" [_thread_blocked, id=17016, stack(0x0000000025c40000,0x0000000025d40000)]
  0x000000001f3e3800 JavaThread "jar transforms Thread 54" [_thread_blocked, id=5716, stack(0x0000000025b40000,0x0000000025c40000)]
  0x000000001f3e2000 JavaThread "jar transforms Thread 53" [_thread_blocked, id=7960, stack(0x0000000025a40000,0x0000000025b40000)]
  0x000000001c95d000 JavaThread "jar transforms Thread 52" [_thread_blocked, id=4556, stack(0x0000000025940000,0x0000000025a40000)]
  0x000000001c956000 JavaThread "jar transforms Thread 51" [_thread_blocked, id=4560, stack(0x0000000025840000,0x0000000025940000)]
  0x000000001c959000 JavaThread "jar transforms Thread 50" [_thread_blocked, id=15200, stack(0x0000000025740000,0x0000000025840000)]
  0x000000001c957800 JavaThread "jar transforms Thread 49" [_thread_blocked, id=13584, stack(0x0000000025640000,0x0000000025740000)]
  0x000000001c95c000 JavaThread "jar transforms Thread 48" [_thread_blocked, id=9564, stack(0x0000000025540000,0x0000000025640000)]
  0x000000001c957000 JavaThread "jar transforms Thread 47" [_thread_blocked, id=8512, stack(0x0000000025440000,0x0000000025540000)]
  0x000000001c95a000 JavaThread "jar transforms Thread 46" [_thread_blocked, id=2616, stack(0x0000000025340000,0x0000000025440000)]
  0x000000001c95b800 JavaThread "jar transforms Thread 45" [_thread_blocked, id=6204, stack(0x0000000025240000,0x0000000025340000)]
  0x000000001c95a800 JavaThread "jar transforms Thread 44" [_thread_blocked, id=4496, stack(0x0000000025140000,0x0000000025240000)]
  0x000000001c951800 JavaThread "jar transforms Thread 43" [_thread_blocked, id=16100, stack(0x0000000025040000,0x0000000025140000)]
  0x000000001c958800 JavaThread "jar transforms Thread 42" [_thread_blocked, id=3148, stack(0x0000000024f40000,0x0000000025040000)]
  0x000000001c94e800 JavaThread "jar transforms Thread 41" [_thread_blocked, id=8652, stack(0x0000000024e40000,0x0000000024f40000)]
  0x000000001c955800 JavaThread "jar transforms Thread 40" [_thread_blocked, id=5844, stack(0x0000000024d40000,0x0000000024e40000)]
  0x000000001c953000 JavaThread "jar transforms Thread 39" [_thread_blocked, id=11084, stack(0x0000000024c40000,0x0000000024d40000)]
  0x000000001c94d800 JavaThread "jar transforms Thread 38" [_thread_blocked, id=19112, stack(0x0000000024b40000,0x0000000024c40000)]
  0x000000001c954000 JavaThread "jar transforms Thread 37" [_thread_blocked, id=2700, stack(0x0000000024a40000,0x0000000024b40000)]
  0x000000001c950800 JavaThread "jar transforms Thread 36" [_thread_blocked, id=18896, stack(0x0000000024940000,0x0000000024a40000)]
  0x000000001c952000 JavaThread "jar transforms Thread 35" [_thread_blocked, id=11236, stack(0x0000000024840000,0x0000000024940000)]
  0x000000001c954800 JavaThread "jar transforms Thread 34" [_thread_blocked, id=3556, stack(0x0000000024740000,0x0000000024840000)]
  0x000000001c950000 JavaThread "jar transforms Thread 33" [_thread_blocked, id=3784, stack(0x0000000024640000,0x0000000024740000)]
  0x000000001c94f000 JavaThread "jar transforms Thread 32" [_thread_blocked, id=18892, stack(0x0000000024540000,0x0000000024640000)]
  0x000000001c2e8800 JavaThread "jar transforms Thread 31" [_thread_blocked, id=17148, stack(0x0000000024440000,0x0000000024540000)]
  0x000000001c2ea800 JavaThread "jar transforms Thread 30" [_thread_blocked, id=12568, stack(0x0000000024340000,0x0000000024440000)]
  0x000000001c2ea000 JavaThread "jar transforms Thread 29" [_thread_blocked, id=19416, stack(0x0000000024240000,0x0000000024340000)]
  0x000000001c2e7800 JavaThread "jar transforms Thread 28" [_thread_blocked, id=11616, stack(0x0000000024140000,0x0000000024240000)]
  0x000000001c2e9000 JavaThread "jar transforms Thread 27" [_thread_blocked, id=12244, stack(0x0000000024040000,0x0000000024140000)]
  0x000000001c2e7000 JavaThread "jar transforms Thread 26" [_thread_blocked, id=5804, stack(0x0000000023f40000,0x0000000024040000)]
  0x000000001c2df800 JavaThread "jar transforms Thread 25" [_thread_blocked, id=6428, stack(0x0000000023e40000,0x0000000023f40000)]
  0x000000001c2e6000 JavaThread "jar transforms Thread 24" [_thread_blocked, id=6432, stack(0x0000000023d40000,0x0000000023e40000)]
  0x000000001c2e5800 JavaThread "jar transforms Thread 23" [_thread_blocked, id=17576, stack(0x0000000023c40000,0x0000000023d40000)]
  0x000000001c2e4800 JavaThread "jar transforms Thread 22" [_thread_blocked, id=4680, stack(0x0000000023b40000,0x0000000023c40000)]
  0x000000001c2e4000 JavaThread "jar transforms Thread 21" [_thread_blocked, id=15064, stack(0x0000000023a40000,0x0000000023b40000)]
  0x000000001c2dc000 JavaThread "jar transforms Thread 20" [_thread_blocked, id=6632, stack(0x0000000023940000,0x0000000023a40000)]
  0x000000001c2e0000 JavaThread "jar transforms Thread 19" [_thread_blocked, id=2160, stack(0x0000000023840000,0x0000000023940000)]
  0x000000001c2de800 JavaThread "jar transforms Thread 18" [_thread_blocked, id=6276, stack(0x0000000023740000,0x0000000023840000)]
  0x000000001c2de000 JavaThread "jar transforms Thread 17" [_thread_blocked, id=18928, stack(0x0000000023640000,0x0000000023740000)]
  0x000000001c2e3000 JavaThread "jar transforms Thread 16" [_thread_blocked, id=7212, stack(0x0000000023540000,0x0000000023640000)]
  0x000000001c2e1000 JavaThread "jar transforms Thread 15" [_thread_blocked, id=2884, stack(0x0000000023440000,0x0000000023540000)]
  0x000000001c2db800 JavaThread "jar transforms Thread 14" [_thread_blocked, id=18324, stack(0x0000000023340000,0x0000000023440000)]
  0x000000001c2e1800 JavaThread "jar transforms Thread 13" [_thread_blocked, id=15076, stack(0x0000000023240000,0x0000000023340000)]
  0x000000001c2dd000 JavaThread "jar transforms Thread 12" [_thread_blocked, id=1216, stack(0x0000000023140000,0x0000000023240000)]
  0x000000001c2e2800 JavaThread "jar transforms Thread 11" [_thread_blocked, id=18528, stack(0x0000000023040000,0x0000000023140000)]
  0x000000001f85e000 JavaThread "jar transforms Thread 10" [_thread_blocked, id=2120, stack(0x0000000022f40000,0x0000000023040000)]
  0x000000001f862800 JavaThread "jar transforms Thread 9" [_thread_blocked, id=18400, stack(0x0000000022e40000,0x0000000022f40000)]
  0x000000001f85d000 JavaThread "jar transforms Thread 8" [_thread_blocked, id=18608, stack(0x0000000022d40000,0x0000000022e40000)]
  0x000000001f860000 JavaThread "jar transforms Thread 7" [_thread_blocked, id=9772, stack(0x0000000022c40000,0x0000000022d40000)]
  0x000000001f861800 JavaThread "jar transforms Thread 6" [_thread_blocked, id=10016, stack(0x0000000022b40000,0x0000000022c40000)]
  0x000000001f85f800 JavaThread "jar transforms Thread 5" [_thread_blocked, id=1840, stack(0x0000000022a40000,0x0000000022b40000)]
  0x000000001f85c800 JavaThread "jar transforms Thread 4" [_thread_blocked, id=11232, stack(0x0000000022940000,0x0000000022a40000)]
  0x000000001f85b800 JavaThread "jar transforms Thread 3" [_thread_blocked, id=2436, stack(0x0000000022840000,0x0000000022940000)]
  0x000000001f85e800 JavaThread "jar transforms Thread 2" [_thread_blocked, id=1940, stack(0x0000000022740000,0x0000000022840000)]
  0x000000001f861000 JavaThread "Build operations Thread 8" [_thread_in_Java, id=5752, stack(0x0000000022640000,0x0000000022740000)]
  0x000000001f854000 JavaThread "Build operations Thread 7" [_thread_in_Java, id=3960, stack(0x0000000022540000,0x0000000022640000)]
  0x000000001f85b000 JavaThread "Build operations Thread 6" [_thread_in_Java, id=12820, stack(0x0000000022440000,0x0000000022540000)]
  0x000000001f853800 JavaThread "Build operations Thread 5" [_thread_blocked, id=4508, stack(0x0000000022340000,0x0000000022440000)]
  0x000000001f85a000 JavaThread "Build operations Thread 4" [_thread_blocked, id=13948, stack(0x0000000022240000,0x0000000022340000)]
  0x000000001f859800 JavaThread "Build operations Thread 3" [_thread_in_Java, id=6680, stack(0x0000000022140000,0x0000000022240000)]
  0x000000001f858800 JavaThread "Build operations Thread 2" [_thread_in_Java, id=19216, stack(0x0000000022040000,0x0000000022140000)]
  0x000000001f857000 JavaThread "Build operations" [_thread_in_Java, id=18004, stack(0x0000000021f40000,0x0000000022040000)]
  0x000000001bd6c800 JavaThread "Cache worker for file content cache (C:\Users\MR LOKESHWARAN\.gradle\caches\6.5\fileContent)" [_thread_blocked, id=9680, stack(0x0000000021840000,0x0000000021940000)]
  0x000000001bd6f800 JavaThread "jar transforms" [_thread_blocked, id=13524, stack(0x0000000021740000,0x0000000021840000)]
  0x000000001bd6e800 JavaThread "Cache worker for execution history cache (C:\Users\MR LOKESHWARAN\.gradle\caches\6.5\executionHistory)" [_thread_blocked, id=18028, stack(0x0000000021040000,0x0000000021140000)]
  0x000000001bd71800 JavaThread "Cache worker for cache directory md-rule (C:\Users\MR LOKESHWARAN\.gradle\caches\6.5\md-rule)" [_thread_blocked, id=11260, stack(0x0000000020f40000,0x0000000021040000)]
  0x000000001bd6d000 JavaThread "Cache worker for cache directory md-supplier (C:\Users\MR LOKESHWARAN\.gradle\caches\6.5\md-supplier)" [_thread_blocked, id=6636, stack(0x0000000020e40000,0x0000000020f40000)]
  0x000000001bd71000 JavaThread "Cache worker for checksums cache (D:\Android Projects\RentalApp\.gradle\checksums)" [_thread_blocked, id=9432, stack(0x0000000020d40000,0x0000000020e40000)]
  0x000000001bd73000 JavaThread "Cache worker for file hash cache (D:\Android Projects\RentalApp\.gradle\6.5\fileHashes)" [_thread_blocked, id=8528, stack(0x0000000020a40000,0x0000000020b40000)]
  0x000000001bd6e000 JavaThread "Cache worker for file hash cache (C:\Users\MR LOKESHWARAN\.gradle\caches\6.5\fileHashes)" [_thread_blocked, id=10880, stack(0x000000001e5a0000,0x000000001e6a0000)]
  0x000000001bd70000 JavaThread "File lock request listener" [_thread_in_native, id=11252, stack(0x000000001e4a0000,0x000000001e5a0000)]
  0x000000001b6e0800 JavaThread "Cache worker for journal cache (C:\Users\MR LOKESHWARAN\.gradle\caches\journal-1)" [_thread_blocked, id=9800, stack(0x000000001e3a0000,0x000000001e4a0000)]
  0x000000001bb24800 JavaThread "Thread-9" [_thread_blocked, id=1676, stack(0x000000001e0a0000,0x000000001e1a0000)]
  0x000000001bb23800 JavaThread "Stdin handler" [_thread_blocked, id=18096, stack(0x000000001dfa0000,0x000000001e0a0000)]
  0x000000001b283000 JavaThread "Asynchronous log dispatcher for DefaultDaemonConnection: socket connection from /127.0.0.1:50803 to /127.0.0.1:50804" [_thread_blocked, id=10172, stack(0x000000001dea0000,0x000000001dfa0000)]
  0x000000001b27c000 JavaThread "Daemon worker" [_thread_blocked, id=12016, stack(0x000000001dda0000,0x000000001dea0000)]
  0x000000001adcb800 JavaThread "Cancel handler" [_thread_blocked, id=18264, stack(0x000000001dca0000,0x000000001dda0000)]
  0x000000001aee0000 JavaThread "Handler for socket connection from /127.0.0.1:50803 to /127.0.0.1:50804" [_thread_in_native, id=19056, stack(0x000000001daa0000,0x000000001dba0000)]
  0x000000001aeca800 JavaThread "Daemon" [_thread_blocked, id=9440, stack(0x000000001d9a0000,0x000000001daa0000)]
  0x000000001ad55000 JavaThread "Daemon periodic checks" [_thread_blocked, id=1672, stack(0x000000001d6a0000,0x000000001d7a0000)]
  0x000000001ad53800 JavaThread "Incoming local TCP Connector on port 50803" [_thread_in_native, id=16664, stack(0x000000001d450000,0x000000001d550000)]
  0x000000001bd97000 JavaThread "Daemon health stats" [_thread_blocked, id=17056, stack(0x000000001cc10000,0x000000001cd10000)]
  0x0000000019642800 JavaThread "Service Thread" daemon [_thread_blocked, id=18748, stack(0x000000001a270000,0x000000001a370000)]
  0x00000000195b9800 JavaThread "C1 CompilerThread3" daemon [_thread_blocked, id=10452, stack(0x000000001a170000,0x000000001a270000)]
  0x00000000195b5800 JavaThread "C2 CompilerThread2" daemon [_thread_in_native, id=6908, stack(0x000000001a070000,0x000000001a170000)]
  0x00000000195a8000 JavaThread "C2 CompilerThread1" daemon [_thread_in_native, id=18388, stack(0x0000000019f70000,0x000000001a070000)]
=>0x00000000195a6000 JavaThread "C2 CompilerThread0" daemon [_thread_in_native, id=9428, stack(0x0000000019e70000,0x0000000019f70000)]
  0x000000001959f000 JavaThread "Attach Listener" daemon [_thread_blocked, id=9424, stack(0x0000000019d70000,0x0000000019e70000)]
  0x000000001959e000 JavaThread "Signal Dispatcher" daemon [_thread_blocked, id=5404, stack(0x0000000019c70000,0x0000000019d70000)]
  0x0000000019591800 JavaThread "Finalizer" daemon [_thread_blocked, id=8268, stack(0x0000000019a70000,0x0000000019b70000)]
  0x0000000019590800 JavaThread "Reference Handler" daemon [_thread_blocked, id=14096, stack(0x0000000019970000,0x0000000019a70000)]
  0x00000000024ce000 JavaThread "main" [_thread_blocked, id=1196, stack(0x00000000024d0000,0x00000000025d0000)]

Other Threads:
  0x0000000017787000 VMThread [stack: 0x0000000019470000,0x0000000019570000] [id=7580]
  0x000000001964b800 WatcherThread [stack: 0x000000001a370000,0x000000001a470000] [id=11792]

VM state:not at safepoint (normal execution)

VM Mutex/Monitor currently owned by a thread: None

OutOfMemory and StackOverflow Exception counts:
OutOfMemoryError java_heap_errors=1

heap address: 0x0000000080000000, size: 2048 MB, Compressed Oops mode: 32-bit
Narrow klass base: 0x0000000000000000, Narrow klass shift: 3
Compressed class space size: 1073741824 Address: 0x0000000100000000

Heap:
 PSYoungGen      total 328192K, used 112867K [0x00000000d5580000, 0x00000000ede80000, 0x0000000100000000)
  eden space 294912K, 38% used [0x00000000d5580000,0x00000000dc3b8d70,0x00000000e7580000)
  from space 33280K, 0% used [0x00000000e9900000,0x00000000e9900000,0x00000000eb980000)
  to   space 36352K, 0% used [0x00000000e7580000,0x00000000e7580000,0x00000000e9900000)
 ParOldGen       total 93184K, used 84039K [0x0000000080000000, 0x0000000085b00000, 0x00000000d5580000)
  object space 93184K, 90% used [0x0000000080000000,0x0000000085211f50,0x0000000085b00000)
 Metaspace       used 79940K, capacity 84228K, committed 85080K, reserved 1122304K
  class space    used 10908K, capacity 11691K, committed 11904K, reserved 1048576K

Card table byte_map: [0x0000000011ae0000,0x0000000011ef0000] byte_map_base: 0x00000000116e0000

Marking Bits: (ParMarkBitMap*) 0x000000006f63cf30
 Begin Bits: [0x00000000129a0000, 0x00000000149a0000)
 End Bits:   [0x00000000149a0000, 0x00000000169a0000)

Polling page: 0x0000000000c50000

CodeCache: size=245760Kb used=37839Kb max_used=38542Kb free=207920Kb
 bounds [0x0000000002720000, 0x0000000004cf0000, 0x0000000011720000]
 total_blobs=12267 nmethods=11447 adapters=731
 compilation: enabled

Compilation events (10 events):
Event: 24.337 Thread 0x00000000195b9800 nmethod 13478 0x0000000003ffb650 code [0x0000000003ffb7c0, 0x0000000003ffbab0]
Event: 24.337 Thread 0x00000000195b9800 13479       2       java.util.WeakHashMap$EntryIterator::next (5 bytes)
Event: 24.337 Thread 0x00000000195b9800 nmethod 13479 0x0000000004350510 code [0x0000000004350680, 0x00000000043507e8]
Event: 24.338 Thread 0x00000000195b9800 13480       2       java.util.WeakHashMap$EntryIterator::next (5 bytes)
Event: 24.338 Thread 0x00000000195b9800 nmethod 13480 0x0000000003933d10 code [0x0000000003933e80, 0x0000000003933fe8]
Event: 24.342 Thread 0x00000000195b9800 13481       2       com.android.tools.r8.s.b.f1::a (213 bytes)
Event: 24.343 Thread 0x00000000195b9800 nmethod 13481 0x0000000004066f90 code [0x0000000004067200, 0x0000000004067bd8]
Event: 24.344 Thread 0x00000000195b9800 13482       2       com.android.tools.r8.s.b.h0::b (42 bytes)
Event: 24.345 Thread 0x00000000195b9800 nmethod 13482 0x0000000002842210 code [0x00000000028423a0, 0x00000000028425f8]
Event: 24.365 Thread 0x00000000195b9800 13483       2       com.android.tools.r8.q.a.b.l.g.o::a (265 bytes)

GC Heap History (10 events):
Event: 20.676 GC heap before
{Heap before GC invocations=19 (full 3):
 PSYoungGen      total 281088K, used 281085K [0x00000000d5580000, 0x00000000eb980000, 0x0000000100000000)
  eden space 260096K, 100% used [0x00000000d5580000,0x00000000e5380000,0x00000000e5380000)
  from space 20992K, 99% used [0x00000000e5380000,0x00000000e67ff568,0x00000000e6800000)
  to   space 33280K, 0% used [0x00000000e9900000,0x00000000e9900000,0x00000000eb980000)
 ParOldGen       total 93184K, used 59710K [0x0000000080000000, 0x0000000085b00000, 0x00000000d5580000)
  object space 93184K, 64% used [0x0000000080000000,0x0000000083a4faf0,0x0000000085b00000)
 Metaspace       used 78722K, capacity 83474K, committed 83800K, reserved 1122304K
  class space    used 10938K, capacity 11804K, committed 11904K, reserved 1048576K
Event: 20.738 GC heap after
Heap after GC invocations=19 (full 3):
 PSYoungGen      total 328192K, used 26812K [0x00000000d5580000, 0x00000000ede80000, 0x0000000100000000)
  eden space 294912K, 0% used [0x00000000d5580000,0x00000000d5580000,0x00000000e7580000)
  from space 33280K, 80% used [0x00000000e9900000,0x00000000eb32f140,0x00000000eb980000)
  to   space 36352K, 0% used [0x00000000e7580000,0x00000000e7580000,0x00000000e9900000)
 ParOldGen       total 93184K, used 79144K [0x0000000080000000, 0x0000000085b00000, 0x00000000d5580000)
  object space 93184K, 84% used [0x0000000080000000,0x0000000084d4a1a0,0x0000000085b00000)
 Metaspace       used 78722K, capacity 83474K, committed 83800K, reserved 1122304K
  class space    used 10938K, capacity 11804K, committed 11904K, reserved 1048576K
}
Event: 20.738 GC heap before
{Heap before GC invocations=20 (full 4):
 PSYoungGen      total 328192K, used 26812K [0x00000000d5580000, 0x00000000ede80000, 0x0000000100000000)
  eden space 294912K, 0% used [0x00000000d5580000,0x00000000d5580000,0x00000000e7580000)
  from space 33280K, 80% used [0x00000000e9900000,0x00000000eb32f140,0x00000000eb980000)
  to   space 36352K, 0% used [0x00000000e7580000,0x00000000e7580000,0x00000000e9900000)
 ParOldGen       total 93184K, used 79144K [0x0000000080000000, 0x0000000085b00000, 0x00000000d5580000)
  object space 93184K, 84% used [0x0000000080000000,0x0000000084d4a1a0,0x0000000085b00000)
 Metaspace       used 78722K, capacity 83474K, committed 83800K, reserved 1122304K
  class space    used 10938K, capacity 11804K, committed 11904K, reserved 1048576K
Event: 21.062 GC heap after
Heap after GC invocations=20 (full 4):
 PSYoungGen      total 328192K, used 0K [0x00000000d5580000, 0x00000000ede80000, 0x0000000100000000)
  eden space 294912K, 0% used [0x00000000d5580000,0x00000000d5580000,0x00000000e7580000)
  from space 33280K, 0% used [0x00000000e9900000,0x00000000e9900000,0x00000000eb980000)
  to   space 36352K, 0% used [0x00000000e7580000,0x00000000e7580000,0x00000000e9900000)
 ParOldGen       total 93184K, used 91827K [0x0000000080000000, 0x0000000085b00000, 0x00000000d5580000)
  object space 93184K, 98% used [0x0000000080000000,0x00000000859ace20,0x0000000085b00000)
 Metaspace       used 78336K, capacity 82402K, committed 83800K, reserved 1122304K
  class space    used 10806K, capacity 11570K, committed 11904K, reserved 1048576K
}
Event: 22.305 GC heap before
{Heap before GC invocations=21 (full 5):
 PSYoungGen      total 328192K, used 294912K [0x00000000d5580000, 0x00000000ede80000, 0x0000000100000000)
  eden space 294912K, 100% used [0x00000000d5580000,0x00000000e7580000,0x00000000e7580000)
  from space 33280K, 0% used [0x00000000e9900000,0x00000000e9900000,0x00000000eb980000)
  to   space 36352K, 0% used [0x00000000e7580000,0x00000000e7580000,0x00000000e9900000)
 ParOldGen       total 93184K, used 91827K [0x0000000080000000, 0x0000000085b00000, 0x00000000d5580000)
  object space 93184K, 98% used [0x0000000080000000,0x00000000859ace20,0x0000000085b00000)
 Metaspace       used 79237K, capacity 83386K, committed 84568K, reserved 1122304K
  class space    used 10864K, capacity 11624K, committed 11904K, reserved 1048576K
Event: 22.550 GC heap after
Heap after GC invocations=21 (full 5):
 PSYoungGen      total 328192K, used 0K [0x00000000d5580000, 0x00000000ede80000, 0x0000000100000000)
  eden space 294912K, 0% used [0x00000000d5580000,0x00000000d5580000,0x00000000e7580000)
  from space 33280K, 0% used [0x00000000e9900000,0x00000000e9900000,0x00000000eb980000)
  to   space 36352K, 0% used [0x00000000e7580000,0x00000000e7580000,0x00000000e9900000)
 ParOldGen       total 93184K, used 89518K [0x0000000080000000, 0x0000000085b00000, 0x00000000d5580000)
  object space 93184K, 96% used [0x0000000080000000,0x000000008576b918,0x0000000085b00000)
 Metaspace       used 79237K, capacity 83386K, committed 84568K, reserved 1122304K
  class space    used 10864K, capacity 11624K, committed 11904K, reserved 1048576K
}
Event: 23.175 GC heap before
{Heap before GC invocations=22 (full 6):
 PSYoungGen      total 328192K, used 294912K [0x00000000d5580000, 0x00000000ede80000, 0x0000000100000000)
  eden space 294912K, 100% used [0x00000000d5580000,0x00000000e7580000,0x00000000e7580000)
  from space 33280K, 0% used [0x00000000e9900000,0x00000000e9900000,0x00000000eb980000)
  to   space 36352K, 0% used [0x00000000e7580000,0x00000000e7580000,0x00000000e9900000)
 ParOldGen       total 93184K, used 89518K [0x0000000080000000, 0x0000000085b00000, 0x00000000d5580000)
  object space 93184K, 96% used [0x0000000080000000,0x000000008576b918,0x0000000085b00000)
 Metaspace       used 79573K, capacity 83778K, committed 84824K, reserved 1122304K
  class space    used 10882K, capacity 11632K, committed 11904K, reserved 1048576K
Event: 23.360 GC heap after
Heap after GC invocations=22 (full 6):
 PSYoungGen      total 328192K, used 0K [0x00000000d5580000, 0x00000000ede80000, 0x0000000100000000)
  eden space 294912K, 0% used [0x00000000d5580000,0x00000000d5580000,0x00000000e7580000)
  from space 33280K, 0% used [0x00000000e9900000,0x00000000e9900000,0x00000000eb980000)
  to   space 36352K, 0% used [0x00000000e7580000,0x00000000e7580000,0x00000000e9900000)
 ParOldGen       total 93184K, used 84558K [0x0000000080000000, 0x0000000085b00000, 0x00000000d5580000)
  object space 93184K, 90% used [0x0000000080000000,0x0000000085293860,0x0000000085b00000)
 Metaspace       used 79573K, capacity 83778K, committed 84824K, reserved 1122304K
  class space    used 10882K, capacity 11632K, committed 11904K, reserved 1048576K
}
Event: 23.970 GC heap before
{Heap before GC invocations=23 (full 7):
 PSYoungGen      total 328192K, used 294912K [0x00000000d5580000, 0x00000000ede80000, 0x0000000100000000)
  eden space 294912K, 100% used [0x00000000d5580000,0x00000000e7580000,0x00000000e7580000)
  from space 33280K, 0% used [0x00000000e9900000,0x00000000e9900000,0x00000000eb980000)
  to   space 36352K, 0% used [0x00000000e7580000,0x00000000e7580000,0x00000000e9900000)
 ParOldGen       total 93184K, used 84558K [0x0000000080000000, 0x0000000085b00000, 0x00000000d5580000)
  object space 93184K, 90% used [0x0000000080000000,0x0000000085293860,0x0000000085b00000)
 Metaspace       used 79881K, capacity 84146K, committed 85080K, reserved 1122304K
  class space    used 10905K, capacity 11688K, committed 11904K, reserved 1048576K
Event: 24.155 GC heap after
Heap after GC invocations=23 (full 7):
 PSYoungGen      total 328192K, used 0K [0x00000000d5580000, 0x00000000ede80000, 0x0000000100000000)
  eden space 294912K, 0% used [0x00000000d5580000,0x00000000d5580000,0x00000000e7580000)
  from space 33280K, 0% used [0x00000000e9900000,0x00000000e9900000,0x00000000eb980000)
  to   space 36352K, 0% used [0x00000000e7580000,0x00000000e7580000,0x00000000e9900000)
 ParOldGen       total 93184K, used 84039K [0x0000000080000000, 0x0000000085b00000, 0x00000000d5580000)
  object space 93184K, 90% used [0x0000000080000000,0x0000000085211f50,0x0000000085b00000)
 Metaspace       used 79881K, capacity 84146K, committed 85080K, reserved 1122304K
  class space    used 10905K, capacity 11688K, committed 11904K, reserved 1048576K
}

Deoptimization events (10 events):
Event: 23.456 Thread 0x000000001f85a000 Uncommon trap: reason=unstable_if action=reinterpret pc=0x0000000004211034 method=com.android.tools.r8.z.a.a.s.a(Lcom/android/tools/r8/z/a/a/u;Z)V @ 31
Event: 23.588 Thread 0x000000001f85a000 Uncommon trap: reason=class_check action=maybe_recompile pc=0x0000000004412a7c method=com.android.tools.r8.ir.conversion.N.g(I)V @ 9
Event: 23.588 Thread 0x000000001f85a000 Uncommon trap: reason=class_check action=maybe_recompile pc=0x0000000004412a7c method=com.android.tools.r8.ir.conversion.N.g(I)V @ 9
Event: 23.588 Thread 0x000000001f85a000 Uncommon trap: reason=class_check action=maybe_recompile pc=0x0000000004412a7c method=com.android.tools.r8.ir.conversion.N.g(I)V @ 9
Event: 23.588 Thread 0x000000001f85a000 Uncommon trap: reason=class_check action=maybe_recompile pc=0x0000000004412a7c method=com.android.tools.r8.ir.conversion.N.g(I)V @ 9
Event: 23.589 Thread 0x000000001f85a000 Uncommon trap: reason=class_check action=maybe_recompile pc=0x0000000004955484 method=com.android.tools.r8.ir.conversion.N.g(I)V @ 9
Event: 23.619 Thread 0x000000001f85a000 Uncommon trap: reason=unstable_if action=reinterpret pc=0x00000000045ca708 method=com.android.tools.r8.graph.i0.b(Lcom/android/tools/r8/graph/i0;)I @ 60
Event: 23.863 Thread 0x000000001f858800 Uncommon trap: reason=unstable_if action=reinterpret pc=0x0000000004b6bf24 method=com.android.tools.r8.ir.conversion.N.a(Lcom/android/tools/r8/graph/n1;)Lcom/android/tools/r8/s/b/X; @ 1699
Event: 23.947 Thread 0x000000001f857000 Uncommon trap: reason=unstable_if action=reinterpret pc=0x0000000004c9b98c method=com.android.tools.r8.ir.regalloc.a.a(Lcom/android/tools/r8/ir/regalloc/a$a;Z)Lcom/android/tools/r8/ir/regalloc/a$a; @ 2768
Event: 24.165 Thread 0x000000001f858800 Uncommon trap: reason=bimorphic action=maybe_recompile pc=0x0000000004353a40 method=java.util.stream.AbstractPipeline.copyIntoWithCancel(Ljava/util/stream/Sink;Ljava/util/Spliterator;)V @ 24

Classes redefined (0 events):
No events

Internal exceptions (10 events):
Event: 23.701 Thread 0x000000001f85a000 Exception <a 'sun/nio/fs/WindowsException'> (0x00000000df23f468) thrown at [C:\cygwin64\tmp\openjdk-jdk8u-windows-x64-hotspot\workspace\build\src\hotspot\src\share\vm\prims\jni.cpp, line 710]
Event: 23.712 Thread 0x000000001f85b000 Exception <a 'sun/nio/fs/WindowsException'> (0x00000000daebfa68) thrown at [C:\cygwin64\tmp\openjdk-jdk8u-windows-x64-hotspot\workspace\build\src\hotspot\src\share\vm\prims\jni.cpp, line 710]
Event: 23.723 Thread 0x000000001f85b000 Exception <a 'sun/nio/fs/WindowsException'> (0x00000000dfa3a758) thrown at [C:\cygwin64\tmp\openjdk-jdk8u-windows-x64-hotspot\workspace\build\src\hotspot\src\share\vm\prims\jni.cpp, line 710]
Event: 24.166 Thread 0x000000001f85a000 Exception <a 'sun/nio/fs/WindowsException'> (0x00000000d5839168) thrown at [C:\cygwin64\tmp\openjdk-jdk8u-windows-x64-hotspot\workspace\build\src\hotspot\src\share\vm\prims\jni.cpp, line 710]
Event: 24.224 Thread 0x000000001f85a000 Exception <a 'sun/nio/fs/WindowsException'> (0x00000000d7493b40) thrown at [C:\cygwin64\tmp\openjdk-jdk8u-windows-x64-hotspot\workspace\build\src\hotspot\src\share\vm\prims\jni.cpp, line 710]
Event: 24.266 Thread 0x000000001f85a000 Exception <a 'sun/nio/fs/WindowsException'> (0x00000000d8a8f0f8) thrown at [C:\cygwin64\tmp\openjdk-jdk8u-windows-x64-hotspot\workspace\build\src\hotspot\src\share\vm\prims\jni.cpp, line 710]
Event: 24.307 Thread 0x000000001f85b000 Exception <a 'sun/nio/fs/WindowsException'> (0x00000000d6db8e60) thrown at [C:\cygwin64\tmp\openjdk-jdk8u-windows-x64-hotspot\workspace\build\src\hotspot\src\share\vm\prims\jni.cpp, line 710]
Event: 24.311 Thread 0x000000001f85b000 Exception <a 'sun/nio/fs/WindowsException'> (0x00000000d6dfd0f0) thrown at [C:\cygwin64\tmp\openjdk-jdk8u-windows-x64-hotspot\workspace\build\src\hotspot\src\share\vm\prims\jni.cpp, line 710]
Event: 24.330 Thread 0x000000001f85b000 Exception <a 'sun/nio/fs/WindowsException'> (0x00000000da7f12f8) thrown at [C:\cygwin64\tmp\openjdk-jdk8u-windows-x64-hotspot\workspace\build\src\hotspot\src\share\vm\prims\jni.cpp, line 710]
Event: 24.336 Thread 0x000000001f85a000 Exception <a 'java/lang/OutOfMemoryError'> (0x00000000dac1b8f8) thrown at [C:\cygwin64\tmp\openjdk-jdk8u-windows-x64-hotspot\workspace\build\src\hotspot\src\share\vm\prims\jni.cpp, line 736]

Events (10 events):
Event: 24.297 Thread 0x000000001f859800 DEOPT PACKING pc=0x0000000004a39950 sp=0x000000002223a220
Event: 24.297 Thread 0x000000001f859800 DEOPT UNPACKING pc=0x00000000027671d0 sp=0x0000000022239fd0 mode 0
Event: 24.336 loading class java/util/zip/DataFormatException
Event: 24.336 loading class java/util/zip/DataFormatException done
Event: 24.338 loading class org/gradle/internal/Try
Event: 24.338 loading class org/gradle/internal/Try done
Event: 24.338 loading class org/gradle/internal/Try
Event: 24.338 loading class org/gradle/internal/Try done
Event: 24.338 loading class org/gradle/internal/execution/Result
Event: 24.338 loading class org/gradle/internal/execution/Result done


Dynamic libraries:
0x00007ff6a2b20000 - 0x00007ff6a2b55000 	C:\Android\openjdk\bin\java.exe
0x00007ff9393c0000 - 0x00007ff9395c9000 	C:\WINDOWS\SYSTEM32\ntdll.dll
0x00007ff9377c0000 - 0x00007ff93787d000 	C:\WINDOWS\System32\KERNEL32.DLL
0x00007ff936ee0000 - 0x00007ff937254000 	C:\WINDOWS\System32\KERNELBASE.dll
0x00007ff9392d0000 - 0x00007ff93937e000 	C:\WINDOWS\System32\ADVAPI32.dll
0x00007ff937c60000 - 0x00007ff937d03000 	C:\WINDOWS\System32\msvcrt.dll
0x00007ff9379c0000 - 0x00007ff937a5e000 	C:\WINDOWS\System32\sechost.dll
0x00007ff937ad0000 - 0x00007ff937bf0000 	C:\WINDOWS\System32\RPCRT4.dll
0x00007ff938560000 - 0x00007ff93870c000 	C:\WINDOWS\System32\USER32.dll
0x00007ff936d90000 - 0x00007ff936db6000 	C:\WINDOWS\System32\win32u.dll
0x00007ff937eb0000 - 0x00007ff937ed9000 	C:\WINDOWS\System32\GDI32.dll
0x00007ff936dc0000 - 0x00007ff936ed2000 	C:\WINDOWS\System32\gdi32full.dll
0x00007ff936920000 - 0x00007ff9369bd000 	C:\WINDOWS\System32\msvcp_win.dll
0x00007ff936a40000 - 0x00007ff936b51000 	C:\WINDOWS\System32\ucrtbase.dll
0x00007ff918a70000 - 0x00007ff918d15000 	C:\WINDOWS\WinSxS\amd64_microsoft.windows.common-controls_6595b64144ccf1df_6.0.22000.120_none_9d947278b86cc467\COMCTL32.dll
0x00007ff937f60000 - 0x00007ff937f91000 	C:\WINDOWS\System32\IMM32.DLL
0x0000000071670000 - 0x0000000071742000 	C:\Android\openjdk\jre\bin\msvcr100.dll
0x000000006ee70000 - 0x000000006f6b9000 	C:\Android\openjdk\jre\bin\server\jvm.dll
0x00007ff937d10000 - 0x00007ff937d18000 	C:\WINDOWS\System32\PSAPI.DLL
0x00007ff9302d0000 - 0x00007ff9302da000 	C:\WINDOWS\SYSTEM32\VERSION.dll
0x00007ff932c90000 - 0x00007ff932c99000 	C:\WINDOWS\SYSTEM32\WSOCK32.dll
0x00007ff9317d0000 - 0x00007ff931803000 	C:\WINDOWS\SYSTEM32\WINMM.dll
0x00007ff937bf0000 - 0x00007ff937c5f000 	C:\WINDOWS\System32\WS2_32.dll
0x00007ff915980000 - 0x00007ff91598f000 	C:\Android\openjdk\jre\bin\verify.dll
0x00007ff913b80000 - 0x00007ff913ba9000 	C:\Android\openjdk\jre\bin\java.dll
0x00007ff912ad0000 - 0x00007ff912ae6000 	C:\Android\openjdk\jre\bin\zip.dll
0x00007ff938920000 - 0x00007ff9390cf000 	C:\WINDOWS\System32\SHELL32.dll
0x00007ff934a30000 - 0x00007ff935298000 	C:\WINDOWS\SYSTEM32\windows.storage.dll
0x00007ff937260000 - 0x00007ff9375d8000 	C:\WINDOWS\System32\combase.dll
0x00007ff9348c0000 - 0x00007ff934a26000 	C:\WINDOWS\SYSTEM32\wintypes.dll
0x00007ff938410000 - 0x00007ff9384fa000 	C:\WINDOWS\System32\SHCORE.dll
0x00007ff937e50000 - 0x00007ff937ead000 	C:\WINDOWS\System32\shlwapi.dll
0x00007ff9367e0000 - 0x00007ff936801000 	C:\WINDOWS\SYSTEM32\profapi.dll
0x00007ff9127b0000 - 0x00007ff9127ca000 	C:\Android\openjdk\jre\bin\net.dll
0x00007ff92bb40000 - 0x00007ff92bd2f000 	C:\WINDOWS\SYSTEM32\urlmon.dll
0x00007ff92b810000 - 0x00007ff92bac3000 	C:\WINDOWS\SYSTEM32\iertutil.dll
0x00007ff9355c0000 - 0x00007ff9355cc000 	C:\WINDOWS\SYSTEM32\netutils.dll
0x00007ff92b7e0000 - 0x00007ff92b808000 	C:\WINDOWS\SYSTEM32\srvcli.dll
0x00007ff935ed0000 - 0x00007ff935f37000 	C:\WINDOWS\system32\mswsock.dll
0x00007ff912790000 - 0x00007ff9127a2000 	C:\Android\openjdk\jre\bin\nio.dll
0x00007ff91f1d0000 - 0x00007ff91f1f7000 	C:\Users\MR LOKESHWARAN\.gradle\native\f6784746aeab05261644944871eae4fe03e0ef1612fff0a4a95f87b438bc6780\windows-amd64\native-platform.dll
0x00007ff912770000 - 0x00007ff91277d000 	C:\Android\openjdk\jre\bin\management.dll
0x00007ff936120000 - 0x00007ff936138000 	C:\WINDOWS\SYSTEM32\CRYPTSP.dll
0x00007ff935a00000 - 0x00007ff935a35000 	C:\WINDOWS\system32\rsaenh.dll
0x00007ff935fc0000 - 0x00007ff935fe9000 	C:\WINDOWS\SYSTEM32\USERENV.dll
0x00007ff936290000 - 0x00007ff9362b7000 	C:\WINDOWS\SYSTEM32\bcrypt.dll
0x00007ff9369c0000 - 0x00007ff936a3f000 	C:\WINDOWS\System32\bcryptprimitives.dll
0x00007ff936110000 - 0x00007ff93611c000 	C:\WINDOWS\SYSTEM32\CRYPTBASE.dll
0x00007ff9355d0000 - 0x00007ff9355fd000 	C:\WINDOWS\SYSTEM32\IPHLPAPI.DLL
0x00007ff937d20000 - 0x00007ff937d29000 	C:\WINDOWS\System32\NSI.dll
0x00007ff931690000 - 0x00007ff9316a9000 	C:\WINDOWS\SYSTEM32\dhcpcsvc6.DLL
0x00007ff9317b0000 - 0x00007ff9317ce000 	C:\WINDOWS\SYSTEM32\dhcpcsvc.DLL
0x00007ff935600000 - 0x00007ff9356e8000 	C:\WINDOWS\SYSTEM32\DNSAPI.dll
0x00007ff931680000 - 0x00007ff93168c000 	C:\WINDOWS\SYSTEM32\WINNSI.DLL

VM Arguments:
jvm_args: -Xmx2048m -Dfile.encoding=UTF-8 -Duser.country=IN -Duser.language=en -Duser.variant 
java_command: org.gradle.launcher.daemon.bootstrap.GradleDaemon 6.5
java_class_path (initial): C:\Users\MR LOKESHWARAN\.gradle\wrapper\dists\gradle-6.5-bin\6nifqtx7604sqp1q6g8wikw7p\gradle-6.5\lib\gradle-launcher-6.5.jar
Launcher Type: SUN_STANDARD

Environment Variables:
JAVA_HOME=C:\Android\openjdk
PATH=C:\Program Files\ImageMagick-7.1.0-Q16-HDRI;C:\Program Files\Common Files\Oracle\Java\javapath;C:\windows\system32;C:\windows;C:\windows\System32\Wbem;C:\windows\System32\WindowsPowerShell\v1.0\;C:\windows\System32\OpenSSH\;C:\Program Files (x86)\NVIDIA Corporation\PhysX\Common;C:\Program Files\NVIDIA Corporation\NVIDIA NvDLISR;C:\Program Files\Git\cmd;C:\flutter\bin;C:\Program Files\Java\jdk-15\bin;C:\Android\platform-tools;C:\Android\tools;C:\Program Files\nodejs\;%SystemRoot%\system32;%SystemRoot%;%SystemRoot%\System32\Wbem;%SYSTEMROOT%\System32\WindowsPowerShell\v1.0\;%SYSTEMROOT%\System32\OpenSSH\;C:\Users\MR LOKESHWARAN\AppData\Local\Programs\Python\Python37\Scripts\;C:\Users\MR LOKESHWARAN\AppData\Local\Programs\Python\Python37\;C:\Users\MR LOKESHWARAN\AppData\Local\Programs\Python\Python38\Scripts\;C:\Users\MR LOKESHWARAN\AppData\Local\Programs\Python\Python38\;C:\Users\MR LOKESHWARAN\AppData\Local\Microsoft\WindowsApps;C:\Users\MR LOKESHWARAN\AppData\Local\Programs\Microsoft VS Code\bin;C:\Android\flutter\bin;C:\Program Files\JetBrains\PyCharm Community Edition 2020.1.2\bin;;C:\Android\sdk;C:\Android\sdk\bin;;C:\Program Files\JetBrains\IntelliJ IDEA Community Edition 2020.2.2\bin;;C:\Modeltech_pe_edu_10.4a\win32pe_edu;C:\Users\MR LOKESHWARAN\AppData\Roaming\npm
USERNAME=MR LOKESHWARAN
OS=Windows_NT
PROCESSOR_IDENTIFIER=AMD64 Family 23 Model 24 Stepping 1, AuthenticAMD



---------------  S Y S T E M  ---------------

OS: Windows 10.0 , 64 bit Build 22000 (10.0.22000.434)

CPU:total 8 (initial active 8) (8 cores per cpu, 1 threads per core) family 23 model 24 stepping 1, cmov, cx8, fxsr, mmx, sse, sse2, sse3, ssse3, sse4.1, sse4.2, popcnt, avx, avx2, aes, clmul, mmxext, 3dnowpref, lzcnt, sse4a, tsc, tscinvbit, tscinv, bmi1

Memory: 4k page, physical 6165652k(226748k free), swap 10359956k(4560k free)

vm_info: OpenJDK 64-Bit Server VM (25.202-b08) for windows-amd64 JRE (1.8.0_202-b08), built on Jan 17 2019 17:10:34 by "jenkins" with MS VC++ 10.0 (VS2010)

time: Mon Apr 18 16:15:08 2022
timezone: India Standard Time
elapsed time: 24 seconds (0d 0h 0m 24s)

