#
# There is insufficient memory for the Java Runtime Environment to continue.
# Native memory allocation (malloc) failed to allocate 992784 bytes for Chunk::new
# Possible reasons:
#   The system is out of physical RAM or swap space
#   The process is running with CompressedOops enabled, and the Java Heap may be blocking the growth of the native heap
# Possible solutions:
#   Reduce memory load on the system
#   Increase physical memory or swap space
#   Check if swap backing store is full
#   Decrease Java heap size (-Xmx/-Xms)
#   Decrease number of Java threads
#   Decrease Java thread stack sizes (-Xss)
#   Set larger code cache with -XX:ReservedCodeCacheSize=
#   JVM is running with Unscaled Compressed Oops mode in which the Java heap is
#     placed in the first 4GB address space. The Java Heap base address is the
#     maximum limit for the native heap growth. Please use -XX:HeapBaseMinAddress
#     to set the Java Heap base and to place the Java Heap above 4GB virtual address.
# This output file may be truncated or incomplete.
#
#  Out of Memory Error (allocation.cpp:389), pid=16804, tid=0x0000000000004ffc
#
# JRE version: OpenJDK Runtime Environment (8.0_202-b08) (build 1.8.0_202-b08)
# Java VM: OpenJDK 64-Bit Server VM (25.202-b08 mixed mode windows-amd64 compressed oops)
# Failed to write core dump. Minidumps are not enabled by default on client versions of Windows
#

---------------  T H R E A D  ---------------

Current thread (0x000000001a100000):  JavaThread "C2 CompilerThread2" daemon [_thread_in_native, id=20476, stack(0x000000001abc0000,0x000000001acc0000)]

Stack: [0x000000001abc0000,0x000000001acc0000]
[error occurred during error reporting (printing stack bounds), id 0xc0000005]

Native frames: (J=compiled Java code, j=interpreted, Vv=VM code, C=native code)


Current CompileTask:
C2:   8230 1583       4       java.net.URLClassLoader$1::run (5 bytes)


---------------  P R O C E S S  ---------------

Java Threads: ( => current thread )
  0x000000001b688800 JavaThread "Cache worker for file hash cache (C:\Users\MR LOKESHWARAN\.gradle\caches\6.5\fileHashes)" [_thread_blocked, id=18860, stack(0x000000001f0f0000,0x000000001f1f0000)]
  0x000000001b685800 JavaThread "File lock request listener" [_thread_in_native, id=11992, stack(0x000000001eff0000,0x000000001f0f0000)]
  0x000000001a46e000 JavaThread "Cache worker for journal cache (C:\Users\MR LOKESHWARAN\.gradle\caches\journal-1)" [_thread_blocked, id=15196, stack(0x000000001eef0000,0x000000001eff0000)]
  0x000000001c52a000 JavaThread "Thread-9" [_thread_blocked, id=19068, stack(0x000000001ebf0000,0x000000001ecf0000)]
  0x000000001c529800 JavaThread "Stdin handler" [_thread_blocked, id=5812, stack(0x000000001eaf0000,0x000000001ebf0000)]
  0x000000001c70f800 JavaThread "Asynchronous log dispatcher for DefaultDaemonConnection: socket connection from /127.0.0.1:62477 to /127.0.0.1:62478" [_thread_blocked, id=14400, stack(0x000000001e9f0000,0x000000001eaf0000)]
  0x000000001c4b3000 JavaThread "Daemon worker" [_thread_in_Java, id=9496, stack(0x000000001e8f0000,0x000000001e9f0000)]
  0x000000001c4b2800 JavaThread "Cancel handler" [_thread_blocked, id=10644, stack(0x000000001e7f0000,0x000000001e8f0000)]
  0x000000001c41c000 JavaThread "Handler for socket connection from /127.0.0.1:62477 to /127.0.0.1:62478" [_thread_in_native, id=9568, stack(0x000000001e5f0000,0x000000001e6f0000)]
  0x000000001b7b9000 JavaThread "Daemon" [_thread_blocked, id=7964, stack(0x000000001e4f0000,0x000000001e5f0000)]
  0x000000001b7b6800 JavaThread "Daemon periodic checks" [_thread_blocked, id=9100, stack(0x000000001e1f0000,0x000000001e2f0000)]
  0x000000001ba6c000 JavaThread "Incoming local TCP Connector on port 62477" [_thread_in_native, id=8900, stack(0x000000001dfa0000,0x000000001e0a0000)]
  0x000000001c6c4000 JavaThread "Daemon health stats" [_thread_blocked, id=5036, stack(0x000000001d760000,0x000000001d860000)]
  0x000000001a175000 JavaThread "Service Thread" daemon [_thread_blocked, id=11248, stack(0x000000001adc0000,0x000000001aec0000)]
  0x000000001a105800 JavaThread "C1 CompilerThread3" daemon [_thread_blocked, id=10576, stack(0x000000001acc0000,0x000000001adc0000)]
=>0x000000001a100000 JavaThread "C2 CompilerThread2" daemon [_thread_in_native, id=20476, stack(0x000000001abc0000,0x000000001acc0000)]
  0x00000000182fc800 JavaThread "C2 CompilerThread1" daemon [_thread_in_native, id=16448, stack(0x000000001aac0000,0x000000001abc0000)]
  0x000000001a0f1800 JavaThread "C2 CompilerThread0" daemon [_thread_in_native, id=4500, stack(0x000000001a9c0000,0x000000001aac0000)]
  0x000000001a0ef800 JavaThread "Attach Listener" daemon [_thread_blocked, id=2664, stack(0x000000001a8c0000,0x000000001a9c0000)]
  0x000000001a0ef000 JavaThread "Signal Dispatcher" daemon [_thread_blocked, id=2220, stack(0x000000001a7c0000,0x000000001a8c0000)]
  0x000000001a0e0800 JavaThread "Finalizer" daemon [_thread_blocked, id=16248, stack(0x000000001a5c0000,0x000000001a6c0000)]
  0x00000000182eb000 JavaThread "Reference Handler" daemon [_thread_blocked, id=3580, stack(0x000000001a4c0000,0x000000001a5c0000)]
  0x0000000002fae000 JavaThread "main" [_thread_blocked, id=14616, stack(0x0000000003080000,0x0000000003180000)]

Other Threads:
  0x00000000182e6800 VMThread [stack: 0x0000000019fc0000,0x000000001a0c0000] [id=6864]
  0x000000001a18d800 WatcherThread [stack: 0x000000001aec0000,0x000000001afc0000] [id=18336]

VM state:not at safepoint (normal execution)

VM Mutex/Monitor currently owned by a thread: None

heap address: 0x0000000080000000, size: 2048 MB, Compressed Oops mode: 32-bit
Narrow klass base: 0x0000000000000000, Narrow klass shift: 3
Compressed class space size: 1073741824 Address: 0x0000000100000000

Heap:
 PSYoungGen      total 28672K, used 12894K [0x00000000d5580000, 0x00000000d7580000, 0x0000000100000000)
  eden space 24576K, 35% used [0x00000000d5580000,0x00000000d5e1bb30,0x00000000d6d80000)
  from space 4096K, 99% used [0x00000000d7180000,0x00000000d757c030,0x00000000d7580000)
  to   space 4096K, 0% used [0x00000000d6d80000,0x00000000d6d80000,0x00000000d7180000)
 ParOldGen       total 65536K, used 6649K [0x0000000080000000, 0x0000000084000000, 0x00000000d5580000)
  object space 65536K, 10% used [0x0000000080000000,0x000000008067e520,0x0000000084000000)
 Metaspace       used 16893K, capacity 17504K, committed 17664K, reserved 1064960K
  class space    used 2275K, capacity 2476K, committed 2560K, reserved 1048576K

Card table byte_map: [0x0000000012640000,0x0000000012a50000] byte_map_base: 0x0000000012240000

Marking Bits: (ParMarkBitMap*) 0x00000000642ecf30
 Begin Bits: [0x0000000013500000, 0x0000000015500000)
 End Bits:   [0x0000000015500000, 0x0000000017500000)

Polling page: 0x0000000001730000

CodeCache: size=245760Kb used=5913Kb max_used=5913Kb free=239846Kb
 bounds [0x0000000003280000, 0x0000000003850000, 0x0000000012280000]
 total_blobs=2033 nmethods=1633 adapters=312
 compilation: enabled

Compilation events (10 events):
Event: 8.197 Thread 0x000000001a105800 nmethod 1640 0x000000000338ca50 code [0x000000000338cba0, 0x000000000338cd70]
Event: 8.198 Thread 0x000000001a105800 1642       3       sun.reflect.generics.parser.SignatureParser::parsePackageNameAndSimpleClassTypeSignature (139 bytes)
Event: 8.199 Thread 0x000000001a105800 nmethod 1642 0x000000000383e490 code [0x000000000383e7e0, 0x00000000038401a8]
Event: 8.199 Thread 0x000000001a105800 1641       3       sun.reflect.generics.parser.SignatureParser::parseClassTypeSignature (118 bytes)
Event: 8.201 Thread 0x000000001a105800 nmethod 1641 0x0000000003840fd0 code [0x0000000003841380, 0x0000000003842e48]
Event: 8.210 Thread 0x000000001a0f1800 1643       4       java.lang.String::<init> (100 bytes)
Event: 8.212 Thread 0x000000001a105800 1645       3       java.lang.Class::privateGetDeclaredConstructors (85 bytes)
Event: 8.213 Thread 0x000000001a105800 nmethod 1645 0x0000000003843e50 code [0x0000000003844020, 0x0000000003844718]
Event: 8.213 Thread 0x000000001a0f1800 nmethod 1643 0x000000000338e7d0 code [0x000000000338e920, 0x000000000338ec38]
Event: 8.213 Thread 0x000000001a0f1800 1644   !   4       java.util.zip.InflaterInputStream::read (138 bytes)

GC Heap History (10 events):
Event: 0.911 GC heap before
{Heap before GC invocations=2 (full 0):
 PSYoungGen      total 28672K, used 28040K [0x00000000d5580000, 0x00000000d7580000, 0x0000000100000000)
  eden space 24576K, 100% used [0x00000000d5580000,0x00000000d6d80000,0x00000000d6d80000)
  from space 4096K, 84% used [0x00000000d6d80000,0x00000000d70e20f0,0x00000000d7180000)
  to   space 4096K, 0% used [0x00000000d7180000,0x00000000d7180000,0x00000000d7580000)
 ParOldGen       total 65536K, used 16K [0x0000000080000000, 0x0000000084000000, 0x00000000d5580000)
  object space 65536K, 0% used [0x0000000080000000,0x0000000080004000,0x0000000084000000)
 Metaspace       used 7475K, capacity 7678K, committed 7936K, reserved 1056768K
  class space    used 918K, capacity 1005K, committed 1024K, reserved 1048576K
Event: 0.915 GC heap after
Heap after GC invocations=2 (full 0):
 PSYoungGen      total 28672K, used 3185K [0x00000000d5580000, 0x00000000d7580000, 0x0000000100000000)
  eden space 24576K, 0% used [0x00000000d5580000,0x00000000d5580000,0x00000000d6d80000)
  from space 4096K, 77% used [0x00000000d7180000,0x00000000d749c428,0x00000000d7580000)
  to   space 4096K, 0% used [0x00000000d6d80000,0x00000000d6d80000,0x00000000d7180000)
 ParOldGen       total 65536K, used 24K [0x0000000080000000, 0x0000000084000000, 0x00000000d5580000)
  object space 65536K, 0% used [0x0000000080000000,0x0000000080006000,0x0000000084000000)
 Metaspace       used 7475K, capacity 7678K, committed 7936K, reserved 1056768K
  class space    used 918K, capacity 1005K, committed 1024K, reserved 1048576K
}
Event: 1.080 GC heap before
{Heap before GC invocations=3 (full 0):
 PSYoungGen      total 28672K, used 27761K [0x00000000d5580000, 0x00000000d7580000, 0x0000000100000000)
  eden space 24576K, 100% used [0x00000000d5580000,0x00000000d6d80000,0x00000000d6d80000)
  from space 4096K, 77% used [0x00000000d7180000,0x00000000d749c428,0x00000000d7580000)
  to   space 4096K, 0% used [0x00000000d6d80000,0x00000000d6d80000,0x00000000d7180000)
 ParOldGen       total 65536K, used 24K [0x0000000080000000, 0x0000000084000000, 0x00000000d5580000)
  object space 65536K, 0% used [0x0000000080000000,0x0000000080006000,0x0000000084000000)
 Metaspace       used 7830K, capacity 8086K, committed 8320K, reserved 1056768K
  class space    used 989K, capacity 1077K, committed 1152K, reserved 1048576K
Event: 1.083 GC heap after
Heap after GC invocations=3 (full 0):
 PSYoungGen      total 28672K, used 3761K [0x00000000d5580000, 0x00000000d7580000, 0x0000000100000000)
  eden space 24576K, 0% used [0x00000000d5580000,0x00000000d5580000,0x00000000d6d80000)
  from space 4096K, 91% used [0x00000000d6d80000,0x00000000d712c5d8,0x00000000d7180000)
  to   space 4096K, 0% used [0x00000000d7180000,0x00000000d7180000,0x00000000d7580000)
 ParOldGen       total 65536K, used 32K [0x0000000080000000, 0x0000000084000000, 0x00000000d5580000)
  object space 65536K, 0% used [0x0000000080000000,0x0000000080008000,0x0000000084000000)
 Metaspace       used 7830K, capacity 8086K, committed 8320K, reserved 1056768K
  class space    used 989K, capacity 1077K, committed 1152K, reserved 1048576K
}
Event: 7.545 GC heap before
{Heap before GC invocations=4 (full 0):
 PSYoungGen      total 28672K, used 28337K [0x00000000d5580000, 0x00000000d7580000, 0x0000000100000000)
  eden space 24576K, 100% used [0x00000000d5580000,0x00000000d6d80000,0x00000000d6d80000)
  from space 4096K, 91% used [0x00000000d6d80000,0x00000000d712c5d8,0x00000000d7180000)
  to   space 4096K, 0% used [0x00000000d7180000,0x00000000d7180000,0x00000000d7580000)
 ParOldGen       total 65536K, used 32K [0x0000000080000000, 0x0000000084000000, 0x00000000d5580000)
  object space 65536K, 0% used [0x0000000080000000,0x0000000080008000,0x0000000084000000)
 Metaspace       used 11611K, capacity 11950K, committed 12160K, reserved 1060864K
  class space    used 1540K, capacity 1641K, committed 1664K, reserved 1048576K
Event: 7.551 GC heap after
Heap after GC invocations=4 (full 0):
 PSYoungGen      total 28672K, used 4080K [0x00000000d5580000, 0x00000000d7580000, 0x0000000100000000)
  eden space 24576K, 0% used [0x00000000d5580000,0x00000000d5580000,0x00000000d6d80000)
  from space 4096K, 99% used [0x00000000d7180000,0x00000000d757c010,0x00000000d7580000)
  to   space 4096K, 0% used [0x00000000d6d80000,0x00000000d6d80000,0x00000000d7180000)
 ParOldGen       total 65536K, used 1706K [0x0000000080000000, 0x0000000084000000, 0x00000000d5580000)
  object space 65536K, 2% used [0x0000000080000000,0x00000000801aa890,0x0000000084000000)
 Metaspace       used 11611K, capacity 11950K, committed 12160K, reserved 1060864K
  class space    used 1540K, capacity 1641K, committed 1664K, reserved 1048576K
}
Event: 7.824 GC heap before
{Heap before GC invocations=5 (full 0):
 PSYoungGen      total 28672K, used 28656K [0x00000000d5580000, 0x00000000d7580000, 0x0000000100000000)
  eden space 24576K, 100% used [0x00000000d5580000,0x00000000d6d80000,0x00000000d6d80000)
  from space 4096K, 99% used [0x00000000d7180000,0x00000000d757c010,0x00000000d7580000)
  to   space 4096K, 0% used [0x00000000d6d80000,0x00000000d6d80000,0x00000000d7180000)
 ParOldGen       total 65536K, used 1706K [0x0000000080000000, 0x0000000084000000, 0x00000000d5580000)
  object space 65536K, 2% used [0x0000000080000000,0x00000000801aa890,0x0000000084000000)
 Metaspace       used 13746K, capacity 14222K, committed 14336K, reserved 1060864K
  class space    used 1888K, capacity 2023K, committed 2048K, reserved 1048576K
Event: 7.830 GC heap after
Heap after GC invocations=5 (full 0):
 PSYoungGen      total 28672K, used 4064K [0x00000000d5580000, 0x00000000d7580000, 0x0000000100000000)
  eden space 24576K, 0% used [0x00000000d5580000,0x00000000d5580000,0x00000000d6d80000)
  from space 4096K, 99% used [0x00000000d6d80000,0x00000000d7178020,0x00000000d7180000)
  to   space 4096K, 0% used [0x00000000d7180000,0x00000000d7180000,0x00000000d7580000)
 ParOldGen       total 65536K, used 4050K [0x0000000080000000, 0x0000000084000000, 0x00000000d5580000)
  object space 65536K, 6% used [0x0000000080000000,0x00000000803f4890,0x0000000084000000)
 Metaspace       used 13746K, capacity 14222K, committed 14336K, reserved 1060864K
  class space    used 1888K, capacity 2023K, committed 2048K, reserved 1048576K
}
Event: 8.166 GC heap before
{Heap before GC invocations=6 (full 0):
 PSYoungGen      total 28672K, used 28640K [0x00000000d5580000, 0x00000000d7580000, 0x0000000100000000)
  eden space 24576K, 100% used [0x00000000d5580000,0x00000000d6d80000,0x00000000d6d80000)
  from space 4096K, 99% used [0x00000000d6d80000,0x00000000d7178020,0x00000000d7180000)
  to   space 4096K, 0% used [0x00000000d7180000,0x00000000d7180000,0x00000000d7580000)
 ParOldGen       total 65536K, used 4050K [0x0000000080000000, 0x0000000084000000, 0x00000000d5580000)
  object space 65536K, 6% used [0x0000000080000000,0x00000000803f48b0,0x0000000084000000)
 Metaspace       used 16645K, capacity 17244K, committed 17536K, reserved 1064960K
  class space    used 2223K, capacity 2410K, committed 2432K, reserved 1048576K
Event: 8.172 GC heap after
Heap after GC invocations=6 (full 0):
 PSYoungGen      total 28672K, used 4080K [0x00000000d5580000, 0x00000000d7580000, 0x0000000100000000)
  eden space 24576K, 0% used [0x00000000d5580000,0x00000000d5580000,0x00000000d6d80000)
  from space 4096K, 99% used [0x00000000d7180000,0x00000000d757c030,0x00000000d7580000)
  to   space 4096K, 0% used [0x00000000d6d80000,0x00000000d6d80000,0x00000000d7180000)
 ParOldGen       total 65536K, used 6649K [0x0000000080000000, 0x0000000084000000, 0x00000000d5580000)
  object space 65536K, 10% used [0x0000000080000000,0x000000008067e520,0x0000000084000000)
 Metaspace       used 16645K, capacity 17244K, committed 17536K, reserved 1064960K
  class space    used 2223K, capacity 2410K, committed 2432K, reserved 1048576K
}

Deoptimization events (10 events):
Event: 7.630 Thread 0x000000001c4b3000 Uncommon trap: reason=bimorphic action=maybe_recompile pc=0x0000000003514c8c method=java.util.HashMap.putVal(ILjava/lang/Object;Ljava/lang/Object;ZZ)Ljava/lang/Object; @ 253
Event: 7.630 Thread 0x000000001c4b3000 Uncommon trap: reason=bimorphic action=maybe_recompile pc=0x0000000003514c8c method=java.util.HashMap.putVal(ILjava/lang/Object;Ljava/lang/Object;ZZ)Ljava/lang/Object; @ 253
Event: 7.631 Thread 0x000000001c4b3000 Uncommon trap: reason=bimorphic action=maybe_recompile pc=0x0000000003514c8c method=java.util.HashMap.putVal(ILjava/lang/Object;Ljava/lang/Object;ZZ)Ljava/lang/Object; @ 253
Event: 7.631 Thread 0x000000001c4b3000 Uncommon trap: reason=bimorphic action=maybe_recompile pc=0x0000000003514c8c method=java.util.HashMap.putVal(ILjava/lang/Object;Ljava/lang/Object;ZZ)Ljava/lang/Object; @ 253
Event: 7.631 Thread 0x000000001c4b3000 Uncommon trap: reason=bimorphic action=maybe_recompile pc=0x0000000003515c4c method=java.util.HashMap.putVal(ILjava/lang/Object;Ljava/lang/Object;ZZ)Ljava/lang/Object; @ 253
Event: 7.853 Thread 0x000000001c4b3000 Uncommon trap: reason=class_check action=maybe_recompile pc=0x00000000035a849c method=java.util.regex.Matcher.match(II)Z @ 86
Event: 7.866 Thread 0x000000001c4b3000 Uncommon trap: reason=class_check action=maybe_recompile pc=0x00000000035a849c method=java.util.regex.Matcher.match(II)Z @ 86
Event: 7.867 Thread 0x000000001c4b3000 Uncommon trap: reason=class_check action=maybe_recompile pc=0x00000000035a849c method=java.util.regex.Matcher.match(II)Z @ 86
Event: 7.867 Thread 0x000000001c4b3000 Uncommon trap: reason=class_check action=maybe_recompile pc=0x000000000343ac1c method=java.util.regex.Matcher.match(II)Z @ 86
Event: 7.942 Thread 0x000000001c4b3000 Uncommon trap: reason=unstable_if action=reinterpret pc=0x00000000035ace7c method=java.io.File.getName()Ljava/lang/String; @ 16

Classes redefined (0 events):
No events

Internal exceptions (10 events):
Event: 7.580 Thread 0x000000001c41c000 Exception <a 'java/lang/NoSuchMethodError': <clinit>> (0x00000000d5645870) thrown at [C:\cygwin64\tmp\openjdk-jdk8u-windows-x64-hotspot\workspace\build\src\hotspot\src\share\vm\prims\jni.cpp, line 1614]
Event: 7.581 Thread 0x000000001c41c000 Exception <a 'java/lang/NoSuchMethodError': <clinit>> (0x00000000d564e500) thrown at [C:\cygwin64\tmp\openjdk-jdk8u-windows-x64-hotspot\workspace\build\src\hotspot\src\share\vm\prims\jni.cpp, line 1614]
Event: 7.583 Thread 0x000000001c41c000 Exception <a 'java/lang/NoSuchMethodError': <clinit>> (0x00000000d5664d48) thrown at [C:\cygwin64\tmp\openjdk-jdk8u-windows-x64-hotspot\workspace\build\src\hotspot\src\share\vm\prims\jni.cpp, line 1614]
Event: 7.594 Thread 0x000000001c41c000 Exception <a 'java/lang/NoSuchMethodError': <clinit>> (0x00000000d56e6f88) thrown at [C:\cygwin64\tmp\openjdk-jdk8u-windows-x64-hotspot\workspace\build\src\hotspot\src\share\vm\prims\jni.cpp, line 1614]
Event: 7.599 Thread 0x000000001c41c000 Exception <a 'java/lang/NoSuchMethodError': <clinit>> (0x00000000d5717b90) thrown at [C:\cygwin64\tmp\openjdk-jdk8u-windows-x64-hotspot\workspace\build\src\hotspot\src\share\vm\prims\jni.cpp, line 1614]
Event: 7.605 Thread 0x000000001c41c000 Exception <a 'java/lang/NoSuchMethodError': <clinit>> (0x00000000d5747a00) thrown at [C:\cygwin64\tmp\openjdk-jdk8u-windows-x64-hotspot\workspace\build\src\hotspot\src\share\vm\prims\jni.cpp, line 1614]
Event: 7.607 Thread 0x000000001c41c000 Exception <a 'java/lang/NoSuchMethodError': <clinit>> (0x00000000d5754390) thrown at [C:\cygwin64\tmp\openjdk-jdk8u-windows-x64-hotspot\workspace\build\src\hotspot\src\share\vm\prims\jni.cpp, line 1614]
Event: 8.075 Thread 0x000000001c4b3000 Exception <a 'java/lang/NoSuchMethodError': java.lang.Object.lambda$and$0(Ljava/util/function/Predicate;Ljava/lang/Object;)Z> (0x00000000d6291b70) thrown at [C:\cygwin64\tmp\openjdk-jdk8u-windows-x64-hotspot\workspace\build\src\hotspot\src\share\vm\interp
Event: 8.080 Thread 0x000000001c4b3000 Exception <a 'java/lang/IncompatibleClassChangeError': Found class java.lang.Object, but interface was expected> (0x00000000d62a1e80) thrown at [C:\cygwin64\tmp\openjdk-jdk8u-windows-x64-hotspot\workspace\build\src\hotspot\src\share\vm\interpreter\linkRes
Event: 8.083 Thread 0x000000001c4b3000 Exception <a 'java/lang/NoSuchMethodError': java.lang.Object.lambda$or$2(Ljava/util/function/Predicate;Ljava/lang/Object;)Z> (0x00000000d62a69d0) thrown at [C:\cygwin64\tmp\openjdk-jdk8u-windows-x64-hotspot\workspace\build\src\hotspot\src\share\vm\interpr

Events (10 events):
Event: 8.226 loading class org/gradle/execution/taskgraph/TaskListenerInternal
Event: 8.226 loading class org/gradle/execution/taskgraph/TaskListenerInternal done
Event: 8.226 loading class org/gradle/api/artifacts/DependencyResolutionListener
Event: 8.226 loading class org/gradle/api/artifacts/DependencyResolutionListener done
Event: 8.226 loading class org/gradle/initialization/BuildCompletionListener
Event: 8.226 loading class org/gradle/initialization/BuildCompletionListener done
Event: 8.227 loading class org/gradle/api/internal/artifacts/transform/ArtifactTransformListener
Event: 8.227 loading class org/gradle/api/internal/artifacts/transform/ArtifactTransformListener done
Event: 8.227 loading class org/gradle/instantexecution/InstantExecutionClassLoaderScopeRegistryListener
Event: 8.227 loading class org/gradle/instantexecution/InstantExecutionClassLoaderScopeRegistryListener done


Dynamic libraries:
0x00007ff7ecdb0000 - 0x00007ff7ecde5000 	C:\Android\openjdk\bin\java.exe
0x00007fff8fba0000 - 0x00007fff8fda9000 	C:\WINDOWS\SYSTEM32\ntdll.dll
0x00007fff8e560000 - 0x00007fff8e61d000 	C:\WINDOWS\System32\KERNEL32.DLL
0x00007fff8d390000 - 0x00007fff8d704000 	C:\WINDOWS\System32\KERNELBASE.dll
0x00007fff8a310000 - 0x00007fff8a3a1000 	C:\WINDOWS\SYSTEM32\apphelp.dll
0x00007fff8f2f0000 - 0x00007fff8f39e000 	C:\WINDOWS\System32\ADVAPI32.dll
0x00007fff8f3a0000 - 0x00007fff8f443000 	C:\WINDOWS\System32\msvcrt.dll
0x00007fff8e430000 - 0x00007fff8e4ce000 	C:\WINDOWS\System32\sechost.dll
0x00007fff8f1d0000 - 0x00007fff8f2f0000 	C:\WINDOWS\System32\RPCRT4.dll
0x00007fff8da40000 - 0x00007fff8dbec000 	C:\WINDOWS\System32\USER32.dll
0x00007fff8d090000 - 0x00007fff8d0b6000 	C:\WINDOWS\System32\win32u.dll
0x00007fff8e140000 - 0x00007fff8e169000 	C:\WINDOWS\System32\GDI32.dll
0x00007fff8d800000 - 0x00007fff8d912000 	C:\WINDOWS\System32\gdi32full.dll
0x00007fff8d2f0000 - 0x00007fff8d38d000 	C:\WINDOWS\System32\msvcp_win.dll
0x00007fff8d920000 - 0x00007fff8da31000 	C:\WINDOWS\System32\ucrtbase.dll
0x00007fff76e80000 - 0x00007fff77125000 	C:\WINDOWS\WinSxS\amd64_microsoft.windows.common-controls_6595b64144ccf1df_6.0.22000.120_none_9d947278b86cc467\COMCTL32.dll
0x00007fff8df50000 - 0x00007fff8df81000 	C:\WINDOWS\System32\IMM32.DLL
0x0000000064370000 - 0x0000000064442000 	C:\Android\openjdk\jre\bin\msvcr100.dll
0x0000000063b20000 - 0x0000000064369000 	C:\Android\openjdk\jre\bin\server\jvm.dll
0x00007fff8e170000 - 0x00007fff8e178000 	C:\WINDOWS\System32\PSAPI.DLL
0x00007fff87cf0000 - 0x00007fff87d23000 	C:\WINDOWS\SYSTEM32\WINMM.dll
0x00007fff89680000 - 0x00007fff89689000 	C:\WINDOWS\SYSTEM32\WSOCK32.dll
0x00007fff87180000 - 0x00007fff8718a000 	C:\WINDOWS\SYSTEM32\VERSION.dll
0x00007fff8e4f0000 - 0x00007fff8e55f000 	C:\WINDOWS\System32\WS2_32.dll
0x00007fff89670000 - 0x00007fff8967f000 	C:\Android\openjdk\jre\bin\verify.dll
0x00007fff880d0000 - 0x00007fff880f9000 	C:\Android\openjdk\jre\bin\java.dll
0x00007fff83200000 - 0x00007fff83216000 	C:\Android\openjdk\jre\bin\zip.dll
0x00007fff8e620000 - 0x00007fff8edcf000 	C:\WINDOWS\System32\SHELL32.dll
0x00007fff8b0b0000 - 0x00007fff8b918000 	C:\WINDOWS\SYSTEM32\windows.storage.dll
0x00007fff8ee50000 - 0x00007fff8f1c8000 	C:\WINDOWS\System32\combase.dll
0x00007fff8af40000 - 0x00007fff8b0a6000 	C:\WINDOWS\SYSTEM32\wintypes.dll
0x00007fff8e2a0000 - 0x00007fff8e38a000 	C:\WINDOWS\System32\SHCORE.dll
0x00007fff8faf0000 - 0x00007fff8fb4d000 	C:\WINDOWS\System32\shlwapi.dll
0x00007fff8cfc0000 - 0x00007fff8cfe1000 	C:\WINDOWS\SYSTEM32\profapi.dll
0x00007fff82550000 - 0x00007fff8256a000 	C:\Android\openjdk\jre\bin\net.dll
0x00007fff87670000 - 0x00007fff8785f000 	C:\WINDOWS\SYSTEM32\urlmon.dll
0x00007fff86bf0000 - 0x00007fff86ea3000 	C:\WINDOWS\SYSTEM32\iertutil.dll
0x00007fff872d0000 - 0x00007fff872f8000 	C:\WINDOWS\SYSTEM32\srvcli.dll
0x00007fff8bda0000 - 0x00007fff8bdac000 	C:\WINDOWS\SYSTEM32\netutils.dll
0x00007fff8c6b0000 - 0x00007fff8c717000 	C:\WINDOWS\system32\mswsock.dll
0x00007fff82530000 - 0x00007fff82542000 	C:\Android\openjdk\jre\bin\nio.dll
0x00007fff82f10000 - 0x00007fff82f37000 	C:\Users\MR LOKESHWARAN\.gradle\native\f6784746aeab05261644944871eae4fe03e0ef1612fff0a4a95f87b438bc6780\windows-amd64\native-platform.dll
0x00007fff89040000 - 0x00007fff8904d000 	C:\Android\openjdk\jre\bin\management.dll
0x00007fff8c8f0000 - 0x00007fff8c908000 	C:\WINDOWS\SYSTEM32\CRYPTSP.dll
0x00007fff8c1e0000 - 0x00007fff8c215000 	C:\WINDOWS\system32\rsaenh.dll
0x00007fff8c7a0000 - 0x00007fff8c7c9000 	C:\WINDOWS\SYSTEM32\USERENV.dll
0x00007fff8ca70000 - 0x00007fff8ca97000 	C:\WINDOWS\SYSTEM32\bcrypt.dll
0x00007fff8d710000 - 0x00007fff8d78f000 	C:\WINDOWS\System32\bcryptprimitives.dll
0x00007fff8c910000 - 0x00007fff8c91c000 	C:\WINDOWS\SYSTEM32\CRYPTBASE.dll
0x00007fff8bdb0000 - 0x00007fff8bddd000 	C:\WINDOWS\SYSTEM32\IPHLPAPI.DLL
0x00007fff8e130000 - 0x00007fff8e139000 	C:\WINDOWS\System32\NSI.dll
0x00007fff871c0000 - 0x00007fff871d9000 	C:\WINDOWS\SYSTEM32\dhcpcsvc6.DLL
0x00007fff87860000 - 0x00007fff8787e000 	C:\WINDOWS\SYSTEM32\dhcpcsvc.DLL
0x00007fff8bde0000 - 0x00007fff8bec8000 	C:\WINDOWS\SYSTEM32\DNSAPI.dll
0x00007fff856b0000 - 0x00007fff856bc000 	C:\WINDOWS\SYSTEM32\WINNSI.DLL

VM Arguments:
jvm_args: -Xmx2048m -Dfile.encoding=UTF-8 -Duser.country=IN -Duser.language=en -Duser.variant 
java_command: org.gradle.launcher.daemon.bootstrap.GradleDaemon 6.5
java_class_path (initial): C:\Users\MR LOKESHWARAN\.gradle\wrapper\dists\gradle-6.5-bin\6nifqtx7604sqp1q6g8wikw7p\gradle-6.5\lib\gradle-launcher-6.5.jar
Launcher Type: SUN_STANDARD

Environment Variables:
JAVA_HOME=C:\Android\openjdk
PATH=C:\Program Files\Google\Chrome\Application;C:\Program Files\ImageMagick-7.1.0-Q16-HDRI;C:\Program Files\Common Files\Oracle\Java\javapath;C:\windows\system32;C:\windows;C:\windows\System32\Wbem;C:\windows\System32\WindowsPowerShell\v1.0\;C:\windows\System32\OpenSSH\;C:\Program Files (x86)\NVIDIA Corporation\PhysX\Common;C:\Program Files\NVIDIA Corporation\NVIDIA NvDLISR;C:\Program Files\Git\cmd;C:\flutter\bin;C:\Program Files\Java\jdk-15\bin;C:\Android\platform-tools;C:\Android\tools;C:\Program Files\nodejs\;%SystemRoot%\system32;%SystemRoot%;%SystemRoot%\System32\Wbem;%SYSTEMROOT%\System32\WindowsPowerShell\v1.0\;%SYSTEMROOT%\System32\OpenSSH\;C:\Users\MR LOKESHWARAN\AppData\Local\Programs\Python\Python37\Scripts\;C:\Users\MR LOKESHWARAN\AppData\Local\Programs\Python\Python37\;C:\Users\MR LOKESHWARAN\AppData\Local\Programs\Python\Python38\Scripts\;C:\Users\MR LOKESHWARAN\AppData\Local\Programs\Python\Python38\;C:\Users\MR LOKESHWARAN\AppData\Local\Microsoft\WindowsApps;C:\Users\MR LOKESHWARAN\AppData\Local\Programs\Microsoft VS Code\bin;C:\Android\flutter\bin;C:\Program Files\JetBrains\PyCharm Community Edition 2020.1.2\bin;;C:\Android\sdk;C:\Android\sdk\bin;;C:\Program Files\JetBrains\IntelliJ IDEA Community Edition 2020.2.2\bin;;C:\Modeltech_pe_edu_10.4a\win32pe_edu;C:\Users\MR LOKESHWARAN\AppData\Roaming\npm
USERNAME=MR LOKESHWARAN
OS=Windows_NT
PROCESSOR_IDENTIFIER=AMD64 Family 23 Model 24 Stepping 1, AuthenticAMD



---------------  S Y S T E M  ---------------

OS: Windows 10.0 , 64 bit Build 22000 (10.0.22000.434)

CPU:total 8 (initial active 8) (8 cores per cpu, 1 threads per core) family 23 model 24 stepping 1, cmov, cx8, fxsr, mmx, sse, sse2, sse3, ssse3, sse4.1, sse4.2, popcnt, avx, avx2, aes, clmul, mmxext, 3dnowpref, lzcnt, sse4a, tsc, tscinvbit, tscinv, bmi1

Memory: 4k page, physical 6165652k(921576k free), swap 10359956k(4472k free)

vm_info: OpenJDK 64-Bit Server VM (25.202-b08) for windows-amd64 JRE (1.8.0_202-b08), built on Jan 17 2019 17:10:34 by "jenkins" with MS VC++ 10.0 (VS2010)

time: Mon Apr 18 15:44:33 2022
timezone: India Standard Time
elapsed time: 8 seconds (0d 0h 0m 8s)

