#
# There is insufficient memory for the Java Runtime Environment to continue.
# Native memory allocation (malloc) failed to allocate 32744 bytes for ChunkPool::allocate
# Possible reasons:
#   The system is out of physical RAM or swap space
#   The process is running with CompressedOops enabled, and the Java Heap may be blocking the growth of the native heap
# Possible solutions:
#   Reduce memory load on the system
#   Increase physical memory or swap space
#   Check if swap backing store is full
#   Decrease Java heap size (-Xmx/-Xms)
#   Decrease number of Java threads
#   Decrease Java thread stack sizes (-Xss)
#   Set larger code cache with -XX:ReservedCodeCacheSize=
#   JVM is running with Unscaled Compressed Oops mode in which the Java heap is
#     placed in the first 4GB address space. The Java Heap base address is the
#     maximum limit for the native heap growth. Please use -XX:HeapBaseMinAddress
#     to set the Java Heap base and to place the Java Heap above 4GB virtual address.
# This output file may be truncated or incomplete.
#
#  Out of Memory Error (allocation.cpp:272), pid=11076, tid=0x00000000000014e8
#
# JRE version: OpenJDK Runtime Environment (8.0_202-b08) (build 1.8.0_202-b08)
# Java VM: OpenJDK 64-Bit Server VM (25.202-b08 mixed mode windows-amd64 compressed oops)
# Failed to write core dump. Minidumps are not enabled by default on client versions of Windows
#

---------------  T H R E A D  ---------------

Current thread (0x000000001b745000):  JavaThread "Daemon worker" [_thread_in_vm, id=5352, stack(0x000000001e4f0000,0x000000001e5f0000)]

Stack: [0x000000001e4f0000,0x000000001e5f0000]
[error occurred during error reporting (printing stack bounds), id 0xc0000005]

Native frames: (J=compiled Java code, j=interpreted, Vv=VM code, C=native code)

Java frames: (J=compiled Java code, j=interpreted, Vv=VM code)
J 556  java.lang.Throwable.fillInStackTrace(I)Ljava/lang/Throwable; (0 bytes) @ 0x0000000002f9b17b [0x0000000002f9b140+0x3b]
J 559 C1 java.lang.Throwable.<init>(Ljava/lang/String;Ljava/lang/Throwable;)V (39 bytes) @ 0x0000000002f9f0e4 [0x0000000002f9eda0+0x344]
J 531 C1 java.lang.ReflectiveOperationException.<init>(Ljava/lang/String;Ljava/lang/Throwable;)V (7 bytes) @ 0x0000000002f94b84 [0x0000000002f94ac0+0xc4]
J 1528 C2 java.net.URLClassLoader.findClass(Ljava/lang/String;)Ljava/lang/Class; (47 bytes) @ 0x00000000032b0b2c [0x00000000032b0a20+0x10c]
J 1493 C2 java.lang.ClassLoader.loadClass(Ljava/lang/String;Z)Ljava/lang/Class; (122 bytes) @ 0x00000000032bcf18 [0x00000000032bc000+0xf18]
J 1493 C2 java.lang.ClassLoader.loadClass(Ljava/lang/String;Z)Ljava/lang/Class; (122 bytes) @ 0x00000000032bcc04 [0x00000000032bc000+0xc04]
J 475 C1 java.lang.ClassLoader.loadClass(Ljava/lang/String;)Ljava/lang/Class; (7 bytes) @ 0x0000000002f72a0c [0x0000000002f72900+0x10c]
v  ~StubRoutines::call_stub
j  org.gradle.cache.internal.locklistener.DefaultFileLockContentionHandler.start(JLorg/gradle/api/Action;)V+163
j  org.gradle.cache.internal.DefaultFileLockManager$DefaultFileLock.<init>(Lorg/gradle/cache/internal/DefaultFileLockManager;Ljava/io/File;Lorg/gradle/cache/LockOptions;Ljava/lang/String;Ljava/lang/String;ILorg/gradle/api/Action;)V+188
j  org.gradle.cache.internal.DefaultFileLockManager.lock(Ljava/io/File;Lorg/gradle/cache/LockOptions;Ljava/lang/String;Ljava/lang/String;Lorg/gradle/api/Action;)Lorg/gradle/cache/FileLock;+100
j  org.gradle.cache.internal.LockOnDemandCrossProcessCacheAccess.incrementLockCount()V+81
j  org.gradle.cache.internal.LockOnDemandCrossProcessCacheAccess.acquireFileLock()Ljava/lang/Runnable;+1
j  org.gradle.cache.internal.DefaultCacheAccess.onStartWork()Z+14
j  org.gradle.cache.internal.DefaultCacheAccess.useCache(Lorg/gradle/internal/Factory;)Ljava/lang/Object;+14
j  org.gradle.cache.internal.DefaultCacheAccess.useCache(Ljava/lang/Runnable;)V+5
j  org.gradle.cache.internal.DefaultCacheAccess.newCache(Lorg/gradle/cache/PersistentIndexedCacheParameters;)Lorg/gradle/cache/MultiProcessSafePersistentIndexedCache;+142
j  org.gradle.cache.internal.DefaultCacheAccess.newCache(Lorg/gradle/cache/PersistentIndexedCacheParameters;)Lorg/gradle/cache/PersistentIndexedCache;+2
j  org.gradle.cache.internal.DefaultPersistentDirectoryStore.createCache(Lorg/gradle/cache/PersistentIndexedCacheParameters;)Lorg/gradle/cache/PersistentIndexedCache;+5
j  org.gradle.cache.internal.DefaultCacheFactory$ReferenceTrackingCache.createCache(Lorg/gradle/cache/PersistentIndexedCacheParameters;)Lorg/gradle/cache/PersistentIndexedCache;+8
j  org.gradle.api.internal.changedetection.state.DefaultFileAccessTimeJournal.<init>(Lorg/gradle/cache/CacheRepository;Lorg/gradle/cache/internal/InMemoryCacheDecoratorFactory;)V+76
j  org.gradle.internal.service.scopes.GradleUserHomeScopeServices.createFileAccessTimeJournal(Lorg/gradle/cache/CacheRepository;Lorg/gradle/cache/internal/InMemoryCacheDecoratorFactory;)Lorg/gradle/internal/file/FileAccessTimeJournal;+6
v  ~StubRoutines::call_stub
j  sun.reflect.NativeMethodAccessorImpl.invoke0(Ljava/lang/reflect/Method;Ljava/lang/Object;[Ljava/lang/Object;)Ljava/lang/Object;+0
j  sun.reflect.NativeMethodAccessorImpl.invoke(Ljava/lang/Object;[Ljava/lang/Object;)Ljava/lang/Object;+100
J 1247 C1 sun.reflect.DelegatingMethodAccessorImpl.invoke(Ljava/lang/Object;[Ljava/lang/Object;)Ljava/lang/Object; (10 bytes) @ 0x00000000031e4644 [0x00000000031e4540+0x104]
J 1246 C1 java.lang.reflect.Method.invoke(Ljava/lang/Object;[Ljava/lang/Object;)Ljava/lang/Object; (62 bytes) @ 0x00000000031e406c [0x00000000031e3c80+0x3ec]
j  org.gradle.internal.reflect.JavaMethod.invoke(Ljava/lang/Object;[Ljava/lang/Object;)Ljava/lang/Object;+6
j  org.gradle.internal.service.ReflectionBasedServiceMethod.invoke(Ljava/lang/Object;[Ljava/lang/Object;)Ljava/lang/Object;+6
j  org.gradle.internal.service.DefaultServiceRegistry$FactoryMethodService.invokeMethod([Ljava/lang/Object;)Ljava/lang/Object;+9
j  org.gradle.internal.service.DefaultServiceRegistry$FactoryService.create()Ljava/lang/Object;+7
J 1520 C1 org.gradle.internal.service.DefaultServiceRegistry$ManagedObjectServiceProvider.getInstance()Ljava/lang/Object; (81 bytes) @ 0x00000000032b480c [0x00000000032b45c0+0x24c]
J 1519 C1 org.gradle.internal.service.DefaultServiceRegistry$SingletonService.get()Ljava/lang/Object; (5 bytes) @ 0x00000000032b76b4 [0x00000000032b75c0+0xf4]
j  org.gradle.internal.service.DefaultServiceRegistry$FactoryService.assembleParameters()[Ljava/lang/Object;+44
j  org.gradle.internal.service.DefaultServiceRegistry$FactoryService.create()Ljava/lang/Object;+1
J 1520 C1 org.gradle.internal.service.DefaultServiceRegistry$ManagedObjectServiceProvider.getInstance()Ljava/lang/Object; (81 bytes) @ 0x00000000032b480c [0x00000000032b45c0+0x24c]
J 1519 C1 org.gradle.internal.service.DefaultServiceRegistry$SingletonService.get()Ljava/lang/Object; (5 bytes) @ 0x00000000032b76b4 [0x00000000032b75c0+0xf4]
j  org.gradle.internal.service.DefaultServiceRegistry$FactoryService.assembleParameters()[Ljava/lang/Object;+44
j  org.gradle.internal.service.DefaultServiceRegistry$FactoryService.create()Ljava/lang/Object;+1
J 1520 C1 org.gradle.internal.service.DefaultServiceRegistry$ManagedObjectServiceProvider.getInstance()Ljava/lang/Object; (81 bytes) @ 0x00000000032b480c [0x00000000032b45c0+0x24c]
J 1519 C1 org.gradle.internal.service.DefaultServiceRegistry$SingletonService.get()Ljava/lang/Object; (5 bytes) @ 0x00000000032b76b4 [0x00000000032b75c0+0xf4]
j  org.gradle.internal.service.DefaultServiceRegistry$FactoryService.assembleParameters()[Ljava/lang/Object;+44
j  org.gradle.internal.service.DefaultServiceRegistry$FactoryService.create()Ljava/lang/Object;+1
J 1520 C1 org.gradle.internal.service.DefaultServiceRegistry$ManagedObjectServiceProvider.getInstance()Ljava/lang/Object; (81 bytes) @ 0x00000000032b480c [0x00000000032b45c0+0x24c]
J 1519 C1 org.gradle.internal.service.DefaultServiceRegistry$SingletonService.get()Ljava/lang/Object; (5 bytes) @ 0x00000000032b76b4 [0x00000000032b75c0+0xf4]
j  org.gradle.internal.service.DefaultServiceRegistry.find(Ljava/lang/reflect/Type;)Ljava/lang/Object;+22
j  org.gradle.internal.service.DefaultServiceRegistry.get(Ljava/lang/reflect/Type;)Ljava/lang/Object;+2
j  org.gradle.internal.service.DefaultServiceRegistry.get(Ljava/lang/Class;)Ljava/lang/Object;+3
j  org.gradle.launcher.exec.InProcessBuildActionExecuter.execute(Lorg/gradle/internal/invocation/BuildAction;Lorg/gradle/initialization/BuildRequestContext;Lorg/gradle/launcher/exec/BuildActionParameters;Lorg/gradle/internal/service/ServiceRegistry;)Lorg/gradle/launcher/exec/BuildActionResult;+18
j  org.gradle.launcher.exec.InProcessBuildActionExecuter.execute(Lorg/gradle/internal/invocation/BuildAction;Lorg/gradle/initialization/BuildRequestContext;Ljava/lang/Object;Lorg/gradle/internal/service/ServiceRegistry;)Lorg/gradle/launcher/exec/BuildActionResult;+9
j  org.gradle.launcher.exec.BuildTreeScopeBuildActionExecuter.execute(Lorg/gradle/internal/invocation/BuildAction;Lorg/gradle/initialization/BuildRequestContext;Lorg/gradle/launcher/exec/BuildActionParameters;Lorg/gradle/internal/service/ServiceRegistry;)Lorg/gradle/launcher/exec/BuildActionResult;+38
j  org.gradle.launcher.exec.BuildTreeScopeBuildActionExecuter.execute(Lorg/gradle/internal/invocation/BuildAction;Lorg/gradle/initialization/BuildRequestContext;Ljava/lang/Object;Lorg/gradle/internal/service/ServiceRegistry;)Lorg/gradle/launcher/exec/BuildActionResult;+9
j  org.gradle.tooling.internal.provider.ContinuousBuildActionExecuter.execute(Lorg/gradle/internal/invocation/BuildAction;Lorg/gradle/initialization/BuildRequestContext;Lorg/gradle/launcher/exec/BuildActionParameters;Lorg/gradle/internal/service/ServiceRegistry;)Lorg/gradle/launcher/exec/BuildActionResult;+58
j  org.gradle.tooling.internal.provider.ContinuousBuildActionExecuter.execute(Lorg/gradle/internal/invocation/BuildAction;Lorg/gradle/initialization/BuildRequestContext;Ljava/lang/Object;Lorg/gradle/internal/service/ServiceRegistry;)Lorg/gradle/launcher/exec/BuildActionResult;+9
j  org.gradle.tooling.internal.provider.SubscribableBuildActionExecuter.execute(Lorg/gradle/internal/invocation/BuildAction;Lorg/gradle/initialization/BuildRequestContext;Lorg/gradle/launcher/exec/BuildActionParameters;Lorg/gradle/internal/service/ServiceRegistry;)Lorg/gradle/launcher/exec/BuildActionResult;+41
j  org.gradle.tooling.internal.provider.SubscribableBuildActionExecuter.execute(Lorg/gradle/internal/invocation/BuildAction;Lorg/gradle/initialization/BuildRequestContext;Ljava/lang/Object;Lorg/gradle/internal/service/ServiceRegistry;)Lorg/gradle/launcher/exec/BuildActionResult;+9
j  org.gradle.tooling.internal.provider.SessionScopeBuildActionExecuter.execute(Lorg/gradle/internal/invocation/BuildAction;Lorg/gradle/initialization/BuildRequestContext;Lorg/gradle/launcher/exec/BuildActionParameters;Lorg/gradle/internal/service/ServiceRegistry;)Lorg/gradle/launcher/exec/BuildActionResult;+117
j  org.gradle.tooling.internal.provider.SessionScopeBuildActionExecuter.execute(Lorg/gradle/internal/invocation/BuildAction;Lorg/gradle/initialization/BuildRequestContext;Ljava/lang/Object;Lorg/gradle/internal/service/ServiceRegistry;)Lorg/gradle/launcher/exec/BuildActionResult;+9
j  org.gradle.tooling.internal.provider.GradleThreadBuildActionExecuter.execute(Lorg/gradle/internal/invocation/BuildAction;Lorg/gradle/initialization/BuildRequestContext;Lorg/gradle/launcher/exec/BuildActionParameters;Lorg/gradle/internal/service/ServiceRegistry;)Lorg/gradle/launcher/exec/BuildActionResult;+12
j  org.gradle.tooling.internal.provider.GradleThreadBuildActionExecuter.execute(Lorg/gradle/internal/invocation/BuildAction;Lorg/gradle/initialization/BuildRequestContext;Ljava/lang/Object;Lorg/gradle/internal/service/ServiceRegistry;)Lorg/gradle/launcher/exec/BuildActionResult;+9
j  org.gradle.tooling.internal.provider.StartParamsValidatingActionExecuter.execute(Lorg/gradle/internal/invocation/BuildAction;Lorg/gradle/initialization/BuildRequestContext;Lorg/gradle/launcher/exec/BuildActionParameters;Lorg/gradle/internal/service/ServiceRegistry;)Lorg/gradle/launcher/exec/BuildActionResult;+177
j  org.gradle.tooling.internal.provider.StartParamsValidatingActionExecuter.execute(Lorg/gradle/internal/invocation/BuildAction;Lorg/gradle/initialization/BuildRequestContext;Ljava/lang/Object;Lorg/gradle/internal/service/ServiceRegistry;)Lorg/gradle/launcher/exec/BuildActionResult;+9
j  org.gradle.tooling.internal.provider.SessionFailureReportingActionExecuter.execute(Lorg/gradle/internal/invocation/BuildAction;Lorg/gradle/initialization/BuildRequestContext;Lorg/gradle/launcher/exec/BuildActionParameters;Lorg/gradle/internal/service/ServiceRegistry;)Lorg/gradle/launcher/exec/BuildActionResult;+9
j  org.gradle.tooling.internal.provider.SessionFailureReportingActionExecuter.execute(Lorg/gradle/internal/invocation/BuildAction;Lorg/gradle/initialization/BuildRequestContext;Ljava/lang/Object;Lorg/gradle/internal/service/ServiceRegistry;)Lorg/gradle/launcher/exec/BuildActionResult;+9
j  org.gradle.tooling.internal.provider.SetupLoggingActionExecuter.execute(Lorg/gradle/internal/invocation/BuildAction;Lorg/gradle/initialization/BuildRequestContext;Lorg/gradle/launcher/exec/BuildActionParameters;Lorg/gradle/internal/service/ServiceRegistry;)Lorg/gradle/launcher/exec/BuildActionResult;+52
j  org.gradle.tooling.internal.provider.SetupLoggingActionExecuter.execute(Lorg/gradle/internal/invocation/BuildAction;Lorg/gradle/initialization/BuildRequestContext;Ljava/lang/Object;Lorg/gradle/internal/service/ServiceRegistry;)Lorg/gradle/launcher/exec/BuildActionResult;+9
j  org.gradle.launcher.daemon.server.exec.ExecuteBuild.doBuild(Lorg/gradle/launcher/daemon/server/api/DaemonCommandExecution;Lorg/gradle/launcher/daemon/protocol/Build;)V+118
j  org.gradle.launcher.daemon.server.exec.BuildCommandOnly.execute(Lorg/gradle/launcher/daemon/server/api/DaemonCommandExecution;)V+49
j  org.gradle.launcher.daemon.server.api.DaemonCommandExecution.proceed()Z+23
j  org.gradle.launcher.daemon.server.exec.WatchForDisconnection.execute(Lorg/gradle/launcher/daemon/server/api/DaemonCommandExecution;)V+19
j  org.gradle.launcher.daemon.server.api.DaemonCommandExecution.proceed()Z+23
j  org.gradle.launcher.daemon.server.exec.ResetDeprecationLogger.execute(Lorg/gradle/launcher/daemon/server/api/DaemonCommandExecution;)V+7
j  org.gradle.launcher.daemon.server.api.DaemonCommandExecution.proceed()Z+23
j  org.gradle.launcher.daemon.server.exec.RequestStopIfSingleUsedDaemon.execute(Lorg/gradle/launcher/daemon/server/api/DaemonCommandExecution;)V+33
j  org.gradle.launcher.daemon.server.api.DaemonCommandExecution.proceed()Z+23
j  org.gradle.launcher.daemon.server.exec.ForwardClientInput$2.create()Ljava/lang/Void;+4
j  org.gradle.launcher.daemon.server.exec.ForwardClientInput$2.create()Ljava/lang/Object;+1
j  org.gradle.util.Swapper.swap(Ljava/lang/Object;Lorg/gradle/internal/Factory;)Ljava/lang/Object;+21
j  org.gradle.launcher.daemon.server.exec.ForwardClientInput.execute(Lorg/gradle/launcher/daemon/server/api/DaemonCommandExecution;)V+63
j  org.gradle.launcher.daemon.server.api.DaemonCommandExecution.proceed()Z+23
j  org.gradle.launcher.daemon.server.exec.LogAndCheckHealth.execute(Lorg/gradle/launcher/daemon/server/api/DaemonCommandExecution;)V+28
j  org.gradle.launcher.daemon.server.api.DaemonCommandExecution.proceed()Z+23
j  org.gradle.launcher.daemon.server.exec.LogToClient.doBuild(Lorg/gradle/launcher/daemon/server/api/DaemonCommandExecution;Lorg/gradle/launcher/daemon/protocol/Build;)V+87
j  org.gradle.launcher.daemon.server.exec.BuildCommandOnly.execute(Lorg/gradle/launcher/daemon/server/api/DaemonCommandExecution;)V+49
j  org.gradle.launcher.daemon.server.api.DaemonCommandExecution.proceed()Z+23
j  org.gradle.launcher.daemon.server.exec.EstablishBuildEnvironment.doBuild(Lorg/gradle/launcher/daemon/server/api/DaemonCommandExecution;Lorg/gradle/launcher/daemon/protocol/Build;)V+351
j  org.gradle.launcher.daemon.server.exec.BuildCommandOnly.execute(Lorg/gradle/launcher/daemon/server/api/DaemonCommandExecution;)V+49
j  org.gradle.launcher.daemon.server.api.DaemonCommandExecution.proceed()Z+23
j  org.gradle.launcher.daemon.server.exec.StartBuildOrRespondWithBusy$1.run()V+44
j  org.gradle.launcher.daemon.server.DaemonStateCoordinator$1.run()V+4
j  org.gradle.internal.concurrent.ExecutorPolicy$CatchAndRecordFailures.onExecute(Ljava/lang/Runnable;)V+1
j  org.gradle.internal.concurrent.ManagedExecutorImpl$1.run()V+25
j  java.util.concurrent.ThreadPoolExecutor.runWorker(Ljava/util/concurrent/ThreadPoolExecutor$Worker;)V+95
j  java.util.concurrent.ThreadPoolExecutor$Worker.run()V+5
j  org.gradle.internal.concurrent.ThreadFactoryImpl$ManagedThreadRunnable.run()V+7
j  java.lang.Thread.run()V+11
v  ~StubRoutines::call_stub

---------------  P R O C E S S  ---------------

Java Threads: ( => current thread )
  0x000000001c34f800 JavaThread "File lock request listener" [_thread_blocked, id=14072, stack(0x000000001ebf0000,0x000000001ecf0000)]
  0x000000001c297800 JavaThread "Cache worker for journal cache (C:\Users\MR LOKESHWARAN\.gradle\caches\journal-1)" [_thread_blocked, id=5920, stack(0x000000001eaf0000,0x000000001ebf0000)]
  0x0000000019dd6800 JavaThread "Thread-9" [_thread_blocked, id=11480, stack(0x000000001e7f0000,0x000000001e8f0000)]
  0x000000001bd03000 JavaThread "Stdin handler" [_thread_blocked, id=18548, stack(0x000000001e6f0000,0x000000001e7f0000)]
  0x000000001bd00800 JavaThread "Asynchronous log dispatcher for DefaultDaemonConnection: socket connection from /127.0.0.1:62956 to /127.0.0.1:62957" [_thread_blocked, id=17992, stack(0x000000001e5f0000,0x000000001e6f0000)]
=>0x000000001b745000 JavaThread "Daemon worker" [_thread_in_vm, id=5352, stack(0x000000001e4f0000,0x000000001e5f0000)]
  0x000000001b744000 JavaThread "Cancel handler" [_thread_blocked, id=17024, stack(0x000000001e3f0000,0x000000001e4f0000)]
  0x000000001bf9d800 JavaThread "Handler for socket connection from /127.0.0.1:62956 to /127.0.0.1:62957" [_thread_in_native, id=8780, stack(0x000000001e1f0000,0x000000001e2f0000)]
  0x000000001b0d6000 JavaThread "Daemon" [_thread_blocked, id=18080, stack(0x000000001e0f0000,0x000000001e1f0000)]
  0x000000001b0e2000 JavaThread "Daemon periodic checks" [_thread_blocked, id=18144, stack(0x000000001ddf0000,0x000000001def0000)]
  0x000000001b0df800 JavaThread "Incoming local TCP Connector on port 62956" [_thread_in_native, id=15104, stack(0x000000001dba0000,0x000000001dca0000)]
  0x000000001c175000 JavaThread "Daemon health stats" [_thread_blocked, id=11544, stack(0x000000001d260000,0x000000001d360000)]
  0x0000000019c8c800 JavaThread "Service Thread" daemon [_thread_blocked, id=3464, stack(0x000000001a8c0000,0x000000001a9c0000)]
  0x0000000019c03800 JavaThread "C1 CompilerThread3" daemon [_thread_blocked, id=8672, stack(0x000000001a7c0000,0x000000001a8c0000)]
  0x0000000019bff800 JavaThread "C2 CompilerThread2" daemon [_thread_blocked, id=12768, stack(0x000000001a6c0000,0x000000001a7c0000)]
  0x0000000017dde800 JavaThread "C2 CompilerThread1" daemon [_thread_blocked, id=18628, stack(0x000000001a5c0000,0x000000001a6c0000)]
  0x0000000019bf6000 JavaThread "C2 CompilerThread0" daemon [_thread_blocked, id=20576, stack(0x000000001a4c0000,0x000000001a5c0000)]
  0x0000000019bf3800 JavaThread "Attach Listener" daemon [_thread_blocked, id=14776, stack(0x000000001a3c0000,0x000000001a4c0000)]
  0x0000000019bf2000 JavaThread "Signal Dispatcher" daemon [_thread_blocked, id=15936, stack(0x000000001a2c0000,0x000000001a3c0000)]
  0x0000000019be0800 JavaThread "Finalizer" daemon [_thread_blocked, id=14028, stack(0x000000001a0c0000,0x000000001a1c0000)]
  0x0000000017dcb000 JavaThread "Reference Handler" daemon [_thread_blocked, id=13784, stack(0x0000000019fc0000,0x000000001a0c0000)]
  0x0000000002a5e800 JavaThread "main" [_thread_blocked, id=15464, stack(0x0000000002b60000,0x0000000002c60000)]

Other Threads:
  0x0000000017dc7000 VMThread [stack: 0x0000000019ac0000,0x0000000019bc0000] [id=20068]
  0x0000000019c8d800 WatcherThread [stack: 0x000000001a9c0000,0x000000001aac0000] [id=20916]

VM state:synchronizing (normal execution)

VM Mutex/Monitor currently owned by a thread:  ([mutex/lock_event])
[0x0000000002a5cd50] Threads_lock - owner thread: 0x0000000017dc7000

heap address: 0x0000000080000000, size: 2048 MB, Compressed Oops mode: 32-bit
Narrow klass base: 0x0000000000000000, Narrow klass shift: 3
Compressed class space size: 1073741824 Address: 0x0000000100000000

Heap:
 PSYoungGen      total 28672K, used 11511K [0x00000000d5580000, 0x00000000d9380000, 0x0000000100000000)
  eden space 24576K, 30% used [0x00000000d5580000,0x00000000d5cbdee8,0x00000000d6d80000)
  from space 4096K, 100% used [0x00000000d6d80000,0x00000000d7180000,0x00000000d7180000)
  to   space 7168K, 0% used [0x00000000d8c80000,0x00000000d8c80000,0x00000000d9380000)
 ParOldGen       total 65536K, used 3980K [0x0000000080000000, 0x0000000084000000, 0x00000000d5580000)
  object space 65536K, 6% used [0x0000000080000000,0x00000000803e3298,0x0000000084000000)
 Metaspace       used 14509K, capacity 14964K, committed 15232K, reserved 1062912K
  class space    used 1984K, capacity 2152K, committed 2176K, reserved 1048576K

Card table byte_map: [0x0000000012120000,0x0000000012530000] byte_map_base: 0x0000000011d20000

Marking Bits: (ParMarkBitMap*) 0x000000006421cf30
 Begin Bits: [0x0000000012fe0000, 0x0000000014fe0000)
 End Bits:   [0x0000000014fe0000, 0x0000000016fe0000)

Polling page: 0x0000000000e50000

CodeCache: size=245760Kb used=5637Kb max_used=5649Kb free=240122Kb
 bounds [0x0000000002d60000, 0x00000000032f0000, 0x0000000011d60000]
 total_blobs=1934 nmethods=1554 adapters=294
 compilation: enabled

Compilation events (10 events):
Event: 10.441 Thread 0x0000000017dde800 nmethod 1544 0x00000000032df410 code [0x00000000032df5a0, 0x00000000032dfd58]
Event: 10.441 Thread 0x0000000019c03800 1554       1       org.gradle.internal.service.AbstractServiceMethod::getParameterTypes (5 bytes)
Event: 10.441 Thread 0x0000000019c03800 nmethod 1554 0x00000000032e37d0 code [0x00000000032e3920, 0x00000000032e3a30]
Event: 10.441 Thread 0x0000000019c03800 1555       1       org.gradle.internal.service.DefaultServiceRegistry::access$1600 (5 bytes)
Event: 10.441 Thread 0x0000000019c03800 nmethod 1555 0x00000000032e3510 code [0x00000000032e3660, 0x00000000032e3750]
Event: 10.441 Thread 0x0000000019bf6000 1556       4       java.util.jar.JarFile::maybeInstantiateVerifier (96 bytes)
Event: 10.442 Thread 0x0000000019bff800 1557       4       java.net.URLClassLoader$1::run (5 bytes)
Event: 10.446 Thread 0x0000000019c03800 1558       3       sun.invoke.util.Wrapper::forPrimitiveType (49 bytes)
Event: 10.447 Thread 0x0000000019c03800 nmethod 1558 0x00000000032e1810 code [0x00000000032e1aa0, 0x00000000032e2c58]
Event: 10.447 Thread 0x0000000019bf6000 nmethod 1556 0x00000000032e0e90 code [0x00000000032e1020, 0x00000000032e1478]

GC Heap History (10 events):
Event: 0.699 GC heap before
{Heap before GC invocations=1 (full 0):
 PSYoungGen      total 28672K, used 24576K [0x00000000d5580000, 0x00000000d7580000, 0x0000000100000000)
  eden space 24576K, 100% used [0x00000000d5580000,0x00000000d6d80000,0x00000000d6d80000)
  from space 4096K, 0% used [0x00000000d7180000,0x00000000d7180000,0x00000000d7580000)
  to   space 4096K, 0% used [0x00000000d6d80000,0x00000000d6d80000,0x00000000d7180000)
 ParOldGen       total 65536K, used 0K [0x0000000080000000, 0x0000000084000000, 0x00000000d5580000)
  object space 65536K, 0% used [0x0000000080000000,0x0000000080000000,0x0000000084000000)
 Metaspace       used 6803K, capacity 7096K, committed 7424K, reserved 1056768K
  class space    used 841K, capacity 940K, committed 1024K, reserved 1048576K
Event: 0.704 GC heap after
Heap after GC invocations=1 (full 0):
 PSYoungGen      total 28672K, used 3398K [0x00000000d5580000, 0x00000000d7580000, 0x0000000100000000)
  eden space 24576K, 0% used [0x00000000d5580000,0x00000000d5580000,0x00000000d6d80000)
  from space 4096K, 82% used [0x00000000d6d80000,0x00000000d70d1878,0x00000000d7180000)
  to   space 4096K, 0% used [0x00000000d7180000,0x00000000d7180000,0x00000000d7580000)
 ParOldGen       total 65536K, used 8K [0x0000000080000000, 0x0000000084000000, 0x00000000d5580000)
  object space 65536K, 0% used [0x0000000080000000,0x0000000080002000,0x0000000084000000)
 Metaspace       used 6803K, capacity 7096K, committed 7424K, reserved 1056768K
  class space    used 841K, capacity 940K, committed 1024K, reserved 1048576K
}
Event: 0.999 GC heap before
{Heap before GC invocations=2 (full 0):
 PSYoungGen      total 28672K, used 27974K [0x00000000d5580000, 0x00000000d7580000, 0x0000000100000000)
  eden space 24576K, 100% used [0x00000000d5580000,0x00000000d6d80000,0x00000000d6d80000)
  from space 4096K, 82% used [0x00000000d6d80000,0x00000000d70d1878,0x00000000d7180000)
  to   space 4096K, 0% used [0x00000000d7180000,0x00000000d7180000,0x00000000d7580000)
 ParOldGen       total 65536K, used 8K [0x0000000080000000, 0x0000000084000000, 0x00000000d5580000)
  object space 65536K, 0% used [0x0000000080000000,0x0000000080002000,0x0000000084000000)
 Metaspace       used 7473K, capacity 7678K, committed 7936K, reserved 1056768K
  class space    used 919K, capacity 1005K, committed 1024K, reserved 1048576K
Event: 1.003 GC heap after
Heap after GC invocations=2 (full 0):
 PSYoungGen      total 28672K, used 3225K [0x00000000d5580000, 0x00000000d8d80000, 0x0000000100000000)
  eden space 24576K, 0% used [0x00000000d5580000,0x00000000d5580000,0x00000000d6d80000)
  from space 4096K, 78% used [0x00000000d7180000,0x00000000d74a6738,0x00000000d7580000)
  to   space 4096K, 0% used [0x00000000d6d80000,0x00000000d6d80000,0x00000000d7180000)
 ParOldGen       total 65536K, used 16K [0x0000000080000000, 0x0000000084000000, 0x00000000d5580000)
  object space 65536K, 0% used [0x0000000080000000,0x0000000080004000,0x0000000084000000)
 Metaspace       used 7473K, capacity 7678K, committed 7936K, reserved 1056768K
  class space    used 919K, capacity 1005K, committed 1024K, reserved 1048576K
}
Event: 1.177 GC heap before
{Heap before GC invocations=3 (full 0):
 PSYoungGen      total 28672K, used 27801K [0x00000000d5580000, 0x00000000d8d80000, 0x0000000100000000)
  eden space 24576K, 100% used [0x00000000d5580000,0x00000000d6d80000,0x00000000d6d80000)
  from space 4096K, 78% used [0x00000000d7180000,0x00000000d74a6738,0x00000000d7580000)
  to   space 4096K, 0% used [0x00000000d6d80000,0x00000000d6d80000,0x00000000d7180000)
 ParOldGen       total 65536K, used 16K [0x0000000080000000, 0x0000000084000000, 0x00000000d5580000)
  object space 65536K, 0% used [0x0000000080000000,0x0000000080004000,0x0000000084000000)
 Metaspace       used 7831K, capacity 8086K, committed 8320K, reserved 1056768K
  class space    used 990K, capacity 1077K, committed 1152K, reserved 1048576K
Event: 1.180 GC heap after
Heap after GC invocations=3 (full 0):
 PSYoungGen      total 28672K, used 3729K [0x00000000d5580000, 0x00000000d8d80000, 0x0000000100000000)
  eden space 24576K, 0% used [0x00000000d5580000,0x00000000d5580000,0x00000000d6d80000)
  from space 4096K, 91% used [0x00000000d6d80000,0x00000000d71245f8,0x00000000d7180000)
  to   space 4096K, 0% used [0x00000000d8980000,0x00000000d8980000,0x00000000d8d80000)
 ParOldGen       total 65536K, used 24K [0x0000000080000000, 0x0000000084000000, 0x00000000d5580000)
  object space 65536K, 0% used [0x0000000080000000,0x0000000080006000,0x0000000084000000)
 Metaspace       used 7831K, capacity 8086K, committed 8320K, reserved 1056768K
  class space    used 990K, capacity 1077K, committed 1152K, reserved 1048576K
}
Event: 10.106 GC heap before
{Heap before GC invocations=4 (full 0):
 PSYoungGen      total 28672K, used 28305K [0x00000000d5580000, 0x00000000d8d80000, 0x0000000100000000)
  eden space 24576K, 100% used [0x00000000d5580000,0x00000000d6d80000,0x00000000d6d80000)
  from space 4096K, 91% used [0x00000000d6d80000,0x00000000d71245f8,0x00000000d7180000)
  to   space 4096K, 0% used [0x00000000d8980000,0x00000000d8980000,0x00000000d8d80000)
 ParOldGen       total 65536K, used 24K [0x0000000080000000, 0x0000000084000000, 0x00000000d5580000)
  object space 65536K, 0% used [0x0000000080000000,0x0000000080006000,0x0000000084000000)
 Metaspace       used 11631K, capacity 11950K, committed 12160K, reserved 1060864K
  class space    used 1540K, capacity 1641K, committed 1664K, reserved 1048576K
Event: 10.111 GC heap after
Heap after GC invocations=4 (full 0):
 PSYoungGen      total 28672K, used 4096K [0x00000000d5580000, 0x00000000d8d80000, 0x0000000100000000)
  eden space 24576K, 0% used [0x00000000d5580000,0x00000000d5580000,0x00000000d6d80000)
  from space 4096K, 100% used [0x00000000d8980000,0x00000000d8d80000,0x00000000d8d80000)
  to   space 4096K, 0% used [0x00000000d6d80000,0x00000000d6d80000,0x00000000d7180000)
 ParOldGen       total 65536K, used 1705K [0x0000000080000000, 0x0000000084000000, 0x00000000d5580000)
  object space 65536K, 2% used [0x0000000080000000,0x00000000801aa6d8,0x0000000084000000)
 Metaspace       used 11631K, capacity 11950K, committed 12160K, reserved 1060864K
  class space    used 1540K, capacity 1641K, committed 1664K, reserved 1048576K
}
Event: 10.367 GC heap before
{Heap before GC invocations=5 (full 0):
 PSYoungGen      total 28672K, used 28672K [0x00000000d5580000, 0x00000000d8d80000, 0x0000000100000000)
  eden space 24576K, 100% used [0x00000000d5580000,0x00000000d6d80000,0x00000000d6d80000)
  from space 4096K, 100% used [0x00000000d8980000,0x00000000d8d80000,0x00000000d8d80000)
  to   space 4096K, 0% used [0x00000000d6d80000,0x00000000d6d80000,0x00000000d7180000)
 ParOldGen       total 65536K, used 1705K [0x0000000080000000, 0x0000000084000000, 0x00000000d5580000)
  object space 65536K, 2% used [0x0000000080000000,0x00000000801aa6d8,0x0000000084000000)
 Metaspace       used 13695K, capacity 14150K, committed 14336K, reserved 1060864K
  class space    used 1875K, capacity 2011K, committed 2048K, reserved 1048576K
Event: 10.373 GC heap after
Heap after GC invocations=5 (full 0):
 PSYoungGen      total 28672K, used 4096K [0x00000000d5580000, 0x00000000d9380000, 0x0000000100000000)
  eden space 24576K, 0% used [0x00000000d5580000,0x00000000d5580000,0x00000000d6d80000)
  from space 4096K, 100% used [0x00000000d6d80000,0x00000000d7180000,0x00000000d7180000)
  to   space 7168K, 0% used [0x00000000d8c80000,0x00000000d8c80000,0x00000000d9380000)
 ParOldGen       total 65536K, used 3980K [0x0000000080000000, 0x0000000084000000, 0x00000000d5580000)
  object space 65536K, 6% used [0x0000000080000000,0x00000000803e3298,0x0000000084000000)
 Metaspace       used 13695K, capacity 14150K, committed 14336K, reserved 1060864K
  class space    used 1875K, capacity 2011K, committed 2048K, reserved 1048576K
}

Deoptimization events (10 events):
Event: 3.534 Thread 0x0000000002a5e800 Uncommon trap: reason=unstable_if action=reinterpret pc=0x00000000030a8ee8 method=java.io.WinNTFileSystem.normalize(Ljava/lang/String;)Ljava/lang/String; @ 128
Event: 10.123 Thread 0x000000001bf9d800 Uncommon trap: reason=unstable_if action=reinterpret pc=0x00000000031834d0 method=java.util.concurrent.ConcurrentHashMap.putVal(Ljava/lang/Object;Ljava/lang/Object;Z)Ljava/lang/Object; @ 206
Event: 10.169 Thread 0x000000001b745000 Uncommon trap: reason=bimorphic action=maybe_recompile pc=0x0000000002fed2cc method=java.util.HashMap.putVal(ILjava/lang/Object;Ljava/lang/Object;ZZ)Ljava/lang/Object; @ 253
Event: 10.169 Thread 0x000000001b745000 Uncommon trap: reason=bimorphic action=maybe_recompile pc=0x0000000002fed2cc method=java.util.HashMap.putVal(ILjava/lang/Object;Ljava/lang/Object;ZZ)Ljava/lang/Object; @ 253
Event: 10.169 Thread 0x000000001b745000 Uncommon trap: reason=bimorphic action=maybe_recompile pc=0x0000000002fed2cc method=java.util.HashMap.putVal(ILjava/lang/Object;Ljava/lang/Object;ZZ)Ljava/lang/Object; @ 253
Event: 10.169 Thread 0x000000001b745000 Uncommon trap: reason=bimorphic action=maybe_recompile pc=0x0000000002fed2cc method=java.util.HashMap.putVal(ILjava/lang/Object;Ljava/lang/Object;ZZ)Ljava/lang/Object; @ 253
Event: 10.404 Thread 0x000000001b745000 Uncommon trap: reason=class_check action=maybe_recompile pc=0x00000000030b281c method=java.util.regex.Matcher.match(II)Z @ 86
Event: 10.404 Thread 0x000000001b745000 Uncommon trap: reason=class_check action=maybe_recompile pc=0x00000000030b281c method=java.util.regex.Matcher.match(II)Z @ 86
Event: 10.405 Thread 0x000000001b745000 Uncommon trap: reason=class_check action=maybe_recompile pc=0x00000000030b281c method=java.util.regex.Matcher.match(II)Z @ 86
Event: 10.405 Thread 0x000000001b745000 Uncommon trap: reason=class_check action=maybe_recompile pc=0x0000000002f1555c method=java.util.regex.Matcher.match(II)Z @ 86

Classes redefined (0 events):
No events

Internal exceptions (10 events):
Event: 0.650 Thread 0x0000000002a5e800 Exception <a 'java/lang/ArrayIndexOutOfBoundsException'> (0x00000000d6b2e150) thrown at [C:\cygwin64\tmp\openjdk-jdk8u-windows-x64-hotspot\workspace\build\src\hotspot\src\share\vm\runtime\sharedRuntime.cpp, line 605]
Event: 0.652 Thread 0x0000000002a5e800 Exception <a 'java/lang/ArrayIndexOutOfBoundsException'> (0x00000000d6b48270) thrown at [C:\cygwin64\tmp\openjdk-jdk8u-windows-x64-hotspot\workspace\build\src\hotspot\src\share\vm\runtime\sharedRuntime.cpp, line 605]
Event: 10.075 Thread 0x0000000002a5e800 Exception <a 'java/io/IOException'> (0x00000000d6bd0590) thrown at [C:\cygwin64\tmp\openjdk-jdk8u-windows-x64-hotspot\workspace\build\src\hotspot\src\share\vm\prims\jni.cpp, line 710]
Event: 10.124 Thread 0x000000001bf9d800 Exception <a 'java/lang/NoSuchMethodError': <clinit>> (0x00000000d55be100) thrown at [C:\cygwin64\tmp\openjdk-jdk8u-windows-x64-hotspot\workspace\build\src\hotspot\src\share\vm\prims\jni.cpp, line 1614]
Event: 10.125 Thread 0x000000001bf9d800 Exception <a 'java/lang/NoSuchMethodError': <clinit>> (0x00000000d55c7d70) thrown at [C:\cygwin64\tmp\openjdk-jdk8u-windows-x64-hotspot\workspace\build\src\hotspot\src\share\vm\prims\jni.cpp, line 1614]
Event: 10.127 Thread 0x000000001bf9d800 Exception <a 'java/lang/NoSuchMethodError': <clinit>> (0x00000000d55ed720) thrown at [C:\cygwin64\tmp\openjdk-jdk8u-windows-x64-hotspot\workspace\build\src\hotspot\src\share\vm\prims\jni.cpp, line 1614]
Event: 10.137 Thread 0x000000001bf9d800 Exception <a 'java/lang/NoSuchMethodError': <clinit>> (0x00000000d565f0f8) thrown at [C:\cygwin64\tmp\openjdk-jdk8u-windows-x64-hotspot\workspace\build\src\hotspot\src\share\vm\prims\jni.cpp, line 1614]
Event: 10.142 Thread 0x000000001bf9d800 Exception <a 'java/lang/NoSuchMethodError': <clinit>> (0x00000000d569ab28) thrown at [C:\cygwin64\tmp\openjdk-jdk8u-windows-x64-hotspot\workspace\build\src\hotspot\src\share\vm\prims\jni.cpp, line 1614]
Event: 10.147 Thread 0x000000001bf9d800 Exception <a 'java/lang/NoSuchMethodError': <clinit>> (0x00000000d56d22b8) thrown at [C:\cygwin64\tmp\openjdk-jdk8u-windows-x64-hotspot\workspace\build\src\hotspot\src\share\vm\prims\jni.cpp, line 1614]
Event: 10.148 Thread 0x000000001bf9d800 Exception <a 'java/lang/NoSuchMethodError': <clinit>> (0x00000000d56ded30) thrown at [C:\cygwin64\tmp\openjdk-jdk8u-windows-x64-hotspot\workspace\build\src\hotspot\src\share\vm\prims\jni.cpp, line 1614]

Events (10 events):
Event: 10.453 loading class org/gradle/cache/internal/CrossProcessSynchronizingCache done
Event: 10.454 loading class org/gradle/internal/Factories
Event: 10.454 loading class org/gradle/internal/Factories done
Event: 10.454 loading class org/gradle/internal/Factories$1
Event: 10.454 loading class org/gradle/internal/Factories$1 done
Event: 10.455 loading class org/gradle/cache/internal/locklistener/DefaultFileLockContentionHandler$1
Event: 10.455 loading class org/gradle/cache/internal/locklistener/DefaultFileLockContentionHandler$1 done
Event: 10.456 Thread 0x000000001c34f800 Thread added: 0x000000001c34f800
Event: 10.456 loading class org/gradle/cache/internal/locklistener/DefaultFileLockContentionHandler$ContendedAction
Event: 10.456 loading class org/gradle/cache/internal/locklistener/DefaultFileLockContentionHandler$ContendedAction done


Dynamic libraries:
0x00007ff6de600000 - 0x00007ff6de635000 	C:\Android\openjdk\bin\java.exe
0x00007fff8fba0000 - 0x00007fff8fda9000 	C:\WINDOWS\SYSTEM32\ntdll.dll
0x00007fff8e560000 - 0x00007fff8e61d000 	C:\WINDOWS\System32\KERNEL32.DLL
0x00007fff8d390000 - 0x00007fff8d704000 	C:\WINDOWS\System32\KERNELBASE.dll
0x00007fff8a310000 - 0x00007fff8a3a1000 	C:\WINDOWS\SYSTEM32\apphelp.dll
0x00007fff8f2f0000 - 0x00007fff8f39e000 	C:\WINDOWS\System32\ADVAPI32.dll
0x00007fff8f3a0000 - 0x00007fff8f443000 	C:\WINDOWS\System32\msvcrt.dll
0x00007fff8e430000 - 0x00007fff8e4ce000 	C:\WINDOWS\System32\sechost.dll
0x00007fff8f1d0000 - 0x00007fff8f2f0000 	C:\WINDOWS\System32\RPCRT4.dll
0x00007fff8da40000 - 0x00007fff8dbec000 	C:\WINDOWS\System32\USER32.dll
0x00007fff8d090000 - 0x00007fff8d0b6000 	C:\WINDOWS\System32\win32u.dll
0x00007fff8e140000 - 0x00007fff8e169000 	C:\WINDOWS\System32\GDI32.dll
0x00007fff8d800000 - 0x00007fff8d912000 	C:\WINDOWS\System32\gdi32full.dll
0x00007fff8d2f0000 - 0x00007fff8d38d000 	C:\WINDOWS\System32\msvcp_win.dll
0x00007fff8d920000 - 0x00007fff8da31000 	C:\WINDOWS\System32\ucrtbase.dll
0x00007fff76e80000 - 0x00007fff77125000 	C:\WINDOWS\WinSxS\amd64_microsoft.windows.common-controls_6595b64144ccf1df_6.0.22000.120_none_9d947278b86cc467\COMCTL32.dll
0x00007fff8df50000 - 0x00007fff8df81000 	C:\WINDOWS\System32\IMM32.DLL
0x00000000642a0000 - 0x0000000064372000 	C:\Android\openjdk\jre\bin\msvcr100.dll
0x0000000063a50000 - 0x0000000064299000 	C:\Android\openjdk\jre\bin\server\jvm.dll
0x00007fff8e170000 - 0x00007fff8e178000 	C:\WINDOWS\System32\PSAPI.DLL
0x00007fff89ed0000 - 0x00007fff89ed9000 	C:\WINDOWS\SYSTEM32\WSOCK32.dll
0x00007fff87cf0000 - 0x00007fff87d23000 	C:\WINDOWS\SYSTEM32\WINMM.dll
0x00007fff87180000 - 0x00007fff8718a000 	C:\WINDOWS\SYSTEM32\VERSION.dll
0x00007fff8e4f0000 - 0x00007fff8e55f000 	C:\WINDOWS\System32\WS2_32.dll
0x00007fff7ba10000 - 0x00007fff7ba1f000 	C:\Android\openjdk\jre\bin\verify.dll
0x00007fff7ad50000 - 0x00007fff7ad79000 	C:\Android\openjdk\jre\bin\java.dll
0x00007fff7ace0000 - 0x00007fff7acf6000 	C:\Android\openjdk\jre\bin\zip.dll
0x00007fff8e620000 - 0x00007fff8edcf000 	C:\WINDOWS\System32\SHELL32.dll
0x00007fff8b0b0000 - 0x00007fff8b918000 	C:\WINDOWS\SYSTEM32\windows.storage.dll
0x00007fff8ee50000 - 0x00007fff8f1c8000 	C:\WINDOWS\System32\combase.dll
0x00007fff8af40000 - 0x00007fff8b0a6000 	C:\WINDOWS\SYSTEM32\wintypes.dll
0x00007fff8e2a0000 - 0x00007fff8e38a000 	C:\WINDOWS\System32\SHCORE.dll
0x00007fff8faf0000 - 0x00007fff8fb4d000 	C:\WINDOWS\System32\shlwapi.dll
0x00007fff8cfc0000 - 0x00007fff8cfe1000 	C:\WINDOWS\SYSTEM32\profapi.dll
0x00007fff785f0000 - 0x00007fff7860a000 	C:\Android\openjdk\jre\bin\net.dll
0x00007fff87670000 - 0x00007fff8785f000 	C:\WINDOWS\SYSTEM32\urlmon.dll
0x00007fff8bda0000 - 0x00007fff8bdac000 	C:\WINDOWS\SYSTEM32\netutils.dll
0x00007fff86bf0000 - 0x00007fff86ea3000 	C:\WINDOWS\SYSTEM32\iertutil.dll
0x00007fff872d0000 - 0x00007fff872f8000 	C:\WINDOWS\SYSTEM32\srvcli.dll
0x00007fff8c6b0000 - 0x00007fff8c717000 	C:\WINDOWS\system32\mswsock.dll
0x00007fff785d0000 - 0x00007fff785e2000 	C:\Android\openjdk\jre\bin\nio.dll
0x00007fff82f10000 - 0x00007fff82f37000 	C:\Users\MR LOKESHWARAN\.gradle\native\f6784746aeab05261644944871eae4fe03e0ef1612fff0a4a95f87b438bc6780\windows-amd64\native-platform.dll
0x00007fff771d0000 - 0x00007fff771dd000 	C:\Android\openjdk\jre\bin\management.dll
0x00007fff8c8f0000 - 0x00007fff8c908000 	C:\WINDOWS\SYSTEM32\CRYPTSP.dll
0x00007fff8c1e0000 - 0x00007fff8c215000 	C:\WINDOWS\system32\rsaenh.dll
0x00007fff8c7a0000 - 0x00007fff8c7c9000 	C:\WINDOWS\SYSTEM32\USERENV.dll
0x00007fff8ca70000 - 0x00007fff8ca97000 	C:\WINDOWS\SYSTEM32\bcrypt.dll
0x00007fff8d710000 - 0x00007fff8d78f000 	C:\WINDOWS\System32\bcryptprimitives.dll
0x00007fff8c910000 - 0x00007fff8c91c000 	C:\WINDOWS\SYSTEM32\CRYPTBASE.dll
0x00007fff8bdb0000 - 0x00007fff8bddd000 	C:\WINDOWS\SYSTEM32\IPHLPAPI.DLL
0x00007fff8e130000 - 0x00007fff8e139000 	C:\WINDOWS\System32\NSI.dll
0x00007fff871c0000 - 0x00007fff871d9000 	C:\WINDOWS\SYSTEM32\dhcpcsvc6.DLL
0x00007fff87860000 - 0x00007fff8787e000 	C:\WINDOWS\SYSTEM32\dhcpcsvc.DLL
0x00007fff8bde0000 - 0x00007fff8bec8000 	C:\WINDOWS\SYSTEM32\DNSAPI.dll
0x00007fff856b0000 - 0x00007fff856bc000 	C:\WINDOWS\SYSTEM32\WINNSI.DLL

VM Arguments:
jvm_args: -Xmx2048m -Dfile.encoding=UTF-8 -Duser.country=IN -Duser.language=en -Duser.variant 
java_command: org.gradle.launcher.daemon.bootstrap.GradleDaemon 6.5
java_class_path (initial): C:\Users\MR LOKESHWARAN\.gradle\wrapper\dists\gradle-6.5-bin\6nifqtx7604sqp1q6g8wikw7p\gradle-6.5\lib\gradle-launcher-6.5.jar
Launcher Type: SUN_STANDARD

Environment Variables:
JAVA_HOME=C:\Android\openjdk
PATH=C:\Program Files\ImageMagick-7.1.0-Q16-HDRI;C:\Program Files\Common Files\Oracle\Java\javapath;C:\windows\system32;C:\windows;C:\windows\System32\Wbem;C:\windows\System32\WindowsPowerShell\v1.0\;C:\windows\System32\OpenSSH\;C:\Program Files (x86)\NVIDIA Corporation\PhysX\Common;C:\Program Files\NVIDIA Corporation\NVIDIA NvDLISR;C:\Program Files\Git\cmd;C:\flutter\bin;C:\Program Files\Java\jdk-15\bin;C:\Android\platform-tools;C:\Android\tools;C:\Program Files\nodejs\;%SystemRoot%\system32;%SystemRoot%;%SystemRoot%\System32\Wbem;%SYSTEMROOT%\System32\WindowsPowerShell\v1.0\;%SYSTEMROOT%\System32\OpenSSH\;C:\Users\MR LOKESHWARAN\AppData\Local\Programs\Python\Python37\Scripts\;C:\Users\MR LOKESHWARAN\AppData\Local\Programs\Python\Python37\;C:\Users\MR LOKESHWARAN\AppData\Local\Programs\Python\Python38\Scripts\;C:\Users\MR LOKESHWARAN\AppData\Local\Programs\Python\Python38\;C:\Users\MR LOKESHWARAN\AppData\Local\Microsoft\WindowsApps;C:\Users\MR LOKESHWARAN\AppData\Local\Programs\Microsoft VS Code\bin;C:\Android\flutter\bin;C:\Program Files\JetBrains\PyCharm Community Edition 2020.1.2\bin;;C:\Android\sdk;C:\Android\sdk\bin;;C:\Program Files\JetBrains\IntelliJ IDEA Community Edition 2020.2.2\bin;;C:\Modeltech_pe_edu_10.4a\win32pe_edu;C:\Users\MR LOKESHWARAN\AppData\Roaming\npm
USERNAME=MR LOKESHWARAN
OS=Windows_NT
PROCESSOR_IDENTIFIER=AMD64 Family 23 Model 24 Stepping 1, AuthenticAMD



---------------  S Y S T E M  ---------------

OS: Windows 10.0 , 64 bit Build 22000 (10.0.22000.434)

CPU:total 8 (initial active 8) (8 cores per cpu, 1 threads per core) family 23 model 24 stepping 1, cmov, cx8, fxsr, mmx, sse, sse2, sse3, ssse3, sse4.1, sse4.2, popcnt, avx, avx2, aes, clmul, mmxext, 3dnowpref, lzcnt, sse4a, tsc, tscinvbit, tscinv, bmi1

Memory: 4k page, physical 6165652k(444224k free), swap 10359956k(5148k free)

vm_info: OpenJDK 64-Bit Server VM (25.202-b08) for windows-amd64 JRE (1.8.0_202-b08), built on Jan 17 2019 17:10:34 by "jenkins" with MS VC++ 10.0 (VS2010)

time: Mon Apr 18 15:58:16 2022
timezone: India Standard Time
elapsed time: 10 seconds (0d 0h 0m 10s)

